Log file open, 05/05/20 09:22:07
LogWindows: Failed to load 'aqProf.dll' (GetLastError=126)
LogWindows: File 'aqProf.dll' does not exist
LogWindows: Failed to load 'VtuneApi.dll' (GetLastError=126)
LogWindows: File 'VtuneApi.dll' does not exist
LogWindows: Failed to load 'VtuneApi32e.dll' (GetLastError=126)
LogWindows: File 'VtuneApi32e.dll' does not exist
LogConsoleResponse: Display: Failed to find resolution value strings in scalability ini. Falling back to default.
LogInit: Display: Running engine for game: FlowerGame
LogPlatformFile: Not using cached read wrapper
LogTaskGraph: Started task graph with 5 named threads and 11 total threads with 3 sets of task threads.
LogStats: Stats thread started at 0.107770
LogD3D11RHI: Loaded GFSDK_Aftermath_Lib.x64.dll
LogICUInternationalization: ICU TimeZone Detection - Raw Offset: +1:00, Platform Override: ''
LogPluginManager: Mounting plugin Paper2D
LogPluginManager: Mounting plugin AISupport
LogPluginManager: Mounting plugin LightPropagationVolume
LogPluginManager: Mounting plugin ActorLayerUtilities
LogPluginManager: Mounting plugin AnimationSharing
LogPluginManager: Mounting plugin CLionSourceCodeAccess
LogPluginManager: Mounting plugin CodeLiteSourceCodeAccess
LogPluginManager: Mounting plugin GitSourceControl
LogPluginManager: Mounting plugin KDevelopSourceCodeAccess
LogPluginManager: Mounting plugin NullSourceCodeAccess
LogPluginManager: Mounting plugin PerforceSourceControl
LogPluginManager: Mounting plugin PlasticSourceControl
LogPluginManager: Mounting plugin SubversionSourceControl
LogPluginManager: Mounting plugin UObjectPlugin
LogPluginManager: Mounting plugin VisualStudioCodeSourceCodeAccess
LogPluginManager: Mounting plugin VisualStudioSourceCodeAccess
LogPluginManager: Mounting plugin XCodeSourceCodeAccess
LogPluginManager: Mounting plugin AssetManagerEditor
LogPluginManager: Mounting plugin CryptoKeys
LogPluginManager: Mounting plugin CurveEditorTools
LogPluginManager: Mounting plugin DataValidation
LogPluginManager: Mounting plugin FacialAnimation
LogPluginManager: Mounting plugin GameplayTagsEditor
LogPluginManager: Mounting plugin MacGraphicsSwitching
LogPluginManager: Mounting plugin MaterialAnalyzer
LogPluginManager: Mounting plugin MobileLauncherProfileWizard
LogPluginManager: Mounting plugin PluginBrowser
LogPluginManager: Mounting plugin SpeedTreeImporter
LogPluginManager: Mounting plugin DatasmithContent
LogPluginManager: Mounting plugin VariantManagerContent
LogPluginManager: Mounting plugin AlembicImporter
LogPluginManager: Mounting plugin AutomationUtils
LogPluginManager: Mounting plugin BackChannel
LogPluginManager: Mounting plugin CharacterAI
LogPluginManager: Mounting plugin GeometryCache
LogPluginManager: Mounting plugin PlatformCrypto
LogPluginManager: Mounting plugin ProxyLODPlugin
LogPluginManager: Mounting plugin SkeletalReduction
LogPluginManager: Mounting plugin MagicLeap
LogPluginManager: Mounting plugin MagicLeapMedia
LogPluginManager: Mounting plugin MLSDK
LogPluginManager: Mounting plugin AndroidMedia
LogPluginManager: Mounting plugin AvfMedia
LogPluginManager: Mounting plugin ImgMedia
LogPluginManager: Mounting plugin MediaCompositing
LogPluginManager: Mounting plugin MediaPlayerEditor
LogPluginManager: Mounting plugin WebMMedia
LogPluginManager: Mounting plugin WmfMedia
LogPluginManager: Mounting plugin TcpMessaging
LogPluginManager: Mounting plugin UdpMessaging
LogPluginManager: Mounting plugin ActorSequence
LogPluginManager: Mounting plugin LevelSequenceEditor
LogPluginManager: Mounting plugin MatineeToLevelSequence
LogPluginManager: Mounting plugin NetcodeUnitTest
LogPluginManager: Mounting plugin NUTUnrealEngine4
LogPluginManager: Mounting plugin OnlineSubsystemGooglePlay
LogPluginManager: Mounting plugin OnlineSubsystemIOS
LogPluginManager: Mounting plugin OnlineSubsystem
LogPluginManager: Mounting plugin OnlineSubsystemNull
LogPluginManager: Mounting plugin OnlineSubsystemUtils
LogPluginManager: Mounting plugin LauncherChunkInstaller
LogPluginManager: Mounting plugin AndroidDeviceProfileSelector
LogPluginManager: Mounting plugin AndroidMoviePlayer
LogPluginManager: Mounting plugin AndroidPermission
LogPluginManager: Mounting plugin AppleImageUtils
LogPluginManager: Mounting plugin AppleMoviePlayer
LogPluginManager: Mounting plugin ArchVisCharacter
LogPluginManager: Mounting plugin AssetTags
LogPluginManager: Mounting plugin AudioCapture
LogPluginManager: Mounting plugin CableComponent
LogPluginManager: Mounting plugin CustomMeshComponent
LogPluginManager: Mounting plugin EditableMesh
LogPluginManager: Mounting plugin ExampleDeviceProfileSelector
LogPluginManager: Mounting plugin GoogleCloudMessaging
LogPluginManager: Mounting plugin IOSDeviceProfileSelector
LogPluginManager: Mounting plugin LinuxDeviceProfileSelector
LogPluginManager: Mounting plugin LocationServicesBPLibrary
LogPluginManager: Mounting plugin MobilePatchingUtils
LogPluginManager: Mounting plugin OculusVR
LogPluginManager: Mounting plugin PhysXVehicles
LogPluginManager: Mounting plugin PostSplashScreen
LogPluginManager: Mounting plugin ProceduralMeshComponent
LogPluginManager: Mounting plugin RuntimePhysXCooking
LogPluginManager: Mounting plugin SignificanceManager
LogPluginManager: Mounting plugin SteamVR
LogPluginManager: Mounting plugin WebMMoviePlayer
LogPluginManager: Mounting plugin WindowsMoviePlayer
LogPluginManager: Mounting plugin ScreenshotTools
LogInit: Using libcurl 7.55.1-DEV
LogInit:  - built for x86_64-pc-win32
LogInit:  - supports SSL with OpenSSL/1.1.1
LogInit:  - supports HTTP deflate (compression) using libz 1.2.8
LogInit:  - other features:
LogInit:      CURL_VERSION_SSL
LogInit:      CURL_VERSION_LIBZ
LogInit:      CURL_VERSION_IPV6
LogInit:      CURL_VERSION_ASYNCHDNS
LogInit:      CURL_VERSION_LARGEFILE
LogInit:      CURL_VERSION_IDN
LogInit:  CurlRequestOptions (configurable via config and command line):
LogInit:  - bVerifyPeer = true  - Libcurl will verify peer certificate
LogInit:  - bUseHttpProxy = false  - Libcurl will NOT use HTTP proxy
LogInit:  - bDontReuseConnections = false  - Libcurl will reuse connections
LogInit:  - MaxHostConnections = 16  - Libcurl will limit the number of connections to a host
LogInit:  - LocalHostAddr = Default
LogInit:  - BufferSize = 65536
LogOnline: OSS: Creating online subsystem instance for: NULL
LogInit: WinSock: version 1.1 (2.2), MaxSocks=32767, MaxUdp=65467
LogOnline: OSS: TryLoadSubsystemAndSetDefault: Loaded subsystem for module [NULL]
LogInit: Build: ++UE4+Release-4.24-CL-11590370
LogInit: Engine Version: 4.24.3-11590370+++UE4+Release-4.24
LogInit: Compatible Engine Version: 4.24.0-10570792+++UE4+Release-4.24
LogInit: Net CL: 10570792
LogInit: OS: Windows 10 (Release 1709) (), CPU: Intel(R) Core(TM) i7-6600U CPU @ 2.60GHz, GPU: Intel(R) HD Graphics 520
LogInit: Compiled (64-bit): Feb 24 2020 15:39:18
LogInit: Compiled with Visual C++: 19.16.27032.01
LogInit: Build Configuration: Development
LogInit: Branch Name: ++UE4+Release-4.24
LogInit: Command Line: 
LogInit: Base Directory: C:/Users/a021694/Desktop/UE_4.24/Engine/Binaries/Win64/
LogInit: Installed Engine Build: 1
LogDevObjectVersion: Number of dev versions registered: 25
LogDevObjectVersion:   Dev-Blueprints (B0D832E4-1F89-4F0D-ACCF-7EB736FD4AA2): 10
LogDevObjectVersion:   Dev-Build (E1C64328-A22C-4D53-A36C-8E866417BD8C): 0
LogDevObjectVersion:   Dev-Core (375EC13C-06E4-48FB-B500-84F0262A717E): 3
LogDevObjectVersion:   Dev-Editor (E4B068ED-F494-42E9-A231-DA0B2E46BB41): 37
LogDevObjectVersion:   Dev-Framework (CFFC743F-43B0-4480-9391-14DF171D2073): 36
LogDevObjectVersion:   Dev-Mobile (B02B49B5-BB20-44E9-A304-32B752E40360): 2
LogDevObjectVersion:   Dev-Networking (A4E4105C-59A1-49B5-A7C5-40C4547EDFEE): 0
LogDevObjectVersion:   Dev-Online (39C831C9-5AE6-47DC-9A44-9C173E1C8E7C): 0
LogDevObjectVersion:   Dev-Physics (78F01B33-EBEA-4F98-B9B4-84EACCB95AA2): 2
LogDevObjectVersion:   Dev-Platform (6631380F-2D4D-43E0-8009-CF276956A95A): 0
LogDevObjectVersion:   Dev-Rendering (12F88B9F-8875-4AFC-A67C-D90C383ABD29): 36
LogDevObjectVersion:   Dev-Sequencer (7B5AE74C-D270-4C10-A958-57980B212A5A): 11
LogDevObjectVersion:   Dev-VR (D7296918-1DD6-4BDD-9DE2-64A83CC13884): 2
LogDevObjectVersion:   Dev-LoadTimes (C2A15278-BFE7-4AFE-6C17-90FF531DF755): 1
LogDevObjectVersion:   Private-Geometry (6EACA3D4-40EC-4CC1-B786-8BED09428FC5): 3
LogDevObjectVersion:   Dev-AnimPhys (29E575DD-E0A3-4627-9D10-D276232CDCEA): 17
LogDevObjectVersion:   Dev-Anim (AF43A65D-7FD3-4947-9873-3E8ED9C1BB05): 2
LogDevObjectVersion:   Dev-ReflectionCapture (6B266CEC-1EC7-4B8F-A30B-E4D90942FC07): 1
LogDevObjectVersion:   Dev-Automation (0DF73D61-A23F-47EA-B727-89E90C41499A): 1
LogDevObjectVersion:   FortniteMain (601D1886-AC64-4F84-AA16-D3DE0DEAC7D6): 31
LogDevObjectVersion:   Dev-Enterprise (9DFFBCD6-494F-0158-E221-12823C92A888): 8
LogDevObjectVersion:   Dev-Niagara (F2AED0AC-9AFE-416F-8664-AA7FFA26D6FC): 1
LogDevObjectVersion:   Dev-Destruction (174F1F0B-B4C6-45A5-B13F-2EE8D0FB917D): 9
LogDevObjectVersion:   Dev-Physics-Ext (35F94A83-E258-406C-A318-09F59610247C): 8
LogDevObjectVersion:   Dev-CineCamera (B2E18506-4273-CFC2-A54E-F4BB758BBA07): 1
LogInit: Presizing for max 25165824 objects, including 0 objects not considered by GC, pre-allocating 0 bytes for permanent pool.
LogInit: Object subsystem initialized
LogConfig: Setting CVar [[con.DebugEarlyDefault:1]]
LogConfig: Setting CVar [[r.setres:1280x720]]
[2020.05.05-07.22.07:379][  0]LogConfig: Setting CVar [[r.VSync:0]]
[2020.05.05-07.22.07:379][  0]LogConfig: Setting CVar [[r.RHICmdBypass:0]]
[2020.05.05-07.22.07:379][  0]LogConfig: Applying CVar settings from Section [/Script/Engine.RendererSettings] File [C:/Users/a021694/Documents/GitHub/FlowerGame/FlowerGame/Saved/Config/Windows/Engine.ini]
[2020.05.05-07.22.07:379][  0]LogConfig: Setting CVar [[r.GPUCrashDebugging:0]]
[2020.05.05-07.22.07:379][  0]LogConfig: Setting CVar [[r.MobileHDR:1]]
[2020.05.05-07.22.07:379][  0]LogConfig: Setting CVar [[r.Mobile.DisableVertexFog:1]]
[2020.05.05-07.22.07:379][  0]LogConfig: Setting CVar [[r.Shadow.CSM.MaxMobileCascades:2]]
[2020.05.05-07.22.07:379][  0]LogConfig: Setting CVar [[r.MobileMSAA:1]]
[2020.05.05-07.22.07:379][  0]LogConfig: Setting CVar [[r.Mobile.UseLegacyShadingModel:0]]
[2020.05.05-07.22.07:379][  0]LogConfig: Setting CVar [[r.Mobile.UseHWsRGBEncoding:0]]
[2020.05.05-07.22.07:379][  0]LogConfig: Setting CVar [[r.Mobile.AllowDitheredLODTransition:0]]
[2020.05.05-07.22.07:379][  0]LogConfig: Setting CVar [[r.Mobile.AllowSoftwareOcclusion:0]]
[2020.05.05-07.22.07:379][  0]LogConfig: Setting CVar [[r.DiscardUnusedQuality:0]]
[2020.05.05-07.22.07:379][  0]LogConfig: Setting CVar [[r.AllowOcclusionQueries:1]]
[2020.05.05-07.22.07:379][  0]LogConfig: Setting CVar [[r.MinScreenRadiusForLights:0.030000]]
[2020.05.05-07.22.07:379][  0]LogConfig: Setting CVar [[r.MinScreenRadiusForDepthPrepass:0.030000]]
[2020.05.05-07.22.07:379][  0]LogConfig: Setting CVar [[r.MinScreenRadiusForCSMDepth:0.010000]]
[2020.05.05-07.22.07:379][  0]LogConfig: Setting CVar [[r.PrecomputedVisibilityWarning:0]]
[2020.05.05-07.22.07:379][  0]LogConfig: Setting CVar [[r.TextureStreaming:1]]
[2020.05.05-07.22.07:379][  0]LogConfig: Setting CVar [[Compat.UseDXT5NormalMaps:0]]
[2020.05.05-07.22.07:379][  0]LogConfig: Setting CVar [[r.VirtualTextures:0]]
[2020.05.05-07.22.07:379][  0]LogConfig: Setting CVar [[r.VirtualTexturedLightmaps:0]]
[2020.05.05-07.22.07:379][  0]LogConfig: Setting CVar [[r.VT.TileSize:128]]
[2020.05.05-07.22.07:379][  0]LogConfig: Setting CVar [[r.VT.TileBorderSize:4]]
[2020.05.05-07.22.07:379][  0]LogConfig: Setting CVar [[r.vt.FeedbackFactor:16]]
[2020.05.05-07.22.07:379][  0]LogConfig: Setting CVar [[r.VT.EnableCompressZlib:1]]
[2020.05.05-07.22.07:379][  0]LogConfig: Setting CVar [[r.VT.EnableCompressCrunch:0]]
[2020.05.05-07.22.07:379][  0]LogConfig: Setting CVar [[r.ClearCoatNormal:0]]
[2020.05.05-07.22.07:379][  0]LogConfig: Setting CVar [[r.ReflectionCaptureResolution:128]]
[2020.05.05-07.22.07:379][  0]LogConfig: Setting CVar [[r.ReflectionEnvironmentLightmapMixBasedOnRoughness:1]]
[2020.05.05-07.22.07:379][  0]LogConfig: Setting CVar [[r.ForwardShading:0]]
[2020.05.05-07.22.07:379][  0]LogConfig: Setting CVar [[r.VertexFoggingForOpaque:1]]
[2020.05.05-07.22.07:379][  0]LogConfig: Setting CVar [[r.AllowStaticLighting:1]]
[2020.05.05-07.22.07:379][  0]LogConfig: Setting CVar [[r.NormalMapsForStaticLighting:0]]
[2020.05.05-07.22.07:379][  0]LogConfig: Setting CVar [[r.GenerateMeshDistanceFields:0]]
[2020.05.05-07.22.07:379][  0]LogConfig: Setting CVar [[r.DistanceFieldBuild.EightBit:0]]
[2020.05.05-07.22.07:379][  0]LogConfig: Setting CVar [[r.GenerateLandscapeGIData:0]]
[2020.05.05-07.22.07:379][  0]LogConfig: Setting CVar [[r.DistanceFieldBuild.Compress:0]]
[2020.05.05-07.22.07:379][  0]LogConfig: Setting CVar [[r.TessellationAdaptivePixelsPerTriangle:48.000000]]
[2020.05.05-07.22.07:379][  0]LogConfig: Setting CVar [[r.SeparateTranslucency:0]]
[2020.05.05-07.22.07:379][  0]LogConfig: Setting CVar [[r.TranslucentSortPolicy:0]]
[2020.05.05-07.22.07:380][  0]LogConfig: Setting CVar [[r.CustomDepth:1]]
[2020.05.05-07.22.07:380][  0]LogConfig: Setting CVar [[r.CustomDepthTemporalAAJitter:1]]
[2020.05.05-07.22.07:380][  0]LogConfig: Setting CVar [[r.PostProcessing.PropagateAlpha:0]]
[2020.05.05-07.22.07:380][  0]LogConfig: Setting CVar [[r.DefaultFeature.Bloom:1]]
[2020.05.05-07.22.07:380][  0]LogConfig: Setting CVar [[r.DefaultFeature.AmbientOcclusion:0]]
[2020.05.05-07.22.07:380][  0]LogConfig: Setting CVar [[r.DefaultFeature.AmbientOcclusionStaticFraction:1]]
[2020.05.05-07.22.07:380][  0]LogConfig: Setting CVar [[r.DefaultFeature.AutoExposure:0]]
[2020.05.05-07.22.07:380][  0]LogConfig: Setting CVar [[r.DefaultFeature.AutoExposure.Method:0]]
[2020.05.05-07.22.07:380][  0]LogConfig: Setting CVar [[r.DefaultFeature.AutoExposure.ExtendDefaultLuminanceRange:0]]
[2020.05.05-07.22.07:380][  0]LogConfig: Setting CVar [[r.UsePreExposure:1]]
[2020.05.05-07.22.07:380][  0]LogConfig: Setting CVar [[r.EyeAdaptation.EditorOnly:1]]
[2020.05.05-07.22.07:380][  0]LogConfig: Setting CVar [[r.DefaultFeature.MotionBlur:0]]
[2020.05.05-07.22.07:380][  0]LogConfig: Setting CVar [[r.DefaultFeature.LensFlare:0]]
[2020.05.05-07.22.07:380][  0]LogConfig: Setting CVar [[r.TemporalAA.Upsampling:0]]
[2020.05.05-07.22.07:380][  0]LogConfig: Setting CVar [[r.SSGI.Enable:0]]
[2020.05.05-07.22.07:380][  0]LogConfig: Setting CVar [[r.DefaultFeature.AntiAliasing:0]]
[2020.05.05-07.22.07:380][  0]LogConfig: Setting CVar [[r.DefaultFeature.LightUnits:1]]
[2020.05.05-07.22.07:380][  0]LogConfig: Setting CVar [[r.DefaultBackBufferPixelFormat:4]]
[2020.05.05-07.22.07:380][  0]LogConfig: Setting CVar [[r.Shadow.UnbuiltPreviewInGame:1]]
[2020.05.05-07.22.07:380][  0]LogConfig: Setting CVar [[r.StencilForLODDither:0]]
[2020.05.05-07.22.07:380][  0]LogConfig: Setting CVar [[r.EarlyZPass:3]]
[2020.05.05-07.22.07:380][  0]LogConfig: Setting CVar [[r.EarlyZPassOnlyMaterialMasking:0]]
[2020.05.05-07.22.07:380][  0]LogConfig: Setting CVar [[r.DBuffer:1]]
[2020.05.05-07.22.07:380][  0]LogConfig: Setting CVar [[r.ClearSceneMethod:1]]
[2020.05.05-07.22.07:380][  0]LogConfig: Setting CVar [[r.BasePassOutputsVelocity:0]]
[2020.05.05-07.22.07:380][  0]LogConfig: Setting CVar [[r.SelectiveBasePassOutputs:0]]
[2020.05.05-07.22.07:380][  0]LogConfig: Setting CVar [[fx.GPUSimulationTextureSizeX:1024]]
[2020.05.05-07.22.07:380][  0]LogConfig: Setting CVar [[fx.GPUSimulationTextureSizeY:1024]]
[2020.05.05-07.22.07:380][  0]LogConfig: Setting CVar [[r.AllowGlobalClipPlane:0]]
[2020.05.05-07.22.07:380][  0]LogConfig: Setting CVar [[r.GBufferFormat:1]]
[2020.05.05-07.22.07:380][  0]LogConfig: Setting CVar [[r.MorphTarget.Mode:1]]
[2020.05.05-07.22.07:380][  0]LogConfig: Setting CVar [[vr.InstancedStereo:0]]
[2020.05.05-07.22.07:380][  0]LogConfig: Setting CVar [[vr.MultiView:0]]
[2020.05.05-07.22.07:380][  0]LogConfig: Setting CVar [[vr.MobileMultiView:0]]
[2020.05.05-07.22.07:380][  0]LogConfig: Setting CVar [[vr.MobileMultiView.Direct:0]]
[2020.05.05-07.22.07:380][  0]LogConfig: Setting CVar [[vr.RoundRobinOcclusion:0]]
[2020.05.05-07.22.07:380][  0]LogConfig: Setting CVar [[vr.ODSCapture:0]]
[2020.05.05-07.22.07:380][  0]LogConfig: Setting CVar [[r.WireframeCullThreshold:5.000000]]
[2020.05.05-07.22.07:380][  0]LogConfig: Setting CVar [[r.RayTracing:0]]
[2020.05.05-07.22.07:380][  0]LogConfig: Setting CVar [[r.RayTracing.UseTextureLod:0]]
[2020.05.05-07.22.07:380][  0]LogConfig: Setting CVar [[r.SupportStationarySkylight:1]]
[2020.05.05-07.22.07:380][  0]LogConfig: Setting CVar [[r.SupportLowQualityLightmaps:1]]
[2020.05.05-07.22.07:380][  0]LogConfig: Setting CVar [[r.SupportPointLightWholeSceneShadows:1]]
[2020.05.05-07.22.07:380][  0]LogConfig: Setting CVar [[r.SupportAtmosphericFog:1]]
[2020.05.05-07.22.07:380][  0]LogConfig: Setting CVar [[r.SupportSkyAtmosphere:1]]
[2020.05.05-07.22.07:380][  0]LogConfig: Setting CVar [[r.SupportSkyAtmosphereAffectsHeightFog:0]]
[2020.05.05-07.22.07:380][  0]LogConfig: Setting CVar [[r.SkinCache.CompileShaders:0]]
[2020.05.05-07.22.07:380][  0]LogConfig: Setting CVar [[r.Mobile.EnableStaticAndCSMShadowReceivers:1]]
[2020.05.05-07.22.07:380][  0]LogConfig: Setting CVar [[r.Mobile.EnableMovableLightCSMShaderCulling:1]]
[2020.05.05-07.22.07:380][  0]LogConfig: Setting CVar [[r.Mobile.AllowDistanceFieldShadows:1]]
[2020.05.05-07.22.07:380][  0]LogConfig: Setting CVar [[r.Mobile.AllowMovableDirectionalLights:1]]
[2020.05.05-07.22.07:380][  0]LogConfig: Setting CVar [[r.MobileNumDynamicPointLights:4]]
[2020.05.05-07.22.07:380][  0]LogConfig: Setting CVar [[r.MobileDynamicPointLightsUseStaticBranch:1]]
[2020.05.05-07.22.07:380][  0]LogConfig: Setting CVar [[r.Mobile.EnableMovableSpotlights:0]]
[2020.05.05-07.22.07:380][  0]LogConfig: Setting CVar [[r.SkinCache.SceneMemoryLimitInMB:128.000000]]
[2020.05.05-07.22.07:380][  0]LogConfig: Setting CVar [[r.GPUSkin.Limit2BoneInfluences:0]]
[2020.05.05-07.22.07:380][  0]LogConfig: Setting CVar [[r.SupportDepthOnlyIndexBuffers:1]]
[2020.05.05-07.22.07:380][  0]LogConfig: Setting CVar [[r.SupportReversedIndexBuffers:1]]
[2020.05.05-07.22.07:380][  0]LogConfig: Setting CVar [[r.SupportMaterialLayers:0]]
[2020.05.05-07.22.07:380][  0]LogConfig: Setting CVar [[r.LightPropagationVolume:0]]
[2020.05.05-07.22.07:380][  0]LogConfig: Applying CVar settings from Section [/Script/Engine.RendererOverrideSettings] File [C:/Users/a021694/Documents/GitHub/FlowerGame/FlowerGame/Saved/Config/Windows/Engine.ini]
[2020.05.05-07.22.07:380][  0]LogConfig: Applying CVar settings from Section [/Script/Engine.StreamingSettings] File [C:/Users/a021694/Documents/GitHub/FlowerGame/FlowerGame/Saved/Config/Windows/Engine.ini]
[2020.05.05-07.22.07:380][  0]LogConfig: Setting CVar [[s.MinBulkDataSizeForAsyncLoading:131072]]
[2020.05.05-07.22.07:380][  0]LogConfig: Setting CVar [[s.AsyncLoadingThreadEnabled:0]]
[2020.05.05-07.22.07:380][  0]LogConfig: Setting CVar [[s.EventDrivenLoaderEnabled:1]]
[2020.05.05-07.22.07:380][  0]LogConfig: Setting CVar [[s.WarnIfTimeLimitExceeded:0]]
[2020.05.05-07.22.07:380][  0]LogConfig: Setting CVar [[s.TimeLimitExceededMultiplier:1.5]]
[2020.05.05-07.22.07:380][  0]LogConfig: Setting CVar [[s.TimeLimitExceededMinTime:0.005]]
[2020.05.05-07.22.07:380][  0]LogConfig: Setting CVar [[s.UseBackgroundLevelStreaming:1]]
[2020.05.05-07.22.07:380][  0]LogConfig: Setting CVar [[s.PriorityAsyncLoadingExtraTime:15.0]]
[2020.05.05-07.22.07:380][  0]LogConfig: Setting CVar [[s.LevelStreamingActorsUpdateTimeLimit:5.0]]
[2020.05.05-07.22.07:380][  0]LogConfig: Setting CVar [[s.PriorityLevelStreamingActorsUpdateExtraTime:5.0]]
[2020.05.05-07.22.07:380][  0]LogConfig: Setting CVar [[s.LevelStreamingComponentsRegistrationGranularity:10]]
[2020.05.05-07.22.07:380][  0]LogConfig: Setting CVar [[s.UnregisterComponentsTimeLimit:1.0]]
[2020.05.05-07.22.07:380][  0]LogConfig: Setting CVar [[s.LevelStreamingComponentsUnregistrationGranularity:5]]
[2020.05.05-07.22.07:380][  0]LogConfig: Setting CVar [[s.FlushStreamingOnExit:1]]
[2020.05.05-07.22.07:380][  0]LogConfig: Applying CVar settings from Section [/Script/Engine.GarbageCollectionSettings] File [C:/Users/a021694/Documents/GitHub/FlowerGame/FlowerGame/Saved/Config/Windows/Engine.ini]
[2020.05.05-07.22.07:380][  0]LogConfig: Setting CVar [[gc.MaxObjectsNotConsideredByGC:1]]
[2020.05.05-07.22.07:380][  0]LogConfig: Setting CVar [[gc.SizeOfPermanentObjectPool:0]]
[2020.05.05-07.22.07:380][  0]LogConfig: Setting CVar [[gc.FlushStreamingOnGC:0]]
[2020.05.05-07.22.07:380][  0]LogConfig: Setting CVar [[gc.NumRetriesBeforeForcingGC:10]]
[2020.05.05-07.22.07:380][  0]LogConfig: Setting CVar [[gc.AllowParallelGC:1]]
[2020.05.05-07.22.07:380][  0]LogConfig: Setting CVar [[gc.TimeBetweenPurgingPendingKillObjects:61.1]]
[2020.05.05-07.22.07:380][  0]LogConfig: Setting CVar [[gc.MaxObjectsInEditor:25165824]]
[2020.05.05-07.22.07:380][  0]LogConfig: Setting CVar [[gc.IncrementalBeginDestroyEnabled:1]]
[2020.05.05-07.22.07:380][  0]LogConfig: Setting CVar [[gc.CreateGCClusters:1]]
[2020.05.05-07.22.07:381][  0]LogConfig: Setting CVar [[gc.MinGCClusterSize:5]]
[2020.05.05-07.22.07:381][  0]LogConfig: Setting CVar [[gc.ActorClusteringEnabled:0]]
[2020.05.05-07.22.07:381][  0]LogConfig: Setting CVar [[gc.BlueprintClusteringEnabled:0]]
[2020.05.05-07.22.07:381][  0]LogConfig: Setting CVar [[gc.UseDisregardForGCOnDedicatedServers:0]]
[2020.05.05-07.22.07:381][  0]LogConfig: Applying CVar settings from Section [/Script/Engine.NetworkSettings] File [C:/Users/a021694/Documents/GitHub/FlowerGame/FlowerGame/Saved/Config/Windows/Engine.ini]
[2020.05.05-07.22.07:381][  0]LogConfig: Applying CVar settings from Section [/Script/UnrealEd.CookerSettings] File [C:/Users/a021694/Documents/GitHub/FlowerGame/FlowerGame/Saved/Config/Windows/Engine.ini]
[2020.05.05-07.22.07:382][  0]LogConfig: Applying CVar settings from Section [ViewDistanceQuality@3] File [C:/Users/a021694/Documents/GitHub/FlowerGame/FlowerGame/Saved/Config/Windows/Scalability.ini]
[2020.05.05-07.22.07:382][  0]LogConfig: Setting CVar [[r.SkeletalMeshLODBias:0]]
[2020.05.05-07.22.07:382][  0]LogConfig: Setting CVar [[r.ViewDistanceScale:1.0]]
[2020.05.05-07.22.07:382][  0]LogConfig: Applying CVar settings from Section [AntiAliasingQuality@3] File [C:/Users/a021694/Documents/GitHub/FlowerGame/FlowerGame/Saved/Config/Windows/Scalability.ini]
[2020.05.05-07.22.07:382][  0]LogConfig: Setting CVar [[r.PostProcessAAQuality:4]]
[2020.05.05-07.22.07:382][  0]LogConfig: Applying CVar settings from Section [ShadowQuality@3] File [C:/Users/a021694/Documents/GitHub/FlowerGame/FlowerGame/Saved/Config/Windows/Scalability.ini]
[2020.05.05-07.22.07:382][  0]LogConfig: Setting CVar [[r.LightFunctionQuality:1]]
[2020.05.05-07.22.07:382][  0]LogConfig: Setting CVar [[r.ShadowQuality:5]]
[2020.05.05-07.22.07:382][  0]LogConfig: Setting CVar [[r.Shadow.CSM.MaxCascades:10]]
[2020.05.05-07.22.07:382][  0]LogConfig: Setting CVar [[r.Shadow.MaxResolution:2048]]
[2020.05.05-07.22.07:382][  0]LogConfig: Setting CVar [[r.Shadow.MaxCSMResolution:2048]]
[2020.05.05-07.22.07:382][  0]LogConfig: Setting CVar [[r.Shadow.RadiusThreshold:0.01]]
[2020.05.05-07.22.07:382][  0]LogConfig: Setting CVar [[r.Shadow.DistanceScale:1.0]]
[2020.05.05-07.22.07:382][  0]LogConfig: Setting CVar [[r.Shadow.CSM.TransitionScale:1.0]]
[2020.05.05-07.22.07:382][  0]LogConfig: Setting CVar [[r.Shadow.PreShadowResolutionFactor:1.0]]
[2020.05.05-07.22.07:382][  0]LogConfig: Setting CVar [[r.DistanceFieldShadowing:1]]
[2020.05.05-07.22.07:382][  0]LogConfig: Setting CVar [[r.DistanceFieldAO:1]]
[2020.05.05-07.22.07:382][  0]LogConfig: Setting CVar [[r.AOQuality:2]]
[2020.05.05-07.22.07:382][  0]LogConfig: Setting CVar [[r.VolumetricFog:1]]
[2020.05.05-07.22.07:382][  0]LogConfig: Setting CVar [[r.VolumetricFog.GridPixelSize:8]]
[2020.05.05-07.22.07:382][  0]LogConfig: Setting CVar [[r.VolumetricFog.GridSizeZ:128]]
[2020.05.05-07.22.07:382][  0]LogConfig: Setting CVar [[r.VolumetricFog.HistoryMissSupersampleCount:4]]
[2020.05.05-07.22.07:382][  0]LogConfig: Setting CVar [[r.LightMaxDrawDistanceScale:1]]
[2020.05.05-07.22.07:382][  0]LogConfig: Setting CVar [[r.CapsuleShadows:1]]
[2020.05.05-07.22.07:382][  0]LogConfig: Applying CVar settings from Section [PostProcessQuality@3] File [C:/Users/a021694/Documents/GitHub/FlowerGame/FlowerGame/Saved/Config/Windows/Scalability.ini]
[2020.05.05-07.22.07:382][  0]LogConfig: Setting CVar [[r.MotionBlurQuality:4]]
[2020.05.05-07.22.07:382][  0]LogConfig: Setting CVar [[r.AmbientOcclusionMipLevelFactor:0.4]]
[2020.05.05-07.22.07:383][  0]LogConfig: Setting CVar [[r.AmbientOcclusionMaxQuality:100]]
[2020.05.05-07.22.07:383][  0]LogConfig: Setting CVar [[r.AmbientOcclusionLevels:-1]]
[2020.05.05-07.22.07:383][  0]LogConfig: Setting CVar [[r.AmbientOcclusionRadiusScale:1.0]]
[2020.05.05-07.22.07:383][  0]LogConfig: Setting CVar [[r.DepthOfFieldQuality:2]]
[2020.05.05-07.22.07:383][  0]LogConfig: Setting CVar [[r.RenderTargetPoolMin:400]]
[2020.05.05-07.22.07:383][  0]LogConfig: Setting CVar [[r.LensFlareQuality:2]]
[2020.05.05-07.22.07:383][  0]LogConfig: Setting CVar [[r.SceneColorFringeQuality:1]]
[2020.05.05-07.22.07:383][  0]LogConfig: Setting CVar [[r.EyeAdaptationQuality:2]]
[2020.05.05-07.22.07:383][  0]LogConfig: Setting CVar [[r.BloomQuality:5]]
[2020.05.05-07.22.07:383][  0]LogConfig: Setting CVar [[r.FastBlurThreshold:100]]
[2020.05.05-07.22.07:383][  0]LogConfig: Setting CVar [[r.Upscale.Quality:3]]
[2020.05.05-07.22.07:383][  0]LogConfig: Setting CVar [[r.Tonemapper.GrainQuantization:1]]
[2020.05.05-07.22.07:383][  0]LogConfig: Setting CVar [[r.LightShaftQuality:1]]
[2020.05.05-07.22.07:383][  0]LogConfig: Setting CVar [[r.Filter.SizeScale:1]]
[2020.05.05-07.22.07:383][  0]LogConfig: Setting CVar [[r.Tonemapper.Quality:5]]
[2020.05.05-07.22.07:383][  0]LogConfig: Setting CVar [[r.DOF.Gather.AccumulatorQuality:1        ; higher gathering accumulator quality]]
[2020.05.05-07.22.07:383][  0]LogConfig: Setting CVar [[r.DOF.Gather.PostfilterMethod:1          ; Median3x3 postfilering method]]
[2020.05.05-07.22.07:383][  0]LogConfig: Setting CVar [[r.DOF.Gather.EnableBokehSettings:0       ; no bokeh simulation when gathering]]
[2020.05.05-07.22.07:383][  0]LogConfig: Setting CVar [[r.DOF.Gather.RingCount:4                 ; medium number of samples when gathering]]
[2020.05.05-07.22.07:383][  0]LogConfig: Setting CVar [[r.DOF.Scatter.ForegroundCompositing:1    ; additive foreground scattering]]
[2020.05.05-07.22.07:383][  0]LogConfig: Setting CVar [[r.DOF.Scatter.BackgroundCompositing:2    ; additive background scattering]]
[2020.05.05-07.22.07:383][  0]LogConfig: Setting CVar [[r.DOF.Scatter.EnableBokehSettings:1      ; bokeh simulation when scattering]]
[2020.05.05-07.22.07:383][  0]LogConfig: Setting CVar [[r.DOF.Scatter.MaxSpriteRatio:0.1         ; only a maximum of 10% of scattered bokeh]]
[2020.05.05-07.22.07:383][  0]LogConfig: Setting CVar [[r.DOF.Recombine.Quality:1                ; cheap slight out of focus]]
[2020.05.05-07.22.07:383][  0]LogConfig: Setting CVar [[r.DOF.Recombine.EnableBokehSettings:0    ; no bokeh simulation on slight out of focus]]
[2020.05.05-07.22.07:383][  0]LogConfig: Setting CVar [[r.DOF.TemporalAAQuality:1                ; more stable temporal accumulation]]
[2020.05.05-07.22.07:383][  0]LogConfig: Setting CVar [[r.DOF.Kernel.MaxForegroundRadius:0.025]]
[2020.05.05-07.22.07:383][  0]LogConfig: Setting CVar [[r.DOF.Kernel.MaxBackgroundRadius:0.025]]
[2020.05.05-07.22.07:383][  0]LogConfig: Applying CVar settings from Section [TextureQuality@3] File [C:/Users/a021694/Documents/GitHub/FlowerGame/FlowerGame/Saved/Config/Windows/Scalability.ini]
[2020.05.05-07.22.07:383][  0]LogConfig: Setting CVar [[r.Streaming.MipBias:0]]
[2020.05.05-07.22.07:383][  0]LogConfig: Setting CVar [[r.Streaming.AmortizeCPUToGPUCopy:0]]
[2020.05.05-07.22.07:383][  0]LogConfig: Setting CVar [[r.Streaming.MaxNumTexturesToStreamPerFrame:0]]
[2020.05.05-07.22.07:383][  0]LogConfig: Setting CVar [[r.Streaming.Boost:1]]
[2020.05.05-07.22.07:383][  0]LogConfig: Setting CVar [[r.MaxAnisotropy:8]]
[2020.05.05-07.22.07:383][  0]LogConfig: Setting CVar [[r.VT.MaxAnisotropy:8]]
[2020.05.05-07.22.07:383][  0]LogConfig: Setting CVar [[r.Streaming.LimitPoolSizeToVRAM:0]]
[2020.05.05-07.22.07:383][  0]LogConfig: Setting CVar [[r.Streaming.PoolSize:1000]]
[2020.05.05-07.22.07:383][  0]LogConfig: Setting CVar [[r.Streaming.MaxEffectiveScreenSize:0]]
[2020.05.05-07.22.07:383][  0]LogConfig: Applying CVar settings from Section [EffectsQuality@3] File [C:/Users/a021694/Documents/GitHub/FlowerGame/FlowerGame/Saved/Config/Windows/Scalability.ini]
[2020.05.05-07.22.07:383][  0]LogConfig: Setting CVar [[r.TranslucencyLightingVolumeDim:64]]
[2020.05.05-07.22.07:383][  0]LogConfig: Setting CVar [[r.RefractionQuality:2]]
[2020.05.05-07.22.07:383][  0]LogConfig: Setting CVar [[r.SSR.Quality:3]]
[2020.05.05-07.22.07:383][  0]LogConfig: Setting CVar [[r.SSR.HalfResSceneColor:0]]
[2020.05.05-07.22.07:383][  0]LogConfig: Setting CVar [[r.SceneColorFormat:4]]
[2020.05.05-07.22.07:383][  0]LogConfig: Setting CVar [[r.DetailMode:2]]
[2020.05.05-07.22.07:383][  0]LogConfig: Setting CVar [[r.TranslucencyVolumeBlur:1]]
[2020.05.05-07.22.07:383][  0]LogConfig: Setting CVar [[r.MaterialQualityLevel:1 ; High quality]]
[2020.05.05-07.22.07:383][  0]LogConfig: Setting CVar [[r.SSS.Scale:1]]
[2020.05.05-07.22.07:383][  0]LogConfig: Setting CVar [[r.SSS.SampleSet:2]]
[2020.05.05-07.22.07:383][  0]LogConfig: Setting CVar [[r.SSS.Quality:1]]
[2020.05.05-07.22.07:383][  0]LogConfig: Setting CVar [[r.SSS.HalfRes:1]]
[2020.05.05-07.22.07:383][  0]LogConfig: Setting CVar [[r.SSGI.Quality:3]]
[2020.05.05-07.22.07:383][  0]LogConfig: Setting CVar [[r.EmitterSpawnRateScale:1.0]]
[2020.05.05-07.22.07:383][  0]LogConfig: Setting CVar [[r.ParticleLightQuality:2]]
[2020.05.05-07.22.07:383][  0]LogConfig: Setting CVar [[r.SkyAtmosphere.AerialPerspectiveLUT.FastApplyOnOpaque:1 ; Always have FastSkyLUT 1 in this case to avoid wrong sky]]
[2020.05.05-07.22.07:383][  0]LogConfig: Setting CVar [[r.SkyAtmosphere.AerialPerspectiveLUT.SampleCountPerSlice:1]]
[2020.05.05-07.22.07:383][  0]LogConfig: Setting CVar [[r.SkyAtmosphere.AerialPerspectiveLUT.DepthResolution:16.0]]
[2020.05.05-07.22.07:383][  0]LogConfig: Setting CVar [[r.SkyAtmosphere.FastSkyLUT:1]]
[2020.05.05-07.22.07:383][  0]LogConfig: Setting CVar [[r.SkyAtmosphere.FastSkyLUT.SampleCountMin:4.0]]
[2020.05.05-07.22.07:383][  0]LogConfig: Setting CVar [[r.SkyAtmosphere.FastSkyLUT.SampleCountMax:32.0]]
[2020.05.05-07.22.07:383][  0]LogConfig: Setting CVar [[r.SkyAtmosphere.SampleCountMin:4.0]]
[2020.05.05-07.22.07:383][  0]LogConfig: Setting CVar [[r.SkyAtmosphere.SampleCountMax:32.0]]
[2020.05.05-07.22.07:383][  0]LogConfig: Setting CVar [[r.SkyAtmosphere.TransmittanceLUT.UseSmallFormat:0]]
[2020.05.05-07.22.07:383][  0]LogConfig: Setting CVar [[r.SkyAtmosphere.TransmittanceLUT.SampleCount:10.0]]
[2020.05.05-07.22.07:383][  0]LogConfig: Setting CVar [[r.SkyAtmosphere.MultiScatteringLUT.SampleCount:15.0]]
[2020.05.05-07.22.07:383][  0]LogConfig: Applying CVar settings from Section [FoliageQuality@3] File [C:/Users/a021694/Documents/GitHub/FlowerGame/FlowerGame/Saved/Config/Windows/Scalability.ini]
[2020.05.05-07.22.07:383][  0]LogConfig: Setting CVar [[foliage.DensityScale:1.0]]
[2020.05.05-07.22.07:383][  0]LogConfig: Setting CVar [[grass.DensityScale:1.0]]
[2020.05.05-07.22.07:383][  0]LogConfig: Applying CVar settings from Section [ShadingQuality@3] File [C:/Users/a021694/Documents/GitHub/FlowerGame/FlowerGame/Saved/Config/Windows/Scalability.ini]
[2020.05.05-07.22.07:383][  0]LogConfig: Setting CVar [[r.HairStrands.SkyLighting.SampleCount:16]]
[2020.05.05-07.22.07:383][  0]LogConfig: Setting CVar [[r.HairStrands.SkyLighting.JitterIntegration:0]]
[2020.05.05-07.22.07:383][  0]LogConfig: Setting CVar [[r.HairStrands.SkyAO.SampleCount:16]]
[2020.05.05-07.22.07:383][  0]LogInit: Selected Device Profile: [Windows]
[2020.05.05-07.22.07:383][  0]LogInit: Applying CVar settings loaded from the selected device profile: [Windows]
[2020.05.05-07.22.07:386][  0]LogHAL: Display: Platform has ~ 32 GB [34234515456 / 34359738368 / 32], which maps to Largest [LargestMinGB=32, LargerMinGB=12, DefaultMinGB=8, SmallerMinGB=6, SmallestMinGB=0)
[2020.05.05-07.22.07:386][  0]LogInit: Going up to parent DeviceProfile []
[2020.05.05-07.22.07:386][  0]LogConfig: Applying CVar settings from Section [ViewDistanceQuality@3] File [C:/Users/a021694/Documents/GitHub/FlowerGame/FlowerGame/Saved/Config/Windows/Scalability.ini]
[2020.05.05-07.22.07:386][  0]LogConfig: Setting CVar [[r.SkeletalMeshLODBias:0]]
[2020.05.05-07.22.07:386][  0]LogConfig: Setting CVar [[r.ViewDistanceScale:1.0]]
[2020.05.05-07.22.07:386][  0]LogConfig: Applying CVar settings from Section [AntiAliasingQuality@3] File [C:/Users/a021694/Documents/GitHub/FlowerGame/FlowerGame/Saved/Config/Windows/Scalability.ini]
[2020.05.05-07.22.07:386][  0]LogConfig: Setting CVar [[r.PostProcessAAQuality:4]]
[2020.05.05-07.22.07:386][  0]LogConfig: Applying CVar settings from Section [ShadowQuality@3] File [C:/Users/a021694/Documents/GitHub/FlowerGame/FlowerGame/Saved/Config/Windows/Scalability.ini]
[2020.05.05-07.22.07:386][  0]LogConfig: Setting CVar [[r.LightFunctionQuality:1]]
[2020.05.05-07.22.07:386][  0]LogConfig: Setting CVar [[r.ShadowQuality:5]]
[2020.05.05-07.22.07:386][  0]LogConfig: Setting CVar [[r.Shadow.CSM.MaxCascades:10]]
[2020.05.05-07.22.07:386][  0]LogConfig: Setting CVar [[r.Shadow.MaxResolution:2048]]
[2020.05.05-07.22.07:386][  0]LogConfig: Setting CVar [[r.Shadow.MaxCSMResolution:2048]]
[2020.05.05-07.22.07:386][  0]LogConfig: Setting CVar [[r.Shadow.RadiusThreshold:0.01]]
[2020.05.05-07.22.07:386][  0]LogConfig: Setting CVar [[r.Shadow.DistanceScale:1.0]]
[2020.05.05-07.22.07:386][  0]LogConfig: Setting CVar [[r.Shadow.CSM.TransitionScale:1.0]]
[2020.05.05-07.22.07:386][  0]LogConfig: Setting CVar [[r.Shadow.PreShadowResolutionFactor:1.0]]
[2020.05.05-07.22.07:386][  0]LogConfig: Setting CVar [[r.DistanceFieldShadowing:1]]
[2020.05.05-07.22.07:386][  0]LogConfig: Setting CVar [[r.DistanceFieldAO:1]]
[2020.05.05-07.22.07:386][  0]LogConfig: Setting CVar [[r.AOQuality:2]]
[2020.05.05-07.22.07:386][  0]LogConfig: Setting CVar [[r.VolumetricFog:1]]
[2020.05.05-07.22.07:386][  0]LogConfig: Setting CVar [[r.VolumetricFog.GridPixelSize:8]]
[2020.05.05-07.22.07:386][  0]LogConfig: Setting CVar [[r.VolumetricFog.GridSizeZ:128]]
[2020.05.05-07.22.07:386][  0]LogConfig: Setting CVar [[r.VolumetricFog.HistoryMissSupersampleCount:4]]
[2020.05.05-07.22.07:386][  0]LogConfig: Setting CVar [[r.LightMaxDrawDistanceScale:1]]
[2020.05.05-07.22.07:386][  0]LogConfig: Setting CVar [[r.CapsuleShadows:1]]
[2020.05.05-07.22.07:386][  0]LogConfig: Applying CVar settings from Section [PostProcessQuality@3] File [C:/Users/a021694/Documents/GitHub/FlowerGame/FlowerGame/Saved/Config/Windows/Scalability.ini]
[2020.05.05-07.22.07:386][  0]LogConfig: Setting CVar [[r.MotionBlurQuality:4]]
[2020.05.05-07.22.07:386][  0]LogConfig: Setting CVar [[r.AmbientOcclusionMipLevelFactor:0.4]]
[2020.05.05-07.22.07:386][  0]LogConfig: Setting CVar [[r.AmbientOcclusionMaxQuality:100]]
[2020.05.05-07.22.07:386][  0]LogConfig: Setting CVar [[r.AmbientOcclusionLevels:-1]]
[2020.05.05-07.22.07:386][  0]LogConfig: Setting CVar [[r.AmbientOcclusionRadiusScale:1.0]]
[2020.05.05-07.22.07:386][  0]LogConfig: Setting CVar [[r.DepthOfFieldQuality:2]]
[2020.05.05-07.22.07:386][  0]LogConfig: Setting CVar [[r.RenderTargetPoolMin:400]]
[2020.05.05-07.22.07:386][  0]LogConfig: Setting CVar [[r.LensFlareQuality:2]]
[2020.05.05-07.22.07:386][  0]LogConfig: Setting CVar [[r.SceneColorFringeQuality:1]]
[2020.05.05-07.22.07:386][  0]LogConfig: Setting CVar [[r.EyeAdaptationQuality:2]]
[2020.05.05-07.22.07:386][  0]LogConfig: Setting CVar [[r.BloomQuality:5]]
[2020.05.05-07.22.07:386][  0]LogConfig: Setting CVar [[r.FastBlurThreshold:100]]
[2020.05.05-07.22.07:386][  0]LogConfig: Setting CVar [[r.Upscale.Quality:3]]
[2020.05.05-07.22.07:386][  0]LogConfig: Setting CVar [[r.Tonemapper.GrainQuantization:1]]
[2020.05.05-07.22.07:386][  0]LogConfig: Setting CVar [[r.LightShaftQuality:1]]
[2020.05.05-07.22.07:386][  0]LogConfig: Setting CVar [[r.Filter.SizeScale:1]]
[2020.05.05-07.22.07:386][  0]LogConfig: Setting CVar [[r.Tonemapper.Quality:5]]
[2020.05.05-07.22.07:386][  0]LogConfig: Setting CVar [[r.DOF.Gather.AccumulatorQuality:1        ; higher gathering accumulator quality]]
[2020.05.05-07.22.07:386][  0]LogConfig: Setting CVar [[r.DOF.Gather.PostfilterMethod:1          ; Median3x3 postfilering method]]
[2020.05.05-07.22.07:386][  0]LogConfig: Setting CVar [[r.DOF.Gather.EnableBokehSettings:0       ; no bokeh simulation when gathering]]
[2020.05.05-07.22.07:386][  0]LogConfig: Setting CVar [[r.DOF.Gather.RingCount:4                 ; medium number of samples when gathering]]
[2020.05.05-07.22.07:386][  0]LogConfig: Setting CVar [[r.DOF.Scatter.ForegroundCompositing:1    ; additive foreground scattering]]
[2020.05.05-07.22.07:386][  0]LogConfig: Setting CVar [[r.DOF.Scatter.BackgroundCompositing:2    ; additive background scattering]]
[2020.05.05-07.22.07:386][  0]LogConfig: Setting CVar [[r.DOF.Scatter.EnableBokehSettings:1      ; bokeh simulation when scattering]]
[2020.05.05-07.22.07:386][  0]LogConfig: Setting CVar [[r.DOF.Scatter.MaxSpriteRatio:0.1         ; only a maximum of 10% of scattered bokeh]]
[2020.05.05-07.22.07:386][  0]LogConfig: Setting CVar [[r.DOF.Recombine.Quality:1                ; cheap slight out of focus]]
[2020.05.05-07.22.07:386][  0]LogConfig: Setting CVar [[r.DOF.Recombine.EnableBokehSettings:0    ; no bokeh simulation on slight out of focus]]
[2020.05.05-07.22.07:386][  0]LogConfig: Setting CVar [[r.DOF.TemporalAAQuality:1                ; more stable temporal accumulation]]
[2020.05.05-07.22.07:386][  0]LogConfig: Setting CVar [[r.DOF.Kernel.MaxForegroundRadius:0.025]]
[2020.05.05-07.22.07:386][  0]LogConfig: Setting CVar [[r.DOF.Kernel.MaxBackgroundRadius:0.025]]
[2020.05.05-07.22.07:386][  0]LogConfig: Applying CVar settings from Section [TextureQuality@3] File [C:/Users/a021694/Documents/GitHub/FlowerGame/FlowerGame/Saved/Config/Windows/Scalability.ini]
[2020.05.05-07.22.07:386][  0]LogConfig: Setting CVar [[r.Streaming.MipBias:0]]
[2020.05.05-07.22.07:386][  0]LogConfig: Setting CVar [[r.Streaming.AmortizeCPUToGPUCopy:0]]
[2020.05.05-07.22.07:386][  0]LogConfig: Setting CVar [[r.Streaming.MaxNumTexturesToStreamPerFrame:0]]
[2020.05.05-07.22.07:386][  0]LogConfig: Setting CVar [[r.Streaming.Boost:1]]
[2020.05.05-07.22.07:386][  0]LogConfig: Setting CVar [[r.MaxAnisotropy:8]]
[2020.05.05-07.22.07:386][  0]LogConfig: Setting CVar [[r.VT.MaxAnisotropy:8]]
[2020.05.05-07.22.07:386][  0]LogConfig: Setting CVar [[r.Streaming.LimitPoolSizeToVRAM:0]]
[2020.05.05-07.22.07:386][  0]LogConfig: Setting CVar [[r.Streaming.PoolSize:1000]]
[2020.05.05-07.22.07:386][  0]LogConfig: Setting CVar [[r.Streaming.MaxEffectiveScreenSize:0]]
[2020.05.05-07.22.07:386][  0]LogConfig: Applying CVar settings from Section [EffectsQuality@3] File [C:/Users/a021694/Documents/GitHub/FlowerGame/FlowerGame/Saved/Config/Windows/Scalability.ini]
[2020.05.05-07.22.07:386][  0]LogConfig: Setting CVar [[r.TranslucencyLightingVolumeDim:64]]
[2020.05.05-07.22.07:386][  0]LogConfig: Setting CVar [[r.RefractionQuality:2]]
[2020.05.05-07.22.07:386][  0]LogConfig: Setting CVar [[r.SSR.Quality:3]]
[2020.05.05-07.22.07:386][  0]LogConfig: Setting CVar [[r.SSR.HalfResSceneColor:0]]
[2020.05.05-07.22.07:386][  0]LogConfig: Setting CVar [[r.SceneColorFormat:4]]
[2020.05.05-07.22.07:386][  0]LogConfig: Setting CVar [[r.DetailMode:2]]
[2020.05.05-07.22.07:386][  0]LogConfig: Setting CVar [[r.TranslucencyVolumeBlur:1]]
[2020.05.05-07.22.07:387][  0]LogConfig: Setting CVar [[r.MaterialQualityLevel:1 ; High quality]]
[2020.05.05-07.22.07:387][  0]LogConfig: Setting CVar [[r.SSS.Scale:1]]
[2020.05.05-07.22.07:387][  0]LogConfig: Setting CVar [[r.SSS.SampleSet:2]]
[2020.05.05-07.22.07:387][  0]LogConfig: Setting CVar [[r.SSS.Quality:1]]
[2020.05.05-07.22.07:387][  0]LogConfig: Setting CVar [[r.SSS.HalfRes:1]]
[2020.05.05-07.22.07:387][  0]LogConfig: Setting CVar [[r.SSGI.Quality:3]]
[2020.05.05-07.22.07:387][  0]LogConfig: Setting CVar [[r.EmitterSpawnRateScale:1.0]]
[2020.05.05-07.22.07:387][  0]LogConfig: Setting CVar [[r.ParticleLightQuality:2]]
[2020.05.05-07.22.07:387][  0]LogConfig: Setting CVar [[r.SkyAtmosphere.AerialPerspectiveLUT.FastApplyOnOpaque:1 ; Always have FastSkyLUT 1 in this case to avoid wrong sky]]
[2020.05.05-07.22.07:387][  0]LogConfig: Setting CVar [[r.SkyAtmosphere.AerialPerspectiveLUT.SampleCountPerSlice:1]]
[2020.05.05-07.22.07:387][  0]LogConfig: Setting CVar [[r.SkyAtmosphere.AerialPerspectiveLUT.DepthResolution:16.0]]
[2020.05.05-07.22.07:387][  0]LogConfig: Setting CVar [[r.SkyAtmosphere.FastSkyLUT:1]]
[2020.05.05-07.22.07:387][  0]LogConfig: Setting CVar [[r.SkyAtmosphere.FastSkyLUT.SampleCountMin:4.0]]
[2020.05.05-07.22.07:387][  0]LogConfig: Setting CVar [[r.SkyAtmosphere.FastSkyLUT.SampleCountMax:32.0]]
[2020.05.05-07.22.07:387][  0]LogConfig: Setting CVar [[r.SkyAtmosphere.SampleCountMin:4.0]]
[2020.05.05-07.22.07:387][  0]LogConfig: Setting CVar [[r.SkyAtmosphere.SampleCountMax:32.0]]
[2020.05.05-07.22.07:387][  0]LogConfig: Setting CVar [[r.SkyAtmosphere.TransmittanceLUT.UseSmallFormat:0]]
[2020.05.05-07.22.07:387][  0]LogConfig: Setting CVar [[r.SkyAtmosphere.TransmittanceLUT.SampleCount:10.0]]
[2020.05.05-07.22.07:387][  0]LogConfig: Setting CVar [[r.SkyAtmosphere.MultiScatteringLUT.SampleCount:15.0]]
[2020.05.05-07.22.07:387][  0]LogConfig: Applying CVar settings from Section [FoliageQuality@3] File [C:/Users/a021694/Documents/GitHub/FlowerGame/FlowerGame/Saved/Config/Windows/Scalability.ini]
[2020.05.05-07.22.07:387][  0]LogConfig: Setting CVar [[foliage.DensityScale:1.0]]
[2020.05.05-07.22.07:387][  0]LogConfig: Setting CVar [[grass.DensityScale:1.0]]
[2020.05.05-07.22.07:387][  0]LogConfig: Applying CVar settings from Section [ShadingQuality@3] File [C:/Users/a021694/Documents/GitHub/FlowerGame/FlowerGame/Saved/Config/Windows/Scalability.ini]
[2020.05.05-07.22.07:387][  0]LogConfig: Setting CVar [[r.HairStrands.SkyLighting.SampleCount:16]]
[2020.05.05-07.22.07:387][  0]LogConfig: Setting CVar [[r.HairStrands.SkyLighting.JitterIntegration:0]]
[2020.05.05-07.22.07:387][  0]LogConfig: Setting CVar [[r.HairStrands.SkyAO.SampleCount:16]]
[2020.05.05-07.22.07:387][  0]LogConfig: Applying CVar settings from Section [Startup] File [../../../Engine/Config/ConsoleVariables.ini]
[2020.05.05-07.22.07:387][  0]LogConfig: Setting CVar [[net.UseAdaptiveNetUpdateFrequency:0]]
[2020.05.05-07.22.07:387][  0]LogConfig: Setting CVar [[p.chaos.AllowCreatePhysxBodies:1]]
[2020.05.05-07.22.07:387][  0]LogConfig: Applying CVar settings from Section [ConsoleVariables] File [C:/Users/a021694/Documents/GitHub/FlowerGame/FlowerGame/Saved/Config/Windows/Engine.ini]
[2020.05.05-07.22.07:387][  0]LogInit: Computer: FRLH133527
[2020.05.05-07.22.07:387][  0]LogInit: User: a021694
[2020.05.05-07.22.07:387][  0]LogInit: CPU Page size=4096, Cores=2
[2020.05.05-07.22.07:387][  0]LogInit: High frequency timer resolution =2.742190 MHz
[2020.05.05-07.22.07:387][  0]LogMemory: Memory total: Physical=31.9GB (32GB approx)
[2020.05.05-07.22.07:387][  0]LogMemory: Platform Memory Stats for Windows
[2020.05.05-07.22.07:387][  0]LogMemory: Process Physical Memory: 105.57 MB used, 105.57 MB peak
[2020.05.05-07.22.07:387][  0]LogMemory: Process Virtual Memory: 99.95 MB used, 99.95 MB peak
[2020.05.05-07.22.07:387][  0]LogMemory: Physical Memory: 10444.36 MB used,  22204.22 MB free, 32648.58 MB total
[2020.05.05-07.22.07:387][  0]LogMemory: Virtual Memory: 1044.13 MB used,  134216680.00 MB free, 134217728.00 MB total
[2020.05.05-07.22.07:391][  0]LogWindows: WindowsPlatformFeatures enabled
[2020.05.05-07.22.07:408][  0]LogInit: Using OS detected language (fr-FR).
[2020.05.05-07.22.07:408][  0]LogInit: Using OS detected locale (fr-FR).
[2020.05.05-07.22.07:408][  0]LogTextLocalizationManager: No specific localization for 'fr-FR' exists, so the 'fr' localization will be used.
[2020.05.05-07.22.07:408][  0]LogTextLocalizationResource: LocRes '../../../Engine/Content/Localization/Editor/fr/Editor.locres' could not be opened for reading!
[2020.05.05-07.22.07:409][  0]LogTextLocalizationResource: LocRes '../../../Engine/Content/Localization/EditorTutorials/fr/EditorTutorials.locres' could not be opened for reading!
[2020.05.05-07.22.07:409][  0]LogTextLocalizationResource: LocRes '../../../Engine/Content/Localization/Keywords/fr/Keywords.locres' could not be opened for reading!
[2020.05.05-07.22.07:409][  0]LogTextLocalizationResource: LocRes '../../../Engine/Content/Localization/Category/fr/Category.locres' could not be opened for reading!
[2020.05.05-07.22.07:409][  0]LogTextLocalizationResource: LocRes '../../../Engine/Content/Localization/ToolTips/fr/ToolTips.locres' could not be opened for reading!
[2020.05.05-07.22.07:409][  0]LogTextLocalizationResource: LocRes '../../../Engine/Content/Localization/PropertyNames/fr/PropertyNames.locres' could not be opened for reading!
[2020.05.05-07.22.07:409][  0]LogTextLocalizationResource: LocRes '../../../Engine/Content/Localization/Engine/fr/Engine.locres' could not be opened for reading!
[2020.05.05-07.22.07:410][  0]LogInit: Setting process to per monitor DPI aware
[2020.05.05-07.22.07:440][  0]LogSlate: New Slate User Created.  User Index 0, Is Virtual User: 0
[2020.05.05-07.22.07:440][  0]LogSlate: Slate User Registered.  User Index 0, Is Virtual User: 0
[2020.05.05-07.22.07:561][  0]LogHMD: Failed to initialize OpenVR with code 110
[2020.05.05-07.22.07:561][  0]LogD3D11RHI: D3D11 min allowed feature level: 11_0
[2020.05.05-07.22.07:561][  0]LogD3D11RHI: D3D11 max allowed feature level: 11_0
[2020.05.05-07.22.07:561][  0]LogD3D11RHI: D3D11 adapters:
[2020.05.05-07.22.07:608][  0]LogD3D11RHI:    0. 'Intel(R) HD Graphics 520' (Feature Level 11_0)
[2020.05.05-07.22.07:608][  0]LogD3D11RHI:       128/0/16324 MB DedicatedVideo/DedicatedSystem/SharedSystem, Outputs:1, VendorId:0x8086
[2020.05.05-07.22.07:611][  0]LogD3D11RHI:    1. 'Microsoft Basic Render Driver' (Feature Level 11_0)
[2020.05.05-07.22.07:611][  0]LogD3D11RHI:       0/0/16324 MB DedicatedVideo/DedicatedSystem/SharedSystem, Outputs:0, VendorId:0x1414
[2020.05.05-07.22.07:611][  0]LogD3D11RHI: Chosen D3D11 Adapter: 0
[2020.05.05-07.22.07:617][  0]LogD3D11RHI: Creating new Direct3DDevice
[2020.05.05-07.22.07:617][  0]LogD3D11RHI:     GPU DeviceId: 0x1916 (for the marketing name, search the web for "GPU Device Id")
[2020.05.05-07.22.07:617][  0]LogWindows: EnumDisplayDevices:
[2020.05.05-07.22.07:617][  0]LogWindows:    0. 'Intel(R) HD Graphics 520' (P:1 D:1)
[2020.05.05-07.22.07:617][  0]LogWindows:    1. 'Intel(R) HD Graphics 520' (P:0 D:0)
[2020.05.05-07.22.07:617][  0]LogWindows:    2. 'Intel(R) HD Graphics 520' (P:0 D:0)
[2020.05.05-07.22.07:617][  0]LogWindows: DebugString: FoundDriverCount:3 
[2020.05.05-07.22.07:617][  0]LogD3D11RHI:     Adapter Name: Intel(R) HD Graphics 520
[2020.05.05-07.22.07:618][  0]LogD3D11RHI:   Driver Version: 26.20.100.6888 (internal:26.20.100.6888, unified:26.20.100.6888)
[2020.05.05-07.22.07:618][  0]LogD3D11RHI:      Driver Date: 5-16-2019
[2020.05.05-07.22.07:618][  0]LogRHI: Texture pool is 1523 MB (70% of 2176 MB)
[2020.05.05-07.22.07:666][  0]LogD3D11RHI: RHI does not have support for 64 bit atomics
[2020.05.05-07.22.07:667][  0]LogD3D11RHI: [IntelMetricsDiscovery] Started
[2020.05.05-07.22.07:667][  0]LogD3D11RHI: Async texture creation enabled
[2020.05.05-07.22.07:673][  0]LogD3D11RHI: GPU Timing Frequency: 12.000048 (Debug: 2 0)
[2020.05.05-07.22.07:969][  0]LogTargetPlatformManager: Display: Loaded TargetPlatform 'AllDesktop'
[2020.05.05-07.22.08:005][  0]LogTargetPlatformManager: Display: Loaded TargetPlatform 'Android'
[2020.05.05-07.22.08:005][  0]LogTargetPlatformManager: Display: Loaded TargetPlatform 'Android_ASTC'
[2020.05.05-07.22.08:005][  0]LogTargetPlatformManager: Display: Loaded TargetPlatform 'Android_ATC'
[2020.05.05-07.22.08:005][  0]LogTargetPlatformManager: Display: Loaded TargetPlatform 'Android_DXT'
[2020.05.05-07.22.08:005][  0]LogTargetPlatformManager: Display: Loaded TargetPlatform 'Android_ETC1'
[2020.05.05-07.22.08:005][  0]LogTargetPlatformManager: Display: Loaded TargetPlatform 'Android_ETC1a'
[2020.05.05-07.22.08:005][  0]LogTargetPlatformManager: Display: Loaded TargetPlatform 'Android_ETC2'
[2020.05.05-07.22.08:005][  0]LogTargetPlatformManager: Display: Loaded TargetPlatform 'Android_PVRTC'
[2020.05.05-07.22.08:005][  0]LogTargetPlatformManager: Display: Loaded TargetPlatform 'AndroidClient'
[2020.05.05-07.22.08:005][  0]LogTargetPlatformManager: Display: Loaded TargetPlatform 'Android_ASTCClient'
[2020.05.05-07.22.08:005][  0]LogTargetPlatformManager: Display: Loaded TargetPlatform 'Android_ATCClient'
[2020.05.05-07.22.08:005][  0]LogTargetPlatformManager: Display: Loaded TargetPlatform 'Android_DXTClient'
[2020.05.05-07.22.08:005][  0]LogTargetPlatformManager: Display: Loaded TargetPlatform 'Android_ETC1Client'
[2020.05.05-07.22.08:005][  0]LogTargetPlatformManager: Display: Loaded TargetPlatform 'Android_ETC1aClient'
[2020.05.05-07.22.08:005][  0]LogTargetPlatformManager: Display: Loaded TargetPlatform 'Android_ETC2Client'
[2020.05.05-07.22.08:005][  0]LogTargetPlatformManager: Display: Loaded TargetPlatform 'Android_PVRTCClient'
[2020.05.05-07.22.08:005][  0]LogTargetPlatformManager: Display: Loaded TargetPlatform 'Android_Multi'
[2020.05.05-07.22.08:005][  0]LogTargetPlatformManager: Display: Loaded TargetPlatform 'Android_MultiClient'
[2020.05.05-07.22.08:026][  0]LogTargetPlatformManager: Display: Loaded TargetPlatform 'IOSClient'
[2020.05.05-07.22.08:026][  0]LogTargetPlatformManager: Display: Loaded TargetPlatform 'IOS'
[2020.05.05-07.22.08:034][  0]LogTargetPlatformManager: Display: Loaded TargetPlatform 'LinuxNoEditor'
[2020.05.05-07.22.08:041][  0]LogTargetPlatformManager: Display: Loaded TargetPlatform 'LinuxClient'
[2020.05.05-07.22.08:050][  0]LogTargetPlatformManager: Display: Loaded TargetPlatform 'LinuxServer'
[2020.05.05-07.22.08:059][  0]LogTargetPlatformManager: Display: Loaded TargetPlatform 'LinuxAArch64NoEditor'
[2020.05.05-07.22.08:068][  0]LogTargetPlatformManager: Display: Loaded TargetPlatform 'LinuxAArch64Client'
[2020.05.05-07.22.08:077][  0]LogTargetPlatformManager: Display: Loaded TargetPlatform 'LinuxAArch64Server'
[2020.05.05-07.22.08:107][  0]LogTargetPlatformManager: Display: Loaded TargetPlatform 'Lumin'
[2020.05.05-07.22.08:107][  0]LogTargetPlatformManager: Display: Loaded TargetPlatform 'LuminClient'
[2020.05.05-07.22.08:124][  0]LogTargetPlatformManager: Display: Loaded TargetPlatform 'TVOSClient'
[2020.05.05-07.22.08:124][  0]LogTargetPlatformManager: Display: Loaded TargetPlatform 'TVOS'
[2020.05.05-07.22.08:132][  0]LogTargetPlatformManager: Display: Loaded TargetPlatform 'WindowsNoEditor'
[2020.05.05-07.22.08:140][  0]LogTargetPlatformManager: Display: Loaded TargetPlatform 'Windows'
[2020.05.05-07.22.08:147][  0]LogTargetPlatformManager: Display: Loaded TargetPlatform 'WindowsClient'
[2020.05.05-07.22.08:157][  0]LogTargetPlatformManager: Display: Loaded TargetPlatform 'WindowsServer'
[2020.05.05-07.22.08:157][  0]LogTargetPlatformManager: Display: Building Assets For Windows
[2020.05.05-07.22.08:160][  0]LogAudioDebug: Display: Lib vorbis DLL was dynamically loaded.
[2020.05.05-07.22.08:186][  0]LogShaderCompilers: Guid format shader working directory is -6 characters bigger than the processId version (../../../../../Documents/GitHub/FlowerGame/FlowerGame/Intermediate/Shaders/WorkingDirectory/17096/).
[2020.05.05-07.22.08:186][  0]LogShaderCompilers: Cleaned the shader compiler working directory 'C:/Users/a021694/AppData/Local/Temp/UnrealShaderWorkingDir/2AAE281E48B6F2E482366CA072AB3602/'.
[2020.05.05-07.22.08:186][  0]LogXGEController: Cleaning working directory: C:/Users/a021694/AppData/Local/Temp/UnrealXGEWorkingDir/
[2020.05.05-07.22.08:187][  0]LogXGEController: Cannot use XGE Controller as Incredibuild is not installed on this machine.
[2020.05.05-07.22.08:187][  0]LogShaderCompilers: Cannot use XGE Shader Compiler as Incredibuild is not installed on this machine.
[2020.05.05-07.22.08:187][  0]LogShaderCompilers: Display: Using Local Shader Compiler.
[2020.05.05-07.22.09:072][  0]LogDerivedDataCache: Display: Max Cache Size: 512 MB
[2020.05.05-07.22.09:126][  0]LogDerivedDataCache: Loaded boot cache 0.05s 79MB C:/Users/a021694/AppData/Local/UnrealEngine/4.24/DerivedDataCache/Boot.ddc.
[2020.05.05-07.22.09:126][  0]LogDerivedDataCache: Display: Loaded Boot cache: C:/Users/a021694/AppData/Local/UnrealEngine/4.24/DerivedDataCache/Boot.ddc
[2020.05.05-07.22.09:126][  0]LogDerivedDataCache: FDerivedDataBackendGraph:  Pak pak cache file ../../../../../Documents/GitHub/FlowerGame/FlowerGame/DerivedDataCache/DDC.ddp not found, will not use a pak cache.
[2020.05.05-07.22.09:126][  0]LogDerivedDataCache: Unable to find inner node Pak for hierarchical cache Hierarchy.
[2020.05.05-07.22.09:126][  0]LogDerivedDataCache: FDerivedDataBackendGraph:  CompressedPak pak cache file ../../../../../Documents/GitHub/FlowerGame/FlowerGame/DerivedDataCache/Compressed.ddp not found, will not use a pak cache.
[2020.05.05-07.22.09:126][  0]LogDerivedDataCache: Unable to find inner node CompressedPak for hierarchical cache Hierarchy.
[2020.05.05-07.22.09:137][  0]LogDerivedDataCache: Display: Pak cache opened for reading ../../../Engine/DerivedDataCache/Compressed.ddp.
[2020.05.05-07.22.09:137][  0]LogDerivedDataCache: FDerivedDataBackendGraph:  EnterprisePak pak cache file ../../../Enterprise/DerivedDataCache/Compressed.ddp not found, will not use a pak cache.
[2020.05.05-07.22.09:137][  0]LogDerivedDataCache: Unable to find inner node EnterprisePak for hierarchical cache Hierarchy.
[2020.05.05-07.22.09:139][  0]LogDerivedDataCache: Using Local data cache path C:/Users/a021694/AppData/Local/UnrealEngine/Common/DerivedDataCache: Writable
[2020.05.05-07.22.09:139][  0]LogDerivedDataCache: Shared data cache path not found in *engine.ini, will not use an Shared cache.
[2020.05.05-07.22.09:139][  0]LogDerivedDataCache: Unable to find inner node Shared for hierarchical cache Hierarchy.
[2020.05.05-07.22.09:166][  0]LogMaterial: Verifying Global Shaders for PCD3D_SM5
[2020.05.05-07.22.09:169][  0]LogSlate: Using FreeType 2.10.0
[2020.05.05-07.22.09:169][  0]LogSlate: SlateFontServices - WITH_FREETYPE: 1, WITH_HARFBUZZ: 1
[2020.05.05-07.22.09:224][  0]LogAssetRegistry: FAssetRegistry took 0.0030 seconds to start up
[2020.05.05-07.22.09:565][  0]LogInit: Selected Device Profile: [Windows]
[2020.05.05-07.22.09:768][  0]LogMeshReduction: Using QuadricMeshReduction for automatic static mesh reduction
[2020.05.05-07.22.09:768][  0]LogMeshReduction: Using SimplygonMeshReduction for automatic skeletal mesh reduction
[2020.05.05-07.22.09:768][  0]LogMeshReduction: Using ProxyLODMeshReduction for automatic mesh merging
[2020.05.05-07.22.09:769][  0]LogMeshReduction: No distributed automatic mesh merging module available
[2020.05.05-07.22.09:769][  0]LogMeshMerging: No distributed automatic mesh merging module available
[2020.05.05-07.22.09:785][  0]LogNetVersion: FlowerGame 1.0.0, NetCL: 10570792, EngineNetVer: 13, GameNetVer: 0 (Checksum: 1154599133)
[2020.05.05-07.22.11:158][  0]LogPackageLocalizationCache: Processed 10 localized package path(s) for 1 prioritized culture(s) in 0.091822 seconds
[2020.05.05-07.22.11:165][  0]LogUObjectArray: 46750 objects as part of root set at end of initial load.
[2020.05.05-07.22.11:165][  0]LogUObjectAllocator: 8137160 out of 0 bytes used by permanent object pool.
[2020.05.05-07.22.11:165][  0]LogUObjectArray: CloseDisregardForGC: 0/0 objects in disregard for GC pool
[2020.05.05-07.22.11:638][  0]LogTcpMessaging: Initializing TcpMessaging bridge
[2020.05.05-07.22.11:641][  0]LogUdpMessaging: Initializing bridge on interface 0.0.0.0:0 to multicast group 230.0.0.1:6666.
[2020.05.05-07.22.11:834][  0]SourceControl: Source control is disabled
[2020.05.05-07.22.11:834][  0]SourceControl: Source control is disabled
[2020.05.05-07.22.11:836][  0]SourceControl: Source control is disabled
[2020.05.05-07.22.11:837][  0]SourceControl: Source control is disabled
[2020.05.05-07.22.11:838][  0]SourceControl: Source control is disabled
[2020.05.05-07.22.11:932][  0]LogAndroidPermission: UAndroidPermissionCallbackProxy::GetInstance
[2020.05.05-07.22.11:943][  0]LogAudioCaptureCore: Display: No Audio Capture implementations found. Audio input will be silent.
[2020.05.05-07.22.11:943][  0]LogAudioCaptureCore: Display: No Audio Capture implementations found. Audio input will be silent.
[2020.05.05-07.22.12:037][  0]LogOcInput: OculusInput pre-init called
[2020.05.05-07.22.12:045][  0]LogWindows: Failed to load 'OVRPlugin.dll' (GetLastError=126)
[2020.05.05-07.22.12:045][  0]LogWindows: File 'OVRPlugin.dll' does not exist
[2020.05.05-07.22.12:119][  0]LogEngine: Initializing Engine...
[2020.05.05-07.22.12:120][  0]LogHMD: Failed to initialize OpenVR with code 110
[2020.05.05-07.22.12:121][  0]LogStats: UGameplayTagsManager::InitializeManager -  0.000 s
[2020.05.05-07.22.12:468][  0]LogInit: Initializing FReadOnlyCVARCache
[2020.05.05-07.22.12:477][  0]LogAIModule: Creating AISystem for world Untitled
[2020.05.05-07.22.12:483][  0]LogAudioMixer: Display: Audio Mixer Platform Settings:
[2020.05.05-07.22.12:483][  0]LogAudioMixer: Display: 	Sample Rate:						  48000
[2020.05.05-07.22.12:483][  0]LogAudioMixer: Display: 	Callback Buffer Frame Size Requested: 1024
[2020.05.05-07.22.12:483][  0]LogAudioMixer: Display: 	Callback Buffer Frame Size To Use:	  1024
[2020.05.05-07.22.12:483][  0]LogAudioMixer: Display: 	Number of buffers to queue:			  2
[2020.05.05-07.22.12:483][  0]LogAudioMixer: Display: 	Max Channels (voices):				  32
[2020.05.05-07.22.12:483][  0]LogAudioMixer: Display: 	Number of Async Source Workers:		  0
[2020.05.05-07.22.12:483][  0]LogAudio: Display: AudioDevice MaxSources: 32
[2020.05.05-07.22.12:484][  0]LogAudio: Display: Using built-in audio occlusion.
[2020.05.05-07.22.12:484][  0]LogAudioMixer: Display: Initializing audio mixer.
[2020.05.05-07.22.12:496][  0]LogAudioMixer: Display: Audio Device Output Speaker Info:
[2020.05.05-07.22.12:496][  0]LogAudioMixer: Display: Name: Casque (Conexant ISST Audio)
[2020.05.05-07.22.12:496][  0]LogAudioMixer: Display: Is Default: Yes
[2020.05.05-07.22.12:496][  0]LogAudioMixer: Display: Sample Rate: 48000
[2020.05.05-07.22.12:496][  0]LogAudioMixer: Display: Channel Count Used: 2
[2020.05.05-07.22.12:496][  0]LogAudioMixer: Display: Device Channel Count: 2
[2020.05.05-07.22.12:496][  0]LogAudioMixer: Display: Channel Order:
[2020.05.05-07.22.12:496][  0]LogAudioMixer: Display: 0: FrontLeft
[2020.05.05-07.22.12:496][  0]LogAudioMixer: Display: 1: FrontRight
[2020.05.05-07.22.12:545][  0]LogAudioMixer: Display: Using Audio Device Casque (Conexant ISST Audio)
[2020.05.05-07.22.12:547][  0]LogInit: FAudioDevice initialized.
[2020.05.05-07.22.12:548][  0]LogNetVersion: Set ProjectVersion to 1.0.0.0. Version Checksum will be recalculated on next use.
[2020.05.05-07.22.12:700][  0]LogDerivedDataCache: Saved boot cache 0.15s 79MB C:/Users/a021694/AppData/Local/UnrealEngine/4.24/DerivedDataCache/Boot.ddc.
[2020.05.05-07.22.12:705][  0]LogInit: Texture streaming: Enabled
[2020.05.05-07.22.12:714][  0]LogEngineSessionManager: EngineSessionManager initialized
[2020.05.05-07.22.12:715][  0]LogEngineSessionManager: EngineSessionManager sent abnormal shutdown report. Type=Crashed, SessionId={91AA0687-47DF-2370-CEFF-A1B8B744DDE7}
[2020.05.05-07.22.12:715][  0]LogEditorSessionSummary: Verbose: Initializing EditorSessionSummaryWriter for editor session tracking
[2020.05.05-07.22.12:716][  0]LogEditorSessionSummary: EditorSessionSummaryWriter initialized
[2020.05.05-07.22.15:204][  0]LogMaterial: Verifying Global Shaders for PCD3D_ES31
[2020.05.05-07.22.15:205][  0]LogInit: Transaction tracking system initialized
[2020.05.05-07.22.15:216][  0]BlueprintLog: New page: Editor Load
[2020.05.05-07.22.15:247][  0]LocalizationService: Localization service is disabled
[2020.05.05-07.22.15:708][  0]LogFileCache: Scanning file cache for directory 'C:/Users/a021694/Documents/GitHub/FlowerGame/FlowerGame/Content/' took 0.01s
[2020.05.05-07.22.15:708][  0]LogCook: Display: Max memory allowance for cook 16384mb min free memory 0mb
[2020.05.05-07.22.15:708][  0]LogCook: Display: Mobile HDR setting 1
[2020.05.05-07.22.16:469][  0]SourceControl: Source control is disabled
[2020.05.05-07.22.16:469][  0]Cmd: MAP LOAD FILE="../../../../../Documents/GitHub/FlowerGame/FlowerGame/Content/MobileStarterContent/Maps/TestMap.umap" TEMPLATE=0 SHOWPROGRESS=1 FEATURELEVEL=3
[2020.05.05-07.22.16:469][  0]LightingResults: New page: Lighting Build
[2020.05.05-07.22.16:470][  0]LogWorld: UWorld::CleanupWorld for Untitled, bSessionEnded=true, bCleanupResources=true
[2020.05.05-07.22.16:470][  0]LogSlate: InvalidateAllWidgets triggered.  All widgets were invalidated
[2020.05.05-07.22.16:470][  0]MapCheck: New page: Map Check
[2020.05.05-07.22.16:470][  0]LightingResults: New page: Lighting Build
[2020.05.05-07.22.16:495][  0]LogUObjectHash: Compacting FUObjectHashTables data took   2.23ms
[2020.05.05-07.22.16:721][  0]LogAIModule: Creating AISystem for world TestMap
[2020.05.05-07.22.16:752][  0]LogEditorServer: Finished looking for orphan Actors (0.000 secs)
[2020.05.05-07.22.16:824][  0]LogUObjectHash: Compacting FUObjectHashTables data took   2.15ms
[2020.05.05-07.22.16:824][  0]Cmd: MAP CHECKDEP NOCLEARLOG
[2020.05.05-07.22.16:824][  0]MapCheck: Map check complete: 0 Error(s), 0 Warning(s), took 0,15ms to complete.
[2020.05.05-07.22.16:824][  0]LogFileHelpers: Loading map 'TestMap' took 0.356
[2020.05.05-07.22.16:972][  0]LogSlate: Updating window title bar state: overlay mode, drag disabled, window buttons hidden, title bar hidden
[2020.05.05-07.22.16:979][  0]LogSlate: Updating window title bar state: overlay mode, drag disabled, window buttons hidden, title bar hidden
[2020.05.05-07.22.16:987][  0]LogSlate: Updating window title bar state: overlay mode, drag disabled, window buttons hidden, title bar hidden
[2020.05.05-07.22.16:995][  0]LogSlate: Updating window title bar state: overlay mode, drag disabled, window buttons hidden, title bar hidden
[2020.05.05-07.22.17:000][  0]LogCollectionManager: Loaded 0 collections in 0.001816 seconds
[2020.05.05-07.22.17:015][  0]LogFileCache: Scanning file cache for directory 'C:/Users/a021694/Documents/GitHub/FlowerGame/FlowerGame/Saved/Collections/' took 0.00s
[2020.05.05-07.22.17:015][  0]LogFileCache: Scanning file cache for directory 'C:/Users/a021694/Documents/GitHub/FlowerGame/FlowerGame/Content/Developers/a021694/Collections/' took 0.00s
[2020.05.05-07.22.17:015][  0]LogFileCache: Scanning file cache for directory 'C:/Users/a021694/Documents/GitHub/FlowerGame/FlowerGame/Content/Collections/' took 0.00s
[2020.05.05-07.22.17:015][  0]LogContentBrowser: Native class hierarchy populated in 0.0101 seconds. Added 3022 classes and 724 folders.
[2020.05.05-07.22.17:017][  0]LogContentBrowser: Native class hierarchy updated for 'WidgetCarousel' in 0.0003 seconds. Added 0 classes and 0 folders.
[2020.05.05-07.22.17:060][  0]LogContentBrowser: Native class hierarchy updated for 'AddContentDialog' in 0.0003 seconds. Added 0 classes and 0 folders.
[2020.05.05-07.22.17:064][  0]LogContentBrowser: Native class hierarchy updated for 'SceneOutliner' in 0.0005 seconds. Added 2 classes and 3 folders.
[2020.05.05-07.22.17:180][  0]LogSlate: Took 0.000278 seconds to synchronously load lazily loaded font '../../../Engine/Content/Slate/Fonts/Roboto-Regular.ttf' (155K)
[2020.05.05-07.22.17:182][  0]LogSlate: Took 0.000227 seconds to synchronously load lazily loaded font '../../../Engine/Content/Slate/Fonts/Roboto-Bold.ttf' (160K)
[2020.05.05-07.22.17:187][  0]LogSlate: Took 0.000152 seconds to synchronously load lazily loaded font '../../../Engine/Content/Editor/Slate/Fonts/FontAwesome.ttf' (139K)
[2020.05.05-07.22.17:308][  0]LogRenderer: Reallocating scene render targets to support 932x432 Format 10 NumSamples 1 (Frame:1).
[2020.05.05-07.22.17:476][  0]LogContentBrowser: Native class hierarchy updated for 'HierarchicalLODOutliner' in 0.0004 seconds. Added 0 classes and 0 folders.
[2020.05.05-07.22.17:476][  0]LogLoad: (Engine Initialization) Total time: 11.40 seconds
[2020.05.05-07.22.17:476][  0]LogLoad: (Engine Initialization) Total Blueprint compile time: 0.00 seconds
[2020.05.05-07.22.17:534][  0]LogAssetRegistry: Asset discovery search completed in 8.3098 seconds
[2020.05.05-07.22.17:538][  0]LogCollectionManager: Fixed up redirectors for 0 collections in 0.000009 seconds (updated 0 objects)
[2020.05.05-07.22.17:538][  0]LogContentStreaming: Texture pool size now 1000 MB
[2020.05.05-07.22.17:570][  0]LogSlate: Took 0.000164 seconds to synchronously load lazily loaded font '../../../Engine/Content/Slate/Fonts/Roboto-Light.ttf' (167K)
[2020.05.05-07.23.11:426][444]Candidate modules for hot reload:
[2020.05.05-07.23.11:426][444]  FlowerGame
[2020.05.05-07.23.11:426][444]Launching UnrealBuildTool... [C:/Users/a021694/Desktop/UE_4.24/Engine/Binaries/DotNET/UnrealBuildTool.exe  -ModuleWithSuffix=FlowerGame,923 Win64 Development -TargetType=Editor -Project="C:/Users/a021694/Documents/GitHub/FlowerGame/FlowerGame/FlowerGame.uproject" "C:/Users/a021694/Documents/GitHub/FlowerGame/FlowerGame/FlowerGame.uproject"  -IgnoreJunk]
[2020.05.05-07.23.11:443][444]Warning: Starting HotReload took  0.0s.
[2020.05.05-07.23.27:891][558]CompilerResultsLog: New page: Compilation - 5 mai 2020 à 11:23:27
[2020.05.05-07.23.27:891][558]CompilerResultsLog: Using 'git status' to determine working set for adaptive non-unity build (C:\Users\a021694\Documents\GitHub\FlowerGame).
[2020.05.05-07.23.27:891][558]CompilerResultsLog: Building FlowerGameEditor...
[2020.05.05-07.23.27:891][558]CompilerResultsLog: Using Visual Studio 2019 14.24.28316 toolchain (C:\Program Files (x86)\Microsoft Visual Studio\2019\Community\VC\Tools\MSVC\14.24.28314) and Windows 10.0.18362.0 SDK (C:\Program Files (x86)\Windows Kits\10).
[2020.05.05-07.23.27:891][558]CompilerResultsLog: Building 4 actions with 4 processes...
[2020.05.05-07.23.27:891][558]CompilerResultsLog:   [1/4] FlowerGameGameModeBase.cpp
[2020.05.05-07.23.27:891][558]CompilerResultsLog:   [2/4] UE4Editor-FlowerGame-0923.lib
[2020.05.05-07.23.27:891][558]CompilerResultsLog:      Cr?ation de la biblioth?que C:\Users\a021694\Documents\GitHub\FlowerGame\FlowerGame\Intermediate\Build\Win64\UE4Editor\Development\FlowerGame\UE4Editor-FlowerGame-0923.lib et de l'objet C:\Users\a021694\Documents\GitHub\FlowerGame\FlowerGame\Intermediate\Build\Win64\UE4Editor\Development\FlowerGame\UE4Editor-FlowerGame-0923.exp
[2020.05.05-07.23.27:891][558]CompilerResultsLog:   [3/4] UE4Editor-FlowerGame-0923.dll
[2020.05.05-07.23.27:891][558]CompilerResultsLog:      Cr?ation de la biblioth?que C:\Users\a021694\Documents\GitHub\FlowerGame\FlowerGame\Intermediate\Build\Win64\UE4Editor\Development\FlowerGame\UE4Editor-FlowerGame-0923.suppressed.lib et de l'objet C:\Users\a021694\Documents\GitHub\FlowerGame\FlowerGame\Intermediate\Build\Win64\UE4Editor\Development\FlowerGame\UE4Editor-FlowerGame-0923.suppressed.exp
[2020.05.05-07.23.27:891][558]CompilerResultsLog:   [4/4] FlowerGameEditor.target
[2020.05.05-07.23.27:891][558]CompilerResultsLog: Total time in Parallel executor: 14,13 seconds
[2020.05.05-07.23.27:892][558]CompilerResultsLog: Total execution time: 16,06 seconds
[2020.05.05-07.23.27:892][558]LogMainFrame: MainFrame: Module compiling took 16.471 seconds
[2020.05.05-07.23.27:922][558]LogUObjectHash: Compacting FUObjectHashTables data took   0.69ms
[2020.05.05-07.23.27:942][558]LogContentBrowser: Native class hierarchy populated in 0.0101 seconds. Added 3024 classes and 727 folders.
[2020.05.05-07.23.27:942][558]Display: HotReload took 16.5s.
[2020.05.05-07.23.40:959][835]LogTemp: Repeating last play command: Selected Viewport
[2020.05.05-07.23.40:999][835]LogBlueprintUserMessages: Early PlayInEditor Detection: Level '/Game/MobileStarterContent/Maps/TestMap.TestMap:PersistentLevel' has LevelScriptBlueprint '/Game/MobileStarterContent/Maps/TestMap.TestMap:PersistentLevel.TestMap' with GeneratedClass '/Game/MobileStarterContent/Maps/TestMap.TestMap_C' with ClassGeneratedBy '/Game/MobileStarterContent/Maps/TestMap.TestMap:PersistentLevel.TestMap'
[2020.05.05-07.23.40:999][835]LogPlayLevel: PlayLevel: No blueprints needed recompiling
[2020.05.05-07.23.40:999][835]PIE: New page: PIE session: TestMap (5 mai 2020 à 11:23:40)
[2020.05.05-07.23.41:000][835]LogOnline: OSS: Creating online subsystem instance for: NULL
[2020.05.05-07.23.41:001][835]LogOnline: OSS: TryLoadSubsystemAndSetDefault: Loaded subsystem for module [NULL]
[2020.05.05-07.23.41:001][835]LogPlayLevel: Creating play world package: /Game/MobileStarterContent/Maps/UEDPIE_0_TestMap
[2020.05.05-07.23.41:219][835]LogPlayLevel: PIE: StaticDuplicateObject took: (0.217955s)
[2020.05.05-07.23.41:221][835]LogAIModule: Creating AISystem for world TestMap
[2020.05.05-07.23.41:221][835]LogPlayLevel: PIE: World Init took: (0.001518s)
[2020.05.05-07.23.41:221][835]LogPlayLevel: PIE: Created PIE world by copying editor world from /Game/MobileStarterContent/Maps/TestMap.TestMap to /Game/MobileStarterContent/Maps/UEDPIE_0_TestMap.TestMap (0.219769s)
[2020.05.05-07.23.41:247][835]LogUObjectHash: Compacting FUObjectHashTables data took   2.19ms
[2020.05.05-07.23.41:248][835]LogAudioMixer: Display: Audio Mixer Platform Settings:
[2020.05.05-07.23.41:248][835]LogAudioMixer: Display: 	Sample Rate:						  48000
[2020.05.05-07.23.41:248][835]LogAudioMixer: Display: 	Callback Buffer Frame Size Requested: 1024
[2020.05.05-07.23.41:248][835]LogAudioMixer: Display: 	Callback Buffer Frame Size To Use:	  1024
[2020.05.05-07.23.41:248][835]LogAudioMixer: Display: 	Number of buffers to queue:			  2
[2020.05.05-07.23.41:248][835]LogAudioMixer: Display: 	Max Channels (voices):				  32
[2020.05.05-07.23.41:248][835]LogAudioMixer: Display: 	Number of Async Source Workers:		  0
[2020.05.05-07.23.41:248][835]LogAudio: Display: AudioDevice MaxSources: 32
[2020.05.05-07.23.41:249][835]LogAudio: Display: Using built-in audio occlusion.
[2020.05.05-07.23.41:249][835]LogAudioMixer: Display: Initializing audio mixer.
[2020.05.05-07.23.41:264][835]LogAudioMixer: Display: Audio Device Output Speaker Info:
[2020.05.05-07.23.41:264][835]LogAudioMixer: Display: Name: Casque (Conexant ISST Audio)
[2020.05.05-07.23.41:265][835]LogAudioMixer: Display: Is Default: Yes
[2020.05.05-07.23.41:265][835]LogAudioMixer: Display: Sample Rate: 48000
[2020.05.05-07.23.41:265][835]LogAudioMixer: Display: Channel Count Used: 2
[2020.05.05-07.23.41:265][835]LogAudioMixer: Display: Device Channel Count: 2
[2020.05.05-07.23.41:265][835]LogAudioMixer: Display: Channel Order:
[2020.05.05-07.23.41:265][835]LogAudioMixer: Display: 0: FrontLeft
[2020.05.05-07.23.41:265][835]LogAudioMixer: Display: 1: FrontRight
[2020.05.05-07.23.41:337][835]LogAudioMixer: Display: Using Audio Device Casque (Conexant ISST Audio)
[2020.05.05-07.23.41:339][835]LogInit: FAudioDevice initialized.
[2020.05.05-07.23.41:354][835]LogLoad: Game class is 'FlowerGameGameModeBase'
[2020.05.05-07.23.41:359][835]LogWorld: Bringing World /Game/MobileStarterContent/Maps/UEDPIE_0_TestMap.TestMap up for play (max tick rate 0) at 2020.05.05-09.23.41
[2020.05.05-07.23.41:359][835]LogWorld: Bringing up level for play took: 0.003981
[2020.05.05-07.23.41:359][835]LogOnline: OSS: Creating online subsystem instance for: :Context_1
[2020.05.05-07.23.41:419][835]LogContentBrowser: Native class hierarchy updated for 'MovieSceneCapture' in 0.0005 seconds. Added 20 classes and 0 folders.
[2020.05.05-07.23.41:423][835]LogBlueprintUserMessages: [TestMap_C_2] BP_FlowerGameCharacter
[2020.05.05-07.23.41:424][835]PIE: Play in editor start time for /Game/MobileStarterContent/Maps/UEDPIE_0_TestMap 0,683
[2020.05.05-07.23.41:425][835]LogBlueprintUserMessages: Late PlayInEditor Detection: Level '/Game/MobileStarterContent/Maps/TestMap.TestMap:PersistentLevel' has LevelScriptBlueprint '/Game/MobileStarterContent/Maps/TestMap.TestMap:PersistentLevel.TestMap' with GeneratedClass '/Game/MobileStarterContent/Maps/TestMap.TestMap_C' with ClassGeneratedBy '/Game/MobileStarterContent/Maps/TestMap.TestMap:PersistentLevel.TestMap'
[2020.05.05-07.23.46:785][142]LogAudioMixer: Display: No commands were queued while flushing the source manager.
[2020.05.05-07.23.46:785][142]LogAudioMixer: Display: No commands were queued while flushing the source manager.
[2020.05.05-07.23.46:785][142]LogBlueprintUserMessages: Early EndPlayMap Detection: Level '/Game/MobileStarterContent/Maps/TestMap.TestMap:PersistentLevel' has LevelScriptBlueprint '/Game/MobileStarterContent/Maps/TestMap.TestMap:PersistentLevel.TestMap' with GeneratedClass '/Game/MobileStarterContent/Maps/TestMap.TestMap_C' with ClassGeneratedBy '/Game/MobileStarterContent/Maps/TestMap.TestMap:PersistentLevel.TestMap'
[2020.05.05-07.23.46:785][142]LogSlate: Updating window title bar state: overlay mode, drag disabled, window buttons hidden, title bar hidden
[2020.05.05-07.23.46:785][142]LogWorld: BeginTearingDown for /Game/MobileStarterContent/Maps/UEDPIE_0_TestMap
[2020.05.05-07.23.46:786][142]LogAudioMixer: Display: No commands were queued while flushing the source manager.
[2020.05.05-07.23.46:786][142]LogWorld: UWorld::CleanupWorld for TestMap, bSessionEnded=true, bCleanupResources=true
[2020.05.05-07.23.46:787][142]LogSlate: InvalidateAllWidgets triggered.  All widgets were invalidated
[2020.05.05-07.23.46:817][142]LogPlayLevel: Display: Shutting down PIE online subsystems
[2020.05.05-07.23.46:818][142]LogBlueprintUserMessages: Late EndPlayMap Detection: Level '/Game/MobileStarterContent/Maps/TestMap.TestMap:PersistentLevel' has LevelScriptBlueprint '/Game/MobileStarterContent/Maps/TestMap.TestMap:PersistentLevel.TestMap' with GeneratedClass '/Game/MobileStarterContent/Maps/TestMap.TestMap_C' with ClassGeneratedBy '/Game/MobileStarterContent/Maps/TestMap.TestMap:PersistentLevel.TestMap'
[2020.05.05-07.23.46:823][142]LogSlate: InvalidateAllWidgets triggered.  All widgets were invalidated
[2020.05.05-07.23.46:866][142]LogAudioMixer: Display: No commands were queued while flushing the source manager.
[2020.05.05-07.23.46:869][142]LogSlate: Updating window title bar state: overlay mode, drag disabled, window buttons hidden, title bar hidden
[2020.05.05-07.23.46:877][142]LogUObjectHash: Compacting FUObjectHashTables data took   2.64ms
[2020.05.05-07.23.46:896][143]LogPlayLevel: Display: Destroying online subsystem :Context_1
[2020.05.05-07.23.49:396][411]LogTemp: Repeating last play command: Selected Viewport
[2020.05.05-07.23.49:435][411]LogBlueprintUserMessages: Early PlayInEditor Detection: Level '/Game/MobileStarterContent/Maps/TestMap.TestMap:PersistentLevel' has LevelScriptBlueprint '/Game/MobileStarterContent/Maps/TestMap.TestMap:PersistentLevel.TestMap' with GeneratedClass '/Game/MobileStarterContent/Maps/TestMap.TestMap_C' with ClassGeneratedBy '/Game/MobileStarterContent/Maps/TestMap.TestMap:PersistentLevel.TestMap'
[2020.05.05-07.23.49:435][411]LogPlayLevel: PlayLevel: No blueprints needed recompiling
[2020.05.05-07.23.49:435][411]PIE: New page: PIE session: TestMap (5 mai 2020 à 11:23:49)
[2020.05.05-07.23.49:435][411]LogPlayLevel: Creating play world package: /Game/MobileStarterContent/Maps/UEDPIE_0_TestMap
[2020.05.05-07.23.49:617][411]LogPlayLevel: PIE: StaticDuplicateObject took: (0.181134s)
[2020.05.05-07.23.49:618][411]LogAIModule: Creating AISystem for world TestMap
[2020.05.05-07.23.49:618][411]LogPlayLevel: PIE: World Init took: (0.001597s)
[2020.05.05-07.23.49:618][411]LogPlayLevel: PIE: Created PIE world by copying editor world from /Game/MobileStarterContent/Maps/TestMap.TestMap to /Game/MobileStarterContent/Maps/UEDPIE_0_TestMap.TestMap (0.182932s)
[2020.05.05-07.23.49:644][411]LogUObjectHash: Compacting FUObjectHashTables data took   2.37ms
[2020.05.05-07.23.49:644][411]LogAudioMixer: Display: Audio Mixer Platform Settings:
[2020.05.05-07.23.49:645][411]LogAudioMixer: Display: 	Sample Rate:						  48000
[2020.05.05-07.23.49:645][411]LogAudioMixer: Display: 	Callback Buffer Frame Size Requested: 1024
[2020.05.05-07.23.49:645][411]LogAudioMixer: Display: 	Callback Buffer Frame Size To Use:	  1024
[2020.05.05-07.23.49:645][411]LogAudioMixer: Display: 	Number of buffers to queue:			  2
[2020.05.05-07.23.49:645][411]LogAudioMixer: Display: 	Max Channels (voices):				  32
[2020.05.05-07.23.49:645][411]LogAudioMixer: Display: 	Number of Async Source Workers:		  0
[2020.05.05-07.23.49:645][411]LogAudio: Display: AudioDevice MaxSources: 32
[2020.05.05-07.23.49:645][411]LogAudio: Display: Using built-in audio occlusion.
[2020.05.05-07.23.49:645][411]LogAudioMixer: Display: Initializing audio mixer.
[2020.05.05-07.23.49:654][411]LogAudioMixer: Display: Audio Device Output Speaker Info:
[2020.05.05-07.23.49:654][411]LogAudioMixer: Display: Name: Casque (Conexant ISST Audio)
[2020.05.05-07.23.49:654][411]LogAudioMixer: Display: Is Default: Yes
[2020.05.05-07.23.49:654][411]LogAudioMixer: Display: Sample Rate: 48000
[2020.05.05-07.23.49:654][411]LogAudioMixer: Display: Channel Count Used: 2
[2020.05.05-07.23.49:654][411]LogAudioMixer: Display: Device Channel Count: 2
[2020.05.05-07.23.49:654][411]LogAudioMixer: Display: Channel Order:
[2020.05.05-07.23.49:654][411]LogAudioMixer: Display: 0: FrontLeft
[2020.05.05-07.23.49:654][411]LogAudioMixer: Display: 1: FrontRight
[2020.05.05-07.23.49:662][411]LogAudioMixer: Display: Using Audio Device Casque (Conexant ISST Audio)
[2020.05.05-07.23.49:664][411]LogInit: FAudioDevice initialized.
[2020.05.05-07.23.49:678][411]LogLoad: Game class is 'FlowerGameGameModeBase'
[2020.05.05-07.23.49:681][411]LogWorld: Bringing World /Game/MobileStarterContent/Maps/UEDPIE_0_TestMap.TestMap up for play (max tick rate 0) at 2020.05.05-09.23.49
[2020.05.05-07.23.49:681][411]LogWorld: Bringing up level for play took: 0.003033
[2020.05.05-07.23.49:682][411]LogOnline: OSS: Creating online subsystem instance for: :Context_2
[2020.05.05-07.23.49:686][411]LogBlueprintUserMessages: [TestMap_C_2] BP_FlowerGameCharacter
[2020.05.05-07.23.49:687][411]PIE: Play in editor start time for /Game/MobileStarterContent/Maps/UEDPIE_0_TestMap 0,945
[2020.05.05-07.23.49:687][411]LogBlueprintUserMessages: Late PlayInEditor Detection: Level '/Game/MobileStarterContent/Maps/TestMap.TestMap:PersistentLevel' has LevelScriptBlueprint '/Game/MobileStarterContent/Maps/TestMap.TestMap:PersistentLevel.TestMap' with GeneratedClass '/Game/MobileStarterContent/Maps/TestMap.TestMap_C' with ClassGeneratedBy '/Game/MobileStarterContent/Maps/TestMap.TestMap:PersistentLevel.TestMap'
[2020.05.05-07.25.05:235][554]LogWindows: Error: === Critical error: ===
[2020.05.05-07.25.05:235][554]LogWindows: Error: 
[2020.05.05-07.25.05:235][554]LogWindows: Error: Fatal error!
[2020.05.05-07.25.05:235][554]LogWindows: Error: 
[2020.05.05-07.25.05:235][554]LogWindows: Error: Unhandled Exception: EXCEPTION_ACCESS_VIOLATION reading address 0x00000308
[2020.05.05-07.25.05:235][554]LogWindows: Error: 
[2020.05.05-07.25.05:235][554]LogWindows: Error: [Callstack] 0x00007ffed15057d1 UE4Editor-FlowerGame-0744.dll!AFlowerGameCharacter::CheckWaysAvailable() [C:\Users\a021694\Documents\GitHub\FlowerGame\FlowerGame\Source\FlowerGame\Private\Player\FlowerGameCharacter.cpp:210]
[2020.05.05-07.25.05:235][554]LogWindows: Error: [Callstack] 0x00007ffed15061e6 UE4Editor-FlowerGame-0744.dll!AFlowerGameCharacter::MoveWithDice() [C:\Users\a021694\Documents\GitHub\FlowerGame\FlowerGame\Source\FlowerGame\Private\Player\FlowerGameCharacter.cpp:173]
[2020.05.05-07.25.05:235][554]LogWindows: Error: [Callstack] 0x00007ffed15070b0 UE4Editor-FlowerGame-0744.dll!AFlowerGameGameModeBase::execLaunchDice() [C:\Users\a021694\Documents\GitHub\FlowerGame\FlowerGame\Source\FlowerGame\FlowerGameGameModeBase.h:39]
[2020.05.05-07.25.05:235][554]LogWindows: Error: [Callstack] 0x00007fff036442e8 UE4Editor-CoreUObject.dll!UnknownFunction []
[2020.05.05-07.25.05:235][554]LogWindows: Error: [Callstack] 0x00007fff0386a62f UE4Editor-CoreUObject.dll!UnknownFunction []
[2020.05.05-07.25.05:235][554]LogWindows: Error: [Callstack] 0x00007fff0388ec61 UE4Editor-CoreUObject.dll!UnknownFunction []
[2020.05.05-07.25.05:235][554]LogWindows: Error: [Callstack] 0x00007fff03890cd2 UE4Editor-CoreUObject.dll!UnknownFunction []
[2020.05.05-07.25.05:235][554]LogWindows: Error: [Callstack] 0x00007fff0385edbb UE4Editor-CoreUObject.dll!UnknownFunction []
[2020.05.05-07.25.05:236][554]LogWindows: Error: [Callstack] 0x00007fff038909ef UE4Editor-CoreUObject.dll!UnknownFunction []
[2020.05.05-07.25.05:236][554]LogWindows: Error: [Callstack] 0x00007fff03890cd2 UE4Editor-CoreUObject.dll!UnknownFunction []
[2020.05.05-07.25.05:236][554]LogWindows: Error: [Callstack] 0x00007fff03890644 UE4Editor-CoreUObject.dll!UnknownFunction []
[2020.05.05-07.25.05:236][554]LogWindows: Error: [Callstack] 0x00007fff036442e8 UE4Editor-CoreUObject.dll!UnknownFunction []
[2020.05.05-07.25.05:236][554]LogWindows: Error: [Callstack] 0x00007fff03890148 UE4Editor-CoreUObject.dll!UnknownFunction []
[2020.05.05-07.25.05:236][554]LogWindows: Error: [Callstack] 0x00007fff0115e7d0 UE4Editor-UMG.dll!UnknownFunction []
[2020.05.05-07.25.05:236][554]LogWindows: Error: [Callstack] 0x00007fff01270fa7 UE4Editor-UMG.dll!UnknownFunction []
[2020.05.05-07.25.05:236][554]LogWindows: Error: [Callstack] 0x00007fff011ed5d0 UE4Editor-UMG.dll!UnknownFunction []
[2020.05.05-07.25.05:236][554]LogWindows: Error: [Callstack] 0x00007fff03171498 UE4Editor-Slate.dll!UnknownFunction []
[2020.05.05-07.25.05:236][554]LogWindows: Error: [Callstack] 0x00007fff03189281 UE4Editor-Slate.dll!UnknownFunction []
[2020.05.05-07.25.05:236][554]LogWindows: Error: [Callstack] 0x00007fff02fe323f UE4Editor-Slate.dll!UnknownFunction []
[2020.05.05-07.25.05:236][554]LogWindows: Error: [Callstack] 0x00007fff03069175 UE4Editor-Slate.dll!UnknownFunction []
[2020.05.05-07.25.05:236][554]LogWindows: Error: [Callstack] 0x00007fff0305413e UE4Editor-Slate.dll!UnknownFunction []
[2020.05.05-07.25.05:236][554]LogWindows: Error: [Callstack] 0x00007fff03049e60 UE4Editor-Slate.dll!UnknownFunction []
[2020.05.05-07.25.05:236][554]LogWindows: Error: [Callstack] 0x00007fff03048e20 UE4Editor-Slate.dll!UnknownFunction []
[2020.05.05-07.25.05:236][554]LogWindows: Error: [Callstack] 0x00007fff2d974ca1 UE4Editor-ApplicationCore.dll!UnknownFunction []
[2020.05.05-07.25.05:236][554]LogWindows: Error: [Callstack] 0x00007fff2d96242f UE4Editor-ApplicationCore.dll!UnknownFunction []
[2020.05.05-07.25.05:236][554]LogWindows: Error: [Callstack] 0x00007fff2d977195 UE4Editor-ApplicationCore.dll!UnknownFunction []
[2020.05.05-07.25.05:236][554]LogWindows: Error: [Callstack] 0x00007fff2d95ec40 UE4Editor-ApplicationCore.dll!UnknownFunction []
[2020.05.05-07.25.05:236][554]LogWindows: Error: [Callstack] 0x00007fff48d9b61d USER32.dll!UnknownFunction []
[2020.05.05-07.25.05:236][554]LogWindows: Error: [Callstack] 0x00007fff48d9afaf USER32.dll!UnknownFunction []
[2020.05.05-07.25.05:236][554]LogWindows: Error: [Callstack] 0x00007fff2d978699 UE4Editor-ApplicationCore.dll!UnknownFunction []
[2020.05.05-07.25.05:236][554]LogWindows: Error: [Callstack] 0x00007ff643be6db0 UE4Editor.exe!UnknownFunction []
[2020.05.05-07.25.05:236][554]LogWindows: Error: [Callstack] 0x00007ff643bfc3ec UE4Editor.exe!UnknownFunction []
[2020.05.05-07.25.05:236][554]LogWindows: Error: [Callstack] 0x00007ff643bfc4ca UE4Editor.exe!UnknownFunction []
[2020.05.05-07.25.05:236][554]LogWindows: Error: [Callstack] 0x00007ff643c0ceae UE4Editor.exe!UnknownFunction []
[2020.05.05-07.25.05:236][554]LogWindows: Error: [Callstack] 0x00007ff643c0fcbe UE4Editor.exe!UnknownFunction []
[2020.05.05-07.25.05:236][554]LogWindows: Error: [Callstack] 0x00007fff4a8f37e4 KERNEL32.DLL!UnknownFunction []
[2020.05.05-07.25.05:236][554]LogWindows: Error: [Callstack] 0x00007fff4b80cb81 ntdll.dll!UnknownFunction []
[2020.05.05-07.25.05:236][554]LogWindows: Error: 
[2020.05.05-07.25.05:252][554]LogExit: Executing StaticShutdownAfterError
[2020.05.05-07.25.05:256][554]LogWindows: FPlatformMisc::RequestExit(1)
[2020.05.05-07.25.05:256][554]LogCore: Engine exit requested (reason: Win RequestExit)
[2020.05.05-07.25.05:266][554]Log file closed, 05/05/20 09:25:05
