Log file open, 03/31/20 14:18:28
LogWindows: Failed to load 'aqProf.dll' (GetLastError=126)
LogWindows: File 'aqProf.dll' does not exist
LogWindows: Failed to load 'VtuneApi.dll' (GetLastError=126)
LogWindows: File 'VtuneApi.dll' does not exist
LogWindows: Failed to load 'VtuneApi32e.dll' (GetLastError=126)
LogWindows: File 'VtuneApi32e.dll' does not exist
LogConsoleResponse: Display: Failed to find resolution value strings in scalability ini. Falling back to default.
LogInit: Display: Running engine for game: FlowerGame
LogPlatformFile: Not using cached read wrapper
LogTaskGraph: Started task graph with 5 named threads and 14 total threads with 3 sets of task threads.
LogStats: Stats thread started at 2.146851
LogD3D11RHI: Loaded GFSDK_Aftermath_Lib.x64.dll
LogICUInternationalization: ICU TimeZone Detection - Raw Offset: +1:00, Platform Override: ''
LogPluginManager: Mounting plugin Paper2D
LogPluginManager: Mounting plugin AISupport
LogPluginManager: Mounting plugin LightPropagationVolume
LogPluginManager: Mounting plugin ActorLayerUtilities
LogPluginManager: Mounting plugin AnimationSharing
LogPluginManager: Mounting plugin CLionSourceCodeAccess
LogPluginManager: Mounting plugin CodeLiteSourceCodeAccess
LogPluginManager: Mounting plugin GitSourceControl
LogPluginManager: Mounting plugin KDevelopSourceCodeAccess
LogPluginManager: Mounting plugin NullSourceCodeAccess
LogPluginManager: Mounting plugin PerforceSourceControl
LogPluginManager: Mounting plugin PlasticSourceControl
LogPluginManager: Mounting plugin SubversionSourceControl
LogPluginManager: Mounting plugin UObjectPlugin
LogPluginManager: Mounting plugin VisualStudioCodeSourceCodeAccess
LogPluginManager: Mounting plugin VisualStudioSourceCodeAccess
LogPluginManager: Mounting plugin XCodeSourceCodeAccess
LogPluginManager: Mounting plugin AssetManagerEditor
LogPluginManager: Mounting plugin CryptoKeys
LogPluginManager: Mounting plugin CurveEditorTools
LogPluginManager: Mounting plugin DataValidation
LogPluginManager: Mounting plugin FacialAnimation
LogPluginManager: Mounting plugin GameplayTagsEditor
LogPluginManager: Mounting plugin MacGraphicsSwitching
LogPluginManager: Mounting plugin MaterialAnalyzer
LogPluginManager: Mounting plugin MobileLauncherProfileWizard
LogPluginManager: Mounting plugin PluginBrowser
LogPluginManager: Mounting plugin SpeedTreeImporter
LogPluginManager: Mounting plugin DatasmithContent
LogPluginManager: Mounting plugin VariantManagerContent
LogPluginManager: Mounting plugin AlembicImporter
LogPluginManager: Mounting plugin AutomationUtils
LogPluginManager: Mounting plugin BackChannel
LogPluginManager: Mounting plugin CharacterAI
LogPluginManager: Mounting plugin GeometryCache
LogPluginManager: Mounting plugin PlatformCrypto
LogPluginManager: Mounting plugin ProxyLODPlugin
LogPluginManager: Mounting plugin SkeletalReduction
LogPluginManager: Mounting plugin MagicLeap
LogPluginManager: Mounting plugin MagicLeapMedia
LogPluginManager: Mounting plugin MLSDK
LogPluginManager: Mounting plugin AndroidMedia
LogPluginManager: Mounting plugin AvfMedia
LogPluginManager: Mounting plugin ImgMedia
LogPluginManager: Mounting plugin MediaCompositing
LogPluginManager: Mounting plugin MediaPlayerEditor
LogPluginManager: Mounting plugin WebMMedia
LogPluginManager: Mounting plugin WmfMedia
LogPluginManager: Mounting plugin TcpMessaging
LogPluginManager: Mounting plugin UdpMessaging
LogPluginManager: Mounting plugin ActorSequence
LogPluginManager: Mounting plugin LevelSequenceEditor
LogPluginManager: Mounting plugin MatineeToLevelSequence
LogPluginManager: Mounting plugin NetcodeUnitTest
LogPluginManager: Mounting plugin NUTUnrealEngine4
LogPluginManager: Mounting plugin OnlineSubsystemGooglePlay
LogPluginManager: Mounting plugin OnlineSubsystemIOS
LogPluginManager: Mounting plugin OnlineSubsystem
LogPluginManager: Mounting plugin OnlineSubsystemNull
LogPluginManager: Mounting plugin OnlineSubsystemUtils
LogPluginManager: Mounting plugin LauncherChunkInstaller
LogPluginManager: Mounting plugin AndroidDeviceProfileSelector
LogPluginManager: Mounting plugin AndroidMoviePlayer
LogPluginManager: Mounting plugin AndroidPermission
LogPluginManager: Mounting plugin AppleImageUtils
LogPluginManager: Mounting plugin AppleMoviePlayer
LogPluginManager: Mounting plugin ArchVisCharacter
LogPluginManager: Mounting plugin AssetTags
LogPluginManager: Mounting plugin AudioCapture
LogPluginManager: Mounting plugin CableComponent
LogPluginManager: Mounting plugin CustomMeshComponent
LogPluginManager: Mounting plugin EditableMesh
LogPluginManager: Mounting plugin ExampleDeviceProfileSelector
LogPluginManager: Mounting plugin GoogleCloudMessaging
LogPluginManager: Mounting plugin IOSDeviceProfileSelector
LogPluginManager: Mounting plugin LinuxDeviceProfileSelector
LogPluginManager: Mounting plugin LocationServicesBPLibrary
LogPluginManager: Mounting plugin MobilePatchingUtils
LogPluginManager: Mounting plugin OculusVR
LogPluginManager: Mounting plugin PhysXVehicles
LogPluginManager: Mounting plugin PostSplashScreen
LogPluginManager: Mounting plugin ProceduralMeshComponent
LogPluginManager: Mounting plugin RuntimePhysXCooking
LogPluginManager: Mounting plugin SignificanceManager
LogPluginManager: Mounting plugin SteamVR
LogPluginManager: Mounting plugin WebMMoviePlayer
LogPluginManager: Mounting plugin WindowsMoviePlayer
LogPluginManager: Mounting plugin ScreenshotTools
LogInit: Using libcurl 7.55.1-DEV
LogInit:  - built for x86_64-pc-win32
LogInit:  - supports SSL with OpenSSL/1.1.1
LogInit:  - supports HTTP deflate (compression) using libz 1.2.8
LogInit:  - other features:
LogInit:      CURL_VERSION_SSL
LogInit:      CURL_VERSION_LIBZ
LogInit:      CURL_VERSION_IPV6
LogInit:      CURL_VERSION_ASYNCHDNS
LogInit:      CURL_VERSION_LARGEFILE
LogInit:      CURL_VERSION_IDN
LogInit:  CurlRequestOptions (configurable via config and command line):
LogInit:  - bVerifyPeer = true  - Libcurl will verify peer certificate
LogInit:  - bUseHttpProxy = false  - Libcurl will NOT use HTTP proxy
LogInit:  - bDontReuseConnections = false  - Libcurl will reuse connections
LogInit:  - MaxHostConnections = 16  - Libcurl will limit the number of connections to a host
LogInit:  - LocalHostAddr = Default
LogInit:  - BufferSize = 65536
LogOnline: OSS: Creating online subsystem instance for: NULL
LogInit: WinSock: version 1.1 (2.2), MaxSocks=32767, MaxUdp=65467
LogOnline: OSS: TryLoadSubsystemAndSetDefault: Loaded subsystem for module [NULL]
LogInit: Build: ++UE4+Release-4.24-CL-11100242
LogInit: Engine Version: 4.24.2-11100242+++UE4+Release-4.24
LogInit: Compatible Engine Version: 4.24.0-10570792+++UE4+Release-4.24
LogInit: Net CL: 10570792
LogInit: OS: Windows 10 (Release 1903) (), CPU: Intel(R) Core(TM) i5-6300HQ CPU @ 2.30GHz, GPU: Intel(R) HD Graphics 530
LogInit: Compiled (64-bit): Jan 24 2020 02:05:53
LogInit: Compiled with Visual C++: 19.16.27032.01
LogInit: Build Configuration: Development
LogInit: Branch Name: ++UE4+Release-4.24
LogInit: Command Line: 
LogInit: Base Directory: D:/ProgramFiles/Fortnite/UE_4.24/Engine/Binaries/Win64/
LogInit: Installed Engine Build: 1
LogDevObjectVersion: Number of dev versions registered: 25
LogDevObjectVersion:   Dev-Blueprints (B0D832E4-1F89-4F0D-ACCF-7EB736FD4AA2): 10
LogDevObjectVersion:   Dev-Build (E1C64328-A22C-4D53-A36C-8E866417BD8C): 0
LogDevObjectVersion:   Dev-Core (375EC13C-06E4-48FB-B500-84F0262A717E): 3
LogDevObjectVersion:   Dev-Editor (E4B068ED-F494-42E9-A231-DA0B2E46BB41): 37
LogDevObjectVersion:   Dev-Framework (CFFC743F-43B0-4480-9391-14DF171D2073): 36
LogDevObjectVersion:   Dev-Mobile (B02B49B5-BB20-44E9-A304-32B752E40360): 2
LogDevObjectVersion:   Dev-Networking (A4E4105C-59A1-49B5-A7C5-40C4547EDFEE): 0
LogDevObjectVersion:   Dev-Online (39C831C9-5AE6-47DC-9A44-9C173E1C8E7C): 0
LogDevObjectVersion:   Dev-Physics (78F01B33-EBEA-4F98-B9B4-84EACCB95AA2): 2
LogDevObjectVersion:   Dev-Platform (6631380F-2D4D-43E0-8009-CF276956A95A): 0
LogDevObjectVersion:   Dev-Rendering (12F88B9F-8875-4AFC-A67C-D90C383ABD29): 36
LogDevObjectVersion:   Dev-Sequencer (7B5AE74C-D270-4C10-A958-57980B212A5A): 11
LogDevObjectVersion:   Dev-VR (D7296918-1DD6-4BDD-9DE2-64A83CC13884): 2
LogDevObjectVersion:   Dev-LoadTimes (C2A15278-BFE7-4AFE-6C17-90FF531DF755): 1
LogDevObjectVersion:   Private-Geometry (6EACA3D4-40EC-4CC1-B786-8BED09428FC5): 3
LogDevObjectVersion:   Dev-AnimPhys (29E575DD-E0A3-4627-9D10-D276232CDCEA): 17
LogDevObjectVersion:   Dev-Anim (AF43A65D-7FD3-4947-9873-3E8ED9C1BB05): 2
LogDevObjectVersion:   Dev-ReflectionCapture (6B266CEC-1EC7-4B8F-A30B-E4D90942FC07): 1
LogDevObjectVersion:   Dev-Automation (0DF73D61-A23F-47EA-B727-89E90C41499A): 1
LogDevObjectVersion:   FortniteMain (601D1886-AC64-4F84-AA16-D3DE0DEAC7D6): 31
LogDevObjectVersion:   Dev-Enterprise (9DFFBCD6-494F-0158-E221-12823C92A888): 8
LogDevObjectVersion:   Dev-Niagara (F2AED0AC-9AFE-416F-8664-AA7FFA26D6FC): 1
LogDevObjectVersion:   Dev-Destruction (174F1F0B-B4C6-45A5-B13F-2EE8D0FB917D): 9
LogDevObjectVersion:   Dev-Physics-Ext (35F94A83-E258-406C-A318-09F59610247C): 8
LogDevObjectVersion:   Dev-CineCamera (B2E18506-4273-CFC2-A54E-F4BB758BBA07): 1
LogInit: Presizing for max 25165824 objects, including 0 objects not considered by GC, pre-allocating 0 bytes for permanent pool.
LogInit: Object subsystem initialized
LogConfig: Setting CVar [[con.DebugEarlyDefault:1]]
LogConfig: Setting CVar [[r.setres:1280x720]]
[2020.03.31-12.18.29:066][  0]LogConfig: Setting CVar [[r.VSync:0]]
[2020.03.31-12.18.29:066][  0]LogConfig: Setting CVar [[r.RHICmdBypass:0]]
[2020.03.31-12.18.29:066][  0]LogConfig: Applying CVar settings from Section [/Script/Engine.RendererSettings] File [D:/Documents/GitHub/FlowerGame/FlowerGame/Saved/Config/Windows/Engine.ini]
[2020.03.31-12.18.29:066][  0]LogConfig: Setting CVar [[r.GPUCrashDebugging:0]]
[2020.03.31-12.18.29:066][  0]LogConfig: Setting CVar [[r.MobileHDR:1]]
[2020.03.31-12.18.29:066][  0]LogConfig: Setting CVar [[r.Mobile.DisableVertexFog:1]]
[2020.03.31-12.18.29:066][  0]LogConfig: Setting CVar [[r.Shadow.CSM.MaxMobileCascades:2]]
[2020.03.31-12.18.29:066][  0]LogConfig: Setting CVar [[r.MobileMSAA:1]]
[2020.03.31-12.18.29:066][  0]LogConfig: Setting CVar [[r.Mobile.UseLegacyShadingModel:0]]
[2020.03.31-12.18.29:066][  0]LogConfig: Setting CVar [[r.Mobile.UseHWsRGBEncoding:0]]
[2020.03.31-12.18.29:066][  0]LogConfig: Setting CVar [[r.Mobile.AllowDitheredLODTransition:0]]
[2020.03.31-12.18.29:066][  0]LogConfig: Setting CVar [[r.Mobile.AllowSoftwareOcclusion:0]]
[2020.03.31-12.18.29:067][  0]LogConfig: Setting CVar [[r.DiscardUnusedQuality:0]]
[2020.03.31-12.18.29:067][  0]LogConfig: Setting CVar [[r.AllowOcclusionQueries:1]]
[2020.03.31-12.18.29:067][  0]LogConfig: Setting CVar [[r.MinScreenRadiusForLights:0.030000]]
[2020.03.31-12.18.29:067][  0]LogConfig: Setting CVar [[r.MinScreenRadiusForDepthPrepass:0.030000]]
[2020.03.31-12.18.29:067][  0]LogConfig: Setting CVar [[r.MinScreenRadiusForCSMDepth:0.010000]]
[2020.03.31-12.18.29:067][  0]LogConfig: Setting CVar [[r.PrecomputedVisibilityWarning:0]]
[2020.03.31-12.18.29:067][  0]LogConfig: Setting CVar [[r.TextureStreaming:1]]
[2020.03.31-12.18.29:067][  0]LogConfig: Setting CVar [[Compat.UseDXT5NormalMaps:0]]
[2020.03.31-12.18.29:067][  0]LogConfig: Setting CVar [[r.VirtualTextures:0]]
[2020.03.31-12.18.29:067][  0]LogConfig: Setting CVar [[r.VirtualTexturedLightmaps:0]]
[2020.03.31-12.18.29:067][  0]LogConfig: Setting CVar [[r.VT.TileSize:128]]
[2020.03.31-12.18.29:067][  0]LogConfig: Setting CVar [[r.VT.TileBorderSize:4]]
[2020.03.31-12.18.29:067][  0]LogConfig: Setting CVar [[r.vt.FeedbackFactor:16]]
[2020.03.31-12.18.29:067][  0]LogConfig: Setting CVar [[r.VT.EnableCompressZlib:1]]
[2020.03.31-12.18.29:067][  0]LogConfig: Setting CVar [[r.VT.EnableCompressCrunch:0]]
[2020.03.31-12.18.29:067][  0]LogConfig: Setting CVar [[r.ClearCoatNormal:0]]
[2020.03.31-12.18.29:067][  0]LogConfig: Setting CVar [[r.ReflectionCaptureResolution:128]]
[2020.03.31-12.18.29:067][  0]LogConfig: Setting CVar [[r.ReflectionEnvironmentLightmapMixBasedOnRoughness:1]]
[2020.03.31-12.18.29:067][  0]LogConfig: Setting CVar [[r.ForwardShading:0]]
[2020.03.31-12.18.29:067][  0]LogConfig: Setting CVar [[r.VertexFoggingForOpaque:1]]
[2020.03.31-12.18.29:067][  0]LogConfig: Setting CVar [[r.AllowStaticLighting:1]]
[2020.03.31-12.18.29:067][  0]LogConfig: Setting CVar [[r.NormalMapsForStaticLighting:0]]
[2020.03.31-12.18.29:067][  0]LogConfig: Setting CVar [[r.GenerateMeshDistanceFields:0]]
[2020.03.31-12.18.29:067][  0]LogConfig: Setting CVar [[r.DistanceFieldBuild.EightBit:0]]
[2020.03.31-12.18.29:067][  0]LogConfig: Setting CVar [[r.GenerateLandscapeGIData:0]]
[2020.03.31-12.18.29:067][  0]LogConfig: Setting CVar [[r.DistanceFieldBuild.Compress:0]]
[2020.03.31-12.18.29:067][  0]LogConfig: Setting CVar [[r.TessellationAdaptivePixelsPerTriangle:48.000000]]
[2020.03.31-12.18.29:067][  0]LogConfig: Setting CVar [[r.SeparateTranslucency:0]]
[2020.03.31-12.18.29:067][  0]LogConfig: Setting CVar [[r.TranslucentSortPolicy:0]]
[2020.03.31-12.18.29:067][  0]LogConfig: Setting CVar [[r.CustomDepth:1]]
[2020.03.31-12.18.29:067][  0]LogConfig: Setting CVar [[r.CustomDepthTemporalAAJitter:1]]
[2020.03.31-12.18.29:067][  0]LogConfig: Setting CVar [[r.PostProcessing.PropagateAlpha:0]]
[2020.03.31-12.18.29:067][  0]LogConfig: Setting CVar [[r.DefaultFeature.Bloom:1]]
[2020.03.31-12.18.29:067][  0]LogConfig: Setting CVar [[r.DefaultFeature.AmbientOcclusion:0]]
[2020.03.31-12.18.29:067][  0]LogConfig: Setting CVar [[r.DefaultFeature.AmbientOcclusionStaticFraction:1]]
[2020.03.31-12.18.29:067][  0]LogConfig: Setting CVar [[r.DefaultFeature.AutoExposure:0]]
[2020.03.31-12.18.29:067][  0]LogConfig: Setting CVar [[r.DefaultFeature.AutoExposure.Method:0]]
[2020.03.31-12.18.29:067][  0]LogConfig: Setting CVar [[r.DefaultFeature.AutoExposure.ExtendDefaultLuminanceRange:0]]
[2020.03.31-12.18.29:067][  0]LogConfig: Setting CVar [[r.UsePreExposure:1]]
[2020.03.31-12.18.29:067][  0]LogConfig: Setting CVar [[r.EyeAdaptation.EditorOnly:1]]
[2020.03.31-12.18.29:067][  0]LogConfig: Setting CVar [[r.DefaultFeature.MotionBlur:0]]
[2020.03.31-12.18.29:067][  0]LogConfig: Setting CVar [[r.DefaultFeature.LensFlare:0]]
[2020.03.31-12.18.29:067][  0]LogConfig: Setting CVar [[r.TemporalAA.Upsampling:0]]
[2020.03.31-12.18.29:067][  0]LogConfig: Setting CVar [[r.SSGI.Enable:0]]
[2020.03.31-12.18.29:067][  0]LogConfig: Setting CVar [[r.DefaultFeature.AntiAliasing:0]]
[2020.03.31-12.18.29:067][  0]LogConfig: Setting CVar [[r.DefaultFeature.LightUnits:1]]
[2020.03.31-12.18.29:067][  0]LogConfig: Setting CVar [[r.DefaultBackBufferPixelFormat:4]]
[2020.03.31-12.18.29:067][  0]LogConfig: Setting CVar [[r.Shadow.UnbuiltPreviewInGame:1]]
[2020.03.31-12.18.29:067][  0]LogConfig: Setting CVar [[r.StencilForLODDither:0]]
[2020.03.31-12.18.29:067][  0]LogConfig: Setting CVar [[r.EarlyZPass:3]]
[2020.03.31-12.18.29:067][  0]LogConfig: Setting CVar [[r.EarlyZPassOnlyMaterialMasking:0]]
[2020.03.31-12.18.29:067][  0]LogConfig: Setting CVar [[r.DBuffer:1]]
[2020.03.31-12.18.29:068][  0]LogConfig: Setting CVar [[r.ClearSceneMethod:1]]
[2020.03.31-12.18.29:068][  0]LogConfig: Setting CVar [[r.BasePassOutputsVelocity:0]]
[2020.03.31-12.18.29:068][  0]LogConfig: Setting CVar [[r.SelectiveBasePassOutputs:0]]
[2020.03.31-12.18.29:068][  0]LogConfig: Setting CVar [[fx.GPUSimulationTextureSizeX:1024]]
[2020.03.31-12.18.29:068][  0]LogConfig: Setting CVar [[fx.GPUSimulationTextureSizeY:1024]]
[2020.03.31-12.18.29:068][  0]LogConfig: Setting CVar [[r.AllowGlobalClipPlane:0]]
[2020.03.31-12.18.29:068][  0]LogConfig: Setting CVar [[r.GBufferFormat:1]]
[2020.03.31-12.18.29:068][  0]LogConfig: Setting CVar [[r.MorphTarget.Mode:1]]
[2020.03.31-12.18.29:068][  0]LogConfig: Setting CVar [[vr.InstancedStereo:0]]
[2020.03.31-12.18.29:068][  0]LogConfig: Setting CVar [[vr.MultiView:0]]
[2020.03.31-12.18.29:068][  0]LogConfig: Setting CVar [[vr.MobileMultiView:0]]
[2020.03.31-12.18.29:068][  0]LogConfig: Setting CVar [[vr.MobileMultiView.Direct:0]]
[2020.03.31-12.18.29:068][  0]LogConfig: Setting CVar [[vr.RoundRobinOcclusion:0]]
[2020.03.31-12.18.29:068][  0]LogConfig: Setting CVar [[vr.ODSCapture:0]]
[2020.03.31-12.18.29:068][  0]LogConfig: Setting CVar [[r.WireframeCullThreshold:5.000000]]
[2020.03.31-12.18.29:068][  0]LogConfig: Setting CVar [[r.RayTracing:0]]
[2020.03.31-12.18.29:068][  0]LogConfig: Setting CVar [[r.RayTracing.UseTextureLod:0]]
[2020.03.31-12.18.29:068][  0]LogConfig: Setting CVar [[r.SupportStationarySkylight:1]]
[2020.03.31-12.18.29:068][  0]LogConfig: Setting CVar [[r.SupportLowQualityLightmaps:1]]
[2020.03.31-12.18.29:068][  0]LogConfig: Setting CVar [[r.SupportPointLightWholeSceneShadows:1]]
[2020.03.31-12.18.29:068][  0]LogConfig: Setting CVar [[r.SupportAtmosphericFog:1]]
[2020.03.31-12.18.29:068][  0]LogConfig: Setting CVar [[r.SupportSkyAtmosphere:1]]
[2020.03.31-12.18.29:068][  0]LogConfig: Setting CVar [[r.SupportSkyAtmosphereAffectsHeightFog:0]]
[2020.03.31-12.18.29:068][  0]LogConfig: Setting CVar [[r.SkinCache.CompileShaders:0]]
[2020.03.31-12.18.29:068][  0]LogConfig: Setting CVar [[r.Mobile.EnableStaticAndCSMShadowReceivers:1]]
[2020.03.31-12.18.29:068][  0]LogConfig: Setting CVar [[r.Mobile.EnableMovableLightCSMShaderCulling:1]]
[2020.03.31-12.18.29:068][  0]LogConfig: Setting CVar [[r.Mobile.AllowDistanceFieldShadows:1]]
[2020.03.31-12.18.29:068][  0]LogConfig: Setting CVar [[r.Mobile.AllowMovableDirectionalLights:1]]
[2020.03.31-12.18.29:068][  0]LogConfig: Setting CVar [[r.MobileNumDynamicPointLights:4]]
[2020.03.31-12.18.29:068][  0]LogConfig: Setting CVar [[r.MobileDynamicPointLightsUseStaticBranch:1]]
[2020.03.31-12.18.29:068][  0]LogConfig: Setting CVar [[r.Mobile.EnableMovableSpotlights:0]]
[2020.03.31-12.18.29:068][  0]LogConfig: Setting CVar [[r.SkinCache.SceneMemoryLimitInMB:128.000000]]
[2020.03.31-12.18.29:068][  0]LogConfig: Setting CVar [[r.GPUSkin.Limit2BoneInfluences:0]]
[2020.03.31-12.18.29:068][  0]LogConfig: Setting CVar [[r.SupportDepthOnlyIndexBuffers:1]]
[2020.03.31-12.18.29:068][  0]LogConfig: Setting CVar [[r.SupportReversedIndexBuffers:1]]
[2020.03.31-12.18.29:068][  0]LogConfig: Setting CVar [[r.SupportMaterialLayers:0]]
[2020.03.31-12.18.29:068][  0]LogConfig: Setting CVar [[r.LightPropagationVolume:0]]
[2020.03.31-12.18.29:068][  0]LogConfig: Applying CVar settings from Section [/Script/Engine.RendererOverrideSettings] File [D:/Documents/GitHub/FlowerGame/FlowerGame/Saved/Config/Windows/Engine.ini]
[2020.03.31-12.18.29:068][  0]LogConfig: Applying CVar settings from Section [/Script/Engine.StreamingSettings] File [D:/Documents/GitHub/FlowerGame/FlowerGame/Saved/Config/Windows/Engine.ini]
[2020.03.31-12.18.29:068][  0]LogConfig: Setting CVar [[s.MinBulkDataSizeForAsyncLoading:131072]]
[2020.03.31-12.18.29:068][  0]LogConfig: Setting CVar [[s.AsyncLoadingThreadEnabled:0]]
[2020.03.31-12.18.29:068][  0]LogConfig: Setting CVar [[s.EventDrivenLoaderEnabled:1]]
[2020.03.31-12.18.29:068][  0]LogConfig: Setting CVar [[s.WarnIfTimeLimitExceeded:0]]
[2020.03.31-12.18.29:068][  0]LogConfig: Setting CVar [[s.TimeLimitExceededMultiplier:1.5]]
[2020.03.31-12.18.29:068][  0]LogConfig: Setting CVar [[s.TimeLimitExceededMinTime:0.005]]
[2020.03.31-12.18.29:068][  0]LogConfig: Setting CVar [[s.UseBackgroundLevelStreaming:1]]
[2020.03.31-12.18.29:068][  0]LogConfig: Setting CVar [[s.PriorityAsyncLoadingExtraTime:15.0]]
[2020.03.31-12.18.29:068][  0]LogConfig: Setting CVar [[s.LevelStreamingActorsUpdateTimeLimit:5.0]]
[2020.03.31-12.18.29:068][  0]LogConfig: Setting CVar [[s.PriorityLevelStreamingActorsUpdateExtraTime:5.0]]
[2020.03.31-12.18.29:068][  0]LogConfig: Setting CVar [[s.LevelStreamingComponentsRegistrationGranularity:10]]
[2020.03.31-12.18.29:068][  0]LogConfig: Setting CVar [[s.UnregisterComponentsTimeLimit:1.0]]
[2020.03.31-12.18.29:069][  0]LogConfig: Setting CVar [[s.LevelStreamingComponentsUnregistrationGranularity:5]]
[2020.03.31-12.18.29:069][  0]LogConfig: Setting CVar [[s.FlushStreamingOnExit:1]]
[2020.03.31-12.18.29:069][  0]LogConfig: Applying CVar settings from Section [/Script/Engine.GarbageCollectionSettings] File [D:/Documents/GitHub/FlowerGame/FlowerGame/Saved/Config/Windows/Engine.ini]
[2020.03.31-12.18.29:069][  0]LogConfig: Setting CVar [[gc.MaxObjectsNotConsideredByGC:1]]
[2020.03.31-12.18.29:069][  0]LogConfig: Setting CVar [[gc.SizeOfPermanentObjectPool:0]]
[2020.03.31-12.18.29:069][  0]LogConfig: Setting CVar [[gc.FlushStreamingOnGC:0]]
[2020.03.31-12.18.29:069][  0]LogConfig: Setting CVar [[gc.NumRetriesBeforeForcingGC:10]]
[2020.03.31-12.18.29:069][  0]LogConfig: Setting CVar [[gc.AllowParallelGC:1]]
[2020.03.31-12.18.29:069][  0]LogConfig: Setting CVar [[gc.TimeBetweenPurgingPendingKillObjects:61.1]]
[2020.03.31-12.18.29:069][  0]LogConfig: Setting CVar [[gc.MaxObjectsInEditor:25165824]]
[2020.03.31-12.18.29:069][  0]LogConfig: Setting CVar [[gc.IncrementalBeginDestroyEnabled:1]]
[2020.03.31-12.18.29:069][  0]LogConfig: Setting CVar [[gc.CreateGCClusters:1]]
[2020.03.31-12.18.29:069][  0]LogConfig: Setting CVar [[gc.MinGCClusterSize:5]]
[2020.03.31-12.18.29:069][  0]LogConfig: Setting CVar [[gc.ActorClusteringEnabled:0]]
[2020.03.31-12.18.29:069][  0]LogConfig: Setting CVar [[gc.BlueprintClusteringEnabled:0]]
[2020.03.31-12.18.29:069][  0]LogConfig: Setting CVar [[gc.UseDisregardForGCOnDedicatedServers:0]]
[2020.03.31-12.18.29:069][  0]LogConfig: Applying CVar settings from Section [/Script/Engine.NetworkSettings] File [D:/Documents/GitHub/FlowerGame/FlowerGame/Saved/Config/Windows/Engine.ini]
[2020.03.31-12.18.29:069][  0]LogConfig: Applying CVar settings from Section [/Script/UnrealEd.CookerSettings] File [D:/Documents/GitHub/FlowerGame/FlowerGame/Saved/Config/Windows/Engine.ini]
[2020.03.31-12.18.29:073][  0]LogConfig: Applying CVar settings from Section [ViewDistanceQuality@3] File [D:/Documents/GitHub/FlowerGame/FlowerGame/Saved/Config/Windows/Scalability.ini]
[2020.03.31-12.18.29:073][  0]LogConfig: Setting CVar [[r.SkeletalMeshLODBias:0]]
[2020.03.31-12.18.29:074][  0]LogConfig: Setting CVar [[r.ViewDistanceScale:1.0]]
[2020.03.31-12.18.29:074][  0]LogConfig: Applying CVar settings from Section [AntiAliasingQuality@3] File [D:/Documents/GitHub/FlowerGame/FlowerGame/Saved/Config/Windows/Scalability.ini]
[2020.03.31-12.18.29:074][  0]LogConfig: Setting CVar [[r.PostProcessAAQuality:4]]
[2020.03.31-12.18.29:074][  0]LogConfig: Applying CVar settings from Section [ShadowQuality@3] File [D:/Documents/GitHub/FlowerGame/FlowerGame/Saved/Config/Windows/Scalability.ini]
[2020.03.31-12.18.29:074][  0]LogConfig: Setting CVar [[r.LightFunctionQuality:1]]
[2020.03.31-12.18.29:074][  0]LogConfig: Setting CVar [[r.ShadowQuality:5]]
[2020.03.31-12.18.29:074][  0]LogConfig: Setting CVar [[r.Shadow.CSM.MaxCascades:10]]
[2020.03.31-12.18.29:074][  0]LogConfig: Setting CVar [[r.Shadow.MaxResolution:2048]]
[2020.03.31-12.18.29:074][  0]LogConfig: Setting CVar [[r.Shadow.MaxCSMResolution:2048]]
[2020.03.31-12.18.29:074][  0]LogConfig: Setting CVar [[r.Shadow.RadiusThreshold:0.01]]
[2020.03.31-12.18.29:074][  0]LogConfig: Setting CVar [[r.Shadow.DistanceScale:1.0]]
[2020.03.31-12.18.29:074][  0]LogConfig: Setting CVar [[r.Shadow.CSM.TransitionScale:1.0]]
[2020.03.31-12.18.29:074][  0]LogConfig: Setting CVar [[r.Shadow.PreShadowResolutionFactor:1.0]]
[2020.03.31-12.18.29:074][  0]LogConfig: Setting CVar [[r.DistanceFieldShadowing:1]]
[2020.03.31-12.18.29:074][  0]LogConfig: Setting CVar [[r.DistanceFieldAO:1]]
[2020.03.31-12.18.29:074][  0]LogConfig: Setting CVar [[r.AOQuality:2]]
[2020.03.31-12.18.29:074][  0]LogConfig: Setting CVar [[r.VolumetricFog:1]]
[2020.03.31-12.18.29:074][  0]LogConfig: Setting CVar [[r.VolumetricFog.GridPixelSize:8]]
[2020.03.31-12.18.29:074][  0]LogConfig: Setting CVar [[r.VolumetricFog.GridSizeZ:128]]
[2020.03.31-12.18.29:074][  0]LogConfig: Setting CVar [[r.VolumetricFog.HistoryMissSupersampleCount:4]]
[2020.03.31-12.18.29:074][  0]LogConfig: Setting CVar [[r.LightMaxDrawDistanceScale:1]]
[2020.03.31-12.18.29:074][  0]LogConfig: Setting CVar [[r.CapsuleShadows:1]]
[2020.03.31-12.18.29:074][  0]LogConfig: Applying CVar settings from Section [PostProcessQuality@3] File [D:/Documents/GitHub/FlowerGame/FlowerGame/Saved/Config/Windows/Scalability.ini]
[2020.03.31-12.18.29:074][  0]LogConfig: Setting CVar [[r.MotionBlurQuality:4]]
[2020.03.31-12.18.29:074][  0]LogConfig: Setting CVar [[r.AmbientOcclusionMipLevelFactor:0.4]]
[2020.03.31-12.18.29:074][  0]LogConfig: Setting CVar [[r.AmbientOcclusionMaxQuality:100]]
[2020.03.31-12.18.29:074][  0]LogConfig: Setting CVar [[r.AmbientOcclusionLevels:-1]]
[2020.03.31-12.18.29:074][  0]LogConfig: Setting CVar [[r.AmbientOcclusionRadiusScale:1.0]]
[2020.03.31-12.18.29:074][  0]LogConfig: Setting CVar [[r.DepthOfFieldQuality:2]]
[2020.03.31-12.18.29:074][  0]LogConfig: Setting CVar [[r.RenderTargetPoolMin:400]]
[2020.03.31-12.18.29:074][  0]LogConfig: Setting CVar [[r.LensFlareQuality:2]]
[2020.03.31-12.18.29:074][  0]LogConfig: Setting CVar [[r.SceneColorFringeQuality:1]]
[2020.03.31-12.18.29:074][  0]LogConfig: Setting CVar [[r.EyeAdaptationQuality:2]]
[2020.03.31-12.18.29:074][  0]LogConfig: Setting CVar [[r.BloomQuality:5]]
[2020.03.31-12.18.29:074][  0]LogConfig: Setting CVar [[r.FastBlurThreshold:100]]
[2020.03.31-12.18.29:074][  0]LogConfig: Setting CVar [[r.Upscale.Quality:3]]
[2020.03.31-12.18.29:074][  0]LogConfig: Setting CVar [[r.Tonemapper.GrainQuantization:1]]
[2020.03.31-12.18.29:074][  0]LogConfig: Setting CVar [[r.LightShaftQuality:1]]
[2020.03.31-12.18.29:074][  0]LogConfig: Setting CVar [[r.Filter.SizeScale:1]]
[2020.03.31-12.18.29:075][  0]LogConfig: Setting CVar [[r.Tonemapper.Quality:5]]
[2020.03.31-12.18.29:075][  0]LogConfig: Setting CVar [[r.DOF.Gather.AccumulatorQuality:1        ; higher gathering accumulator quality]]
[2020.03.31-12.18.29:075][  0]LogConfig: Setting CVar [[r.DOF.Gather.PostfilterMethod:1          ; Median3x3 postfilering method]]
[2020.03.31-12.18.29:075][  0]LogConfig: Setting CVar [[r.DOF.Gather.EnableBokehSettings:0       ; no bokeh simulation when gathering]]
[2020.03.31-12.18.29:075][  0]LogConfig: Setting CVar [[r.DOF.Gather.RingCount:4                 ; medium number of samples when gathering]]
[2020.03.31-12.18.29:075][  0]LogConfig: Setting CVar [[r.DOF.Scatter.ForegroundCompositing:1    ; additive foreground scattering]]
[2020.03.31-12.18.29:075][  0]LogConfig: Setting CVar [[r.DOF.Scatter.BackgroundCompositing:2    ; additive background scattering]]
[2020.03.31-12.18.29:075][  0]LogConfig: Setting CVar [[r.DOF.Scatter.EnableBokehSettings:1      ; bokeh simulation when scattering]]
[2020.03.31-12.18.29:075][  0]LogConfig: Setting CVar [[r.DOF.Scatter.MaxSpriteRatio:0.1         ; only a maximum of 10% of scattered bokeh]]
[2020.03.31-12.18.29:075][  0]LogConfig: Setting CVar [[r.DOF.Recombine.Quality:1                ; cheap slight out of focus]]
[2020.03.31-12.18.29:075][  0]LogConfig: Setting CVar [[r.DOF.Recombine.EnableBokehSettings:0    ; no bokeh simulation on slight out of focus]]
[2020.03.31-12.18.29:075][  0]LogConfig: Setting CVar [[r.DOF.TemporalAAQuality:1                ; more stable temporal accumulation]]
[2020.03.31-12.18.29:075][  0]LogConfig: Setting CVar [[r.DOF.Kernel.MaxForegroundRadius:0.025]]
[2020.03.31-12.18.29:075][  0]LogConfig: Setting CVar [[r.DOF.Kernel.MaxBackgroundRadius:0.025]]
[2020.03.31-12.18.29:075][  0]LogConfig: Applying CVar settings from Section [TextureQuality@3] File [D:/Documents/GitHub/FlowerGame/FlowerGame/Saved/Config/Windows/Scalability.ini]
[2020.03.31-12.18.29:075][  0]LogConfig: Setting CVar [[r.Streaming.MipBias:0]]
[2020.03.31-12.18.29:075][  0]LogConfig: Setting CVar [[r.Streaming.AmortizeCPUToGPUCopy:0]]
[2020.03.31-12.18.29:075][  0]LogConfig: Setting CVar [[r.Streaming.MaxNumTexturesToStreamPerFrame:0]]
[2020.03.31-12.18.29:075][  0]LogConfig: Setting CVar [[r.Streaming.Boost:1]]
[2020.03.31-12.18.29:075][  0]LogConfig: Setting CVar [[r.MaxAnisotropy:8]]
[2020.03.31-12.18.29:075][  0]LogConfig: Setting CVar [[r.VT.MaxAnisotropy:8]]
[2020.03.31-12.18.29:075][  0]LogConfig: Setting CVar [[r.Streaming.LimitPoolSizeToVRAM:0]]
[2020.03.31-12.18.29:075][  0]LogConfig: Setting CVar [[r.Streaming.PoolSize:1000]]
[2020.03.31-12.18.29:075][  0]LogConfig: Setting CVar [[r.Streaming.MaxEffectiveScreenSize:0]]
[2020.03.31-12.18.29:075][  0]LogConfig: Applying CVar settings from Section [EffectsQuality@3] File [D:/Documents/GitHub/FlowerGame/FlowerGame/Saved/Config/Windows/Scalability.ini]
[2020.03.31-12.18.29:075][  0]LogConfig: Setting CVar [[r.TranslucencyLightingVolumeDim:64]]
[2020.03.31-12.18.29:075][  0]LogConfig: Setting CVar [[r.RefractionQuality:2]]
[2020.03.31-12.18.29:075][  0]LogConfig: Setting CVar [[r.SSR.Quality:3]]
[2020.03.31-12.18.29:075][  0]LogConfig: Setting CVar [[r.SSR.HalfResSceneColor:0]]
[2020.03.31-12.18.29:075][  0]LogConfig: Setting CVar [[r.SceneColorFormat:4]]
[2020.03.31-12.18.29:075][  0]LogConfig: Setting CVar [[r.DetailMode:2]]
[2020.03.31-12.18.29:075][  0]LogConfig: Setting CVar [[r.TranslucencyVolumeBlur:1]]
[2020.03.31-12.18.29:075][  0]LogConfig: Setting CVar [[r.MaterialQualityLevel:1 ; High quality]]
[2020.03.31-12.18.29:075][  0]LogConfig: Setting CVar [[r.SSS.Scale:1]]
[2020.03.31-12.18.29:075][  0]LogConfig: Setting CVar [[r.SSS.SampleSet:2]]
[2020.03.31-12.18.29:075][  0]LogConfig: Setting CVar [[r.SSS.Quality:1]]
[2020.03.31-12.18.29:075][  0]LogConfig: Setting CVar [[r.SSS.HalfRes:1]]
[2020.03.31-12.18.29:075][  0]LogConfig: Setting CVar [[r.SSGI.Quality:3]]
[2020.03.31-12.18.29:075][  0]LogConfig: Setting CVar [[r.EmitterSpawnRateScale:1.0]]
[2020.03.31-12.18.29:075][  0]LogConfig: Setting CVar [[r.ParticleLightQuality:2]]
[2020.03.31-12.18.29:075][  0]LogConfig: Setting CVar [[r.SkyAtmosphere.AerialPerspectiveLUT.FastApplyOnOpaque:1 ; Always have FastSkyLUT 1 in this case to avoid wrong sky]]
[2020.03.31-12.18.29:075][  0]LogConfig: Setting CVar [[r.SkyAtmosphere.AerialPerspectiveLUT.SampleCountPerSlice:1]]
[2020.03.31-12.18.29:075][  0]LogConfig: Setting CVar [[r.SkyAtmosphere.AerialPerspectiveLUT.DepthResolution:16.0]]
[2020.03.31-12.18.29:075][  0]LogConfig: Setting CVar [[r.SkyAtmosphere.FastSkyLUT:1]]
[2020.03.31-12.18.29:075][  0]LogConfig: Setting CVar [[r.SkyAtmosphere.FastSkyLUT.SampleCountMin:4.0]]
[2020.03.31-12.18.29:075][  0]LogConfig: Setting CVar [[r.SkyAtmosphere.FastSkyLUT.SampleCountMax:32.0]]
[2020.03.31-12.18.29:075][  0]LogConfig: Setting CVar [[r.SkyAtmosphere.SampleCountMin:4.0]]
[2020.03.31-12.18.29:075][  0]LogConfig: Setting CVar [[r.SkyAtmosphere.SampleCountMax:32.0]]
[2020.03.31-12.18.29:075][  0]LogConfig: Setting CVar [[r.SkyAtmosphere.TransmittanceLUT.UseSmallFormat:0]]
[2020.03.31-12.18.29:075][  0]LogConfig: Setting CVar [[r.SkyAtmosphere.TransmittanceLUT.SampleCount:10.0]]
[2020.03.31-12.18.29:075][  0]LogConfig: Setting CVar [[r.SkyAtmosphere.MultiScatteringLUT.SampleCount:15.0]]
[2020.03.31-12.18.29:075][  0]LogConfig: Applying CVar settings from Section [FoliageQuality@3] File [D:/Documents/GitHub/FlowerGame/FlowerGame/Saved/Config/Windows/Scalability.ini]
[2020.03.31-12.18.29:076][  0]LogConfig: Setting CVar [[foliage.DensityScale:1.0]]
[2020.03.31-12.18.29:076][  0]LogConfig: Setting CVar [[grass.DensityScale:1.0]]
[2020.03.31-12.18.29:076][  0]LogConfig: Applying CVar settings from Section [ShadingQuality@3] File [D:/Documents/GitHub/FlowerGame/FlowerGame/Saved/Config/Windows/Scalability.ini]
[2020.03.31-12.18.29:076][  0]LogConfig: Setting CVar [[r.HairStrands.SkyLighting.SampleCount:16]]
[2020.03.31-12.18.29:076][  0]LogConfig: Setting CVar [[r.HairStrands.SkyLighting.JitterIntegration:0]]
[2020.03.31-12.18.29:076][  0]LogConfig: Setting CVar [[r.HairStrands.SkyAO.SampleCount:16]]
[2020.03.31-12.18.29:076][  0]LogInit: Selected Device Profile: [Windows]
[2020.03.31-12.18.29:076][  0]LogInit: Applying CVar settings loaded from the selected device profile: [Windows]
[2020.03.31-12.18.29:079][  0]LogHAL: Display: Platform has ~ 8 GB [8484323328 / 8589934592 / 8], which maps to Default [LargestMinGB=32, LargerMinGB=12, DefaultMinGB=8, SmallerMinGB=6, SmallestMinGB=0)
[2020.03.31-12.18.29:079][  0]LogInit: Going up to parent DeviceProfile []
[2020.03.31-12.18.29:079][  0]LogConfig: Applying CVar settings from Section [ViewDistanceQuality@3] File [D:/Documents/GitHub/FlowerGame/FlowerGame/Saved/Config/Windows/Scalability.ini]
[2020.03.31-12.18.29:079][  0]LogConfig: Setting CVar [[r.SkeletalMeshLODBias:0]]
[2020.03.31-12.18.29:079][  0]LogConfig: Setting CVar [[r.ViewDistanceScale:1.0]]
[2020.03.31-12.18.29:079][  0]LogConfig: Applying CVar settings from Section [AntiAliasingQuality@3] File [D:/Documents/GitHub/FlowerGame/FlowerGame/Saved/Config/Windows/Scalability.ini]
[2020.03.31-12.18.29:079][  0]LogConfig: Setting CVar [[r.PostProcessAAQuality:4]]
[2020.03.31-12.18.29:079][  0]LogConfig: Applying CVar settings from Section [ShadowQuality@3] File [D:/Documents/GitHub/FlowerGame/FlowerGame/Saved/Config/Windows/Scalability.ini]
[2020.03.31-12.18.29:079][  0]LogConfig: Setting CVar [[r.LightFunctionQuality:1]]
[2020.03.31-12.18.29:079][  0]LogConfig: Setting CVar [[r.ShadowQuality:5]]
[2020.03.31-12.18.29:079][  0]LogConfig: Setting CVar [[r.Shadow.CSM.MaxCascades:10]]
[2020.03.31-12.18.29:079][  0]LogConfig: Setting CVar [[r.Shadow.MaxResolution:2048]]
[2020.03.31-12.18.29:079][  0]LogConfig: Setting CVar [[r.Shadow.MaxCSMResolution:2048]]
[2020.03.31-12.18.29:079][  0]LogConfig: Setting CVar [[r.Shadow.RadiusThreshold:0.01]]
[2020.03.31-12.18.29:079][  0]LogConfig: Setting CVar [[r.Shadow.DistanceScale:1.0]]
[2020.03.31-12.18.29:079][  0]LogConfig: Setting CVar [[r.Shadow.CSM.TransitionScale:1.0]]
[2020.03.31-12.18.29:079][  0]LogConfig: Setting CVar [[r.Shadow.PreShadowResolutionFactor:1.0]]
[2020.03.31-12.18.29:079][  0]LogConfig: Setting CVar [[r.DistanceFieldShadowing:1]]
[2020.03.31-12.18.29:079][  0]LogConfig: Setting CVar [[r.DistanceFieldAO:1]]
[2020.03.31-12.18.29:079][  0]LogConfig: Setting CVar [[r.AOQuality:2]]
[2020.03.31-12.18.29:079][  0]LogConfig: Setting CVar [[r.VolumetricFog:1]]
[2020.03.31-12.18.29:079][  0]LogConfig: Setting CVar [[r.VolumetricFog.GridPixelSize:8]]
[2020.03.31-12.18.29:079][  0]LogConfig: Setting CVar [[r.VolumetricFog.GridSizeZ:128]]
[2020.03.31-12.18.29:079][  0]LogConfig: Setting CVar [[r.VolumetricFog.HistoryMissSupersampleCount:4]]
[2020.03.31-12.18.29:079][  0]LogConfig: Setting CVar [[r.LightMaxDrawDistanceScale:1]]
[2020.03.31-12.18.29:079][  0]LogConfig: Setting CVar [[r.CapsuleShadows:1]]
[2020.03.31-12.18.29:079][  0]LogConfig: Applying CVar settings from Section [PostProcessQuality@3] File [D:/Documents/GitHub/FlowerGame/FlowerGame/Saved/Config/Windows/Scalability.ini]
[2020.03.31-12.18.29:079][  0]LogConfig: Setting CVar [[r.MotionBlurQuality:4]]
[2020.03.31-12.18.29:079][  0]LogConfig: Setting CVar [[r.AmbientOcclusionMipLevelFactor:0.4]]
[2020.03.31-12.18.29:079][  0]LogConfig: Setting CVar [[r.AmbientOcclusionMaxQuality:100]]
[2020.03.31-12.18.29:080][  0]LogConfig: Setting CVar [[r.AmbientOcclusionLevels:-1]]
[2020.03.31-12.18.29:080][  0]LogConfig: Setting CVar [[r.AmbientOcclusionRadiusScale:1.0]]
[2020.03.31-12.18.29:080][  0]LogConfig: Setting CVar [[r.DepthOfFieldQuality:2]]
[2020.03.31-12.18.29:080][  0]LogConfig: Setting CVar [[r.RenderTargetPoolMin:400]]
[2020.03.31-12.18.29:080][  0]LogConfig: Setting CVar [[r.LensFlareQuality:2]]
[2020.03.31-12.18.29:080][  0]LogConfig: Setting CVar [[r.SceneColorFringeQuality:1]]
[2020.03.31-12.18.29:080][  0]LogConfig: Setting CVar [[r.EyeAdaptationQuality:2]]
[2020.03.31-12.18.29:080][  0]LogConfig: Setting CVar [[r.BloomQuality:5]]
[2020.03.31-12.18.29:080][  0]LogConfig: Setting CVar [[r.FastBlurThreshold:100]]
[2020.03.31-12.18.29:080][  0]LogConfig: Setting CVar [[r.Upscale.Quality:3]]
[2020.03.31-12.18.29:080][  0]LogConfig: Setting CVar [[r.Tonemapper.GrainQuantization:1]]
[2020.03.31-12.18.29:080][  0]LogConfig: Setting CVar [[r.LightShaftQuality:1]]
[2020.03.31-12.18.29:080][  0]LogConfig: Setting CVar [[r.Filter.SizeScale:1]]
[2020.03.31-12.18.29:080][  0]LogConfig: Setting CVar [[r.Tonemapper.Quality:5]]
[2020.03.31-12.18.29:080][  0]LogConfig: Setting CVar [[r.DOF.Gather.AccumulatorQuality:1        ; higher gathering accumulator quality]]
[2020.03.31-12.18.29:080][  0]LogConfig: Setting CVar [[r.DOF.Gather.PostfilterMethod:1          ; Median3x3 postfilering method]]
[2020.03.31-12.18.29:080][  0]LogConfig: Setting CVar [[r.DOF.Gather.EnableBokehSettings:0       ; no bokeh simulation when gathering]]
[2020.03.31-12.18.29:080][  0]LogConfig: Setting CVar [[r.DOF.Gather.RingCount:4                 ; medium number of samples when gathering]]
[2020.03.31-12.18.29:080][  0]LogConfig: Setting CVar [[r.DOF.Scatter.ForegroundCompositing:1    ; additive foreground scattering]]
[2020.03.31-12.18.29:080][  0]LogConfig: Setting CVar [[r.DOF.Scatter.BackgroundCompositing:2    ; additive background scattering]]
[2020.03.31-12.18.29:080][  0]LogConfig: Setting CVar [[r.DOF.Scatter.EnableBokehSettings:1      ; bokeh simulation when scattering]]
[2020.03.31-12.18.29:080][  0]LogConfig: Setting CVar [[r.DOF.Scatter.MaxSpriteRatio:0.1         ; only a maximum of 10% of scattered bokeh]]
[2020.03.31-12.18.29:080][  0]LogConfig: Setting CVar [[r.DOF.Recombine.Quality:1                ; cheap slight out of focus]]
[2020.03.31-12.18.29:080][  0]LogConfig: Setting CVar [[r.DOF.Recombine.EnableBokehSettings:0    ; no bokeh simulation on slight out of focus]]
[2020.03.31-12.18.29:080][  0]LogConfig: Setting CVar [[r.DOF.TemporalAAQuality:1                ; more stable temporal accumulation]]
[2020.03.31-12.18.29:080][  0]LogConfig: Setting CVar [[r.DOF.Kernel.MaxForegroundRadius:0.025]]
[2020.03.31-12.18.29:080][  0]LogConfig: Setting CVar [[r.DOF.Kernel.MaxBackgroundRadius:0.025]]
[2020.03.31-12.18.29:080][  0]LogConfig: Applying CVar settings from Section [TextureQuality@3] File [D:/Documents/GitHub/FlowerGame/FlowerGame/Saved/Config/Windows/Scalability.ini]
[2020.03.31-12.18.29:080][  0]LogConfig: Setting CVar [[r.Streaming.MipBias:0]]
[2020.03.31-12.18.29:080][  0]LogConfig: Setting CVar [[r.Streaming.AmortizeCPUToGPUCopy:0]]
[2020.03.31-12.18.29:080][  0]LogConfig: Setting CVar [[r.Streaming.MaxNumTexturesToStreamPerFrame:0]]
[2020.03.31-12.18.29:080][  0]LogConfig: Setting CVar [[r.Streaming.Boost:1]]
[2020.03.31-12.18.29:080][  0]LogConfig: Setting CVar [[r.MaxAnisotropy:8]]
[2020.03.31-12.18.29:080][  0]LogConfig: Setting CVar [[r.VT.MaxAnisotropy:8]]
[2020.03.31-12.18.29:080][  0]LogConfig: Setting CVar [[r.Streaming.LimitPoolSizeToVRAM:0]]
[2020.03.31-12.18.29:080][  0]LogConfig: Setting CVar [[r.Streaming.PoolSize:1000]]
[2020.03.31-12.18.29:080][  0]LogConfig: Setting CVar [[r.Streaming.MaxEffectiveScreenSize:0]]
[2020.03.31-12.18.29:080][  0]LogConfig: Applying CVar settings from Section [EffectsQuality@3] File [D:/Documents/GitHub/FlowerGame/FlowerGame/Saved/Config/Windows/Scalability.ini]
[2020.03.31-12.18.29:080][  0]LogConfig: Setting CVar [[r.TranslucencyLightingVolumeDim:64]]
[2020.03.31-12.18.29:080][  0]LogConfig: Setting CVar [[r.RefractionQuality:2]]
[2020.03.31-12.18.29:080][  0]LogConfig: Setting CVar [[r.SSR.Quality:3]]
[2020.03.31-12.18.29:080][  0]LogConfig: Setting CVar [[r.SSR.HalfResSceneColor:0]]
[2020.03.31-12.18.29:080][  0]LogConfig: Setting CVar [[r.SceneColorFormat:4]]
[2020.03.31-12.18.29:080][  0]LogConfig: Setting CVar [[r.DetailMode:2]]
[2020.03.31-12.18.29:080][  0]LogConfig: Setting CVar [[r.TranslucencyVolumeBlur:1]]
[2020.03.31-12.18.29:080][  0]LogConfig: Setting CVar [[r.MaterialQualityLevel:1 ; High quality]]
[2020.03.31-12.18.29:080][  0]LogConfig: Setting CVar [[r.SSS.Scale:1]]
[2020.03.31-12.18.29:080][  0]LogConfig: Setting CVar [[r.SSS.SampleSet:2]]
[2020.03.31-12.18.29:080][  0]LogConfig: Setting CVar [[r.SSS.Quality:1]]
[2020.03.31-12.18.29:080][  0]LogConfig: Setting CVar [[r.SSS.HalfRes:1]]
[2020.03.31-12.18.29:080][  0]LogConfig: Setting CVar [[r.SSGI.Quality:3]]
[2020.03.31-12.18.29:080][  0]LogConfig: Setting CVar [[r.EmitterSpawnRateScale:1.0]]
[2020.03.31-12.18.29:080][  0]LogConfig: Setting CVar [[r.ParticleLightQuality:2]]
[2020.03.31-12.18.29:081][  0]LogConfig: Setting CVar [[r.SkyAtmosphere.AerialPerspectiveLUT.FastApplyOnOpaque:1 ; Always have FastSkyLUT 1 in this case to avoid wrong sky]]
[2020.03.31-12.18.29:081][  0]LogConfig: Setting CVar [[r.SkyAtmosphere.AerialPerspectiveLUT.SampleCountPerSlice:1]]
[2020.03.31-12.18.29:081][  0]LogConfig: Setting CVar [[r.SkyAtmosphere.AerialPerspectiveLUT.DepthResolution:16.0]]
[2020.03.31-12.18.29:081][  0]LogConfig: Setting CVar [[r.SkyAtmosphere.FastSkyLUT:1]]
[2020.03.31-12.18.29:081][  0]LogConfig: Setting CVar [[r.SkyAtmosphere.FastSkyLUT.SampleCountMin:4.0]]
[2020.03.31-12.18.29:081][  0]LogConfig: Setting CVar [[r.SkyAtmosphere.FastSkyLUT.SampleCountMax:32.0]]
[2020.03.31-12.18.29:081][  0]LogConfig: Setting CVar [[r.SkyAtmosphere.SampleCountMin:4.0]]
[2020.03.31-12.18.29:081][  0]LogConfig: Setting CVar [[r.SkyAtmosphere.SampleCountMax:32.0]]
[2020.03.31-12.18.29:081][  0]LogConfig: Setting CVar [[r.SkyAtmosphere.TransmittanceLUT.UseSmallFormat:0]]
[2020.03.31-12.18.29:081][  0]LogConfig: Setting CVar [[r.SkyAtmosphere.TransmittanceLUT.SampleCount:10.0]]
[2020.03.31-12.18.29:081][  0]LogConfig: Setting CVar [[r.SkyAtmosphere.MultiScatteringLUT.SampleCount:15.0]]
[2020.03.31-12.18.29:081][  0]LogConfig: Applying CVar settings from Section [FoliageQuality@3] File [D:/Documents/GitHub/FlowerGame/FlowerGame/Saved/Config/Windows/Scalability.ini]
[2020.03.31-12.18.29:081][  0]LogConfig: Setting CVar [[foliage.DensityScale:1.0]]
[2020.03.31-12.18.29:081][  0]LogConfig: Setting CVar [[grass.DensityScale:1.0]]
[2020.03.31-12.18.29:081][  0]LogConfig: Applying CVar settings from Section [ShadingQuality@3] File [D:/Documents/GitHub/FlowerGame/FlowerGame/Saved/Config/Windows/Scalability.ini]
[2020.03.31-12.18.29:081][  0]LogConfig: Setting CVar [[r.HairStrands.SkyLighting.SampleCount:16]]
[2020.03.31-12.18.29:081][  0]LogConfig: Setting CVar [[r.HairStrands.SkyLighting.JitterIntegration:0]]
[2020.03.31-12.18.29:081][  0]LogConfig: Setting CVar [[r.HairStrands.SkyAO.SampleCount:16]]
[2020.03.31-12.18.29:081][  0]LogConfig: Applying CVar settings from Section [Startup] File [../../../Engine/Config/ConsoleVariables.ini]
[2020.03.31-12.18.29:081][  0]LogConfig: Setting CVar [[net.UseAdaptiveNetUpdateFrequency:0]]
[2020.03.31-12.18.29:081][  0]LogConfig: Setting CVar [[p.chaos.AllowCreatePhysxBodies:1]]
[2020.03.31-12.18.29:081][  0]LogConfig: Applying CVar settings from Section [ConsoleVariables] File [D:/Documents/GitHub/FlowerGame/FlowerGame/Saved/Config/Windows/Engine.ini]
[2020.03.31-12.18.29:081][  0]LogInit: Computer: DESKTOP-KKCI3RH
[2020.03.31-12.18.29:081][  0]LogInit: User: Benoit
[2020.03.31-12.18.29:081][  0]LogInit: CPU Page size=4096, Cores=4
[2020.03.31-12.18.29:081][  0]LogInit: High frequency timer resolution =10.000000 MHz
[2020.03.31-12.18.29:082][  0]LogMemory: Memory total: Physical=7.9GB (8GB approx)
[2020.03.31-12.18.29:082][  0]LogMemory: Platform Memory Stats for Windows
[2020.03.31-12.18.29:082][  0]LogMemory: Process Physical Memory: 104.93 MB used, 104.93 MB peak
[2020.03.31-12.18.29:082][  0]LogMemory: Process Virtual Memory: 99.88 MB used, 99.88 MB peak
[2020.03.31-12.18.29:082][  0]LogMemory: Physical Memory: 5992.81 MB used,  2098.47 MB free, 8091.28 MB total
[2020.03.31-12.18.29:082][  0]LogMemory: Virtual Memory: 5121.15 MB used,  134212608.00 MB free, 134217728.00 MB total
[2020.03.31-12.18.29:085][  0]LogWindows: WindowsPlatformFeatures enabled
[2020.03.31-12.18.29:113][  0]LogInit: Using OS detected language (fr-FR).
[2020.03.31-12.18.29:113][  0]LogInit: Using OS detected locale (fr-FR).
[2020.03.31-12.18.29:114][  0]LogTextLocalizationManager: No specific localization for 'fr-FR' exists, so the 'fr' localization will be used.
[2020.03.31-12.18.29:115][  0]LogTextLocalizationResource: LocRes '../../../Engine/Content/Localization/Editor/fr/Editor.locres' could not be opened for reading!
[2020.03.31-12.18.29:115][  0]LogTextLocalizationResource: LocRes '../../../Engine/Content/Localization/EditorTutorials/fr/EditorTutorials.locres' could not be opened for reading!
[2020.03.31-12.18.29:115][  0]LogTextLocalizationResource: LocRes '../../../Engine/Content/Localization/Keywords/fr/Keywords.locres' could not be opened for reading!
[2020.03.31-12.18.29:115][  0]LogTextLocalizationResource: LocRes '../../../Engine/Content/Localization/Category/fr/Category.locres' could not be opened for reading!
[2020.03.31-12.18.29:115][  0]LogTextLocalizationResource: LocRes '../../../Engine/Content/Localization/ToolTips/fr/ToolTips.locres' could not be opened for reading!
[2020.03.31-12.18.29:115][  0]LogTextLocalizationResource: LocRes '../../../Engine/Content/Localization/PropertyNames/fr/PropertyNames.locres' could not be opened for reading!
[2020.03.31-12.18.29:115][  0]LogTextLocalizationResource: LocRes '../../../Engine/Content/Localization/Engine/fr/Engine.locres' could not be opened for reading!
[2020.03.31-12.18.29:116][  0]LogInit: Setting process to per monitor DPI aware
[2020.03.31-12.18.29:152][  0]LogSlate: New Slate User Created.  User Index 0, Is Virtual User: 0
[2020.03.31-12.18.29:152][  0]LogSlate: Slate User Registered.  User Index 0, Is Virtual User: 0
[2020.03.31-12.18.29:463][  0]LogHMD: Failed to initialize OpenVR with code 110
[2020.03.31-12.18.29:463][  0]LogD3D11RHI: D3D11 min allowed feature level: 11_0
[2020.03.31-12.18.29:463][  0]LogD3D11RHI: D3D11 max allowed feature level: 11_0
[2020.03.31-12.18.29:463][  0]LogD3D11RHI: D3D11 adapters:
[2020.03.31-12.18.29:533][  0]LogD3D11RHI:    0. 'NVIDIA GeForce GTX 960M' (Feature Level 11_0)
[2020.03.31-12.18.29:533][  0]LogD3D11RHI:       2019/0/4045 MB DedicatedVideo/DedicatedSystem/SharedSystem, Outputs:2, VendorId:0x10de
[2020.03.31-12.18.29:542][  0]LogD3D11RHI:    1. 'Intel(R) HD Graphics 530' (Feature Level 11_0)
[2020.03.31-12.18.29:542][  0]LogD3D11RHI:       128/0/4045 MB DedicatedVideo/DedicatedSystem/SharedSystem, Outputs:0, VendorId:0x8086
[2020.03.31-12.18.29:545][  0]LogD3D11RHI:    2. 'Microsoft Basic Render Driver' (Feature Level 11_0)
[2020.03.31-12.18.29:545][  0]LogD3D11RHI:       0/0/4045 MB DedicatedVideo/DedicatedSystem/SharedSystem, Outputs:0, VendorId:0x1414
[2020.03.31-12.18.29:548][  0]LogD3D11RHI:    3. 'Microsoft Basic Render Driver' (Feature Level 11_0)
[2020.03.31-12.18.29:548][  0]LogD3D11RHI:       0/0/4045 MB DedicatedVideo/DedicatedSystem/SharedSystem, Outputs:0, VendorId:0x1414
[2020.03.31-12.18.29:548][  0]LogD3D11RHI: Chosen D3D11 Adapter: 0
[2020.03.31-12.18.29:610][  0]LogD3D11RHI: Creating new Direct3DDevice
[2020.03.31-12.18.29:610][  0]LogD3D11RHI:     GPU DeviceId: 0x139b (for the marketing name, search the web for "GPU Device Id")
[2020.03.31-12.18.29:610][  0]LogWindows: EnumDisplayDevices:
[2020.03.31-12.18.29:610][  0]LogWindows:    0. 'Intel(R) HD Graphics 530' (P:1 D:1)
[2020.03.31-12.18.29:611][  0]LogWindows:    1. 'Intel(R) HD Graphics 530' (P:0 D:0)
[2020.03.31-12.18.29:611][  0]LogWindows:    2. 'Intel(R) HD Graphics 530' (P:0 D:0)
[2020.03.31-12.18.29:612][  0]LogWindows:    3. 'DisplayLink USB Device' (P:0 D:1)
[2020.03.31-12.18.29:612][  0]LogWindows: DebugString: PrimaryIsNotTheChoosenAdapter PrimaryIsNotTheChoosenAdapter PrimaryIsNotTheChoosenAdapter GetVideoDriverDetailsInvalid PrimaryIsNotTheChoosenAdapter FoundDriverCount:0 
[2020.03.31-12.18.29:612][  0]LogD3D11RHI:     Adapter Name: NVIDIA GeForce GTX 960M
[2020.03.31-12.18.29:612][  0]LogD3D11RHI:   Driver Version: Unknown (internal:Unknown, unified:Unknown)
[2020.03.31-12.18.29:612][  0]LogD3D11RHI:      Driver Date: Unknown
[2020.03.31-12.18.29:612][  0]LogRHI: Texture pool is 1413 MB (70% of 2019 MB)
[2020.03.31-12.18.29:654][  0]LogD3D11RHI: RHI has support for 64 bit atomics
[2020.03.31-12.18.29:654][  0]LogD3D11RHI: Async texture creation enabled
[2020.03.31-12.18.29:671][  0]LogD3D11RHI: GPU Timing Frequency: 1000.000000 (Debug: 2 1)
[2020.03.31-12.18.30:132][  0]LogTargetPlatformManager: Display: Loaded TargetPlatform 'AllDesktop'
[2020.03.31-12.18.30:176][  0]LogTargetPlatformManager: Display: Loaded TargetPlatform 'Android'
[2020.03.31-12.18.30:176][  0]LogTargetPlatformManager: Display: Loaded TargetPlatform 'Android_ASTC'
[2020.03.31-12.18.30:176][  0]LogTargetPlatformManager: Display: Loaded TargetPlatform 'Android_ATC'
[2020.03.31-12.18.30:176][  0]LogTargetPlatformManager: Display: Loaded TargetPlatform 'Android_DXT'
[2020.03.31-12.18.30:176][  0]LogTargetPlatformManager: Display: Loaded TargetPlatform 'Android_ETC1'
[2020.03.31-12.18.30:176][  0]LogTargetPlatformManager: Display: Loaded TargetPlatform 'Android_ETC1a'
[2020.03.31-12.18.30:176][  0]LogTargetPlatformManager: Display: Loaded TargetPlatform 'Android_ETC2'
[2020.03.31-12.18.30:176][  0]LogTargetPlatformManager: Display: Loaded TargetPlatform 'Android_PVRTC'
[2020.03.31-12.18.30:176][  0]LogTargetPlatformManager: Display: Loaded TargetPlatform 'AndroidClient'
[2020.03.31-12.18.30:176][  0]LogTargetPlatformManager: Display: Loaded TargetPlatform 'Android_ASTCClient'
[2020.03.31-12.18.30:176][  0]LogTargetPlatformManager: Display: Loaded TargetPlatform 'Android_ATCClient'
[2020.03.31-12.18.30:176][  0]LogTargetPlatformManager: Display: Loaded TargetPlatform 'Android_DXTClient'
[2020.03.31-12.18.30:176][  0]LogTargetPlatformManager: Display: Loaded TargetPlatform 'Android_ETC1Client'
[2020.03.31-12.18.30:176][  0]LogTargetPlatformManager: Display: Loaded TargetPlatform 'Android_ETC1aClient'
[2020.03.31-12.18.30:176][  0]LogTargetPlatformManager: Display: Loaded TargetPlatform 'Android_ETC2Client'
[2020.03.31-12.18.30:176][  0]LogTargetPlatformManager: Display: Loaded TargetPlatform 'Android_PVRTCClient'
[2020.03.31-12.18.30:176][  0]LogTargetPlatformManager: Display: Loaded TargetPlatform 'Android_Multi'
[2020.03.31-12.18.30:176][  0]LogTargetPlatformManager: Display: Loaded TargetPlatform 'Android_MultiClient'
[2020.03.31-12.18.30:200][  0]LogTargetPlatformManager: Display: Loaded TargetPlatform 'IOSClient'
[2020.03.31-12.18.30:200][  0]LogTargetPlatformManager: Display: Loaded TargetPlatform 'IOS'
[2020.03.31-12.18.30:209][  0]LogTargetPlatformManager: Display: Loaded TargetPlatform 'LinuxNoEditor'
[2020.03.31-12.18.30:219][  0]LogTargetPlatformManager: Display: Loaded TargetPlatform 'LinuxClient'
[2020.03.31-12.18.30:230][  0]LogTargetPlatformManager: Display: Loaded TargetPlatform 'LinuxServer'
[2020.03.31-12.18.30:239][  0]LogTargetPlatformManager: Display: Loaded TargetPlatform 'LinuxAArch64NoEditor'
[2020.03.31-12.18.30:249][  0]LogTargetPlatformManager: Display: Loaded TargetPlatform 'LinuxAArch64Client'
[2020.03.31-12.18.30:259][  0]LogTargetPlatformManager: Display: Loaded TargetPlatform 'LinuxAArch64Server'
[2020.03.31-12.18.30:291][  0]LogTargetPlatformManager: Display: Loaded TargetPlatform 'Lumin'
[2020.03.31-12.18.30:292][  0]LogTargetPlatformManager: Display: Loaded TargetPlatform 'LuminClient'
[2020.03.31-12.18.30:311][  0]LogTargetPlatformManager: Display: Loaded TargetPlatform 'TVOSClient'
[2020.03.31-12.18.30:311][  0]LogTargetPlatformManager: Display: Loaded TargetPlatform 'TVOS'
[2020.03.31-12.18.30:321][  0]LogTargetPlatformManager: Display: Loaded TargetPlatform 'WindowsNoEditor'
[2020.03.31-12.18.30:330][  0]LogTargetPlatformManager: Display: Loaded TargetPlatform 'Windows'
[2020.03.31-12.18.30:340][  0]LogTargetPlatformManager: Display: Loaded TargetPlatform 'WindowsClient'
[2020.03.31-12.18.30:350][  0]LogTargetPlatformManager: Display: Loaded TargetPlatform 'WindowsServer'
[2020.03.31-12.18.30:350][  0]LogTargetPlatformManager: Display: Building Assets For Windows
[2020.03.31-12.18.30:353][  0]LogAudioDebug: Display: Lib vorbis DLL was dynamically loaded.
[2020.03.31-12.18.30:378][  0]LogShaderCompilers: Guid format shader working directory is -37 characters bigger than the processId version (../../../../../../Documents/GitHub/FlowerGame/FlowerGame/Intermediate/Shaders/WorkingDirectory/20956/).
[2020.03.31-12.18.30:378][  0]LogShaderCompilers: Cleaned the shader compiler working directory 'D:/TEMP/UnrealShaderWorkingDir/ECB36EBC434D88E4CA158FBABCF56518/'.
[2020.03.31-12.18.30:379][  0]LogXGEController: Cannot use XGE Controller as Incredibuild is not installed on this machine.
[2020.03.31-12.18.30:379][  0]LogShaderCompilers: Cannot use XGE Shader Compiler as Incredibuild is not installed on this machine.
[2020.03.31-12.18.30:379][  0]LogShaderCompilers: Display: Using Local Shader Compiler.
[2020.03.31-12.18.31:384][  0]LogDerivedDataCache: Display: Max Cache Size: 512 MB
[2020.03.31-12.18.31:463][  0]LogDerivedDataCache: Loaded boot cache 0.08s 79MB C:/Users/Benoit/AppData/Local/UnrealEngine/4.24/DerivedDataCache/Boot.ddc.
[2020.03.31-12.18.31:463][  0]LogDerivedDataCache: Display: Loaded Boot cache: C:/Users/Benoit/AppData/Local/UnrealEngine/4.24/DerivedDataCache/Boot.ddc
[2020.03.31-12.18.31:463][  0]LogDerivedDataCache: FDerivedDataBackendGraph:  Pak pak cache file ../../../../../../Documents/GitHub/FlowerGame/FlowerGame/DerivedDataCache/DDC.ddp not found, will not use a pak cache.
[2020.03.31-12.18.31:463][  0]LogDerivedDataCache: Unable to find inner node Pak for hierarchical cache Hierarchy.
[2020.03.31-12.18.31:463][  0]LogDerivedDataCache: FDerivedDataBackendGraph:  CompressedPak pak cache file ../../../../../../Documents/GitHub/FlowerGame/FlowerGame/DerivedDataCache/Compressed.ddp not found, will not use a pak cache.
[2020.03.31-12.18.31:463][  0]LogDerivedDataCache: Unable to find inner node CompressedPak for hierarchical cache Hierarchy.
[2020.03.31-12.18.31:477][  0]LogDerivedDataCache: Display: Pak cache opened for reading ../../../Engine/DerivedDataCache/Compressed.ddp.
[2020.03.31-12.18.31:477][  0]LogDerivedDataCache: FDerivedDataBackendGraph:  EnterprisePak pak cache file ../../../Enterprise/DerivedDataCache/Compressed.ddp not found, will not use a pak cache.
[2020.03.31-12.18.31:477][  0]LogDerivedDataCache: Unable to find inner node EnterprisePak for hierarchical cache Hierarchy.
[2020.03.31-12.18.31:484][  0]LogDerivedDataCache: Using Local data cache path C:/Users/Benoit/AppData/Local/UnrealEngine/Common/DerivedDataCache: Writable
[2020.03.31-12.18.31:484][  0]LogDerivedDataCache: Shared data cache path not found in *engine.ini, will not use an Shared cache.
[2020.03.31-12.18.31:484][  0]LogDerivedDataCache: Unable to find inner node Shared for hierarchical cache Hierarchy.
[2020.03.31-12.18.31:518][  0]LogMaterial: Verifying Global Shaders for PCD3D_SM5
[2020.03.31-12.18.31:521][  0]LogSlate: Using FreeType 2.10.0
[2020.03.31-12.18.31:522][  0]LogSlate: SlateFontServices - WITH_FREETYPE: 1, WITH_HARFBUZZ: 1
[2020.03.31-12.18.31:606][  0]LogAssetRegistry: FAssetRegistry took 0.0030 seconds to start up
[2020.03.31-12.18.31:981][  0]LogInit: Selected Device Profile: [Windows]
[2020.03.31-12.18.32:185][  0]LogMeshReduction: Using QuadricMeshReduction for automatic static mesh reduction
[2020.03.31-12.18.32:185][  0]LogMeshReduction: Using SimplygonMeshReduction for automatic skeletal mesh reduction
[2020.03.31-12.18.32:185][  0]LogMeshReduction: Using ProxyLODMeshReduction for automatic mesh merging
[2020.03.31-12.18.32:185][  0]LogMeshReduction: No distributed automatic mesh merging module available
[2020.03.31-12.18.32:185][  0]LogMeshMerging: No distributed automatic mesh merging module available
[2020.03.31-12.18.32:222][  0]LogNetVersion: FlowerGame 1.0.0, NetCL: 10570792, EngineNetVer: 13, GameNetVer: 0 (Checksum: 1154599133)
[2020.03.31-12.18.34:026][  0]LogPackageLocalizationCache: Processed 10 localized package path(s) for 1 prioritized culture(s) in 0.052829 seconds
[2020.03.31-12.18.34:036][  0]LogUObjectArray: 46750 objects as part of root set at end of initial load.
[2020.03.31-12.18.34:036][  0]LogUObjectAllocator: 8137160 out of 0 bytes used by permanent object pool.
[2020.03.31-12.18.34:036][  0]LogUObjectArray: CloseDisregardForGC: 0/0 objects in disregard for GC pool
[2020.03.31-12.18.34:532][  0]LogTcpMessaging: Initializing TcpMessaging bridge
[2020.03.31-12.18.34:536][  0]LogUdpMessaging: Initializing bridge on interface 0.0.0.0:0 to multicast group 230.0.0.1:6666.
[2020.03.31-12.18.34:718][  0]SourceControl: Source control is disabled
[2020.03.31-12.18.34:719][  0]SourceControl: Source control is disabled
[2020.03.31-12.18.34:720][  0]SourceControl: Source control is disabled
[2020.03.31-12.18.34:721][  0]SourceControl: Source control is disabled
[2020.03.31-12.18.34:722][  0]SourceControl: Source control is disabled
[2020.03.31-12.18.34:809][  0]LogAndroidPermission: UAndroidPermissionCallbackProxy::GetInstance
[2020.03.31-12.18.34:820][  0]LogAudioCaptureCore: Display: No Audio Capture implementations found. Audio input will be silent.
[2020.03.31-12.18.34:820][  0]LogAudioCaptureCore: Display: No Audio Capture implementations found. Audio input will be silent.
[2020.03.31-12.18.34:917][  0]LogOcInput: OculusInput pre-init called
[2020.03.31-12.18.34:925][  0]LogWindows: Failed to load 'OVRPlugin.dll' (GetLastError=126)
[2020.03.31-12.18.34:925][  0]LogWindows: File 'OVRPlugin.dll' does not exist
[2020.03.31-12.18.35:036][  0]LogEngine: Initializing Engine...
[2020.03.31-12.18.35:038][  0]LogHMD: Failed to initialize OpenVR with code 110
[2020.03.31-12.18.35:040][  0]LogStats: UGameplayTagsManager::InitializeManager -  0.001 s
[2020.03.31-12.18.35:565][  0]LogInit: Initializing FReadOnlyCVARCache
[2020.03.31-12.18.35:574][  0]LogAIModule: Creating AISystem for world Untitled
[2020.03.31-12.18.35:610][  0]LogAudioMixer: Display: Audio Mixer Platform Settings:
[2020.03.31-12.18.35:610][  0]LogAudioMixer: Display: 	Sample Rate:						  48000
[2020.03.31-12.18.35:610][  0]LogAudioMixer: Display: 	Callback Buffer Frame Size Requested: 1024
[2020.03.31-12.18.35:610][  0]LogAudioMixer: Display: 	Callback Buffer Frame Size To Use:	  1024
[2020.03.31-12.18.35:610][  0]LogAudioMixer: Display: 	Number of buffers to queue:			  2
[2020.03.31-12.18.35:611][  0]LogAudioMixer: Display: 	Max Channels (voices):				  32
[2020.03.31-12.18.35:611][  0]LogAudioMixer: Display: 	Number of Async Source Workers:		  0
[2020.03.31-12.18.35:611][  0]LogAudio: Display: AudioDevice MaxSources: 32
[2020.03.31-12.18.35:611][  0]LogAudio: Display: Using built-in audio occlusion.
[2020.03.31-12.18.35:611][  0]LogAudioMixer: Display: Initializing audio mixer.
[2020.03.31-12.18.35:647][  0]LogAudioMixer: Display: Audio Device Output Speaker Info:
[2020.03.31-12.18.35:647][  0]LogAudioMixer: Display: Name: Speakers (Conexant SmartAudio HD)
[2020.03.31-12.18.35:647][  0]LogAudioMixer: Display: Is Default: Yes
[2020.03.31-12.18.35:647][  0]LogAudioMixer: Display: Sample Rate: 48000
[2020.03.31-12.18.35:647][  0]LogAudioMixer: Display: Channel Count Used: 2
[2020.03.31-12.18.35:647][  0]LogAudioMixer: Display: Device Channel Count: 2
[2020.03.31-12.18.35:647][  0]LogAudioMixer: Display: Channel Order:
[2020.03.31-12.18.35:647][  0]LogAudioMixer: Display: 0: FrontLeft
[2020.03.31-12.18.35:647][  0]LogAudioMixer: Display: 1: FrontRight
[2020.03.31-12.18.35:797][  0]LogAudioMixer: Display: Using Audio Device Speakers (Conexant SmartAudio HD)
[2020.03.31-12.18.35:803][  0]LogInit: FAudioDevice initialized.
[2020.03.31-12.18.35:804][  0]LogNetVersion: Set ProjectVersion to 1.0.0.0. Version Checksum will be recalculated on next use.
[2020.03.31-12.18.36:024][  0]LogDerivedDataCache: Saved boot cache 0.22s 79MB C:/Users/Benoit/AppData/Local/UnrealEngine/4.24/DerivedDataCache/Boot.ddc.
[2020.03.31-12.18.36:026][  0]LogInit: Texture streaming: Enabled
[2020.03.31-12.18.36:037][  0]LogEngineSessionManager: EngineSessionManager initialized
[2020.03.31-12.18.36:037][  0]LogEditorSessionSummary: Verbose: Initializing EditorSessionSummaryWriter for editor session tracking
[2020.03.31-12.18.36:041][  0]LogEditorSessionSummary: EditorSessionSummaryWriter initialized
[2020.03.31-12.18.36:102][  0]LogInit: Transaction tracking system initialized
[2020.03.31-12.18.36:114][  0]BlueprintLog: New page: Editor Load
[2020.03.31-12.18.36:149][  0]LocalizationService: Localization service is disabled
[2020.03.31-12.18.36:192][  0]LogLinker: Warning: Failed to load '/Game/TopDownCPP/TopDownOverview': Can't find file.
[2020.03.31-12.18.36:192][  0]LogLinker: Warning: Failed to load '/Game/TopDownCPP/TopDownOverview': Can't find file.
[2020.03.31-12.18.36:192][  0]LogUObjectGlobals: Warning: Failed to find object 'Class /Game/TopDownCPP/TopDownOverview.TopDownOverview_C'
[2020.03.31-12.18.36:485][  0]LogCook: Display: Max memory allowance for cook 16384mb min free memory 0mb
[2020.03.31-12.18.36:485][  0]LogCook: Display: Mobile HDR setting 1
[2020.03.31-12.18.36:584][  0]LogFileCache: Scanning file cache for directory 'D:/Documents/GitHub/FlowerGame/FlowerGame/Content/' took 0.01s
[2020.03.31-12.18.37:510][  0]SourceControl: Source control is disabled
[2020.03.31-12.18.37:510][  0]Cmd: MAP LOAD FILE="../../../../../../Documents/GitHub/FlowerGame/FlowerGame/Content/MobileStarterContent/Maps/Minimal_Default.umap" TEMPLATE=0 SHOWPROGRESS=1 FEATURELEVEL=3
[2020.03.31-12.18.37:511][  0]LightingResults: New page: Lighting Build
[2020.03.31-12.18.37:512][  0]LogWorld: UWorld::CleanupWorld for Untitled, bSessionEnded=true, bCleanupResources=true
[2020.03.31-12.18.37:512][  0]LogSlate: InvalidateAllWidgets triggered.  All widgets were invalidated
[2020.03.31-12.18.37:512][  0]MapCheck: New page: Map Check
[2020.03.31-12.18.37:512][  0]LightingResults: New page: Lighting Build
[2020.03.31-12.18.37:546][  0]LogUObjectHash: Compacting FUObjectHashTables data took   2.43ms
[2020.03.31-12.18.37:725][  0]LogAIModule: Creating AISystem for world Minimal_Default
[2020.03.31-12.18.37:732][  0]LogEditorServer: Finished looking for orphan Actors (0.000 secs)
[2020.03.31-12.18.37:762][  0]LogUObjectHash: Compacting FUObjectHashTables data took   2.97ms
[2020.03.31-12.18.37:762][  0]Cmd: MAP CHECKDEP NOCLEARLOG
[2020.03.31-12.18.37:763][  0]MapCheck: Map check complete: 0 Error(s), 0 Warning(s), took 0,22ms to complete.
[2020.03.31-12.18.37:763][  0]LogFileHelpers: Loading map 'Minimal_Default' took 0.252
[2020.03.31-12.18.37:930][  0]LogSlate: Updating window title bar state: overlay mode, drag disabled, window buttons hidden, title bar hidden
[2020.03.31-12.18.37:940][  0]LogSlate: Updating window title bar state: overlay mode, drag disabled, window buttons hidden, title bar hidden
[2020.03.31-12.18.37:949][  0]LogSlate: Updating window title bar state: overlay mode, drag disabled, window buttons hidden, title bar hidden
[2020.03.31-12.18.37:961][  0]LogSlate: Updating window title bar state: overlay mode, drag disabled, window buttons hidden, title bar hidden
[2020.03.31-12.18.37:969][  0]LogCollectionManager: Loaded 0 collections in 0.002812 seconds
[2020.03.31-12.18.37:993][  0]LogFileCache: Scanning file cache for directory 'D:/Documents/GitHub/FlowerGame/FlowerGame/Saved/Collections/' took 0.00s
[2020.03.31-12.18.37:993][  0]LogFileCache: Scanning file cache for directory 'D:/Documents/GitHub/FlowerGame/FlowerGame/Content/Developers/Benoit/Collections/' took 0.00s
[2020.03.31-12.18.37:993][  0]LogFileCache: Scanning file cache for directory 'D:/Documents/GitHub/FlowerGame/FlowerGame/Content/Collections/' took 0.00s
[2020.03.31-12.18.37:993][  0]LogContentBrowser: Native class hierarchy populated in 0.0125 seconds. Added 3021 classes and 724 folders.
[2020.03.31-12.18.37:997][  0]LogContentBrowser: Native class hierarchy updated for 'WidgetCarousel' in 0.0005 seconds. Added 0 classes and 0 folders.
[2020.03.31-12.18.38:672][  0]LogContentBrowser: Native class hierarchy updated for 'AddContentDialog' in 0.0005 seconds. Added 0 classes and 0 folders.
[2020.03.31-12.18.38:676][  0]LogContentBrowser: Native class hierarchy updated for 'SceneOutliner' in 0.0005 seconds. Added 2 classes and 3 folders.
[2020.03.31-12.18.38:788][  0]LogSlate: Took 0.000278 seconds to synchronously load lazily loaded font '../../../Engine/Content/Slate/Fonts/Roboto-Regular.ttf' (155K)
[2020.03.31-12.18.39:624][  0]LogSlate: Took 0.000266 seconds to synchronously load lazily loaded font '../../../Engine/Content/Slate/Fonts/Roboto-Bold.ttf' (160K)
[2020.03.31-12.18.39:652][  0]LogSlate: Took 0.021427 seconds to synchronously load lazily loaded font '../../../Engine/Content/Editor/Slate/Fonts/FontAwesome.ttf' (139K)
[2020.03.31-12.18.39:778][  0]LogRenderer: Reallocating scene render targets to support 1232x572 Format 10 NumSamples 1 (Frame:1).
[2020.03.31-12.18.39:964][  0]LogContentBrowser: Native class hierarchy updated for 'HierarchicalLODOutliner' in 0.0005 seconds. Added 0 classes and 0 folders.
[2020.03.31-12.18.39:964][  0]LogLoad: (Engine Initialization) Total time: 46.49 seconds
[2020.03.31-12.18.39:965][  0]LogLoad: (Engine Initialization) Total Blueprint compile time: 0.00 seconds
[2020.03.31-12.18.40:027][  0]LogContentStreaming: Texture pool size now 1000 MB
[2020.03.31-12.18.40:033][  0]LogSlate: Took 0.002583 seconds to synchronously load lazily loaded font '../../../Engine/Content/Slate/Fonts/DroidSansFallback.ttf' (3848K)
[2020.03.31-12.18.40:063][  0]LogSlate: Took 0.000301 seconds to synchronously load lazily loaded font '../../../Engine/Content/Slate/Fonts/Roboto-Light.ttf' (167K)
[2020.03.31-12.18.40:111][  1]LogAssetRegistry: Asset discovery search completed in 8.5061 seconds
[2020.03.31-12.18.40:117][  1]LogCollectionManager: Fixed up redirectors for 0 collections in 0.000011 seconds (updated 0 objects)
[2020.03.31-12.18.46:281][120]LogSlate: Window 'Editor Preferences' being destroyed
[2020.03.31-12.18.46:288][120]LogSlate: Window 'Editor Preferences' being destroyed
[2020.03.31-12.18.50:307][375]LogSlate: Took 0.000307 seconds to synchronously load lazily loaded font '../../../Engine/Content/Slate/Fonts/Roboto-Light.ttf' (167K)
[2020.03.31-12.18.50:345][375]Running D:/ProgramFiles/Fortnite/UE_4.24/Engine/Binaries/DotNET/UnrealBuildTool.exe  -projectfiles -project="D:/Documents/GitHub/FlowerGame/FlowerGame/FlowerGame.uproject" -game -rocket -progress
[2020.03.31-12.18.50:964][375]Discovering modules, targets and source code for project...
[2020.03.31-12.18.57:201][375]Binding IntelliSense data...
[2020.03.31-12.19.01:749][375]Binding IntelliSense data... 100%
[2020.03.31-12.19.01:749][375]Writing project files...
[2020.03.31-12.19.01:850][375]Writing project files... 100%
[2020.03.31-12.37.09:554][647]Running D:/ProgramFiles/Fortnite/UE_4.24/Engine/Binaries/DotNET/UnrealBuildTool.exe  -projectfiles -project="D:/Documents/GitHub/FlowerGame/FlowerGame/FlowerGame.uproject" -game -rocket -progress
[2020.03.31-12.37.14:178][647]Discovering modules, targets and source code for project...
[2020.03.31-12.38.14:162][647]Binding IntelliSense data...
[2020.03.31-12.38.20:122][647]Binding IntelliSense data... 100%
[2020.03.31-12.38.20:122][647]Writing project files...
[2020.03.31-12.38.20:325][647]Writing project files... 100%
[2020.03.31-12.38.24:747][836]LogAIModule: Creating AISystem for world TestMap
[2020.03.31-12.38.24:983][836]LogAssetEditorSubsystem: Opening Asset editor for World /Game/MobileStarterContent/Maps/TestMap.TestMap
[2020.03.31-12.38.25:242][836]LogUObjectHash: Compacting FUObjectHashTables data took   2.66ms
[2020.03.31-12.38.25:296][836]Cmd: MAP LOAD FILE="../../../../../../Documents/GitHub/FlowerGame/FlowerGame/Content/MobileStarterContent/Maps/TestMap.umap" TEMPLATE=0 SHOWPROGRESS=1 FEATURELEVEL=3
[2020.03.31-12.38.25:297][836]LightingResults: New page: Lighting Build
[2020.03.31-12.38.25:298][836]LoadErrors: New page: Loading map: TestMap.umap
[2020.03.31-12.38.25:356][836]LogWorld: UWorld::CleanupWorld for Minimal_Default, bSessionEnded=true, bCleanupResources=true
[2020.03.31-12.38.25:361][836]LogSlate: InvalidateAllWidgets triggered.  All widgets were invalidated
[2020.03.31-12.38.25:374][836]MapCheck: New page: Map Check
[2020.03.31-12.38.25:374][836]LightingResults: New page: Lighting Build
[2020.03.31-12.38.25:651][836]LogUObjectHash: Compacting FUObjectHashTables data took   2.84ms
[2020.03.31-12.38.26:338][836]LogEditorServer: Finished looking for orphan Actors (0.000 secs)
[2020.03.31-12.38.26:488][836]LogUObjectHash: Compacting FUObjectHashTables data took   2.96ms
[2020.03.31-12.38.26:538][836]Cmd: MAP CHECKDEP NOCLEARLOG
[2020.03.31-12.38.26:540][836]MapCheck: Map check complete: 0 Error(s), 0 Warning(s), took 1,877ms to complete.
[2020.03.31-12.38.26:540][836]LogFileHelpers: Loading map 'TestMap' took 1.271
[2020.03.31-12.41.24:828][705]Candidate modules for hot reload:
[2020.03.31-12.41.24:828][705]  FlowerGame
[2020.03.31-12.41.24:828][705]Launching UnrealBuildTool... [D:/ProgramFiles/Fortnite/UE_4.24/Engine/Binaries/DotNET/UnrealBuildTool.exe  -ModuleWithSuffix=FlowerGame,5739 Win64 Development -TargetType=Editor -Project="D:/Documents/GitHub/FlowerGame/FlowerGame/FlowerGame.uproject" "D:/Documents/GitHub/FlowerGame/FlowerGame/FlowerGame.uproject"  -IgnoreJunk]
[2020.03.31-12.41.24:890][705]Warning: Starting HotReload took  0.3s.
[2020.03.31-12.42.57:157][565]LogEditorViewport: Clicking on Actor (LMB): BP_CaseDefault_C (BP_CaseDefault)
[2020.03.31-12.43.11:298][ 21]Cmd: DELETE
[2020.03.31-12.43.11:298][ 21]Cmd: ACTOR DELETE
[2020.03.31-12.43.13:325][ 21]LogEditorActor: Deleted Actor: BP_CaseDefault_C
[2020.03.31-12.43.13:715][ 21]LogUObjectHash: Compacting FUObjectHashTables data took   1.94ms
[2020.03.31-12.43.13:749][ 21]LogEditorActor: Deleted 1 Actors (0.791 secs)
[2020.03.31-12.43.21:388][376]LogAIModule: Creating AISystem for world Minimal_Default
[2020.03.31-12.43.21:637][376]LogObjectTools: Deleting 1 worlds: /Game/MobileStarterContent/Maps/Minimal_Default.Minimal_Default
[2020.03.31-12.43.21:637][376]LogObjectTools: Currently 3 active worlds: /Game/MobileStarterContent/Maps/TestMap.TestMap, /Engine/Transient.World_0, /Engine/Transient.World_1
[2020.03.31-12.43.21:715][376]LogUObjectHash: Compacting FUObjectHashTables data took   2.12ms
[2020.03.31-12.43.25:309][376]LogSlate: Window 'Delete Assets' being destroyed
[2020.03.31-12.43.25:341][376]LogWorld: UWorld::CleanupWorld for Minimal_Default, bSessionEnded=true, bCleanupResources=true
[2020.03.31-12.43.25:342][376]LogSlate: InvalidateAllWidgets triggered.  All widgets were invalidated
[2020.03.31-12.43.26:897][376]LogUObjectHash: Compacting FUObjectHashTables data took   1.89ms
[2020.03.31-12.43.26:928][376]LogUObjectHash: Compacting FUObjectHashTables data took   0.73ms
[2020.03.31-12.43.26:974][376]LogUObjectHash: Compacting FUObjectHashTables data took   1.82ms
[2020.03.31-12.43.27:003][376]LogUObjectHash: Compacting FUObjectHashTables data took   0.71ms
[2020.03.31-12.43.39:968][882]LogD3D11RHI: Timed out while waiting for GPU to catch up. (0.5 s) (ErrorCode 00000001)
[2020.03.31-12.48.32:845][701]LogUObjectHash: Compacting FUObjectHashTables data took   2.22ms
[2020.03.31-12.49.51:932][701]LogSavePackage: Moving '../../../../../../Documents/GitHub/FlowerGame/FlowerGame/Saved/TestMap_Auto12070505E46F37A65B26F8583B9B1093A.tmp' to '../../../../../../Documents/GitHub/FlowerGame/FlowerGame/Saved/Autosaves/Game/MobileStarterContent/Maps/TestMap_Auto1.umap'
[2020.03.31-12.49.55:820][701]LogFileHelpers: Editor autosave (incl. sublevels) for '/Game/MobileStarterContent/Maps/TestMap' took 83.105
[2020.03.31-12.49.55:821][701]LogFileHelpers: Editor autosave (incl. sublevels) for all levels took 83.105
[2020.03.31-12.50.37:800][827]LogD3D11RHI: Timed out while waiting for GPU to catch up. (0.5 s) (ErrorCode 00000001)
[2020.03.31-12.50.38:299][827]LogD3D11RHI: Timed out while waiting for GPU to catch up. (0.5 s) (ErrorCode 00000001)
[2020.03.31-12.50.38:803][828]LogD3D11RHI: Timed out while waiting for GPU to catch up. (0.5 s) (ErrorCode 00000001)
[2020.03.31-12.50.39:304][828]LogD3D11RHI: Timed out while waiting for GPU to catch up. (0.5 s) (ErrorCode 00000001)
[2020.03.31-12.50.40:674][829]LogD3D11RHI: Timed out while waiting for GPU to catch up. (0.5 s) (ErrorCode 00000001)
[2020.03.31-12.50.41:174][829]LogD3D11RHI: Timed out while waiting for GPU to catch up. (0.5 s) (ErrorCode 00000001)
[2020.03.31-12.50.41:853][830]LogRendererCore: Warning: Query 'SlateUI' not ready.
[2020.03.31-13.01.05:798][687]LogD3D11RHI: Timed out while waiting for GPU to catch up. (0.5 s) (ErrorCode 00000001)
[2020.03.31-13.07.36:663][198]CompilerResultsLog: New page: Compilation - 31 mars 2020 à 17:07:36
[2020.03.31-13.07.36:805][198]CompilerResultsLog: Using 'git status' to determine working set for adaptive non-unity build (D:\Documents\GitHub\FlowerGame).
[2020.03.31-13.07.36:823][198]CompilerResultsLog: Creating makefile for FlowerGameEditor (no existing makefile)
[2020.03.31-13.07.36:823][198]CompilerResultsLog: Parsing headers for FlowerGameEditor
[2020.03.31-13.07.36:823][198]CompilerResultsLog:   Running UnrealHeaderTool "D:\Documents\GitHub\FlowerGame\FlowerGame\FlowerGame.uproject" "D:\Documents\GitHub\FlowerGame\FlowerGame\Intermediate\Build\Win64\FlowerGameEditor\Development\FlowerGameEditor.uhtmanifest" -LogCmds="loginit warning, logexit warning, logdatabase error" -Unattended -WarningsAsErrors -installed
[2020.03.31-13.07.36:850][198]CompilerResultsLog: Reflection code generated for FlowerGameEditor in 88,9933354 seconds
[2020.03.31-13.07.36:850][198]CompilerResultsLog: Building FlowerGameEditor...
[2020.03.31-13.07.36:850][198]CompilerResultsLog: Using Visual Studio 2019 14.24.28316 toolchain (C:\Program Files (x86)\Microsoft Visual Studio\2019\Community\VC\Tools\MSVC\14.24.28314) and Windows 10.0.18362.0 SDK (C:\Program Files (x86)\Windows Kits\10).
[2020.03.31-13.07.36:850][198]CompilerResultsLog: Building 8 actions with 4 processes...
[2020.03.31-13.07.36:850][198]CompilerResultsLog:   [1/8] FlowerGame.init.gen.cpp
[2020.03.31-13.07.36:850][198]CompilerResultsLog:   [2/8] FlowerGameGameModeBase.cpp
[2020.03.31-13.07.36:850][198]CompilerResultsLog:   [3/8] FlowerGameCharacter.gen.cpp
[2020.03.31-13.07.36:850][198]CompilerResultsLog:   [4/8] FlowerGameCharacter.cpp
[2020.03.31-13.07.36:850][198]CompilerResultsLog:   D:\Documents\GitHub\FlowerGame\FlowerGame\Source\FlowerGame\Private\Player\FlowerGameCharacter.cpp(30): warning C4996: 'USceneComponent::RelativeRotation': This member will be made private. Please use GetRelativeRotation or SetRelativeRotation. Please update your code to the new API before upgrading to the next release, otherwise your project will no longer compile.
[2020.03.31-13.07.36:850][198]CompilerResultsLog:   D:\ProgramFiles\Fortnite\UE_4.24\Engine\Source\Runtime\Engine\Classes\Components/SceneComponent.h(159): note: voir la d?claration de 'USceneComponent::RelativeRotation'
[2020.03.31-13.07.36:871][198]CompilerResultsLog:   [5/8] FlowerGamePlayerController.cpp
[2020.03.31-13.07.36:871][198]CompilerResultsLog:   [6/8] UE4Editor-FlowerGame-5739.lib
[2020.03.31-13.07.36:871][198]CompilerResultsLog:      Cr?ation de la biblioth?que D:\Documents\GitHub\FlowerGame\FlowerGame\Intermediate\Build\Win64\UE4Editor\Development\FlowerGame\UE4Editor-FlowerGame-5739.lib et de l'objet D:\Documents\GitHub\FlowerGame\FlowerGame\Intermediate\Build\Win64\UE4Editor\Development\FlowerGame\UE4Editor-FlowerGame-5739.exp
[2020.03.31-13.07.36:871][198]CompilerResultsLog:   [7/8] UE4Editor-FlowerGame-5739.dll
[2020.03.31-13.07.36:871][198]CompilerResultsLog:      Cr?ation de la biblioth?que D:\Documents\GitHub\FlowerGame\FlowerGame\Intermediate\Build\Win64\UE4Editor\Development\FlowerGame\UE4Editor-FlowerGame-5739.suppressed.lib et de l'objet D:\Documents\GitHub\FlowerGame\FlowerGame\Intermediate\Build\Win64\UE4Editor\Development\FlowerGame\UE4Editor-FlowerGame-5739.suppressed.exp
[2020.03.31-13.07.36:871][198]CompilerResultsLog:   [8/8] FlowerGameEditor.target
[2020.03.31-13.07.36:871][198]CompilerResultsLog: Total time in Parallel executor: 1458,27 seconds
[2020.03.31-13.07.36:871][198]CompilerResultsLog: Total execution time: 1570,61 seconds
[2020.03.31-13.07.36:968][198]LogMainFrame: MainFrame: Module compiling took 1572.273 seconds
[2020.03.31-13.07.43:229][198]LogUObjectHash: Compacting FUObjectHashTables data took 330.79ms
[2020.03.31-13.07.47:334][198]LogClass: Could not find existing class FlowerGameCharacter in package /Script/FlowerGame for HotReload, assuming new class
[2020.03.31-13.07.47:602][198]LogClass: Function OnOverlapBegin is new.
[2020.03.31-13.07.47:602][198]LogClass: Function OnOverlapEnd is new.
[2020.03.31-13.07.47:999][198]LogClass: ECases HotReload.
[2020.03.31-13.07.50:263][198]LogHotReload: Re-instancing CaseDefault after hot-reload.
[2020.03.31-13.07.58:054][198]LogHotReload: Re-instancing CaseMagasin after hot-reload.
[2020.03.31-13.07.58:330][198]LogHotReload: Re-instancing FlowerGameCharacter after hot-reload.
[2020.03.31-13.07.58:512][198]LogClass: Warning: Type mismatch in Position of BP_FlowerGameCharacter_C - Previous (IntProperty) Current(StrProperty) for package:  FObjectReader
[2020.03.31-13.07.59:083][198]LogContentBrowser: Native class hierarchy updated for 'FlowerGame' in 0.2919 seconds. Added 6 classes and 7 folders.
[2020.03.31-13.07.59:173][198]Display: HotReload successful (1 functions remapped  0 scriptstructs remapped)
[2020.03.31-13.07.59:552][198]LogUObjectHash: Compacting FUObjectHashTables data took   2.37ms
[2020.03.31-13.08.00:742][198]LogContentBrowser: Native class hierarchy populated in 0.1660 seconds. Added 3023 classes and 727 folders.
[2020.03.31-13.08.00:827][198]Display: HotReload took 1596.2s.
[2020.03.31-13.08.06:636][199]LogAudioMixer: Display: Audio Buffer Underrun detected.
[2020.03.31-13.08.06:827][199]LogAudioMixer: Display: Audio Buffer Underrun detected.
[2020.03.31-13.08.11:539][391]LogTemp: Repeating last play command: Selected Viewport
[2020.03.31-13.08.12:458][391]LogBlueprintUserMessages: Early PlayInEditor Detection: Level '/Game/MobileStarterContent/Maps/TestMap.TestMap:PersistentLevel' has LevelScriptBlueprint '/Game/MobileStarterContent/Maps/TestMap.TestMap:PersistentLevel.TestMap' with GeneratedClass '/Game/MobileStarterContent/Maps/TestMap.TestMap_C' with ClassGeneratedBy '/Game/MobileStarterContent/Maps/TestMap.TestMap:PersistentLevel.TestMap'
[2020.03.31-13.08.12:670][391]LogPlayLevel: PlayLevel: No blueprints needed recompiling
[2020.03.31-13.08.12:682][391]PIE: New page: PIE session: TestMap (31 mars 2020 à 17:08:12)
[2020.03.31-13.08.13:197][391]LogOnline: OSS: Creating online subsystem instance for: NULL
[2020.03.31-13.08.13:312][391]LogOnline: OSS: TryLoadSubsystemAndSetDefault: Loaded subsystem for module [NULL]
[2020.03.31-13.08.13:543][391]LogPlayLevel: Creating play world package: /Game/MobileStarterContent/Maps/UEDPIE_0_TestMap
[2020.03.31-13.08.15:673][391]LogPlayLevel: PIE: StaticDuplicateObject took: (2.107679s)
[2020.03.31-13.08.16:385][391]LogAIModule: Creating AISystem for world TestMap
[2020.03.31-13.08.16:582][391]LogPlayLevel: PIE: World Init took: (0.908461s)
[2020.03.31-13.08.16:582][391]LogPlayLevel: PIE: Created PIE world by copying editor world from /Game/MobileStarterContent/Maps/TestMap.TestMap to /Game/MobileStarterContent/Maps/UEDPIE_0_TestMap.TestMap (3.055378s)
[2020.03.31-13.08.16:711][391]LogUObjectHash: Compacting FUObjectHashTables data took   1.82ms
[2020.03.31-13.08.16:825][391]LogAudioMixer: Display: Audio Mixer Platform Settings:
[2020.03.31-13.08.16:825][391]LogAudioMixer: Display: 	Sample Rate:						  48000
[2020.03.31-13.08.16:825][391]LogAudioMixer: Display: 	Callback Buffer Frame Size Requested: 1024
[2020.03.31-13.08.16:825][391]LogAudioMixer: Display: 	Callback Buffer Frame Size To Use:	  1024
[2020.03.31-13.08.16:825][391]LogAudioMixer: Display: 	Number of buffers to queue:			  2
[2020.03.31-13.08.16:825][391]LogAudioMixer: Display: 	Max Channels (voices):				  32
[2020.03.31-13.08.16:825][391]LogAudioMixer: Display: 	Number of Async Source Workers:		  0
[2020.03.31-13.08.16:832][391]LogAudio: Display: AudioDevice MaxSources: 32
[2020.03.31-13.08.16:936][391]LogAudio: Display: Using built-in audio occlusion.
[2020.03.31-13.08.16:936][391]LogAudioMixer: Display: Initializing audio mixer.
[2020.03.31-13.08.17:005][391]LogAudioMixer: Display: Audio Device Output Speaker Info:
[2020.03.31-13.08.17:005][391]LogAudioMixer: Display: Name: Speakers (Conexant SmartAudio HD)
[2020.03.31-13.08.17:005][391]LogAudioMixer: Display: Is Default: Yes
[2020.03.31-13.08.17:005][391]LogAudioMixer: Display: Sample Rate: 48000
[2020.03.31-13.08.17:005][391]LogAudioMixer: Display: Channel Count Used: 2
[2020.03.31-13.08.17:005][391]LogAudioMixer: Display: Device Channel Count: 2
[2020.03.31-13.08.17:005][391]LogAudioMixer: Display: Channel Order:
[2020.03.31-13.08.17:005][391]LogAudioMixer: Display: 0: FrontLeft
[2020.03.31-13.08.17:005][391]LogAudioMixer: Display: 1: FrontRight
[2020.03.31-13.08.17:225][391]LogAudioMixer: Display: Using Audio Device Speakers (Conexant SmartAudio HD)
[2020.03.31-13.08.17:510][391]LogInit: FAudioDevice initialized.
[2020.03.31-13.08.18:361][391]LogLoad: Game class is 'FlowerGameGameModeBase'
[2020.03.31-13.08.18:908][391]LogWorld: Bringing World /Game/MobileStarterContent/Maps/UEDPIE_0_TestMap.TestMap up for play (max tick rate 60) at 2020.03.31-15.08.18
[2020.03.31-13.08.18:919][391]LogWorld: Bringing up level for play took: 0.237618
[2020.03.31-13.08.19:081][391]LogOnline: OSS: Creating online subsystem instance for: :Context_3
[2020.03.31-13.08.22:601][391]LogContentBrowser: Native class hierarchy updated for 'MovieSceneCapture' in 0.0007 seconds. Added 20 classes and 0 folders.
[2020.03.31-13.08.23:376][391]LogBlueprintUserMessages: [TestMap_C_0] BP_FlowerGameCharacter
[2020.03.31-13.08.23:399][391]PIE: Play in editor start time for /Game/MobileStarterContent/Maps/UEDPIE_0_TestMap 10,706
[2020.03.31-13.08.23:985][391]LogBlueprintUserMessages: Late PlayInEditor Detection: Level '/Game/MobileStarterContent/Maps/TestMap.TestMap:PersistentLevel' has LevelScriptBlueprint '/Game/MobileStarterContent/Maps/TestMap.TestMap:PersistentLevel.TestMap' with GeneratedClass '/Game/MobileStarterContent/Maps/TestMap.TestMap_C' with ClassGeneratedBy '/Game/MobileStarterContent/Maps/TestMap.TestMap:PersistentLevel.TestMap'
[2020.03.31-13.16.58:480][830]LogAudioMixer: Display: No commands were queued while flushing the source manager.
[2020.03.31-13.16.58:480][830]LogAudioMixer: Display: No commands were queued while flushing the source manager.
[2020.03.31-13.16.58:592][830]LogBlueprintUserMessages: Early EndPlayMap Detection: Level '/Game/MobileStarterContent/Maps/TestMap.TestMap:PersistentLevel' has LevelScriptBlueprint '/Game/MobileStarterContent/Maps/TestMap.TestMap:PersistentLevel.TestMap' with GeneratedClass '/Game/MobileStarterContent/Maps/TestMap.TestMap_C' with ClassGeneratedBy '/Game/MobileStarterContent/Maps/TestMap.TestMap:PersistentLevel.TestMap'
[2020.03.31-13.16.58:618][830]LogSlate: Updating window title bar state: overlay mode, drag disabled, window buttons hidden, title bar hidden
[2020.03.31-13.16.58:618][830]LogWorld: BeginTearingDown for /Game/MobileStarterContent/Maps/UEDPIE_0_TestMap
[2020.03.31-13.16.58:649][830]LogAudioMixer: Display: No commands were queued while flushing the source manager.
[2020.03.31-13.16.58:699][830]LogWorld: UWorld::CleanupWorld for TestMap, bSessionEnded=true, bCleanupResources=true
[2020.03.31-13.16.58:719][830]LogSlate: InvalidateAllWidgets triggered.  All widgets were invalidated
[2020.03.31-13.16.58:859][830]LogPlayLevel: Display: Shutting down PIE online subsystems
[2020.03.31-13.16.58:877][830]LogBlueprintUserMessages: Late EndPlayMap Detection: Level '/Game/MobileStarterContent/Maps/TestMap.TestMap:PersistentLevel' has LevelScriptBlueprint '/Game/MobileStarterContent/Maps/TestMap.TestMap:PersistentLevel.TestMap' with GeneratedClass '/Game/MobileStarterContent/Maps/TestMap.TestMap_C' with ClassGeneratedBy '/Game/MobileStarterContent/Maps/TestMap.TestMap:PersistentLevel.TestMap'
[2020.03.31-13.16.58:889][830]LogSlate: InvalidateAllWidgets triggered.  All widgets were invalidated
[2020.03.31-13.16.58:979][830]LogAudioMixer: Display: No commands were queued while flushing the source manager.
