Log file open, 07/09/20 11:52:20
LogInit: Display: Running engine for game: FlowerGame
LogPlatformFile: Not using cached read wrapper
LogTaskGraph: Started task graph with 5 named threads and 11 total threads with 3 sets of task threads.
LogStats: Stats thread started at 0.161705
LogD3D11RHI: Loaded GFSDK_Aftermath_Lib.x64.dll
LogICUInternationalization: ICU TimeZone Detection - Raw Offset: +1:00, Platform Override: ''
LogPluginManager: Mounting plugin Paper2D
LogPluginManager: Mounting plugin AISupport
LogPluginManager: Mounting plugin LightPropagationVolume
LogPluginManager: Mounting plugin CameraShakePreviewer
LogPluginManager: Mounting plugin ActorLayerUtilities
LogPluginManager: Mounting plugin AnimationSharing
LogPluginManager: Mounting plugin CLionSourceCodeAccess
LogPluginManager: Mounting plugin CodeLiteSourceCodeAccess
LogPluginManager: Mounting plugin GitSourceControl
LogPluginManager: Mounting plugin KDevelopSourceCodeAccess
LogPluginManager: Mounting plugin NullSourceCodeAccess
LogPluginManager: Mounting plugin PerforceSourceControl
LogPluginManager: Mounting plugin PlasticSourceControl
LogPluginManager: Mounting plugin RiderSourceCodeAccess
LogPluginManager: Mounting plugin SubversionSourceControl
LogPluginManager: Mounting plugin UObjectPlugin
LogPluginManager: Mounting plugin VisualStudioCodeSourceCodeAccess
LogPluginManager: Mounting plugin VisualStudioSourceCodeAccess
LogPluginManager: Mounting plugin XCodeSourceCodeAccess
LogPluginManager: Mounting plugin AssetManagerEditor
LogPluginManager: Mounting plugin CryptoKeys
LogPluginManager: Mounting plugin CurveEditorTools
LogPluginManager: Mounting plugin DataValidation
LogPluginManager: Mounting plugin EditorScriptingUtilities
LogPluginManager: Mounting plugin FacialAnimation
LogPluginManager: Mounting plugin GameplayTagsEditor
LogPluginManager: Mounting plugin GeometryMode
LogPluginManager: Mounting plugin MacGraphicsSwitching
LogPluginManager: Mounting plugin MaterialAnalyzer
LogPluginManager: Mounting plugin MobileLauncherProfileWizard
LogPluginManager: Mounting plugin PluginBrowser
LogPluginManager: Mounting plugin SpeedTreeImporter
LogPluginManager: Mounting plugin DatasmithContent
LogPluginManager: Mounting plugin VariantManagerContent
LogPluginManager: Mounting plugin AlembicImporter
LogPluginManager: Mounting plugin AutomationUtils
LogPluginManager: Mounting plugin BackChannel
LogPluginManager: Mounting plugin ChaosCloth
LogPluginManager: Mounting plugin ChaosClothEditor
LogPluginManager: Mounting plugin ChaosEditor
LogPluginManager: Mounting plugin ChaosNiagara
LogPluginManager: Mounting plugin ChaosSolverPlugin
LogPluginManager: Mounting plugin CharacterAI
LogPluginManager: Mounting plugin GeometryCache
LogPluginManager: Mounting plugin GeometryCollectionPlugin
LogPluginManager: Mounting plugin GeometryProcessing
LogPluginManager: Mounting plugin PlanarCut
LogPluginManager: Mounting plugin PlatformCrypto
LogPluginManager: Mounting plugin ProxyLODPlugin
LogPluginManager: Mounting plugin SkeletalReduction
LogPluginManager: Mounting plugin Niagara
LogPluginManager: Mounting plugin MagicLeap
LogPluginManager: Mounting plugin MagicLeapLightEstimation
LogPluginManager: Mounting plugin MagicLeapMedia
LogPluginManager: Mounting plugin MagicLeapPassableWorld
LogPluginManager: Mounting plugin MLSDK
LogPluginManager: Mounting plugin AndroidMedia
LogPluginManager: Mounting plugin AvfMedia
LogPluginManager: Mounting plugin ImgMedia
LogPluginManager: Mounting plugin MediaCompositing
LogPluginManager: Mounting plugin MediaPlayerEditor
LogPluginManager: Mounting plugin WebMMedia
LogPluginManager: Mounting plugin WmfMedia
LogPluginManager: Mounting plugin MeshPainting
LogPluginManager: Mounting plugin TcpMessaging
LogPluginManager: Mounting plugin UdpMessaging
LogPluginManager: Mounting plugin ActorSequence
LogPluginManager: Mounting plugin LevelSequenceEditor
LogPluginManager: Mounting plugin MatineeToLevelSequence
LogPluginManager: Mounting plugin MovieRenderPipeline
LogPluginManager: Mounting plugin TemplateSequence
LogPluginManager: Mounting plugin NetcodeUnitTest
LogPluginManager: Mounting plugin NUTUnrealEngine4
LogPluginManager: Mounting plugin OnlineSubsystemGooglePlay
LogPluginManager: Mounting plugin OnlineSubsystemIOS
LogPluginManager: Mounting plugin OnlineSubsystem
LogPluginManager: Mounting plugin OnlineSubsystemNull
LogPluginManager: Mounting plugin OnlineSubsystemUtils
LogPluginManager: Mounting plugin LauncherChunkInstaller
LogPluginManager: Mounting plugin AndroidDeviceProfileSelector
LogPluginManager: Mounting plugin AndroidMoviePlayer
LogPluginManager: Mounting plugin AndroidPermission
LogPluginManager: Mounting plugin AppleImageUtils
LogPluginManager: Mounting plugin AppleMoviePlayer
LogPluginManager: Mounting plugin ArchVisCharacter
LogPluginManager: Mounting plugin AssetTags
LogPluginManager: Mounting plugin AudioCapture
LogPluginManager: Mounting plugin CableComponent
LogPluginManager: Mounting plugin CustomMeshComponent
LogPluginManager: Mounting plugin EditableMesh
LogPluginManager: Mounting plugin ExampleDeviceProfileSelector
LogPluginManager: Mounting plugin GoogleCloudMessaging
LogPluginManager: Mounting plugin GooglePAD
LogPluginManager: Mounting plugin IOSDeviceProfileSelector
LogPluginManager: Mounting plugin LinuxDeviceProfileSelector
LogPluginManager: Mounting plugin LocationServicesBPLibrary
LogPluginManager: Mounting plugin MobilePatchingUtils
LogPluginManager: Mounting plugin OculusVR
LogPluginManager: Mounting plugin PhysXVehicles
LogPluginManager: Mounting plugin PostSplashScreen
LogPluginManager: Mounting plugin ProceduralMeshComponent
LogPluginManager: Mounting plugin RuntimePhysXCooking
LogPluginManager: Mounting plugin SignificanceManager
LogPluginManager: Mounting plugin SoundFields
LogPluginManager: Mounting plugin SteamVR
LogPluginManager: Mounting plugin Synthesis
LogPluginManager: Mounting plugin WebMMoviePlayer
LogPluginManager: Mounting plugin WindowsMoviePlayer
LogPluginManager: Mounting plugin ScreenshotTools
LogInit: Using libcurl 7.55.1-DEV
LogInit:  - built for x86_64-pc-win32
LogInit:  - supports SSL with OpenSSL/1.1.1
LogInit:  - supports HTTP deflate (compression) using libz 1.2.8
LogInit:  - other features:
LogInit:      CURL_VERSION_SSL
LogInit:      CURL_VERSION_LIBZ
LogInit:      CURL_VERSION_IPV6
LogInit:      CURL_VERSION_ASYNCHDNS
LogInit:      CURL_VERSION_LARGEFILE
LogInit:      CURL_VERSION_IDN
LogInit:  CurlRequestOptions (configurable via config and command line):
LogInit:  - bVerifyPeer = true  - Libcurl will verify peer certificate
LogInit:  - bUseHttpProxy = false  - Libcurl will NOT use HTTP proxy
LogInit:  - bDontReuseConnections = false  - Libcurl will reuse connections
LogInit:  - MaxHostConnections = 16  - Libcurl will limit the number of connections to a host
LogInit:  - LocalHostAddr = Default
LogInit:  - BufferSize = 65536
LogOnline: OSS: Creating online subsystem instance for: NULL
LogInit: WinSock: version 1.1 (2.2), MaxSocks=32767, MaxUdp=65467
LogOnline: OSS: TryLoadSubsystemAndSetDefault: Loaded subsystem for module [NULL]
LogInit: Build: ++UE4+Release-4.25-CL-13144385
LogInit: Engine Version: 4.25.0-13144385+++UE4+Release-4.25
LogInit: Compatible Engine Version: 4.25.0-13144385+++UE4+Release-4.25
LogInit: Net CL: 13144385
LogInit: OS: Windows 10 (Release 1709) (), CPU: Intel(R) Core(TM) i7-6600U CPU @ 2.60GHz, GPU: Intel(R) HD Graphics 520
LogInit: Compiled (64-bit): May  2 2020 02:12:11
LogInit: Compiled with Visual C++: 19.24.28315.00
LogInit: Build Configuration: Development
LogInit: Branch Name: ++UE4+Release-4.25
LogInit: Command Line: 
LogInit: Base Directory: C:/Program Files (x86)/Epic Games/UE_4.25/Engine/Binaries/Win64/
LogInit: Allocator: TBB
LogInit: Installed Engine Build: 1
LogDevObjectVersion: Number of dev versions registered: 26
LogDevObjectVersion:   Dev-Blueprints (B0D832E4-1F89-4F0D-ACCF-7EB736FD4AA2): 10
LogDevObjectVersion:   Dev-Build (E1C64328-A22C-4D53-A36C-8E866417BD8C): 0
LogDevObjectVersion:   Dev-Core (375EC13C-06E4-48FB-B500-84F0262A717E): 4
LogDevObjectVersion:   Dev-Editor (E4B068ED-F494-42E9-A231-DA0B2E46BB41): 38
LogDevObjectVersion:   Dev-Framework (CFFC743F-43B0-4480-9391-14DF171D2073): 37
LogDevObjectVersion:   Dev-Mobile (B02B49B5-BB20-44E9-A304-32B752E40360): 2
LogDevObjectVersion:   Dev-Networking (A4E4105C-59A1-49B5-A7C5-40C4547EDFEE): 0
LogDevObjectVersion:   Dev-Online (39C831C9-5AE6-47DC-9A44-9C173E1C8E7C): 0
LogDevObjectVersion:   Dev-Physics (78F01B33-EBEA-4F98-B9B4-84EACCB95AA2): 4
LogDevObjectVersion:   Dev-Platform (6631380F-2D4D-43E0-8009-CF276956A95A): 0
LogDevObjectVersion:   Dev-Rendering (12F88B9F-8875-4AFC-A67C-D90C383ABD29): 43
LogDevObjectVersion:   Dev-Sequencer (7B5AE74C-D270-4C10-A958-57980B212A5A): 12
LogDevObjectVersion:   Dev-VR (D7296918-1DD6-4BDD-9DE2-64A83CC13884): 3
LogDevObjectVersion:   Dev-LoadTimes (C2A15278-BFE7-4AFE-6C17-90FF531DF755): 1
LogDevObjectVersion:   Private-Geometry (6EACA3D4-40EC-4CC1-B786-8BED09428FC5): 3
LogDevObjectVersion:   Dev-AnimPhys (29E575DD-E0A3-4627-9D10-D276232CDCEA): 17
LogDevObjectVersion:   Dev-Anim (AF43A65D-7FD3-4947-9873-3E8ED9C1BB05): 7
LogDevObjectVersion:   Dev-ReflectionCapture (6B266CEC-1EC7-4B8F-A30B-E4D90942FC07): 1
LogDevObjectVersion:   Dev-Automation (0DF73D61-A23F-47EA-B727-89E90C41499A): 1
LogDevObjectVersion:   FortniteMain (601D1886-AC64-4F84-AA16-D3DE0DEAC7D6): 31
LogDevObjectVersion:   Dev-Enterprise (9DFFBCD6-494F-0158-E221-12823C92A888): 10
LogDevObjectVersion:   Dev-Niagara (F2AED0AC-9AFE-416F-8664-AA7FFA26D6FC): 1
LogDevObjectVersion:   Dev-Destruction (174F1F0B-B4C6-45A5-B13F-2EE8D0FB917D): 10
LogDevObjectVersion:   Dev-Physics-Ext (35F94A83-E258-406C-A318-09F59610247C): 37
LogDevObjectVersion:   Dev-PhysicsMaterial-Chaos (B68FC16E-8B1B-42E2-B453-215C058844FE): 1
LogDevObjectVersion:   Dev-CineCamera (B2E18506-4273-CFC2-A54E-F4BB758BBA07): 1
LogInit: Presizing for max 25165824 objects, including 0 objects not considered by GC, pre-allocating 0 bytes for permanent pool.
LogConfig: Applying CVar settings from Section [/Script/Engine.StreamingSettings] File [C:/Users/a021694/Documents/GitHub/FlowerGame/FlowerGame4.25/Saved/Config/Windows/Engine.ini]
LogConfig: Setting CVar [[s.MinBulkDataSizeForAsyncLoading:131072]]
LogConfig: Setting CVar [[s.AsyncLoadingThreadEnabled:0]]
LogConfig: Setting CVar [[s.EventDrivenLoaderEnabled:1]]
LogConfig: Setting CVar [[s.WarnIfTimeLimitExceeded:0]]
LogConfig: Setting CVar [[s.TimeLimitExceededMultiplier:1.5]]
LogConfig: Setting CVar [[s.TimeLimitExceededMinTime:0.005]]
LogConfig: Setting CVar [[s.UseBackgroundLevelStreaming:1]]
LogConfig: Setting CVar [[s.PriorityAsyncLoadingExtraTime:15.0]]
LogConfig: Setting CVar [[s.LevelStreamingActorsUpdateTimeLimit:5.0]]
LogConfig: Setting CVar [[s.PriorityLevelStreamingActorsUpdateExtraTime:5.0]]
LogConfig: Setting CVar [[s.LevelStreamingComponentsRegistrationGranularity:10]]
LogConfig: Setting CVar [[s.UnregisterComponentsTimeLimit:1.0]]
LogConfig: Setting CVar [[s.LevelStreamingComponentsUnregistrationGranularity:5]]
LogConfig: Setting CVar [[s.FlushStreamingOnExit:1]]
LogInit: Object subsystem initialized
LogConfig: Setting CVar [[con.DebugEarlyDefault:1]]
LogConfig: Setting CVar [[r.setres:1280x720]]
[2020.07.09-09.52.21:373][  0]LogConfig: Setting CVar [[r.VSync:0]]
[2020.07.09-09.52.21:373][  0]LogConfig: Setting CVar [[r.RHICmdBypass:0]]
[2020.07.09-09.52.21:373][  0]LogConfig: Applying CVar settings from Section [/Script/Engine.RendererSettings] File [C:/Users/a021694/Documents/GitHub/FlowerGame/FlowerGame4.25/Saved/Config/Windows/Engine.ini]
[2020.07.09-09.52.21:374][  0]LogConfig: Setting CVar [[r.GPUCrashDebugging:0]]
[2020.07.09-09.52.21:374][  0]LogConfig: Setting CVar [[r.MobileHDR:1]]
[2020.07.09-09.52.21:374][  0]LogConfig: Setting CVar [[r.Mobile.DisableVertexFog:1]]
[2020.07.09-09.52.21:374][  0]LogConfig: Setting CVar [[r.Shadow.CSM.MaxMobileCascades:2]]
[2020.07.09-09.52.21:374][  0]LogConfig: Setting CVar [[r.MobileMSAA:1]]
[2020.07.09-09.52.21:374][  0]LogConfig: Setting CVar [[r.Mobile.UseLegacyShadingModel:0]]
[2020.07.09-09.52.21:374][  0]LogConfig: Setting CVar [[r.Mobile.UseHWsRGBEncoding:0]]
[2020.07.09-09.52.21:374][  0]LogConfig: Setting CVar [[r.Mobile.AllowDitheredLODTransition:0]]
[2020.07.09-09.52.21:374][  0]LogConfig: Setting CVar [[r.Mobile.AllowSoftwareOcclusion:0]]
[2020.07.09-09.52.21:374][  0]LogConfig: Setting CVar [[r.DiscardUnusedQuality:0]]
[2020.07.09-09.52.21:374][  0]LogConfig: Setting CVar [[r.AllowOcclusionQueries:1]]
[2020.07.09-09.52.21:374][  0]LogConfig: Setting CVar [[r.MinScreenRadiusForLights:0.030000]]
[2020.07.09-09.52.21:374][  0]LogConfig: Setting CVar [[r.MinScreenRadiusForDepthPrepass:0.030000]]
[2020.07.09-09.52.21:374][  0]LogConfig: Setting CVar [[r.MinScreenRadiusForCSMDepth:0.010000]]
[2020.07.09-09.52.21:374][  0]LogConfig: Setting CVar [[r.PrecomputedVisibilityWarning:0]]
[2020.07.09-09.52.21:374][  0]LogConfig: Setting CVar [[r.TextureStreaming:1]]
[2020.07.09-09.52.21:374][  0]LogConfig: Setting CVar [[Compat.UseDXT5NormalMaps:0]]
[2020.07.09-09.52.21:374][  0]LogConfig: Setting CVar [[r.VirtualTextures:0]]
[2020.07.09-09.52.21:374][  0]LogConfig: Setting CVar [[r.VirtualTexturedLightmaps:0]]
[2020.07.09-09.52.21:374][  0]LogConfig: Setting CVar [[r.VT.TileSize:128]]
[2020.07.09-09.52.21:374][  0]LogConfig: Setting CVar [[r.VT.TileBorderSize:4]]
[2020.07.09-09.52.21:374][  0]LogConfig: Setting CVar [[r.vt.FeedbackFactor:16]]
[2020.07.09-09.52.21:374][  0]LogConfig: Setting CVar [[r.VT.EnableCompressZlib:1]]
[2020.07.09-09.52.21:374][  0]LogConfig: Setting CVar [[r.VT.EnableCompressCrunch:0]]
[2020.07.09-09.52.21:374][  0]LogConfig: Setting CVar [[r.ClearCoatNormal:0]]
[2020.07.09-09.52.21:374][  0]LogConfig: Setting CVar [[r.ReflectionCaptureResolution:128]]
[2020.07.09-09.52.21:374][  0]LogConfig: Setting CVar [[r.ReflectionEnvironmentLightmapMixBasedOnRoughness:1]]
[2020.07.09-09.52.21:374][  0]LogConfig: Setting CVar [[r.ForwardShading:0]]
[2020.07.09-09.52.21:374][  0]LogConfig: Setting CVar [[r.VertexFoggingForOpaque:1]]
[2020.07.09-09.52.21:374][  0]LogConfig: Setting CVar [[r.AllowStaticLighting:1]]
[2020.07.09-09.52.21:374][  0]LogConfig: Setting CVar [[r.NormalMapsForStaticLighting:0]]
[2020.07.09-09.52.21:374][  0]LogConfig: Setting CVar [[r.GenerateMeshDistanceFields:0]]
[2020.07.09-09.52.21:374][  0]LogConfig: Setting CVar [[r.DistanceFieldBuild.EightBit:0]]
[2020.07.09-09.52.21:374][  0]LogConfig: Setting CVar [[r.GenerateLandscapeGIData:0]]
[2020.07.09-09.52.21:374][  0]LogConfig: Setting CVar [[r.DistanceFieldBuild.Compress:0]]
[2020.07.09-09.52.21:374][  0]LogConfig: Setting CVar [[r.TessellationAdaptivePixelsPerTriangle:48.000000]]
[2020.07.09-09.52.21:374][  0]LogConfig: Setting CVar [[r.SeparateTranslucency:0]]
[2020.07.09-09.52.21:374][  0]LogConfig: Setting CVar [[r.TranslucentSortPolicy:0]]
[2020.07.09-09.52.21:374][  0]LogConfig: Setting CVar [[r.CustomDepth:1]]
[2020.07.09-09.52.21:374][  0]LogConfig: Setting CVar [[r.CustomDepthTemporalAAJitter:1]]
[2020.07.09-09.52.21:374][  0]LogConfig: Setting CVar [[r.PostProcessing.PropagateAlpha:0]]
[2020.07.09-09.52.21:374][  0]LogConfig: Setting CVar [[r.DefaultFeature.Bloom:1]]
[2020.07.09-09.52.21:374][  0]LogConfig: Setting CVar [[r.DefaultFeature.AmbientOcclusion:0]]
[2020.07.09-09.52.21:374][  0]LogConfig: Setting CVar [[r.DefaultFeature.AmbientOcclusionStaticFraction:1]]
[2020.07.09-09.52.21:374][  0]LogConfig: Setting CVar [[r.DefaultFeature.AutoExposure:0]]
[2020.07.09-09.52.21:374][  0]LogConfig: Setting CVar [[r.DefaultFeature.AutoExposure.Method:0]]
[2020.07.09-09.52.21:374][  0]LogConfig: Setting CVar [[r.DefaultFeature.AutoExposure.ExtendDefaultLuminanceRange:0]]
[2020.07.09-09.52.21:374][  0]LogConfig: Setting CVar [[r.UsePreExposure:1]]
[2020.07.09-09.52.21:374][  0]LogConfig: Setting CVar [[r.EyeAdaptation.EditorOnly:1]]
[2020.07.09-09.52.21:374][  0]LogConfig: Setting CVar [[r.DefaultFeature.MotionBlur:0]]
[2020.07.09-09.52.21:374][  0]LogConfig: Setting CVar [[r.DefaultFeature.LensFlare:0]]
[2020.07.09-09.52.21:374][  0]LogConfig: Setting CVar [[r.TemporalAA.Upsampling:0]]
[2020.07.09-09.52.21:374][  0]LogConfig: Setting CVar [[r.SSGI.Enable:0]]
[2020.07.09-09.52.21:374][  0]LogConfig: Setting CVar [[r.DefaultFeature.AntiAliasing:0]]
[2020.07.09-09.52.21:374][  0]LogConfig: Setting CVar [[r.DefaultFeature.LightUnits:1]]
[2020.07.09-09.52.21:375][  0]LogConfig: Setting CVar [[r.DefaultBackBufferPixelFormat:4]]
[2020.07.09-09.52.21:375][  0]LogConfig: Setting CVar [[r.Shadow.UnbuiltPreviewInGame:1]]
[2020.07.09-09.52.21:375][  0]LogConfig: Setting CVar [[r.StencilForLODDither:0]]
[2020.07.09-09.52.21:375][  0]LogConfig: Setting CVar [[r.EarlyZPass:3]]
[2020.07.09-09.52.21:375][  0]LogConfig: Setting CVar [[r.EarlyZPassOnlyMaterialMasking:0]]
[2020.07.09-09.52.21:375][  0]LogConfig: Setting CVar [[r.DBuffer:1]]
[2020.07.09-09.52.21:375][  0]LogConfig: Setting CVar [[r.ClearSceneMethod:1]]
[2020.07.09-09.52.21:375][  0]LogConfig: Setting CVar [[r.BasePassOutputsVelocity:0]]
[2020.07.09-09.52.21:375][  0]LogConfig: Setting CVar [[r.SelectiveBasePassOutputs:0]]
[2020.07.09-09.52.21:375][  0]LogConfig: Setting CVar [[fx.GPUSimulationTextureSizeX:1024]]
[2020.07.09-09.52.21:375][  0]LogConfig: Setting CVar [[fx.GPUSimulationTextureSizeY:1024]]
[2020.07.09-09.52.21:375][  0]LogConfig: Setting CVar [[r.AllowGlobalClipPlane:0]]
[2020.07.09-09.52.21:375][  0]LogConfig: Setting CVar [[r.GBufferFormat:1]]
[2020.07.09-09.52.21:375][  0]LogConfig: Setting CVar [[r.MorphTarget.Mode:1]]
[2020.07.09-09.52.21:375][  0]LogConfig: Setting CVar [[vr.InstancedStereo:0]]
[2020.07.09-09.52.21:375][  0]LogConfig: Setting CVar [[vr.MobileMultiView:0]]
[2020.07.09-09.52.21:375][  0]LogConfig: Setting CVar [[vr.RoundRobinOcclusion:0]]
[2020.07.09-09.52.21:375][  0]LogConfig: Setting CVar [[vr.ODSCapture:0]]
[2020.07.09-09.52.21:375][  0]LogConfig: Setting CVar [[r.WireframeCullThreshold:5.000000]]
[2020.07.09-09.52.21:375][  0]LogConfig: Setting CVar [[r.RayTracing:0]]
[2020.07.09-09.52.21:375][  0]LogConfig: Setting CVar [[r.RayTracing.UseTextureLod:0]]
[2020.07.09-09.52.21:375][  0]LogConfig: Setting CVar [[r.SupportStationarySkylight:1]]
[2020.07.09-09.52.21:375][  0]LogConfig: Setting CVar [[r.SupportLowQualityLightmaps:1]]
[2020.07.09-09.52.21:375][  0]LogConfig: Setting CVar [[r.SupportPointLightWholeSceneShadows:1]]
[2020.07.09-09.52.21:375][  0]LogConfig: Setting CVar [[r.SupportAtmosphericFog:1]]
[2020.07.09-09.52.21:375][  0]LogConfig: Setting CVar [[r.SupportSkyAtmosphere:1]]
[2020.07.09-09.52.21:375][  0]LogConfig: Setting CVar [[r.SupportSkyAtmosphereAffectsHeightFog:0]]
[2020.07.09-09.52.21:375][  0]LogConfig: Setting CVar [[r.SkinCache.CompileShaders:0]]
[2020.07.09-09.52.21:375][  0]LogConfig: Setting CVar [[r.Mobile.EnableStaticAndCSMShadowReceivers:1]]
[2020.07.09-09.52.21:375][  0]LogConfig: Setting CVar [[r.Mobile.EnableMovableLightCSMShaderCulling:1]]
[2020.07.09-09.52.21:375][  0]LogConfig: Setting CVar [[r.Mobile.AllowDistanceFieldShadows:1]]
[2020.07.09-09.52.21:375][  0]LogConfig: Setting CVar [[r.Mobile.AllowMovableDirectionalLights:1]]
[2020.07.09-09.52.21:375][  0]LogConfig: Setting CVar [[r.MobileNumDynamicPointLights:4]]
[2020.07.09-09.52.21:375][  0]LogConfig: Setting CVar [[r.MobileDynamicPointLightsUseStaticBranch:1]]
[2020.07.09-09.52.21:375][  0]LogConfig: Setting CVar [[r.Mobile.EnableMovableSpotlights:0]]
[2020.07.09-09.52.21:375][  0]LogConfig: Setting CVar [[r.SkinCache.SceneMemoryLimitInMB:128.000000]]
[2020.07.09-09.52.21:375][  0]LogConfig: Setting CVar [[r.GPUSkin.Limit2BoneInfluences:0]]
[2020.07.09-09.52.21:375][  0]LogConfig: Setting CVar [[r.SupportDepthOnlyIndexBuffers:1]]
[2020.07.09-09.52.21:375][  0]LogConfig: Setting CVar [[r.SupportReversedIndexBuffers:1]]
[2020.07.09-09.52.21:375][  0]LogConfig: Setting CVar [[r.SupportMaterialLayers:0]]
[2020.07.09-09.52.21:375][  0]LogConfig: Setting CVar [[r.LightPropagationVolume:0]]
[2020.07.09-09.52.21:375][  0]LogConfig: Applying CVar settings from Section [/Script/Engine.RendererOverrideSettings] File [C:/Users/a021694/Documents/GitHub/FlowerGame/FlowerGame4.25/Saved/Config/Windows/Engine.ini]
[2020.07.09-09.52.21:375][  0]LogConfig: Applying CVar settings from Section [/Script/Engine.StreamingSettings] File [C:/Users/a021694/Documents/GitHub/FlowerGame/FlowerGame4.25/Saved/Config/Windows/Engine.ini]
[2020.07.09-09.52.21:375][  0]LogConfig: Setting CVar [[s.MinBulkDataSizeForAsyncLoading:131072]]
[2020.07.09-09.52.21:375][  0]LogConfig: Setting CVar [[s.AsyncLoadingThreadEnabled:0]]
[2020.07.09-09.52.21:375][  0]LogConfig: Setting CVar [[s.EventDrivenLoaderEnabled:1]]
[2020.07.09-09.52.21:375][  0]LogConfig: Setting CVar [[s.WarnIfTimeLimitExceeded:0]]
[2020.07.09-09.52.21:375][  0]LogConfig: Setting CVar [[s.TimeLimitExceededMultiplier:1.5]]
[2020.07.09-09.52.21:375][  0]LogConfig: Setting CVar [[s.TimeLimitExceededMinTime:0.005]]
[2020.07.09-09.52.21:375][  0]LogConfig: Setting CVar [[s.UseBackgroundLevelStreaming:1]]
[2020.07.09-09.52.21:375][  0]LogConfig: Setting CVar [[s.PriorityAsyncLoadingExtraTime:15.0]]
[2020.07.09-09.52.21:375][  0]LogConfig: Setting CVar [[s.LevelStreamingActorsUpdateTimeLimit:5.0]]
[2020.07.09-09.52.21:376][  0]LogConfig: Setting CVar [[s.PriorityLevelStreamingActorsUpdateExtraTime:5.0]]
[2020.07.09-09.52.21:376][  0]LogConfig: Setting CVar [[s.LevelStreamingComponentsRegistrationGranularity:10]]
[2020.07.09-09.52.21:376][  0]LogConfig: Setting CVar [[s.UnregisterComponentsTimeLimit:1.0]]
[2020.07.09-09.52.21:376][  0]LogConfig: Setting CVar [[s.LevelStreamingComponentsUnregistrationGranularity:5]]
[2020.07.09-09.52.21:376][  0]LogConfig: Setting CVar [[s.FlushStreamingOnExit:1]]
[2020.07.09-09.52.21:376][  0]LogConfig: Applying CVar settings from Section [/Script/Engine.GarbageCollectionSettings] File [C:/Users/a021694/Documents/GitHub/FlowerGame/FlowerGame4.25/Saved/Config/Windows/Engine.ini]
[2020.07.09-09.52.21:376][  0]LogConfig: Setting CVar [[gc.MaxObjectsNotConsideredByGC:1]]
[2020.07.09-09.52.21:376][  0]LogConfig: Setting CVar [[gc.SizeOfPermanentObjectPool:0]]
[2020.07.09-09.52.21:376][  0]LogConfig: Setting CVar [[gc.FlushStreamingOnGC:0]]
[2020.07.09-09.52.21:376][  0]LogConfig: Setting CVar [[gc.NumRetriesBeforeForcingGC:10]]
[2020.07.09-09.52.21:376][  0]LogConfig: Setting CVar [[gc.AllowParallelGC:1]]
[2020.07.09-09.52.21:376][  0]LogConfig: Setting CVar [[gc.TimeBetweenPurgingPendingKillObjects:61.1]]
[2020.07.09-09.52.21:376][  0]LogConfig: Setting CVar [[gc.MaxObjectsInEditor:25165824]]
[2020.07.09-09.52.21:376][  0]LogConfig: Setting CVar [[gc.IncrementalBeginDestroyEnabled:1]]
[2020.07.09-09.52.21:376][  0]LogConfig: Setting CVar [[gc.CreateGCClusters:1]]
[2020.07.09-09.52.21:376][  0]LogConfig: Setting CVar [[gc.MinGCClusterSize:5]]
[2020.07.09-09.52.21:376][  0]LogConfig: Setting CVar [[gc.ActorClusteringEnabled:0]]
[2020.07.09-09.52.21:376][  0]LogConfig: Setting CVar [[gc.BlueprintClusteringEnabled:0]]
[2020.07.09-09.52.21:376][  0]LogConfig: Setting CVar [[gc.UseDisregardForGCOnDedicatedServers:0]]
[2020.07.09-09.52.21:376][  0]LogConfig: Applying CVar settings from Section [/Script/Engine.NetworkSettings] File [C:/Users/a021694/Documents/GitHub/FlowerGame/FlowerGame4.25/Saved/Config/Windows/Engine.ini]
[2020.07.09-09.52.21:376][  0]LogConfig: Applying CVar settings from Section [/Script/UnrealEd.CookerSettings] File [C:/Users/a021694/Documents/GitHub/FlowerGame/FlowerGame4.25/Saved/Config/Windows/Engine.ini]
[2020.07.09-09.52.21:378][  0]LogConfig: Applying CVar settings from Section [ViewDistanceQuality@3] File [C:/Users/a021694/Documents/GitHub/FlowerGame/FlowerGame4.25/Saved/Config/Windows/Scalability.ini]
[2020.07.09-09.52.21:378][  0]LogConfig: Setting CVar [[r.SkeletalMeshLODBias:0]]
[2020.07.09-09.52.21:378][  0]LogConfig: Setting CVar [[r.ViewDistanceScale:1.0]]
[2020.07.09-09.52.21:378][  0]LogConfig: Applying CVar settings from Section [AntiAliasingQuality@3] File [C:/Users/a021694/Documents/GitHub/FlowerGame/FlowerGame4.25/Saved/Config/Windows/Scalability.ini]
[2020.07.09-09.52.21:378][  0]LogConfig: Setting CVar [[r.PostProcessAAQuality:4]]
[2020.07.09-09.52.21:378][  0]LogConfig: Applying CVar settings from Section [ShadowQuality@3] File [C:/Users/a021694/Documents/GitHub/FlowerGame/FlowerGame4.25/Saved/Config/Windows/Scalability.ini]
[2020.07.09-09.52.21:378][  0]LogConfig: Setting CVar [[r.LightFunctionQuality:1]]
[2020.07.09-09.52.21:378][  0]LogConfig: Setting CVar [[r.ShadowQuality:5]]
[2020.07.09-09.52.21:378][  0]LogConfig: Setting CVar [[r.Shadow.CSM.MaxCascades:10]]
[2020.07.09-09.52.21:378][  0]LogConfig: Setting CVar [[r.Shadow.MaxResolution:2048]]
[2020.07.09-09.52.21:378][  0]LogConfig: Setting CVar [[r.Shadow.MaxCSMResolution:2048]]
[2020.07.09-09.52.21:378][  0]LogConfig: Setting CVar [[r.Shadow.RadiusThreshold:0.01]]
[2020.07.09-09.52.21:379][  0]LogConfig: Setting CVar [[r.Shadow.DistanceScale:1.0]]
[2020.07.09-09.52.21:379][  0]LogConfig: Setting CVar [[r.Shadow.CSM.TransitionScale:1.0]]
[2020.07.09-09.52.21:379][  0]LogConfig: Setting CVar [[r.Shadow.PreShadowResolutionFactor:1.0]]
[2020.07.09-09.52.21:379][  0]LogConfig: Setting CVar [[r.DistanceFieldShadowing:1]]
[2020.07.09-09.52.21:379][  0]LogConfig: Setting CVar [[r.DistanceFieldAO:1]]
[2020.07.09-09.52.21:379][  0]LogConfig: Setting CVar [[r.AOQuality:2]]
[2020.07.09-09.52.21:379][  0]LogConfig: Setting CVar [[r.VolumetricFog:1]]
[2020.07.09-09.52.21:379][  0]LogConfig: Setting CVar [[r.VolumetricFog.GridPixelSize:8]]
[2020.07.09-09.52.21:379][  0]LogConfig: Setting CVar [[r.VolumetricFog.GridSizeZ:128]]
[2020.07.09-09.52.21:379][  0]LogConfig: Setting CVar [[r.VolumetricFog.HistoryMissSupersampleCount:4]]
[2020.07.09-09.52.21:379][  0]LogConfig: Setting CVar [[r.LightMaxDrawDistanceScale:1]]
[2020.07.09-09.52.21:379][  0]LogConfig: Setting CVar [[r.CapsuleShadows:1]]
[2020.07.09-09.52.21:379][  0]LogConfig: Applying CVar settings from Section [PostProcessQuality@3] File [C:/Users/a021694/Documents/GitHub/FlowerGame/FlowerGame4.25/Saved/Config/Windows/Scalability.ini]
[2020.07.09-09.52.21:379][  0]LogConfig: Setting CVar [[r.MotionBlurQuality:4]]
[2020.07.09-09.52.21:379][  0]LogConfig: Setting CVar [[r.AmbientOcclusionMipLevelFactor:0.4]]
[2020.07.09-09.52.21:379][  0]LogConfig: Setting CVar [[r.AmbientOcclusionMaxQuality:100]]
[2020.07.09-09.52.21:379][  0]LogConfig: Setting CVar [[r.AmbientOcclusionLevels:-1]]
[2020.07.09-09.52.21:379][  0]LogConfig: Setting CVar [[r.AmbientOcclusionRadiusScale:1.0]]
[2020.07.09-09.52.21:379][  0]LogConfig: Setting CVar [[r.DepthOfFieldQuality:2]]
[2020.07.09-09.52.21:379][  0]LogConfig: Setting CVar [[r.RenderTargetPoolMin:400]]
[2020.07.09-09.52.21:379][  0]LogConfig: Setting CVar [[r.LensFlareQuality:2]]
[2020.07.09-09.52.21:379][  0]LogConfig: Setting CVar [[r.SceneColorFringeQuality:1]]
[2020.07.09-09.52.21:379][  0]LogConfig: Setting CVar [[r.EyeAdaptationQuality:2]]
[2020.07.09-09.52.21:379][  0]LogConfig: Setting CVar [[r.BloomQuality:5]]
[2020.07.09-09.52.21:379][  0]LogConfig: Setting CVar [[r.FastBlurThreshold:100]]
[2020.07.09-09.52.21:379][  0]LogConfig: Setting CVar [[r.Upscale.Quality:3]]
[2020.07.09-09.52.21:379][  0]LogConfig: Setting CVar [[r.Tonemapper.GrainQuantization:1]]
[2020.07.09-09.52.21:379][  0]LogConfig: Setting CVar [[r.LightShaftQuality:1]]
[2020.07.09-09.52.21:379][  0]LogConfig: Setting CVar [[r.Filter.SizeScale:1]]
[2020.07.09-09.52.21:379][  0]LogConfig: Setting CVar [[r.Tonemapper.Quality:5]]
[2020.07.09-09.52.21:379][  0]LogConfig: Setting CVar [[r.DOF.Gather.AccumulatorQuality:1        ; higher gathering accumulator quality]]
[2020.07.09-09.52.21:379][  0]LogConfig: Setting CVar [[r.DOF.Gather.PostfilterMethod:1          ; Median3x3 postfilering method]]
[2020.07.09-09.52.21:379][  0]LogConfig: Setting CVar [[r.DOF.Gather.EnableBokehSettings:0       ; no bokeh simulation when gathering]]
[2020.07.09-09.52.21:379][  0]LogConfig: Setting CVar [[r.DOF.Gather.RingCount:4                 ; medium number of samples when gathering]]
[2020.07.09-09.52.21:379][  0]LogConfig: Setting CVar [[r.DOF.Scatter.ForegroundCompositing:1    ; additive foreground scattering]]
[2020.07.09-09.52.21:379][  0]LogConfig: Setting CVar [[r.DOF.Scatter.BackgroundCompositing:2    ; additive background scattering]]
[2020.07.09-09.52.21:379][  0]LogConfig: Setting CVar [[r.DOF.Scatter.EnableBokehSettings:1      ; bokeh simulation when scattering]]
[2020.07.09-09.52.21:379][  0]LogConfig: Setting CVar [[r.DOF.Scatter.MaxSpriteRatio:0.1         ; only a maximum of 10% of scattered bokeh]]
[2020.07.09-09.52.21:379][  0]LogConfig: Setting CVar [[r.DOF.Recombine.Quality:1                ; cheap slight out of focus]]
[2020.07.09-09.52.21:379][  0]LogConfig: Setting CVar [[r.DOF.Recombine.EnableBokehSettings:0    ; no bokeh simulation on slight out of focus]]
[2020.07.09-09.52.21:379][  0]LogConfig: Setting CVar [[r.DOF.TemporalAAQuality:1                ; more stable temporal accumulation]]
[2020.07.09-09.52.21:379][  0]LogConfig: Setting CVar [[r.DOF.Kernel.MaxForegroundRadius:0.025]]
[2020.07.09-09.52.21:379][  0]LogConfig: Setting CVar [[r.DOF.Kernel.MaxBackgroundRadius:0.025]]
[2020.07.09-09.52.21:379][  0]LogConfig: Applying CVar settings from Section [TextureQuality@3] File [C:/Users/a021694/Documents/GitHub/FlowerGame/FlowerGame4.25/Saved/Config/Windows/Scalability.ini]
[2020.07.09-09.52.21:379][  0]LogConfig: Setting CVar [[r.Streaming.MipBias:0]]
[2020.07.09-09.52.21:379][  0]LogConfig: Setting CVar [[r.Streaming.AmortizeCPUToGPUCopy:0]]
[2020.07.09-09.52.21:379][  0]LogConfig: Setting CVar [[r.Streaming.MaxNumTexturesToStreamPerFrame:0]]
[2020.07.09-09.52.21:379][  0]LogConfig: Setting CVar [[r.Streaming.Boost:1]]
[2020.07.09-09.52.21:379][  0]LogConfig: Setting CVar [[r.MaxAnisotropy:8]]
[2020.07.09-09.52.21:379][  0]LogConfig: Setting CVar [[r.VT.MaxAnisotropy:8]]
[2020.07.09-09.52.21:379][  0]LogConfig: Setting CVar [[r.Streaming.LimitPoolSizeToVRAM:0]]
[2020.07.09-09.52.21:379][  0]LogConfig: Setting CVar [[r.Streaming.PoolSize:1000]]
[2020.07.09-09.52.21:379][  0]LogConfig: Setting CVar [[r.Streaming.MaxEffectiveScreenSize:0]]
[2020.07.09-09.52.21:379][  0]LogConfig: Applying CVar settings from Section [EffectsQuality@3] File [C:/Users/a021694/Documents/GitHub/FlowerGame/FlowerGame4.25/Saved/Config/Windows/Scalability.ini]
[2020.07.09-09.52.21:380][  0]LogConfig: Setting CVar [[r.TranslucencyLightingVolumeDim:64]]
[2020.07.09-09.52.21:380][  0]LogConfig: Setting CVar [[r.RefractionQuality:2]]
[2020.07.09-09.52.21:380][  0]LogConfig: Setting CVar [[r.SSR.Quality:3]]
[2020.07.09-09.52.21:380][  0]LogConfig: Setting CVar [[r.SSR.HalfResSceneColor:0]]
[2020.07.09-09.52.21:380][  0]LogConfig: Setting CVar [[r.SceneColorFormat:4]]
[2020.07.09-09.52.21:380][  0]LogConfig: Setting CVar [[r.DetailMode:2]]
[2020.07.09-09.52.21:380][  0]LogConfig: Setting CVar [[r.TranslucencyVolumeBlur:1]]
[2020.07.09-09.52.21:380][  0]LogConfig: Setting CVar [[r.MaterialQualityLevel:1 ; High quality]]
[2020.07.09-09.52.21:380][  0]LogConfig: Setting CVar [[r.SSS.Scale:1]]
[2020.07.09-09.52.21:380][  0]LogConfig: Setting CVar [[r.SSS.SampleSet:2]]
[2020.07.09-09.52.21:380][  0]LogConfig: Setting CVar [[r.SSS.Quality:1]]
[2020.07.09-09.52.21:380][  0]LogConfig: Setting CVar [[r.SSS.HalfRes:0]]
[2020.07.09-09.52.21:380][  0]LogConfig: Setting CVar [[r.SSGI.Quality:3]]
[2020.07.09-09.52.21:380][  0]LogConfig: Setting CVar [[r.EmitterSpawnRateScale:1.0]]
[2020.07.09-09.52.21:380][  0]LogConfig: Setting CVar [[r.ParticleLightQuality:2]]
[2020.07.09-09.52.21:380][  0]LogConfig: Setting CVar [[r.SkyAtmosphere.AerialPerspectiveLUT.FastApplyOnOpaque:1 ; Always have FastSkyLUT 1 in this case to avoid wrong sky]]
[2020.07.09-09.52.21:380][  0]LogConfig: Setting CVar [[r.SkyAtmosphere.AerialPerspectiveLUT.SampleCountPerSlice:1]]
[2020.07.09-09.52.21:380][  0]LogConfig: Setting CVar [[r.SkyAtmosphere.AerialPerspectiveLUT.DepthResolution:16.0]]
[2020.07.09-09.52.21:380][  0]LogConfig: Setting CVar [[r.SkyAtmosphere.FastSkyLUT:1]]
[2020.07.09-09.52.21:380][  0]LogConfig: Setting CVar [[r.SkyAtmosphere.FastSkyLUT.SampleCountMin:4.0]]
[2020.07.09-09.52.21:380][  0]LogConfig: Setting CVar [[r.SkyAtmosphere.FastSkyLUT.SampleCountMax:32.0]]
[2020.07.09-09.52.21:380][  0]LogConfig: Setting CVar [[r.SkyAtmosphere.SampleCountMin:4.0]]
[2020.07.09-09.52.21:380][  0]LogConfig: Setting CVar [[r.SkyAtmosphere.SampleCountMax:32.0]]
[2020.07.09-09.52.21:380][  0]LogConfig: Setting CVar [[r.SkyAtmosphere.TransmittanceLUT.UseSmallFormat:0]]
[2020.07.09-09.52.21:380][  0]LogConfig: Setting CVar [[r.SkyAtmosphere.TransmittanceLUT.SampleCount:10.0]]
[2020.07.09-09.52.21:380][  0]LogConfig: Setting CVar [[r.SkyAtmosphere.MultiScatteringLUT.SampleCount:15.0]]
[2020.07.09-09.52.21:380][  0]LogConfig: Applying CVar settings from Section [FoliageQuality@3] File [C:/Users/a021694/Documents/GitHub/FlowerGame/FlowerGame4.25/Saved/Config/Windows/Scalability.ini]
[2020.07.09-09.52.21:380][  0]LogConfig: Setting CVar [[foliage.DensityScale:1.0]]
[2020.07.09-09.52.21:380][  0]LogConfig: Setting CVar [[grass.DensityScale:1.0]]
[2020.07.09-09.52.21:380][  0]LogConfig: Applying CVar settings from Section [ShadingQuality@3] File [C:/Users/a021694/Documents/GitHub/FlowerGame/FlowerGame4.25/Saved/Config/Windows/Scalability.ini]
[2020.07.09-09.52.21:380][  0]LogConfig: Setting CVar [[r.HairStrands.SkyLighting.SampleCount:16]]
[2020.07.09-09.52.21:380][  0]LogConfig: Setting CVar [[r.HairStrands.SkyLighting.JitterIntegration:0]]
[2020.07.09-09.52.21:380][  0]LogConfig: Setting CVar [[r.HairStrands.SkyAO.SampleCount:16]]
[2020.07.09-09.52.21:380][  0]LogConfig: Setting CVar [[r.HairStrands.DeepShadow.SuperSampling:0]]
[2020.07.09-09.52.21:380][  0]LogConfig: Setting CVar [[r.HairStrands.VisibilityPPLL:0]]
[2020.07.09-09.52.21:380][  0]LogConfig: Setting CVar [[r.HairStrands.RasterizationScale:0.5]]
[2020.07.09-09.52.21:380][  0]LogConfig: Setting CVar [[r.HairStrands.VelocityRasterizationScale:1]]
[2020.07.09-09.52.21:380][  0]LogInit: Selected Device Profile: [Windows]
[2020.07.09-09.52.21:380][  0]LogInit: Applying CVar settings loaded from the selected device profile: [Windows]
[2020.07.09-09.52.21:380][  0]LogHAL: Display: Platform has ~ 32 GB [34234515456 / 34359738368 / 32], which maps to Largest [LargestMinGB=32, LargerMinGB=12, DefaultMinGB=8, SmallerMinGB=6, SmallestMinGB=0)
[2020.07.09-09.52.21:380][  0]LogInit: Going up to parent DeviceProfile []
[2020.07.09-09.52.21:380][  0]LogConfig: Applying CVar settings from Section [ViewDistanceQuality@3] File [C:/Users/a021694/Documents/GitHub/FlowerGame/FlowerGame4.25/Saved/Config/Windows/Scalability.ini]
[2020.07.09-09.52.21:381][  0]LogConfig: Setting CVar [[r.SkeletalMeshLODBias:0]]
[2020.07.09-09.52.21:381][  0]LogConfig: Setting CVar [[r.ViewDistanceScale:1.0]]
[2020.07.09-09.52.21:381][  0]LogConfig: Applying CVar settings from Section [AntiAliasingQuality@3] File [C:/Users/a021694/Documents/GitHub/FlowerGame/FlowerGame4.25/Saved/Config/Windows/Scalability.ini]
[2020.07.09-09.52.21:381][  0]LogConfig: Setting CVar [[r.PostProcessAAQuality:4]]
[2020.07.09-09.52.21:381][  0]LogConfig: Applying CVar settings from Section [ShadowQuality@3] File [C:/Users/a021694/Documents/GitHub/FlowerGame/FlowerGame4.25/Saved/Config/Windows/Scalability.ini]
[2020.07.09-09.52.21:381][  0]LogConfig: Setting CVar [[r.LightFunctionQuality:1]]
[2020.07.09-09.52.21:381][  0]LogConfig: Setting CVar [[r.ShadowQuality:5]]
[2020.07.09-09.52.21:381][  0]LogConfig: Setting CVar [[r.Shadow.CSM.MaxCascades:10]]
[2020.07.09-09.52.21:381][  0]LogConfig: Setting CVar [[r.Shadow.MaxResolution:2048]]
[2020.07.09-09.52.21:381][  0]LogConfig: Setting CVar [[r.Shadow.MaxCSMResolution:2048]]
[2020.07.09-09.52.21:381][  0]LogConfig: Setting CVar [[r.Shadow.RadiusThreshold:0.01]]
[2020.07.09-09.52.21:381][  0]LogConfig: Setting CVar [[r.Shadow.DistanceScale:1.0]]
[2020.07.09-09.52.21:381][  0]LogConfig: Setting CVar [[r.Shadow.CSM.TransitionScale:1.0]]
[2020.07.09-09.52.21:381][  0]LogConfig: Setting CVar [[r.Shadow.PreShadowResolutionFactor:1.0]]
[2020.07.09-09.52.21:381][  0]LogConfig: Setting CVar [[r.DistanceFieldShadowing:1]]
[2020.07.09-09.52.21:381][  0]LogConfig: Setting CVar [[r.DistanceFieldAO:1]]
[2020.07.09-09.52.21:381][  0]LogConfig: Setting CVar [[r.AOQuality:2]]
[2020.07.09-09.52.21:381][  0]LogConfig: Setting CVar [[r.VolumetricFog:1]]
[2020.07.09-09.52.21:381][  0]LogConfig: Setting CVar [[r.VolumetricFog.GridPixelSize:8]]
[2020.07.09-09.52.21:381][  0]LogConfig: Setting CVar [[r.VolumetricFog.GridSizeZ:128]]
[2020.07.09-09.52.21:381][  0]LogConfig: Setting CVar [[r.VolumetricFog.HistoryMissSupersampleCount:4]]
[2020.07.09-09.52.21:381][  0]LogConfig: Setting CVar [[r.LightMaxDrawDistanceScale:1]]
[2020.07.09-09.52.21:381][  0]LogConfig: Setting CVar [[r.CapsuleShadows:1]]
[2020.07.09-09.52.21:381][  0]LogConfig: Applying CVar settings from Section [PostProcessQuality@3] File [C:/Users/a021694/Documents/GitHub/FlowerGame/FlowerGame4.25/Saved/Config/Windows/Scalability.ini]
[2020.07.09-09.52.21:381][  0]LogConfig: Setting CVar [[r.MotionBlurQuality:4]]
[2020.07.09-09.52.21:381][  0]LogConfig: Setting CVar [[r.AmbientOcclusionMipLevelFactor:0.4]]
[2020.07.09-09.52.21:381][  0]LogConfig: Setting CVar [[r.AmbientOcclusionMaxQuality:100]]
[2020.07.09-09.52.21:381][  0]LogConfig: Setting CVar [[r.AmbientOcclusionLevels:-1]]
[2020.07.09-09.52.21:381][  0]LogConfig: Setting CVar [[r.AmbientOcclusionRadiusScale:1.0]]
[2020.07.09-09.52.21:381][  0]LogConfig: Setting CVar [[r.DepthOfFieldQuality:2]]
[2020.07.09-09.52.21:381][  0]LogConfig: Setting CVar [[r.RenderTargetPoolMin:400]]
[2020.07.09-09.52.21:381][  0]LogConfig: Setting CVar [[r.LensFlareQuality:2]]
[2020.07.09-09.52.21:381][  0]LogConfig: Setting CVar [[r.SceneColorFringeQuality:1]]
[2020.07.09-09.52.21:381][  0]LogConfig: Setting CVar [[r.EyeAdaptationQuality:2]]
[2020.07.09-09.52.21:381][  0]LogConfig: Setting CVar [[r.BloomQuality:5]]
[2020.07.09-09.52.21:381][  0]LogConfig: Setting CVar [[r.FastBlurThreshold:100]]
[2020.07.09-09.52.21:381][  0]LogConfig: Setting CVar [[r.Upscale.Quality:3]]
[2020.07.09-09.52.21:381][  0]LogConfig: Setting CVar [[r.Tonemapper.GrainQuantization:1]]
[2020.07.09-09.52.21:381][  0]LogConfig: Setting CVar [[r.LightShaftQuality:1]]
[2020.07.09-09.52.21:381][  0]LogConfig: Setting CVar [[r.Filter.SizeScale:1]]
[2020.07.09-09.52.21:381][  0]LogConfig: Setting CVar [[r.Tonemapper.Quality:5]]
[2020.07.09-09.52.21:381][  0]LogConfig: Setting CVar [[r.DOF.Gather.AccumulatorQuality:1        ; higher gathering accumulator quality]]
[2020.07.09-09.52.21:381][  0]LogConfig: Setting CVar [[r.DOF.Gather.PostfilterMethod:1          ; Median3x3 postfilering method]]
[2020.07.09-09.52.21:381][  0]LogConfig: Setting CVar [[r.DOF.Gather.EnableBokehSettings:0       ; no bokeh simulation when gathering]]
[2020.07.09-09.52.21:381][  0]LogConfig: Setting CVar [[r.DOF.Gather.RingCount:4                 ; medium number of samples when gathering]]
[2020.07.09-09.52.21:381][  0]LogConfig: Setting CVar [[r.DOF.Scatter.ForegroundCompositing:1    ; additive foreground scattering]]
[2020.07.09-09.52.21:381][  0]LogConfig: Setting CVar [[r.DOF.Scatter.BackgroundCompositing:2    ; additive background scattering]]
[2020.07.09-09.52.21:381][  0]LogConfig: Setting CVar [[r.DOF.Scatter.EnableBokehSettings:1      ; bokeh simulation when scattering]]
[2020.07.09-09.52.21:381][  0]LogConfig: Setting CVar [[r.DOF.Scatter.MaxSpriteRatio:0.1         ; only a maximum of 10% of scattered bokeh]]
[2020.07.09-09.52.21:381][  0]LogConfig: Setting CVar [[r.DOF.Recombine.Quality:1                ; cheap slight out of focus]]
[2020.07.09-09.52.21:381][  0]LogConfig: Setting CVar [[r.DOF.Recombine.EnableBokehSettings:0    ; no bokeh simulation on slight out of focus]]
[2020.07.09-09.52.21:381][  0]LogConfig: Setting CVar [[r.DOF.TemporalAAQuality:1                ; more stable temporal accumulation]]
[2020.07.09-09.52.21:382][  0]LogConfig: Setting CVar [[r.DOF.Kernel.MaxForegroundRadius:0.025]]
[2020.07.09-09.52.21:382][  0]LogConfig: Setting CVar [[r.DOF.Kernel.MaxBackgroundRadius:0.025]]
[2020.07.09-09.52.21:382][  0]LogConfig: Applying CVar settings from Section [TextureQuality@3] File [C:/Users/a021694/Documents/GitHub/FlowerGame/FlowerGame4.25/Saved/Config/Windows/Scalability.ini]
[2020.07.09-09.52.21:382][  0]LogConfig: Setting CVar [[r.Streaming.MipBias:0]]
[2020.07.09-09.52.21:382][  0]LogConfig: Setting CVar [[r.Streaming.AmortizeCPUToGPUCopy:0]]
[2020.07.09-09.52.21:382][  0]LogConfig: Setting CVar [[r.Streaming.MaxNumTexturesToStreamPerFrame:0]]
[2020.07.09-09.52.21:382][  0]LogConfig: Setting CVar [[r.Streaming.Boost:1]]
[2020.07.09-09.52.21:382][  0]LogConfig: Setting CVar [[r.MaxAnisotropy:8]]
[2020.07.09-09.52.21:382][  0]LogConfig: Setting CVar [[r.VT.MaxAnisotropy:8]]
[2020.07.09-09.52.21:382][  0]LogConfig: Setting CVar [[r.Streaming.LimitPoolSizeToVRAM:0]]
[2020.07.09-09.52.21:382][  0]LogConfig: Setting CVar [[r.Streaming.PoolSize:1000]]
[2020.07.09-09.52.21:382][  0]LogConfig: Setting CVar [[r.Streaming.MaxEffectiveScreenSize:0]]
[2020.07.09-09.52.21:382][  0]LogConfig: Applying CVar settings from Section [EffectsQuality@3] File [C:/Users/a021694/Documents/GitHub/FlowerGame/FlowerGame4.25/Saved/Config/Windows/Scalability.ini]
[2020.07.09-09.52.21:382][  0]LogConfig: Setting CVar [[r.TranslucencyLightingVolumeDim:64]]
[2020.07.09-09.52.21:382][  0]LogConfig: Setting CVar [[r.RefractionQuality:2]]
[2020.07.09-09.52.21:382][  0]LogConfig: Setting CVar [[r.SSR.Quality:3]]
[2020.07.09-09.52.21:382][  0]LogConfig: Setting CVar [[r.SSR.HalfResSceneColor:0]]
[2020.07.09-09.52.21:382][  0]LogConfig: Setting CVar [[r.SceneColorFormat:4]]
[2020.07.09-09.52.21:382][  0]LogConfig: Setting CVar [[r.DetailMode:2]]
[2020.07.09-09.52.21:382][  0]LogConfig: Setting CVar [[r.TranslucencyVolumeBlur:1]]
[2020.07.09-09.52.21:382][  0]LogConfig: Setting CVar [[r.MaterialQualityLevel:1 ; High quality]]
[2020.07.09-09.52.21:382][  0]LogConfig: Setting CVar [[r.SSS.Scale:1]]
[2020.07.09-09.52.21:382][  0]LogConfig: Setting CVar [[r.SSS.SampleSet:2]]
[2020.07.09-09.52.21:382][  0]LogConfig: Setting CVar [[r.SSS.Quality:1]]
[2020.07.09-09.52.21:382][  0]LogConfig: Setting CVar [[r.SSS.HalfRes:0]]
[2020.07.09-09.52.21:382][  0]LogConfig: Setting CVar [[r.SSGI.Quality:3]]
[2020.07.09-09.52.21:382][  0]LogConfig: Setting CVar [[r.EmitterSpawnRateScale:1.0]]
[2020.07.09-09.52.21:382][  0]LogConfig: Setting CVar [[r.ParticleLightQuality:2]]
[2020.07.09-09.52.21:382][  0]LogConfig: Setting CVar [[r.SkyAtmosphere.AerialPerspectiveLUT.FastApplyOnOpaque:1 ; Always have FastSkyLUT 1 in this case to avoid wrong sky]]
[2020.07.09-09.52.21:382][  0]LogConfig: Setting CVar [[r.SkyAtmosphere.AerialPerspectiveLUT.SampleCountPerSlice:1]]
[2020.07.09-09.52.21:382][  0]LogConfig: Setting CVar [[r.SkyAtmosphere.AerialPerspectiveLUT.DepthResolution:16.0]]
[2020.07.09-09.52.21:382][  0]LogConfig: Setting CVar [[r.SkyAtmosphere.FastSkyLUT:1]]
[2020.07.09-09.52.21:382][  0]LogConfig: Setting CVar [[r.SkyAtmosphere.FastSkyLUT.SampleCountMin:4.0]]
[2020.07.09-09.52.21:382][  0]LogConfig: Setting CVar [[r.SkyAtmosphere.FastSkyLUT.SampleCountMax:32.0]]
[2020.07.09-09.52.21:382][  0]LogConfig: Setting CVar [[r.SkyAtmosphere.SampleCountMin:4.0]]
[2020.07.09-09.52.21:382][  0]LogConfig: Setting CVar [[r.SkyAtmosphere.SampleCountMax:32.0]]
[2020.07.09-09.52.21:382][  0]LogConfig: Setting CVar [[r.SkyAtmosphere.TransmittanceLUT.UseSmallFormat:0]]
[2020.07.09-09.52.21:382][  0]LogConfig: Setting CVar [[r.SkyAtmosphere.TransmittanceLUT.SampleCount:10.0]]
[2020.07.09-09.52.21:382][  0]LogConfig: Setting CVar [[r.SkyAtmosphere.MultiScatteringLUT.SampleCount:15.0]]
[2020.07.09-09.52.21:382][  0]LogConfig: Applying CVar settings from Section [FoliageQuality@3] File [C:/Users/a021694/Documents/GitHub/FlowerGame/FlowerGame4.25/Saved/Config/Windows/Scalability.ini]
[2020.07.09-09.52.21:382][  0]LogConfig: Setting CVar [[foliage.DensityScale:1.0]]
[2020.07.09-09.52.21:382][  0]LogConfig: Setting CVar [[grass.DensityScale:1.0]]
[2020.07.09-09.52.21:382][  0]LogConfig: Applying CVar settings from Section [ShadingQuality@3] File [C:/Users/a021694/Documents/GitHub/FlowerGame/FlowerGame4.25/Saved/Config/Windows/Scalability.ini]
[2020.07.09-09.52.21:382][  0]LogConfig: Setting CVar [[r.HairStrands.SkyLighting.SampleCount:16]]
[2020.07.09-09.52.21:382][  0]LogConfig: Setting CVar [[r.HairStrands.SkyLighting.JitterIntegration:0]]
[2020.07.09-09.52.21:382][  0]LogConfig: Setting CVar [[r.HairStrands.SkyAO.SampleCount:16]]
[2020.07.09-09.52.21:382][  0]LogConfig: Setting CVar [[r.HairStrands.DeepShadow.SuperSampling:0]]
[2020.07.09-09.52.21:382][  0]LogConfig: Setting CVar [[r.HairStrands.VisibilityPPLL:0]]
[2020.07.09-09.52.21:382][  0]LogConfig: Setting CVar [[r.HairStrands.RasterizationScale:0.5]]
[2020.07.09-09.52.21:382][  0]LogConfig: Setting CVar [[r.HairStrands.VelocityRasterizationScale:1]]
[2020.07.09-09.52.21:382][  0]LogConfig: Applying CVar settings from Section [Startup] File [../../../Engine/Config/ConsoleVariables.ini]
[2020.07.09-09.52.21:383][  0]LogConfig: Setting CVar [[net.UseAdaptiveNetUpdateFrequency:0]]
[2020.07.09-09.52.21:383][  0]LogConfig: Setting CVar [[p.chaos.AllowCreatePhysxBodies:1]]
[2020.07.09-09.52.21:383][  0]LogConfig: Setting CVar [[fx.SkipVectorVMBackendOptimizations:1]]
[2020.07.09-09.52.21:383][  0]LogConfig: Applying CVar settings from Section [ConsoleVariables] File [C:/Users/a021694/Documents/GitHub/FlowerGame/FlowerGame4.25/Saved/Config/Windows/Engine.ini]
[2020.07.09-09.52.21:383][  0]LogInit: Computer: FRLH133527
[2020.07.09-09.52.21:383][  0]LogInit: User: a021694
[2020.07.09-09.52.21:383][  0]LogInit: CPU Page size=4096, Cores=2
[2020.07.09-09.52.21:383][  0]LogInit: High frequency timer resolution =2.742189 MHz
[2020.07.09-09.52.21:383][  0]LogMemory: Memory total: Physical=31.9GB (32GB approx)
[2020.07.09-09.52.21:383][  0]LogMemory: Platform Memory Stats for Windows
[2020.07.09-09.52.21:383][  0]LogMemory: Process Physical Memory: 115.62 MB used, 115.62 MB peak
[2020.07.09-09.52.21:383][  0]LogMemory: Process Virtual Memory: 103.94 MB used, 103.94 MB peak
[2020.07.09-09.52.21:383][  0]LogMemory: Physical Memory: 14214.64 MB used,  18433.93 MB free, 32648.58 MB total
[2020.07.09-09.52.21:383][  0]LogMemory: Virtual Memory: 1058.94 MB used,  134216672.00 MB free, 134217728.00 MB total
[2020.07.09-09.52.21:392][  0]LogWindows: WindowsPlatformFeatures enabled
[2020.07.09-09.52.21:434][  0]LogInit: Physics initialised using underlying interface: PhysX
[2020.07.09-09.52.21:437][  0]LogInit: Using OS detected language (fr-FR).
[2020.07.09-09.52.21:437][  0]LogInit: Using OS detected locale (fr-FR).
[2020.07.09-09.52.21:446][  0]LogTextLocalizationManager: No specific localization for 'fr-FR' exists, so the 'fr' localization will be used.
[2020.07.09-09.52.21:446][  0]LogTextLocalizationResource: LocRes '../../../Engine/Content/Localization/Editor/fr/Editor.locres' could not be opened for reading!
[2020.07.09-09.52.21:446][  0]LogTextLocalizationResource: LocRes '../../../Engine/Content/Localization/EditorTutorials/fr/EditorTutorials.locres' could not be opened for reading!
[2020.07.09-09.52.21:447][  0]LogTextLocalizationResource: LocRes '../../../Engine/Content/Localization/Keywords/fr/Keywords.locres' could not be opened for reading!
[2020.07.09-09.52.21:447][  0]LogTextLocalizationResource: LocRes '../../../Engine/Content/Localization/Category/fr/Category.locres' could not be opened for reading!
[2020.07.09-09.52.21:447][  0]LogTextLocalizationResource: LocRes '../../../Engine/Content/Localization/ToolTips/fr/ToolTips.locres' could not be opened for reading!
[2020.07.09-09.52.21:447][  0]LogTextLocalizationResource: LocRes '../../../Engine/Content/Localization/PropertyNames/fr/PropertyNames.locres' could not be opened for reading!
[2020.07.09-09.52.21:447][  0]LogTextLocalizationResource: LocRes '../../../Engine/Content/Localization/Engine/fr/Engine.locres' could not be opened for reading!
[2020.07.09-09.52.21:448][  0]LogInit: Setting process to per monitor DPI aware
[2020.07.09-09.52.21:482][  0]LogSlate: New Slate User Created.  User Index 0, Is Virtual User: 0
[2020.07.09-09.52.21:482][  0]LogSlate: Slate User Registered.  User Index 0, Is Virtual User: 0
[2020.07.09-09.52.21:661][  0]LogHMD: Failed to initialize OpenVR with code 110
[2020.07.09-09.52.21:661][  0]LogD3D11RHI: D3D11 min allowed feature level: 11_0
[2020.07.09-09.52.21:661][  0]LogD3D11RHI: D3D11 max allowed feature level: 11_0
[2020.07.09-09.52.21:661][  0]LogD3D11RHI: D3D11 adapters:
[2020.07.09-09.52.21:711][  0]LogD3D11RHI:    0. 'Intel(R) HD Graphics 520' (Feature Level 11_0)
[2020.07.09-09.52.21:711][  0]LogD3D11RHI:       128/0/16324 MB DedicatedVideo/DedicatedSystem/SharedSystem, Outputs:2, VendorId:0x8086
[2020.07.09-09.52.21:714][  0]LogD3D11RHI:    1. 'Microsoft Basic Render Driver' (Feature Level 11_0)
[2020.07.09-09.52.21:714][  0]LogD3D11RHI:       0/0/16324 MB DedicatedVideo/DedicatedSystem/SharedSystem, Outputs:0, VendorId:0x1414
[2020.07.09-09.52.21:716][  0]LogD3D11RHI:    2. 'Microsoft Basic Render Driver' (Feature Level 11_0)
[2020.07.09-09.52.21:716][  0]LogD3D11RHI:       0/0/16324 MB DedicatedVideo/DedicatedSystem/SharedSystem, Outputs:0, VendorId:0x1414
[2020.07.09-09.52.21:716][  0]LogD3D11RHI: Chosen D3D11 Adapter: 0
[2020.07.09-09.52.21:723][  0]LogD3D11RHI: Creating new Direct3DDevice
[2020.07.09-09.52.21:724][  0]LogD3D11RHI:     GPU DeviceId: 0x1916 (for the marketing name, search the web for "GPU Device Id")
[2020.07.09-09.52.21:724][  0]LogWindows: EnumDisplayDevices:
[2020.07.09-09.52.21:724][  0]LogWindows:    0. 'Intel(R) HD Graphics 520' (P:1 D:1)
[2020.07.09-09.52.21:724][  0]LogWindows:    1. 'Intel(R) HD Graphics 520' (P:0 D:0)
[2020.07.09-09.52.21:724][  0]LogWindows:    2. 'Intel(R) HD Graphics 520' (P:0 D:0)
[2020.07.09-09.52.21:724][  0]LogWindows:    3. 'DisplayLink USB Device' (P:0 D:1)
[2020.07.09-09.52.21:725][  0]LogWindows: DebugString: GetVideoDriverDetailsInvalid PrimaryIsNotTheChoosenAdapter FoundDriverCount:3 
[2020.07.09-09.52.21:725][  0]LogD3D11RHI:     Adapter Name: Intel(R) HD Graphics 520
[2020.07.09-09.52.21:725][  0]LogD3D11RHI:   Driver Version: 26.20.100.6888 (internal:26.20.100.6888, unified:26.20.100.6888)
[2020.07.09-09.52.21:725][  0]LogD3D11RHI:      Driver Date: 5-16-2019
[2020.07.09-09.52.21:725][  0]LogRHI: Texture pool is 1523 MB (70% of 2176 MB)
[2020.07.09-09.52.21:728][  0]LogD3D11RHI: [IntelMetricsDiscovery] Failed to initialize context. Result=00000002
[2020.07.09-09.52.21:771][  0]LogD3D11RHI: RHI does not have support for 64 bit atomics
[2020.07.09-09.52.21:771][  0]LogD3D11RHI: Async texture creation enabled
[2020.07.09-09.52.21:771][  0]LogD3D11RHI: Array index from any shader is supported
[2020.07.09-09.52.21:781][  0]LogD3D11RHI: GPU Timing Frequency: 12.000048 (Debug: 2 0)
[2020.07.09-09.52.22:144][  0]LogTargetPlatformManager: Display: Loaded TargetPlatform 'AllDesktop'
[2020.07.09-09.52.22:171][  0]LogTargetPlatformManager: Display: Loaded TargetPlatform 'Android'
[2020.07.09-09.52.22:171][  0]LogTargetPlatformManager: Display: Loaded TargetPlatform 'Android_ASTC'
[2020.07.09-09.52.22:171][  0]LogTargetPlatformManager: Display: Loaded TargetPlatform 'Android_DXT'
[2020.07.09-09.52.22:171][  0]LogTargetPlatformManager: Display: Loaded TargetPlatform 'Android_ETC2'
[2020.07.09-09.52.22:171][  0]LogTargetPlatformManager: Display: Loaded TargetPlatform 'AndroidClient'
[2020.07.09-09.52.22:171][  0]LogTargetPlatformManager: Display: Loaded TargetPlatform 'Android_ASTCClient'
[2020.07.09-09.52.22:171][  0]LogTargetPlatformManager: Display: Loaded TargetPlatform 'Android_DXTClient'
[2020.07.09-09.52.22:171][  0]LogTargetPlatformManager: Display: Loaded TargetPlatform 'Android_ETC2Client'
[2020.07.09-09.52.22:171][  0]LogTargetPlatformManager: Display: Loaded TargetPlatform 'Android_Multi'
[2020.07.09-09.52.22:171][  0]LogTargetPlatformManager: Display: Loaded TargetPlatform 'Android_MultiClient'
[2020.07.09-09.52.22:201][  0]LogTargetPlatformManager: Display: Loaded TargetPlatform 'IOSClient'
[2020.07.09-09.52.22:201][  0]LogTargetPlatformManager: Display: Loaded TargetPlatform 'IOS'
[2020.07.09-09.52.22:216][  0]LogTargetPlatformManager: Display: Loaded TargetPlatform 'Linux'
[2020.07.09-09.52.22:230][  0]LogTargetPlatformManager: Display: Loaded TargetPlatform 'LinuxNoEditor'
[2020.07.09-09.52.22:242][  0]LogTargetPlatformManager: Display: Loaded TargetPlatform 'LinuxClient'
[2020.07.09-09.52.22:254][  0]LogTargetPlatformManager: Display: Loaded TargetPlatform 'LinuxServer'
[2020.07.09-09.52.22:265][  0]LogTargetPlatformManager: Display: Loaded TargetPlatform 'LinuxAArch64NoEditor'
[2020.07.09-09.52.22:278][  0]LogTargetPlatformManager: Display: Loaded TargetPlatform 'LinuxAArch64Client'
[2020.07.09-09.52.22:291][  0]LogTargetPlatformManager: Display: Loaded TargetPlatform 'LinuxAArch64Server'
[2020.07.09-09.52.22:330][  0]LogTargetPlatformManager: Display: Loaded TargetPlatform 'Lumin'
[2020.07.09-09.52.22:330][  0]LogTargetPlatformManager: Display: Loaded TargetPlatform 'LuminClient'
[2020.07.09-09.52.22:352][  0]LogTargetPlatformManager: Display: Loaded TargetPlatform 'TVOSClient'
[2020.07.09-09.52.22:352][  0]LogTargetPlatformManager: Display: Loaded TargetPlatform 'TVOS'
[2020.07.09-09.52.22:365][  0]LogTargetPlatformManager: Display: Loaded TargetPlatform 'WindowsNoEditor'
[2020.07.09-09.52.22:379][  0]LogTargetPlatformManager: Display: Loaded TargetPlatform 'Windows'
[2020.07.09-09.52.22:392][  0]LogTargetPlatformManager: Display: Loaded TargetPlatform 'WindowsClient'
[2020.07.09-09.52.22:402][  0]LogTargetPlatformManager: Display: Loaded TargetPlatform 'WindowsServer'
[2020.07.09-09.52.22:402][  0]LogTargetPlatformManager: Display: Building Assets For Windows
[2020.07.09-09.52.22:412][  0]LogAudioDebug: Display: Lib vorbis DLL was dynamically loaded.
[2020.07.09-09.52.22:475][  0]LogShaderCompilers: Guid format shader working directory is -27 characters bigger than the processId version (../../../../../../Users/a021694/Documents/GitHub/FlowerGame/FlowerGame4.25/Intermediate/Shaders/WorkingDirectory/19248/).
[2020.07.09-09.52.22:476][  0]LogShaderCompilers: Cleaned the shader compiler working directory 'C:/Users/a021694/AppData/Local/Temp/UnrealShaderWorkingDir/0ED3A7034DA80F062D565488E260003C/'.
[2020.07.09-09.52.22:476][  0]LogXGEController: Cleaning working directory: C:/Users/a021694/AppData/Local/Temp/UnrealXGEWorkingDir/
[2020.07.09-09.52.22:476][  0]LogXGEController: Cannot use XGE Controller as Incredibuild is not installed on this machine.
[2020.07.09-09.52.22:476][  0]LogShaderCompilers: Cannot use XGE Shader Compiler as Incredibuild is not installed on this machine.
[2020.07.09-09.52.22:476][  0]LogShaderCompilers: Display: Using Local Shader Compiler.
[2020.07.09-09.52.23:565][  0]LogDerivedDataCache: Display: Max Cache Size: 512 MB
[2020.07.09-09.52.23:640][  0]LogDerivedDataCache: Loaded boot cache 0.07s 115MB C:/Users/a021694/AppData/Local/UnrealEngine/4.25/DerivedDataCache/Boot.ddc.
[2020.07.09-09.52.23:640][  0]LogDerivedDataCache: Display: Loaded Boot cache: C:/Users/a021694/AppData/Local/UnrealEngine/4.25/DerivedDataCache/Boot.ddc
[2020.07.09-09.52.23:640][  0]LogDerivedDataCache: FDerivedDataBackendGraph:  Pak pak cache file ../../../../../../Users/a021694/Documents/GitHub/FlowerGame/FlowerGame4.25/DerivedDataCache/DDC.ddp not found, will not use a pak cache.
[2020.07.09-09.52.23:640][  0]LogDerivedDataCache: Unable to find inner node Pak for hierarchical cache Hierarchy.
[2020.07.09-09.52.23:640][  0]LogDerivedDataCache: FDerivedDataBackendGraph:  CompressedPak pak cache file ../../../../../../Users/a021694/Documents/GitHub/FlowerGame/FlowerGame4.25/DerivedDataCache/Compressed.ddp not found, will not use a pak cache.
[2020.07.09-09.52.23:640][  0]LogDerivedDataCache: Unable to find inner node CompressedPak for hierarchical cache Hierarchy.
[2020.07.09-09.52.23:653][  0]LogDerivedDataCache: Display: Pak cache opened for reading ../../../Engine/DerivedDataCache/Compressed.ddp.
[2020.07.09-09.52.23:653][  0]LogDerivedDataCache: FDerivedDataBackendGraph:  EnterprisePak pak cache file ../../../Enterprise/DerivedDataCache/Compressed.ddp not found, will not use a pak cache.
[2020.07.09-09.52.23:653][  0]LogDerivedDataCache: Unable to find inner node EnterprisePak for hierarchical cache Hierarchy.
[2020.07.09-09.52.23:654][  0]LogDerivedDataCache: Using Local data cache path C:/Users/a021694/AppData/Local/UnrealEngine/Common/DerivedDataCache: Writable
[2020.07.09-09.52.23:655][  0]LogDerivedDataCache: Shared data cache path not found in *engine.ini, will not use an Shared cache.
[2020.07.09-09.52.23:655][  0]LogDerivedDataCache: Unable to find inner node Shared for hierarchical cache Hierarchy.
[2020.07.09-09.52.23:739][  0]LogSlate: Using FreeType 2.10.0
[2020.07.09-09.52.23:739][  0]LogSlate: SlateFontServices - WITH_FREETYPE: 1, WITH_HARFBUZZ: 1
[2020.07.09-09.52.23:773][  0]LogAssetRegistry: FAssetRegistry took 0.0025 seconds to start up
[2020.07.09-09.52.24:065][  0]LogInit: Selected Device Profile: [Windows]
[2020.07.09-09.52.24:197][  0]LogMeshReduction: Using QuadricMeshReduction for automatic static mesh reduction
[2020.07.09-09.52.24:197][  0]LogMeshReduction: Using SimplygonMeshReduction for automatic skeletal mesh reduction
[2020.07.09-09.52.24:197][  0]LogMeshReduction: Using ProxyLODMeshReduction for automatic mesh merging
[2020.07.09-09.52.24:197][  0]LogMeshReduction: No distributed automatic mesh merging module available
[2020.07.09-09.52.24:197][  0]LogMeshMerging: No distributed automatic mesh merging module available
[2020.07.09-09.52.24:215][  0]LogNetVersion: FlowerGame 1.0.0, NetCL: 13144385, EngineNetVer: 14, GameNetVer: 0 (Checksum: 3835917877)
[2020.07.09-09.52.24:734][  0]LogAISub: UAISubsystem::UAISubsystem AISubsystem (000001A66331D900), frame # 0
[2020.07.09-09.52.24:734][  0]LogAISub: UAISubsystem::UAISubsystem AIPerceptionSystem (000001A663275440), frame # 0
[2020.07.09-09.52.24:735][  0]LogAISub: UAISubsystem::UAISubsystem EnvQueryManager (000001A66330C400), frame # 0
[2020.07.09-09.52.24:828][  0]LogPackageLocalizationCache: Processed 19 localized package path(s) for 1 prioritized culture(s) in 0.085100 seconds
[2020.07.09-09.52.24:835][  0]LogUObjectArray: 15917 objects as part of root set at end of initial load.
[2020.07.09-09.52.24:835][  0]LogUObjectAllocator: 3965568 out of 0 bytes used by permanent object pool.
[2020.07.09-09.52.24:835][  0]LogUObjectArray: CloseDisregardForGC: 0/0 objects in disregard for GC pool
[2020.07.09-09.52.25:272][  0]LogTcpMessaging: Initializing TcpMessaging bridge
[2020.07.09-09.52.25:278][  0]LogUdpMessaging: Initializing bridge on interface 0.0.0.0:0 to multicast group 230.0.0.1:6666.
[2020.07.09-09.52.25:647][  0]SourceControl: Source control is disabled
[2020.07.09-09.52.25:647][  0]SourceControl: Source control is disabled
[2020.07.09-09.52.25:652][  0]SourceControl: Source control is disabled
[2020.07.09-09.52.25:656][  0]SourceControl: Source control is disabled
[2020.07.09-09.52.25:663][  0]SourceControl: Source control is disabled
[2020.07.09-09.52.25:942][  0]LogAndroidPermission: UAndroidPermissionCallbackProxy::GetInstance
[2020.07.09-09.52.25:963][  0]LogAudioCaptureCore: Display: No Audio Capture implementations found. Audio input will be silent.
[2020.07.09-09.52.25:963][  0]LogAudioCaptureCore: Display: No Audio Capture implementations found. Audio input will be silent.
[2020.07.09-09.52.26:015][  0]LogOcInput: OculusInput pre-init called
[2020.07.09-09.52.26:025][  0]LogWindows: Failed to load 'OVRPlugin.dll' (GetLastError=126)
[2020.07.09-09.52.26:025][  0]LogWindows: File 'OVRPlugin.dll' does not exist
[2020.07.09-09.52.26:091][  0]LogEngine: Initializing Engine...
[2020.07.09-09.52.26:092][  0]LogHMD: Failed to initialize OpenVR with code 110
[2020.07.09-09.52.26:092][  0]LogMagicLeap: Warning: VR disabled because ZI is not enabled.  To enable, in the editor, Edit -> Project Settings -> Plugins -> Magic Leap Plugin -> Enable Zero Iteration
[2020.07.09-09.52.26:092][  0]LogStats: UGameplayTagsManager::InitializeManager -  0.000 s
[2020.07.09-09.52.26:244][  0]LogInit: Initializing FReadOnlyCVARCache
[2020.07.09-09.52.26:252][  0]LogAIModule: Creating AISystem for world Untitled
[2020.07.09-09.52.26:252][  0]LogAISub: UAISubsystem::UAISubsystem EnvQueryManager (000001A66D8EC600), frame # 0
[2020.07.09-09.52.26:252][  0]LogAISub: UAISubsystem::UAISubsystem AIPerceptionSystem (000001A66D8EA980), frame # 0
[2020.07.09-09.52.26:256][  0]LogAudioMixer: Display: Audio Mixer Platform Settings:
[2020.07.09-09.52.26:256][  0]LogAudioMixer: Display: 	Sample Rate:						  48000
[2020.07.09-09.52.26:256][  0]LogAudioMixer: Display: 	Callback Buffer Frame Size Requested: 1024
[2020.07.09-09.52.26:256][  0]LogAudioMixer: Display: 	Callback Buffer Frame Size To Use:	  1024
[2020.07.09-09.52.26:256][  0]LogAudioMixer: Display: 	Number of buffers to queue:			  2
[2020.07.09-09.52.26:256][  0]LogAudioMixer: Display: 	Max Channels (voices):				  32
[2020.07.09-09.52.26:256][  0]LogAudioMixer: Display: 	Number of Async Source Workers:		  0
[2020.07.09-09.52.26:257][  0]LogAudio: Display: AudioDevice MaxSources: 32
[2020.07.09-09.52.26:257][  0]LogAudio: Display: Using built-in audio occlusion.
[2020.07.09-09.52.26:257][  0]LogAudioMixer: Display: Initializing audio mixer.
[2020.07.09-09.52.26:273][  0]LogAudioMixer: Display: 0: FrontLeft
[2020.07.09-09.52.26:273][  0]LogAudioMixer: Display: 1: FrontRight
[2020.07.09-09.52.26:422][  0]LogAudioMixer: Display: Using Audio Device Haut-parleur (Conexant ISST Audio)
[2020.07.09-09.52.26:423][  0]LogAudioMixer: Display: Initializing Sound Submixes...
[2020.07.09-09.52.26:426][  0]LogAudioMixer: Display: Creating Master Submix 'MasterSubmixDefault'
[2020.07.09-09.52.26:426][  0]LogAudioMixer: Display: Creating Master Submix 'MasterReverbSubmixDefault'
[2020.07.09-09.52.26:426][  0]LogAudioMixer: Display: Creating Master Submix 'MasterEQSubmixDefault'
[2020.07.09-09.52.26:427][  0]LogInit: FAudioDevice initialized.
[2020.07.09-09.52.26:428][  0]LogNetVersion: Set ProjectVersion to 1.0.0.0. Version Checksum will be recalculated on next use.
[2020.07.09-09.52.26:547][  0]LogDerivedDataCache: Saved boot cache 0.12s 115MB C:/Users/a021694/AppData/Local/UnrealEngine/4.25/DerivedDataCache/Boot.ddc.
[2020.07.09-09.52.26:553][  0]LogInit: Texture streaming: Enabled
[2020.07.09-09.52.26:569][  0]LogEngineSessionManager: EngineSessionManager initialized
[2020.07.09-09.52.26:569][  0]LogEngineSessionManager: EngineSessionManager sent abnormal shutdown report. Type=Crashed, SessionId={EDA6E993-4CE0-2815-1D0C-DF9D1EA71048}
[2020.07.09-09.52.26:569][  0]LogEditorSessionSummary: Verbose: Initializing EditorSessionSummaryWriter for editor session tracking
[2020.07.09-09.52.26:571][  0]LogEditorSessionSummary: EditorSessionSummaryWriter initialized
[2020.07.09-09.52.26:660][  0]LogInit: Transaction tracking system initialized
[2020.07.09-09.52.26:685][  0]BlueprintLog: New page: Editor Load
[2020.07.09-09.52.26:764][  0]LocalizationService: Localization service is disabled
[2020.07.09-09.52.26:962][  0]LogCook: Display: Max memory allowance for cook 16384mb min free memory 0mb
[2020.07.09-09.52.26:962][  0]LogCook: Display: Mobile HDR setting 1
[2020.07.09-09.52.27:137][  0]LogFileCache: Scanning file cache for directory 'C:/Users/a021694/Documents/GitHub/FlowerGame/FlowerGame4.25/Content/' took 0.02s
[2020.07.09-09.52.27:500][  0]SourceControl: Source control is disabled
[2020.07.09-09.52.27:566][  0]LogWindowsTextInputMethodSystem: Display: IME system now deactivated.
[2020.07.09-09.52.27:566][  0]LogWindowsTextInputMethodSystem: Display: IME system now deactivated.
[2020.07.09-09.52.27:622][  0]LogSlate: Took 0.000159 seconds to synchronously load lazily loaded font '../../../Engine/Content/Slate/Fonts/Roboto-Regular.ttf' (155K)
[2020.07.09-10.39.44:474][  0]LogSlate: Window 'Restore Packages' being destroyed
[2020.07.09-10.39.46:295][  0]LogSlate: Window 'Unable to Check Out From Source Control!' being destroyed
[2020.07.09-10.39.46:296][  0]LogWindowsTextInputMethodSystem: Display: IME system now deactivated.
[2020.07.09-10.39.46:296][  0]LogWindowsTextInputMethodSystem: Display: IME system now deactivated.
[2020.07.09-10.39.46:305][  0]Message dialog closed, result: Ok, title: Unable to Check Out From Source Control!, text: The following assets could not be successfully checked out from source control:
/Game/MobileStarterContent/Maps/TestMap
[2020.07.09-10.39.46:334][  0]LogWindowsTextInputMethodSystem: Display: IME system now deactivated.
[2020.07.09-10.39.46:334][  0]LogWindowsTextInputMethodSystem: Display: IME system now deactivated.
[2020.07.09-10.39.46:335][  0]LogUnrealEdMisc: Loading editor; pre map load, took 2846.754
[2020.07.09-10.39.46:336][  0]Cmd: MAP LOAD FILE="../../../../../../Users/a021694/Documents/GitHub/FlowerGame/FlowerGame4.25/Content/MobileStarterContent/Maps/TestMap.umap" TEMPLATE=0 SHOWPROGRESS=1 FEATURELEVEL=3
[2020.07.09-10.39.46:336][  0]LightingResults: New page: Lighting Build
[2020.07.09-10.39.46:337][  0]LogWorld: UWorld::CleanupWorld for Untitled, bSessionEnded=true, bCleanupResources=true
[2020.07.09-10.39.46:337][  0]LogSlate: InvalidateAllWidgets triggered.  All widgets were invalidated
[2020.07.09-10.39.46:338][  0]MapCheck: New page: Map Check
[2020.07.09-10.39.46:338][  0]LightingResults: New page: Lighting Build
[2020.07.09-10.39.46:357][  0]LogAISub: UAISubsystem::~UAISubsystem EnvQueryManager (000001A66D8EC600), frame # 0
[2020.07.09-10.39.46:357][  0]LogAISub: UAISubsystem::~UAISubsystem AIPerceptionSystem (000001A66D8EA980), frame # 0
[2020.07.09-10.39.46:359][  0]LogUObjectHash: Compacting FUObjectHashTables data took   2.18ms
[2020.07.09-10.39.46:531][  0]LogTexture: Display: Building textures: HQ_Lightmap1_1 (AutoDXT, 512X512)
[2020.07.09-10.39.46:531][  0]LogTexture: Display: Building textures: LQ_Lightmap_1_1 (DXT1, 512X512)
[2020.07.09-10.39.46:534][  0]LogAIModule: Creating AISystem for world TestMap
[2020.07.09-10.39.46:534][  0]LogAISub: UAISubsystem::UAISubsystem EnvQueryManager (000001A6546AC400), frame # 0
[2020.07.09-10.39.46:534][  0]LogAISub: UAISubsystem::UAISubsystem AIPerceptionSystem (000001A66782D1C0), frame # 0
[2020.07.09-10.39.46:592][  0]LogEditorServer: Finished looking for orphan Actors (0.000 secs)
[2020.07.09-10.39.46:725][  0]LogUObjectHash: Compacting FUObjectHashTables data took   1.27ms
[2020.07.09-10.39.46:726][  0]Cmd: MAP CHECKDEP NOCLEARLOG
[2020.07.09-10.39.46:726][  0]MapCheck: Map check complete: 0 Error(s), 0 Warning(s), took 0,168ms to complete.
[2020.07.09-10.39.46:726][  0]LogFileHelpers: Loading map 'TestMap' took 0.391
[2020.07.09-10.39.46:732][  0]LogUnrealEdMisc: Total Editor Startup Time, took 2847.151
[2020.07.09-10.39.46:906][  0]LogSlate: Updating window title bar state: overlay mode, drag disabled, window buttons hidden, title bar hidden
[2020.07.09-10.39.46:920][  0]LogSlate: Updating window title bar state: overlay mode, drag disabled, window buttons hidden, title bar hidden
[2020.07.09-10.39.46:934][  0]LogSlate: Updating window title bar state: overlay mode, drag disabled, window buttons hidden, title bar hidden
[2020.07.09-10.39.46:949][  0]LogSlate: Updating window title bar state: overlay mode, drag disabled, window buttons hidden, title bar hidden
[2020.07.09-10.39.46:960][  0]LogCollectionManager: Loaded 0 collections in 0.003135 seconds
[2020.07.09-10.39.46:981][  0]LogFileCache: Scanning file cache for directory 'C:/Users/a021694/Documents/GitHub/FlowerGame/FlowerGame4.25/Saved/Collections/' took 0.00s
[2020.07.09-10.39.46:981][  0]LogFileCache: Scanning file cache for directory 'C:/Users/a021694/Documents/GitHub/FlowerGame/FlowerGame4.25/Content/Developers/a021694/Collections/' took 0.00s
[2020.07.09-10.39.46:981][  0]LogFileCache: Scanning file cache for directory 'C:/Users/a021694/Documents/GitHub/FlowerGame/FlowerGame4.25/Content/Collections/' took 0.00s
[2020.07.09-10.39.46:981][  0]LogContentBrowser: Native class hierarchy populated in 0.0160 seconds. Added 3439 classes and 828 folders.
[2020.07.09-10.39.46:985][  0]LogContentBrowser: Native class hierarchy updated for 'WidgetCarousel' in 0.0005 seconds. Added 0 classes and 0 folders.
[2020.07.09-10.39.47:053][  0]LogContentBrowser: Native class hierarchy updated for 'AddContentDialog' in 0.0005 seconds. Added 0 classes and 0 folders.
[2020.07.09-10.39.47:059][  0]LogContentBrowser: Native class hierarchy updated for 'SceneOutliner' in 0.0005 seconds. Added 2 classes and 0 folders.
[2020.07.09-10.39.47:106][  0]LogSlate: Took 0.000233 seconds to synchronously load lazily loaded font '../../../Engine/Content/Slate/Fonts/Roboto-Bold.ttf' (160K)
[2020.07.09-10.39.47:113][  0]LogSlate: Took 0.000169 seconds to synchronously load lazily loaded font '../../../Engine/Content/Editor/Slate/Fonts/FontAwesome.ttf' (139K)
[2020.07.09-10.39.47:205][  0]LogRenderer: Reallocating scene render targets to support 956x468 Format 10 NumSamples 1 (Frame:1).
[2020.07.09-10.39.47:544][  0]LogContentBrowser: Native class hierarchy updated for 'HierarchicalLODOutliner' in 0.0005 seconds. Added 0 classes and 0 folders.
[2020.07.09-10.39.47:544][  0]LogLoad: (Engine Initialization) Total time: 2847.96 seconds
[2020.07.09-10.39.47:544][  0]LogLoad: (Engine Initialization) Total Blueprint compile time: 0.00 seconds
[2020.07.09-10.39.47:617][  0]LogAssetRegistry: Asset discovery search completed in 2843.8441 seconds
[2020.07.09-10.39.47:624][  0]LogCollectionManager: Fixed up redirectors for 0 collections in 0.000003 seconds (updated 0 objects)
[2020.07.09-10.39.47:624][  0]LogContentStreaming: Texture pool size now 1000 MB
[2020.07.09-10.39.47:663][  0]LogSlate: Took 0.000152 seconds to synchronously load lazily loaded font '../../../Engine/Content/Slate/Fonts/Roboto-Light.ttf' (167K)
[2020.07.09-11.25.43:408][221]LogSlate: Took 0.002550 seconds to synchronously load lazily loaded font '../../../Engine/Content/Slate/Fonts/DroidSansFallback.ttf' (3848K)
[2020.07.09-11.26.01:356][294]Candidate modules for hot reload:
[2020.07.09-11.26.01:356][294]  FlowerGame
[2020.07.09-11.26.01:356][294]Launching UnrealBuildTool... [C:/Program Files (x86)/Epic Games/UE_4.25/Engine/Binaries/DotNET/UnrealBuildTool.exe  -ModuleWithSuffix=FlowerGame,9491 FlowerGameEditor Win64 Development -Project="C:/Users/a021694/Documents/GitHub/FlowerGame/FlowerGame4.25/FlowerGame.uproject" "C:/Users/a021694/Documents/GitHub/FlowerGame/FlowerGame4.25/FlowerGame.uproject"  -IgnoreJunk]
[2020.07.09-11.26.01:377][294]Warning: Starting HotReload took  0.1s.
[2020.07.09-11.27.02:584][143]CompilerResultsLog: New page: Compilation - 9 juil. 2020 à 15:27:02
[2020.07.09-11.27.02:584][143]CompilerResultsLog: Using 'git status' to determine working set for adaptive non-unity build (C:\Users\a021694\Documents\GitHub\FlowerGame).
[2020.07.09-11.27.02:585][143]CompilerResultsLog: Building FlowerGameEditor...
[2020.07.09-11.27.02:585][143]CompilerResultsLog: Using Visual Studio 2019 14.26.28805 toolchain (C:\Program Files (x86)\Microsoft Visual Studio\2019\Community\VC\Tools\MSVC\14.26.28801) and Windows 10.0.18362.0 SDK (C:\Program Files (x86)\Windows Kits\10).
[2020.07.09-11.27.02:585][143]CompilerResultsLog: Building 4 actions with 4 processes...
[2020.07.09-11.27.02:585][143]CompilerResultsLog:   [1/4] FlowerGameCharacter.cpp
[2020.07.09-11.27.02:585][143]CompilerResultsLog:   C:\Users\a021694\Documents\GitHub\FlowerGame\FlowerGame4.25\Source\FlowerGame\Private\Player\FlowerGameCharacter.cpp(212): warning C4996: 'USceneComponent::AttachTo': This function is deprecated, please use AttachToComponent instead. Please update your code to the new API before upgrading to the next release, otherwise your project will no longer compile.
[2020.07.09-11.27.02:585][143]CompilerResultsLog:   [2/4] UE4Editor-FlowerGame-9491.lib
[2020.07.09-11.27.02:585][143]CompilerResultsLog:      Cr?ation de la biblioth?que C:\Users\a021694\Documents\GitHub\FlowerGame\FlowerGame4.25\Intermediate\Build\Win64\UE4Editor\Development\FlowerGame\UE4Editor-FlowerGame-9491.lib et de l'objet C:\Users\a021694\Documents\GitHub\FlowerGame\FlowerGame4.25\Intermediate\Build\Win64\UE4Editor\Development\FlowerGame\UE4Editor-FlowerGame-9491.exp
[2020.07.09-11.27.02:585][143]CompilerResultsLog:   [3/4] UE4Editor-FlowerGame-9491.dll
[2020.07.09-11.27.02:586][143]CompilerResultsLog:      Cr?ation de la biblioth?que C:\Users\a021694\Documents\GitHub\FlowerGame\FlowerGame4.25\Intermediate\Build\Win64\UE4Editor\Development\FlowerGame\UE4Editor-FlowerGame-9491.suppressed.lib et de l'objet C:\Users\a021694\Documents\GitHub\FlowerGame\FlowerGame4.25\Intermediate\Build\Win64\UE4Editor\Development\FlowerGame\UE4Editor-FlowerGame-9491.suppressed.exp
[2020.07.09-11.27.02:586][143]CompilerResultsLog:   [4/4] FlowerGameEditor.target
[2020.07.09-11.27.02:586][143]CompilerResultsLog: Total time in Parallel executor: 58,75 seconds
[2020.07.09-11.27.02:586][143]CompilerResultsLog: Total execution time: 61,03 seconds
[2020.07.09-11.27.02:586][143]LogMainFrame: MainFrame: Module compiling took 61.233 seconds
[2020.07.09-11.27.02:695][143]LogClass: ECases HotReload.
[2020.07.09-11.27.02:695][143]LogClass: EDirection HotReload.
[2020.07.09-11.27.02:695][143]LogClass: EGamePlayState HotReload.
[2020.07.09-11.27.02:695][143]LogClass: ETypeRange HotReload.
[2020.07.09-11.27.02:695][143]LogClass: Lines HotReload.
[2020.07.09-11.27.02:716][143]LogContentBrowser: Native class hierarchy updated for 'FlowerGame' in 0.0007 seconds. Added 13 classes and 8 folders.
[2020.07.09-11.27.02:718][143]Display: HotReload successful (33 functions remapped  1 scriptstructs remapped)
[2020.07.09-11.27.02:846][143]LogContentBrowser: Native class hierarchy populated in 0.0207 seconds. Added 3439 classes and 828 folders.
[2020.07.09-11.27.02:846][143]Display: HotReload took 61.6s.
[2020.07.09-11.27.44:057][441]LogTemp: Repeating last play command: Selected Viewport
[2020.07.09-11.27.44:098][441]LogPlayLevel: PlayLevel: No blueprints needed recompiling
[2020.07.09-11.27.44:098][441]PIE: New page: PIE session: TestMap (9 juil. 2020 à 15:27:44)
[2020.07.09-11.27.44:099][441]LogOnline: OSS: Creating online subsystem instance for: NULL
[2020.07.09-11.27.44:101][441]LogOnline: OSS: TryLoadSubsystemAndSetDefault: Loaded subsystem for module [NULL]
[2020.07.09-11.27.44:101][441]LogPlayLevel: Creating play world package: /Game/MobileStarterContent/Maps/UEDPIE_0_TestMap
[2020.07.09-11.27.44:132][441]LogPlayLevel: PIE: StaticDuplicateObject took: (0.031039s)
[2020.07.09-11.27.44:134][441]LogAIModule: Creating AISystem for world TestMap
[2020.07.09-11.27.44:134][441]LogAISub: UAISubsystem::UAISubsystem EnvQueryManager (000001A7CE3EFE00), frame # 11441
[2020.07.09-11.27.44:134][441]LogAISub: UAISubsystem::UAISubsystem AIPerceptionSystem (000001A7CD77D940), frame # 11441
[2020.07.09-11.27.44:134][441]LogPlayLevel: PIE: World Init took: (0.002056s)
[2020.07.09-11.27.44:134][441]LogPlayLevel: PIE: Created PIE world by copying editor world from /Game/MobileStarterContent/Maps/TestMap.TestMap to /Game/MobileStarterContent/Maps/UEDPIE_0_TestMap.TestMap (0.033320s)
[2020.07.09-11.27.44:146][441]LogUObjectHash: Compacting FUObjectHashTables data took   1.24ms
[2020.07.09-11.27.44:149][441]LogAudioMixer: Display: Audio Mixer Platform Settings:
[2020.07.09-11.27.44:149][441]LogAudioMixer: Display: 	Sample Rate:						  48000
[2020.07.09-11.27.44:149][441]LogAudioMixer: Display: 	Callback Buffer Frame Size Requested: 1024
[2020.07.09-11.27.44:149][441]LogAudioMixer: Display: 	Callback Buffer Frame Size To Use:	  1024
[2020.07.09-11.27.44:149][441]LogAudioMixer: Display: 	Number of buffers to queue:			  2
[2020.07.09-11.27.44:149][441]LogAudioMixer: Display: 	Max Channels (voices):				  32
[2020.07.09-11.27.44:149][441]LogAudioMixer: Display: 	Number of Async Source Workers:		  0
[2020.07.09-11.27.44:149][441]LogAudio: Display: AudioDevice MaxSources: 32
[2020.07.09-11.27.44:150][441]LogAudio: Display: Using built-in audio occlusion.
[2020.07.09-11.27.44:150][441]LogAudioMixer: Display: Initializing audio mixer.
[2020.07.09-11.27.44:153][441]LogAudioMixer: Display: 0: FrontLeft
[2020.07.09-11.27.44:153][441]LogAudioMixer: Display: 1: FrontRight
[2020.07.09-11.27.44:168][441]LogAudioMixer: Display: Using Audio Device Haut-parleur (Conexant ISST Audio)
[2020.07.09-11.27.44:168][441]LogAudioMixer: Display: Initializing Sound Submixes...
[2020.07.09-11.27.44:168][441]LogAudioMixer: Display: Creating Master Submix 'MasterSubmixDefault'
[2020.07.09-11.27.44:169][441]LogAudioMixer: Display: Creating Master Submix 'MasterReverbSubmixDefault'
[2020.07.09-11.27.44:169][441]LogAudioMixer: Display: Creating Master Submix 'MasterEQSubmixDefault'
[2020.07.09-11.27.44:191][441]LogInit: FAudioDevice initialized.
[2020.07.09-11.27.44:201][441]LogLoad: Game class is 'FlowerGameGameModeBase'
[2020.07.09-11.27.44:206][441]LogWorld: Bringing World /Game/MobileStarterContent/Maps/UEDPIE_0_TestMap.TestMap up for play (max tick rate 60) at 2020.07.09-13.27.44
[2020.07.09-11.27.44:206][441]LogWorld: Bringing up level for play took: 0.003988
[2020.07.09-11.27.44:206][441]LogOnline: OSS: Creating online subsystem instance for: :Context_1
[2020.07.09-11.27.44:247][441]LogContentBrowser: Native class hierarchy updated for 'MovieSceneCapture' in 0.0006 seconds. Added 20 classes and 0 folders.
[2020.07.09-11.27.44:248][441]LogBlueprintUserMessages: [TestMap_C_2] DefaultPawn
[2020.07.09-11.27.44:256][441]LogActor: Warning: Sniper /Game/MobileStarterContent/Maps/UEDPIE_0_TestMap.TestMap:PersistentLevel.Sniper_0 has natively added scene component(s), but none of them were set as the actor's RootComponent - picking one arbitrarily
[2020.07.09-11.27.44:259][441]LogActor: Warning: Sniper /Game/MobileStarterContent/Maps/UEDPIE_0_TestMap.TestMap:PersistentLevel.Sniper_1 has natively added scene component(s), but none of them were set as the actor's RootComponent - picking one arbitrarily
[2020.07.09-11.27.44:261][441]LogActor: Warning: Sniper /Game/MobileStarterContent/Maps/UEDPIE_0_TestMap.TestMap:PersistentLevel.Sniper_2 has natively added scene component(s), but none of them were set as the actor's RootComponent - picking one arbitrarily
[2020.07.09-11.27.44:265][441]PIE: Server logged in
[2020.07.09-11.27.44:267][441]PIE: Play in editor total start time 0,175 seconds.
[2020.07.09-11.27.45:197][466]LogTemp: Warning: 1.UpdateGameKeys()::CurrentTouchState:1,PrevTouchState:0
[2020.07.09-11.27.45:197][466]LogTemp: Warning: 2.DetectOnePointActions()::AnchorPosition is :844.000000-259.000000
[2020.07.09-11.27.45:219][467]LogTemp: Warning: 1.UpdateGameKeys()::CurrentTouchState:1,PrevTouchState:1
[2020.07.09-11.27.45:246][468]LogTemp: Warning: 1.UpdateGameKeys()::CurrentTouchState:1,PrevTouchState:1
[2020.07.09-11.27.45:273][469]LogTemp: Warning: 6.DetectOnePointActions()::SwipeState.Position is :844.000000-259.000000, SwipeState.DownTime is:0.079047
[2020.07.09-11.27.46:667][515]LogTemp: Warning: 1.UpdateGameKeys()::CurrentTouchState:1,PrevTouchState:0
[2020.07.09-11.27.46:667][515]LogTemp: Warning: 2.DetectOnePointActions()::AnchorPosition is :429.000000-264.000000
[2020.07.09-11.27.46:691][516]LogTemp: Warning: 1.UpdateGameKeys()::CurrentTouchState:1,PrevTouchState:1
[2020.07.09-11.27.46:719][517]LogTemp: Warning: 1.UpdateGameKeys()::CurrentTouchState:1,PrevTouchState:1
[2020.07.09-11.27.46:719][517]LogTemp: Warning: 4.DetectOnePointActions()::SwipeState.Position is :429.000000-264.000000, SwipeState.DownTime is:0.054516
[2020.07.09-11.27.46:744][518]LogTemp: Warning: 6.DetectOnePointActions()::SwipeState.Position is :429.000000-264.000000, SwipeState.DownTime is:0.082269
[2020.07.09-11.27.46:744][518]LogTemp: Warning: 8.DetectOnePointActions()::SwipeState.Position is :427.000000-264.000000, SwipeState.DownTime is:0.082269
[2020.07.09-11.27.47:827][553]LogTemp: Warning: 1.UpdateGameKeys()::CurrentTouchState:1,PrevTouchState:0
[2020.07.09-11.27.47:827][553]LogTemp: Warning: 2.DetectOnePointActions()::AnchorPosition is :457.000000-253.000000
[2020.07.09-11.27.47:860][554]LogTemp: Warning: 1.UpdateGameKeys()::CurrentTouchState:1,PrevTouchState:1
[2020.07.09-11.27.47:901][555]LogTemp: Warning: 6.DetectOnePointActions()::SwipeState.Position is :457.000000-253.000000, SwipeState.DownTime is:0.066590
[2020.07.09-11.27.47:901][555]LogActor: Warning: RangeWeapon /Game/MobileStarterContent/Maps/UEDPIE_0_TestMap.TestMap:PersistentLevel.RangeWeapon_0 has natively added scene component(s), but none of them were set as the actor's RootComponent - picking one arbitrarily
[2020.07.09-11.27.47:902][555]LogActor: Warning: RangeWeapon /Game/MobileStarterContent/Maps/UEDPIE_0_TestMap.TestMap:PersistentLevel.RangeWeapon_1 has natively added scene component(s), but none of them were set as the actor's RootComponent - picking one arbitrarily
[2020.07.09-11.27.47:902][555]LogActor: Warning: RangeWeapon /Game/MobileStarterContent/Maps/UEDPIE_0_TestMap.TestMap:PersistentLevel.RangeWeapon_2 has natively added scene component(s), but none of them were set as the actor's RootComponent - picking one arbitrarily
[2020.07.09-11.27.47:902][555]LogActor: Warning: RangeWeapon /Game/MobileStarterContent/Maps/UEDPIE_0_TestMap.TestMap:PersistentLevel.RangeWeapon_3 has natively added scene component(s), but none of them were set as the actor's RootComponent - picking one arbitrarily
[2020.07.09-11.27.47:902][555]LogActor: Warning: RangeWeapon /Game/MobileStarterContent/Maps/UEDPIE_0_TestMap.TestMap:PersistentLevel.RangeWeapon_4 has natively added scene component(s), but none of them were set as the actor's RootComponent - picking one arbitrarily
[2020.07.09-11.27.47:903][555]LogActor: Warning: RangeWeapon /Game/MobileStarterContent/Maps/UEDPIE_0_TestMap.TestMap:PersistentLevel.RangeWeapon_5 has natively added scene component(s), but none of them were set as the actor's RootComponent - picking one arbitrarily
[2020.07.09-11.27.47:903][555]LogActor: Warning: RangeWeapon /Game/MobileStarterContent/Maps/UEDPIE_0_TestMap.TestMap:PersistentLevel.RangeWeapon_6 has natively added scene component(s), but none of them were set as the actor's RootComponent - picking one arbitrarily
[2020.07.09-11.27.47:903][555]LogActor: Warning: RangeWeapon /Game/MobileStarterContent/Maps/UEDPIE_0_TestMap.TestMap:PersistentLevel.RangeWeapon_7 has natively added scene component(s), but none of them were set as the actor's RootComponent - picking one arbitrarily
[2020.07.09-11.27.49:018][586]LogTemp: Warning: 1.UpdateGameKeys()::CurrentTouchState:1,PrevTouchState:0
[2020.07.09-11.27.49:018][586]LogTemp: Warning: 2.DetectOnePointActions()::AnchorPosition is :365.000000-165.000000
[2020.07.09-11.27.49:051][587]LogTemp: Warning: 1.UpdateGameKeys()::CurrentTouchState:1,PrevTouchState:1
[2020.07.09-11.27.49:085][588]LogTemp: Warning: 6.DetectOnePointActions()::SwipeState.Position is :365.000000-165.000000, SwipeState.DownTime is:0.066186
[2020.07.09-11.28.09:521][182]LogWindows: Error: === Critical error: ===
[2020.07.09-11.28.09:521][182]LogWindows: Error: 
[2020.07.09-11.28.09:521][182]LogWindows: Error: Fatal error!
[2020.07.09-11.28.09:521][182]LogWindows: Error: 
[2020.07.09-11.28.09:521][182]LogWindows: Error: Unhandled Exception: EXCEPTION_ACCESS_VIOLATION reading address 0x00000158
[2020.07.09-11.28.09:521][182]LogWindows: Error: 
[2020.07.09-11.28.09:521][182]LogWindows: Error: [Callstack] 0x00007ffae29670a9 UE4Editor-FlowerGame-9491.dll!UTrivetAction::ActiveAction() [C:\Users\a021694\Documents\GitHub\FlowerGame\FlowerGame4.25\Source\FlowerGame\Private\Model\DefensiveActions\TrivetAction.cpp:19]
[2020.07.09-11.28.09:521][182]LogWindows: Error: [Callstack] 0x00007ffae2972c30 UE4Editor-FlowerGame-9491.dll!UDefensiveAction::execActiveAction() [C:\Users\a021694\Documents\GitHub\FlowerGame\FlowerGame4.25\Intermediate\Build\Win64\UE4Editor\Inc\FlowerGame\DefensiveAction.gen.cpp:42]
[2020.07.09-11.28.09:522][182]LogWindows: Error: [Callstack] 0x00007ffb0e6e0ab4 UE4Editor-CoreUObject.dll!UnknownFunction []
[2020.07.09-11.28.09:522][182]LogWindows: Error: [Callstack] 0x00007ffb0e92ff9d UE4Editor-CoreUObject.dll!UnknownFunction []
[2020.07.09-11.28.09:522][182]LogWindows: Error: [Callstack] 0x00007ffb0e952fd3 UE4Editor-CoreUObject.dll!UnknownFunction []
[2020.07.09-11.28.09:522][182]LogWindows: Error: [Callstack] 0x00007ffb0e95560d UE4Editor-CoreUObject.dll!UnknownFunction []
[2020.07.09-11.28.09:522][182]LogWindows: Error: [Callstack] 0x00007ffb0e923aaa UE4Editor-CoreUObject.dll!UnknownFunction []
[2020.07.09-11.28.09:522][182]LogWindows: Error: [Callstack] 0x00007ffb0e955252 UE4Editor-CoreUObject.dll!UnknownFunction []
[2020.07.09-11.28.09:522][182]LogWindows: Error: [Callstack] 0x00007ffb0e95560d UE4Editor-CoreUObject.dll!UnknownFunction []
[2020.07.09-11.28.09:522][182]LogWindows: Error: [Callstack] 0x00007ffb0e954b14 UE4Editor-CoreUObject.dll!UnknownFunction []
[2020.07.09-11.28.09:522][182]LogWindows: Error: [Callstack] 0x00007ffb0e6e0ab4 UE4Editor-CoreUObject.dll!UnknownFunction []
[2020.07.09-11.28.09:522][182]LogWindows: Error: [Callstack] 0x00007ffb0e954643 UE4Editor-CoreUObject.dll!UnknownFunction []
[2020.07.09-11.28.09:522][182]LogWindows: Error: [Callstack] 0x00007ffafc1790ab UE4Editor-UMG.dll!UnknownFunction []
[2020.07.09-11.28.09:522][182]LogWindows: Error: [Callstack] 0x00007ffafc295157 UE4Editor-UMG.dll!UnknownFunction []
[2020.07.09-11.28.09:522][182]LogWindows: Error: [Callstack] 0x00007ffafc20b5c3 UE4Editor-UMG.dll!UnknownFunction []
[2020.07.09-11.28.09:522][182]LogWindows: Error: [Callstack] 0x00007ffb0e21767e UE4Editor-Slate.dll!UnknownFunction []
[2020.07.09-11.28.09:522][182]LogWindows: Error: [Callstack] 0x00007ffb0e23131e UE4Editor-Slate.dll!UnknownFunction []
[2020.07.09-11.28.09:522][182]LogWindows: Error: [Callstack] 0x00007ffb0e073128 UE4Editor-Slate.dll!UnknownFunction []
[2020.07.09-11.28.09:522][182]LogWindows: Error: [Callstack] 0x00007ffb0e10295f UE4Editor-Slate.dll!UnknownFunction []
[2020.07.09-11.28.09:522][182]LogWindows: Error: [Callstack] 0x00007ffb0e0eaea2 UE4Editor-Slate.dll!UnknownFunction []
[2020.07.09-11.28.09:522][182]LogWindows: Error: [Callstack] 0x00007ffb0e0de927 UE4Editor-Slate.dll!UnknownFunction []
[2020.07.09-11.28.09:522][182]LogWindows: Error: [Callstack] 0x00007ffb0e0dd92b UE4Editor-Slate.dll!UnknownFunction []
[2020.07.09-11.28.09:522][182]LogWindows: Error: [Callstack] 0x00007ffb31ca7f88 UE4Editor-ApplicationCore.dll!UnknownFunction []
[2020.07.09-11.28.09:522][182]LogWindows: Error: [Callstack] 0x00007ffb31c95c87 UE4Editor-ApplicationCore.dll!UnknownFunction []
[2020.07.09-11.28.09:522][182]LogWindows: Error: [Callstack] 0x00007ffb31caa609 UE4Editor-ApplicationCore.dll!UnknownFunction []
[2020.07.09-11.28.09:522][182]LogWindows: Error: [Callstack] 0x00007ffb31c917d0 UE4Editor-ApplicationCore.dll!UnknownFunction []
[2020.07.09-11.28.09:522][182]LogWindows: Error: [Callstack] 0x00007ffb57d4b61d USER32.dll!UnknownFunction []
[2020.07.09-11.28.09:522][182]LogWindows: Error: [Callstack] 0x00007ffb57d4afaf USER32.dll!UnknownFunction []
[2020.07.09-11.28.09:522][182]LogWindows: Error: [Callstack] 0x00007ffb31cabb24 UE4Editor-ApplicationCore.dll!UnknownFunction []
[2020.07.09-11.28.09:522][182]LogWindows: Error: [Callstack] 0x00007ff716d568c4 UE4Editor.exe!UnknownFunction []
[2020.07.09-11.28.09:522][182]LogWindows: Error: [Callstack] 0x00007ff716d6ba7c UE4Editor.exe!UnknownFunction []
[2020.07.09-11.28.09:522][182]LogWindows: Error: [Callstack] 0x00007ff716d6bb5a UE4Editor.exe!UnknownFunction []
[2020.07.09-11.28.09:523][182]LogWindows: Error: [Callstack] 0x00007ff716d7e31d UE4Editor.exe!UnknownFunction []
[2020.07.09-11.28.09:523][182]LogWindows: Error: [Callstack] 0x00007ff716d8145a UE4Editor.exe!UnknownFunction []
[2020.07.09-11.28.09:523][182]LogWindows: Error: [Callstack] 0x00007ffb561837e4 KERNEL32.DLL!UnknownFunction []
[2020.07.09-11.28.09:523][182]LogWindows: Error: [Callstack] 0x00007ffb58cfcb81 ntdll.dll!UnknownFunction []
[2020.07.09-11.28.09:523][182]LogWindows: Error: 
[2020.07.09-11.28.09:536][182]LogExit: Executing StaticShutdownAfterError
[2020.07.09-11.28.09:539][182]LogWindows: FPlatformMisc::RequestExit(1)
[2020.07.09-11.28.09:540][182]LogCore: Engine exit requested (reason: Win RequestExit)
[2020.07.09-11.28.09:548][182]Log file closed, 07/09/20 13:28:09
