Log file open, 07/09/20 11:20:28
LogInit: Display: Running engine for game: FlowerGame
LogPlatformFile: Not using cached read wrapper
LogTaskGraph: Started task graph with 5 named threads and 11 total threads with 3 sets of task threads.
LogStats: Stats thread started at 0.126120
LogD3D11RHI: Loaded GFSDK_Aftermath_Lib.x64.dll
LogICUInternationalization: ICU TimeZone Detection - Raw Offset: +1:00, Platform Override: ''
LogPluginManager: Mounting plugin Paper2D
LogPluginManager: Mounting plugin AISupport
LogPluginManager: Mounting plugin LightPropagationVolume
LogPluginManager: Mounting plugin CameraShakePreviewer
LogPluginManager: Mounting plugin ActorLayerUtilities
LogPluginManager: Mounting plugin AnimationSharing
LogPluginManager: Mounting plugin CLionSourceCodeAccess
LogPluginManager: Mounting plugin CodeLiteSourceCodeAccess
LogPluginManager: Mounting plugin GitSourceControl
LogPluginManager: Mounting plugin KDevelopSourceCodeAccess
LogPluginManager: Mounting plugin NullSourceCodeAccess
LogPluginManager: Mounting plugin PerforceSourceControl
LogPluginManager: Mounting plugin PlasticSourceControl
LogPluginManager: Mounting plugin RiderSourceCodeAccess
LogPluginManager: Mounting plugin SubversionSourceControl
LogPluginManager: Mounting plugin UObjectPlugin
LogPluginManager: Mounting plugin VisualStudioCodeSourceCodeAccess
LogPluginManager: Mounting plugin VisualStudioSourceCodeAccess
LogPluginManager: Mounting plugin XCodeSourceCodeAccess
LogPluginManager: Mounting plugin AssetManagerEditor
LogPluginManager: Mounting plugin CryptoKeys
LogPluginManager: Mounting plugin CurveEditorTools
LogPluginManager: Mounting plugin DataValidation
LogPluginManager: Mounting plugin EditorScriptingUtilities
LogPluginManager: Mounting plugin FacialAnimation
LogPluginManager: Mounting plugin GameplayTagsEditor
LogPluginManager: Mounting plugin GeometryMode
LogPluginManager: Mounting plugin MacGraphicsSwitching
LogPluginManager: Mounting plugin MaterialAnalyzer
LogPluginManager: Mounting plugin MobileLauncherProfileWizard
LogPluginManager: Mounting plugin PluginBrowser
LogPluginManager: Mounting plugin SpeedTreeImporter
LogPluginManager: Mounting plugin DatasmithContent
LogPluginManager: Mounting plugin VariantManagerContent
LogPluginManager: Mounting plugin AlembicImporter
LogPluginManager: Mounting plugin AutomationUtils
LogPluginManager: Mounting plugin BackChannel
LogPluginManager: Mounting plugin ChaosCloth
LogPluginManager: Mounting plugin ChaosClothEditor
LogPluginManager: Mounting plugin ChaosEditor
LogPluginManager: Mounting plugin ChaosNiagara
LogPluginManager: Mounting plugin ChaosSolverPlugin
LogPluginManager: Mounting plugin CharacterAI
LogPluginManager: Mounting plugin GeometryCache
LogPluginManager: Mounting plugin GeometryCollectionPlugin
LogPluginManager: Mounting plugin GeometryProcessing
LogPluginManager: Mounting plugin PlanarCut
LogPluginManager: Mounting plugin PlatformCrypto
LogPluginManager: Mounting plugin ProxyLODPlugin
LogPluginManager: Mounting plugin SkeletalReduction
LogPluginManager: Mounting plugin Niagara
LogPluginManager: Mounting plugin MagicLeap
LogPluginManager: Mounting plugin MagicLeapLightEstimation
LogPluginManager: Mounting plugin MagicLeapMedia
LogPluginManager: Mounting plugin MagicLeapPassableWorld
LogPluginManager: Mounting plugin MLSDK
LogPluginManager: Mounting plugin AndroidMedia
LogPluginManager: Mounting plugin AvfMedia
LogPluginManager: Mounting plugin ImgMedia
LogPluginManager: Mounting plugin MediaCompositing
LogPluginManager: Mounting plugin MediaPlayerEditor
LogPluginManager: Mounting plugin WebMMedia
LogPluginManager: Mounting plugin WmfMedia
LogPluginManager: Mounting plugin MeshPainting
LogPluginManager: Mounting plugin TcpMessaging
LogPluginManager: Mounting plugin UdpMessaging
LogPluginManager: Mounting plugin ActorSequence
LogPluginManager: Mounting plugin LevelSequenceEditor
LogPluginManager: Mounting plugin MatineeToLevelSequence
LogPluginManager: Mounting plugin MovieRenderPipeline
LogPluginManager: Mounting plugin TemplateSequence
LogPluginManager: Mounting plugin NetcodeUnitTest
LogPluginManager: Mounting plugin NUTUnrealEngine4
LogPluginManager: Mounting plugin OnlineSubsystemGooglePlay
LogPluginManager: Mounting plugin OnlineSubsystemIOS
LogPluginManager: Mounting plugin OnlineSubsystem
LogPluginManager: Mounting plugin OnlineSubsystemNull
LogPluginManager: Mounting plugin OnlineSubsystemUtils
LogPluginManager: Mounting plugin LauncherChunkInstaller
LogPluginManager: Mounting plugin AndroidDeviceProfileSelector
LogPluginManager: Mounting plugin AndroidMoviePlayer
LogPluginManager: Mounting plugin AndroidPermission
LogPluginManager: Mounting plugin AppleImageUtils
LogPluginManager: Mounting plugin AppleMoviePlayer
LogPluginManager: Mounting plugin ArchVisCharacter
LogPluginManager: Mounting plugin AssetTags
LogPluginManager: Mounting plugin AudioCapture
LogPluginManager: Mounting plugin CableComponent
LogPluginManager: Mounting plugin CustomMeshComponent
LogPluginManager: Mounting plugin EditableMesh
LogPluginManager: Mounting plugin ExampleDeviceProfileSelector
LogPluginManager: Mounting plugin GoogleCloudMessaging
LogPluginManager: Mounting plugin GooglePAD
LogPluginManager: Mounting plugin IOSDeviceProfileSelector
LogPluginManager: Mounting plugin LinuxDeviceProfileSelector
LogPluginManager: Mounting plugin LocationServicesBPLibrary
LogPluginManager: Mounting plugin MobilePatchingUtils
LogPluginManager: Mounting plugin OculusVR
LogPluginManager: Mounting plugin PhysXVehicles
LogPluginManager: Mounting plugin PostSplashScreen
LogPluginManager: Mounting plugin ProceduralMeshComponent
LogPluginManager: Mounting plugin RuntimePhysXCooking
LogPluginManager: Mounting plugin SignificanceManager
LogPluginManager: Mounting plugin SoundFields
LogPluginManager: Mounting plugin SteamVR
LogPluginManager: Mounting plugin Synthesis
LogPluginManager: Mounting plugin WebMMoviePlayer
LogPluginManager: Mounting plugin WindowsMoviePlayer
LogPluginManager: Mounting plugin ScreenshotTools
LogInit: Using libcurl 7.55.1-DEV
LogInit:  - built for x86_64-pc-win32
LogInit:  - supports SSL with OpenSSL/1.1.1
LogInit:  - supports HTTP deflate (compression) using libz 1.2.8
LogInit:  - other features:
LogInit:      CURL_VERSION_SSL
LogInit:      CURL_VERSION_LIBZ
LogInit:      CURL_VERSION_IPV6
LogInit:      CURL_VERSION_ASYNCHDNS
LogInit:      CURL_VERSION_LARGEFILE
LogInit:      CURL_VERSION_IDN
LogInit:  CurlRequestOptions (configurable via config and command line):
LogInit:  - bVerifyPeer = true  - Libcurl will verify peer certificate
LogInit:  - bUseHttpProxy = false  - Libcurl will NOT use HTTP proxy
LogInit:  - bDontReuseConnections = false  - Libcurl will reuse connections
LogInit:  - MaxHostConnections = 16  - Libcurl will limit the number of connections to a host
LogInit:  - LocalHostAddr = Default
LogInit:  - BufferSize = 65536
LogOnline: OSS: Creating online subsystem instance for: NULL
LogInit: WinSock: version 1.1 (2.2), MaxSocks=32767, MaxUdp=65467
LogOnline: OSS: TryLoadSubsystemAndSetDefault: Loaded subsystem for module [NULL]
LogInit: Build: ++UE4+Release-4.25-CL-13144385
LogInit: Engine Version: 4.25.0-13144385+++UE4+Release-4.25
LogInit: Compatible Engine Version: 4.25.0-13144385+++UE4+Release-4.25
LogInit: Net CL: 13144385
LogInit: OS: Windows 10 (Release 1709) (), CPU: Intel(R) Core(TM) i7-6600U CPU @ 2.60GHz, GPU: Intel(R) HD Graphics 520
LogInit: Compiled (64-bit): May  2 2020 02:12:11
LogInit: Compiled with Visual C++: 19.24.28315.00
LogInit: Build Configuration: Development
LogInit: Branch Name: ++UE4+Release-4.25
LogInit: Command Line: 
LogInit: Base Directory: C:/Program Files (x86)/Epic Games/UE_4.25/Engine/Binaries/Win64/
LogInit: Allocator: TBB
LogInit: Installed Engine Build: 1
LogDevObjectVersion: Number of dev versions registered: 26
LogDevObjectVersion:   Dev-Blueprints (B0D832E4-1F89-4F0D-ACCF-7EB736FD4AA2): 10
LogDevObjectVersion:   Dev-Build (E1C64328-A22C-4D53-A36C-8E866417BD8C): 0
LogDevObjectVersion:   Dev-Core (375EC13C-06E4-48FB-B500-84F0262A717E): 4
LogDevObjectVersion:   Dev-Editor (E4B068ED-F494-42E9-A231-DA0B2E46BB41): 38
LogDevObjectVersion:   Dev-Framework (CFFC743F-43B0-4480-9391-14DF171D2073): 37
LogDevObjectVersion:   Dev-Mobile (B02B49B5-BB20-44E9-A304-32B752E40360): 2
LogDevObjectVersion:   Dev-Networking (A4E4105C-59A1-49B5-A7C5-40C4547EDFEE): 0
LogDevObjectVersion:   Dev-Online (39C831C9-5AE6-47DC-9A44-9C173E1C8E7C): 0
LogDevObjectVersion:   Dev-Physics (78F01B33-EBEA-4F98-B9B4-84EACCB95AA2): 4
LogDevObjectVersion:   Dev-Platform (6631380F-2D4D-43E0-8009-CF276956A95A): 0
LogDevObjectVersion:   Dev-Rendering (12F88B9F-8875-4AFC-A67C-D90C383ABD29): 43
LogDevObjectVersion:   Dev-Sequencer (7B5AE74C-D270-4C10-A958-57980B212A5A): 12
LogDevObjectVersion:   Dev-VR (D7296918-1DD6-4BDD-9DE2-64A83CC13884): 3
LogDevObjectVersion:   Dev-LoadTimes (C2A15278-BFE7-4AFE-6C17-90FF531DF755): 1
LogDevObjectVersion:   Private-Geometry (6EACA3D4-40EC-4CC1-B786-8BED09428FC5): 3
LogDevObjectVersion:   Dev-AnimPhys (29E575DD-E0A3-4627-9D10-D276232CDCEA): 17
LogDevObjectVersion:   Dev-Anim (AF43A65D-7FD3-4947-9873-3E8ED9C1BB05): 7
LogDevObjectVersion:   Dev-ReflectionCapture (6B266CEC-1EC7-4B8F-A30B-E4D90942FC07): 1
LogDevObjectVersion:   Dev-Automation (0DF73D61-A23F-47EA-B727-89E90C41499A): 1
LogDevObjectVersion:   FortniteMain (601D1886-AC64-4F84-AA16-D3DE0DEAC7D6): 31
LogDevObjectVersion:   Dev-Enterprise (9DFFBCD6-494F-0158-E221-12823C92A888): 10
LogDevObjectVersion:   Dev-Niagara (F2AED0AC-9AFE-416F-8664-AA7FFA26D6FC): 1
LogDevObjectVersion:   Dev-Destruction (174F1F0B-B4C6-45A5-B13F-2EE8D0FB917D): 10
LogDevObjectVersion:   Dev-Physics-Ext (35F94A83-E258-406C-A318-09F59610247C): 37
LogDevObjectVersion:   Dev-PhysicsMaterial-Chaos (B68FC16E-8B1B-42E2-B453-215C058844FE): 1
LogDevObjectVersion:   Dev-CineCamera (B2E18506-4273-CFC2-A54E-F4BB758BBA07): 1
LogInit: Presizing for max 25165824 objects, including 0 objects not considered by GC, pre-allocating 0 bytes for permanent pool.
LogConfig: Applying CVar settings from Section [/Script/Engine.StreamingSettings] File [C:/Users/a021694/Documents/GitHub/FlowerGame/FlowerGame4.25/Saved/Config/Windows/Engine.ini]
LogConfig: Setting CVar [[s.MinBulkDataSizeForAsyncLoading:131072]]
LogConfig: Setting CVar [[s.AsyncLoadingThreadEnabled:0]]
LogConfig: Setting CVar [[s.EventDrivenLoaderEnabled:1]]
LogConfig: Setting CVar [[s.WarnIfTimeLimitExceeded:0]]
LogConfig: Setting CVar [[s.TimeLimitExceededMultiplier:1.5]]
LogConfig: Setting CVar [[s.TimeLimitExceededMinTime:0.005]]
LogConfig: Setting CVar [[s.UseBackgroundLevelStreaming:1]]
LogConfig: Setting CVar [[s.PriorityAsyncLoadingExtraTime:15.0]]
LogConfig: Setting CVar [[s.LevelStreamingActorsUpdateTimeLimit:5.0]]
LogConfig: Setting CVar [[s.PriorityLevelStreamingActorsUpdateExtraTime:5.0]]
LogConfig: Setting CVar [[s.LevelStreamingComponentsRegistrationGranularity:10]]
LogConfig: Setting CVar [[s.UnregisterComponentsTimeLimit:1.0]]
LogConfig: Setting CVar [[s.LevelStreamingComponentsUnregistrationGranularity:5]]
LogConfig: Setting CVar [[s.FlushStreamingOnExit:1]]
LogInit: Object subsystem initialized
LogConfig: Setting CVar [[con.DebugEarlyDefault:1]]
LogConfig: Setting CVar [[r.setres:1280x720]]
[2020.07.09-09.20.28:538][  0]LogConfig: Setting CVar [[r.VSync:0]]
[2020.07.09-09.20.28:538][  0]LogConfig: Setting CVar [[r.RHICmdBypass:0]]
[2020.07.09-09.20.28:538][  0]LogConfig: Applying CVar settings from Section [/Script/Engine.RendererSettings] File [C:/Users/a021694/Documents/GitHub/FlowerGame/FlowerGame4.25/Saved/Config/Windows/Engine.ini]
[2020.07.09-09.20.28:538][  0]LogConfig: Setting CVar [[r.GPUCrashDebugging:0]]
[2020.07.09-09.20.28:538][  0]LogConfig: Setting CVar [[r.MobileHDR:1]]
[2020.07.09-09.20.28:538][  0]LogConfig: Setting CVar [[r.Mobile.DisableVertexFog:1]]
[2020.07.09-09.20.28:538][  0]LogConfig: Setting CVar [[r.Shadow.CSM.MaxMobileCascades:2]]
[2020.07.09-09.20.28:538][  0]LogConfig: Setting CVar [[r.MobileMSAA:1]]
[2020.07.09-09.20.28:538][  0]LogConfig: Setting CVar [[r.Mobile.UseLegacyShadingModel:0]]
[2020.07.09-09.20.28:538][  0]LogConfig: Setting CVar [[r.Mobile.UseHWsRGBEncoding:0]]
[2020.07.09-09.20.28:538][  0]LogConfig: Setting CVar [[r.Mobile.AllowDitheredLODTransition:0]]
[2020.07.09-09.20.28:538][  0]LogConfig: Setting CVar [[r.Mobile.AllowSoftwareOcclusion:0]]
[2020.07.09-09.20.28:538][  0]LogConfig: Setting CVar [[r.DiscardUnusedQuality:0]]
[2020.07.09-09.20.28:538][  0]LogConfig: Setting CVar [[r.AllowOcclusionQueries:1]]
[2020.07.09-09.20.28:538][  0]LogConfig: Setting CVar [[r.MinScreenRadiusForLights:0.030000]]
[2020.07.09-09.20.28:539][  0]LogConfig: Setting CVar [[r.MinScreenRadiusForDepthPrepass:0.030000]]
[2020.07.09-09.20.28:539][  0]LogConfig: Setting CVar [[r.MinScreenRadiusForCSMDepth:0.010000]]
[2020.07.09-09.20.28:539][  0]LogConfig: Setting CVar [[r.PrecomputedVisibilityWarning:0]]
[2020.07.09-09.20.28:539][  0]LogConfig: Setting CVar [[r.TextureStreaming:1]]
[2020.07.09-09.20.28:539][  0]LogConfig: Setting CVar [[Compat.UseDXT5NormalMaps:0]]
[2020.07.09-09.20.28:539][  0]LogConfig: Setting CVar [[r.VirtualTextures:0]]
[2020.07.09-09.20.28:539][  0]LogConfig: Setting CVar [[r.VirtualTexturedLightmaps:0]]
[2020.07.09-09.20.28:539][  0]LogConfig: Setting CVar [[r.VT.TileSize:128]]
[2020.07.09-09.20.28:539][  0]LogConfig: Setting CVar [[r.VT.TileBorderSize:4]]
[2020.07.09-09.20.28:539][  0]LogConfig: Setting CVar [[r.vt.FeedbackFactor:16]]
[2020.07.09-09.20.28:539][  0]LogConfig: Setting CVar [[r.VT.EnableCompressZlib:1]]
[2020.07.09-09.20.28:539][  0]LogConfig: Setting CVar [[r.VT.EnableCompressCrunch:0]]
[2020.07.09-09.20.28:539][  0]LogConfig: Setting CVar [[r.ClearCoatNormal:0]]
[2020.07.09-09.20.28:539][  0]LogConfig: Setting CVar [[r.ReflectionCaptureResolution:128]]
[2020.07.09-09.20.28:539][  0]LogConfig: Setting CVar [[r.ReflectionEnvironmentLightmapMixBasedOnRoughness:1]]
[2020.07.09-09.20.28:539][  0]LogConfig: Setting CVar [[r.ForwardShading:0]]
[2020.07.09-09.20.28:539][  0]LogConfig: Setting CVar [[r.VertexFoggingForOpaque:1]]
[2020.07.09-09.20.28:539][  0]LogConfig: Setting CVar [[r.AllowStaticLighting:1]]
[2020.07.09-09.20.28:539][  0]LogConfig: Setting CVar [[r.NormalMapsForStaticLighting:0]]
[2020.07.09-09.20.28:539][  0]LogConfig: Setting CVar [[r.GenerateMeshDistanceFields:0]]
[2020.07.09-09.20.28:539][  0]LogConfig: Setting CVar [[r.DistanceFieldBuild.EightBit:0]]
[2020.07.09-09.20.28:539][  0]LogConfig: Setting CVar [[r.GenerateLandscapeGIData:0]]
[2020.07.09-09.20.28:539][  0]LogConfig: Setting CVar [[r.DistanceFieldBuild.Compress:0]]
[2020.07.09-09.20.28:539][  0]LogConfig: Setting CVar [[r.TessellationAdaptivePixelsPerTriangle:48.000000]]
[2020.07.09-09.20.28:539][  0]LogConfig: Setting CVar [[r.SeparateTranslucency:0]]
[2020.07.09-09.20.28:539][  0]LogConfig: Setting CVar [[r.TranslucentSortPolicy:0]]
[2020.07.09-09.20.28:539][  0]LogConfig: Setting CVar [[r.CustomDepth:1]]
[2020.07.09-09.20.28:539][  0]LogConfig: Setting CVar [[r.CustomDepthTemporalAAJitter:1]]
[2020.07.09-09.20.28:539][  0]LogConfig: Setting CVar [[r.PostProcessing.PropagateAlpha:0]]
[2020.07.09-09.20.28:539][  0]LogConfig: Setting CVar [[r.DefaultFeature.Bloom:1]]
[2020.07.09-09.20.28:539][  0]LogConfig: Setting CVar [[r.DefaultFeature.AmbientOcclusion:0]]
[2020.07.09-09.20.28:539][  0]LogConfig: Setting CVar [[r.DefaultFeature.AmbientOcclusionStaticFraction:1]]
[2020.07.09-09.20.28:539][  0]LogConfig: Setting CVar [[r.DefaultFeature.AutoExposure:0]]
[2020.07.09-09.20.28:539][  0]LogConfig: Setting CVar [[r.DefaultFeature.AutoExposure.Method:0]]
[2020.07.09-09.20.28:539][  0]LogConfig: Setting CVar [[r.DefaultFeature.AutoExposure.ExtendDefaultLuminanceRange:0]]
[2020.07.09-09.20.28:539][  0]LogConfig: Setting CVar [[r.UsePreExposure:1]]
[2020.07.09-09.20.28:539][  0]LogConfig: Setting CVar [[r.EyeAdaptation.EditorOnly:1]]
[2020.07.09-09.20.28:539][  0]LogConfig: Setting CVar [[r.DefaultFeature.MotionBlur:0]]
[2020.07.09-09.20.28:539][  0]LogConfig: Setting CVar [[r.DefaultFeature.LensFlare:0]]
[2020.07.09-09.20.28:539][  0]LogConfig: Setting CVar [[r.TemporalAA.Upsampling:0]]
[2020.07.09-09.20.28:539][  0]LogConfig: Setting CVar [[r.SSGI.Enable:0]]
[2020.07.09-09.20.28:539][  0]LogConfig: Setting CVar [[r.DefaultFeature.AntiAliasing:0]]
[2020.07.09-09.20.28:539][  0]LogConfig: Setting CVar [[r.DefaultFeature.LightUnits:1]]
[2020.07.09-09.20.28:539][  0]LogConfig: Setting CVar [[r.DefaultBackBufferPixelFormat:4]]
[2020.07.09-09.20.28:539][  0]LogConfig: Setting CVar [[r.Shadow.UnbuiltPreviewInGame:1]]
[2020.07.09-09.20.28:539][  0]LogConfig: Setting CVar [[r.StencilForLODDither:0]]
[2020.07.09-09.20.28:539][  0]LogConfig: Setting CVar [[r.EarlyZPass:3]]
[2020.07.09-09.20.28:539][  0]LogConfig: Setting CVar [[r.EarlyZPassOnlyMaterialMasking:0]]
[2020.07.09-09.20.28:539][  0]LogConfig: Setting CVar [[r.DBuffer:1]]
[2020.07.09-09.20.28:540][  0]LogConfig: Setting CVar [[r.ClearSceneMethod:1]]
[2020.07.09-09.20.28:540][  0]LogConfig: Setting CVar [[r.BasePassOutputsVelocity:0]]
[2020.07.09-09.20.28:540][  0]LogConfig: Setting CVar [[r.SelectiveBasePassOutputs:0]]
[2020.07.09-09.20.28:540][  0]LogConfig: Setting CVar [[fx.GPUSimulationTextureSizeX:1024]]
[2020.07.09-09.20.28:540][  0]LogConfig: Setting CVar [[fx.GPUSimulationTextureSizeY:1024]]
[2020.07.09-09.20.28:540][  0]LogConfig: Setting CVar [[r.AllowGlobalClipPlane:0]]
[2020.07.09-09.20.28:540][  0]LogConfig: Setting CVar [[r.GBufferFormat:1]]
[2020.07.09-09.20.28:540][  0]LogConfig: Setting CVar [[r.MorphTarget.Mode:1]]
[2020.07.09-09.20.28:540][  0]LogConfig: Setting CVar [[vr.InstancedStereo:0]]
[2020.07.09-09.20.28:540][  0]LogConfig: Setting CVar [[vr.MobileMultiView:0]]
[2020.07.09-09.20.28:540][  0]LogConfig: Setting CVar [[vr.RoundRobinOcclusion:0]]
[2020.07.09-09.20.28:540][  0]LogConfig: Setting CVar [[vr.ODSCapture:0]]
[2020.07.09-09.20.28:540][  0]LogConfig: Setting CVar [[r.WireframeCullThreshold:5.000000]]
[2020.07.09-09.20.28:540][  0]LogConfig: Setting CVar [[r.RayTracing:0]]
[2020.07.09-09.20.28:540][  0]LogConfig: Setting CVar [[r.RayTracing.UseTextureLod:0]]
[2020.07.09-09.20.28:540][  0]LogConfig: Setting CVar [[r.SupportStationarySkylight:1]]
[2020.07.09-09.20.28:540][  0]LogConfig: Setting CVar [[r.SupportLowQualityLightmaps:1]]
[2020.07.09-09.20.28:540][  0]LogConfig: Setting CVar [[r.SupportPointLightWholeSceneShadows:1]]
[2020.07.09-09.20.28:540][  0]LogConfig: Setting CVar [[r.SupportAtmosphericFog:1]]
[2020.07.09-09.20.28:540][  0]LogConfig: Setting CVar [[r.SupportSkyAtmosphere:1]]
[2020.07.09-09.20.28:540][  0]LogConfig: Setting CVar [[r.SupportSkyAtmosphereAffectsHeightFog:0]]
[2020.07.09-09.20.28:540][  0]LogConfig: Setting CVar [[r.SkinCache.CompileShaders:0]]
[2020.07.09-09.20.28:540][  0]LogConfig: Setting CVar [[r.Mobile.EnableStaticAndCSMShadowReceivers:1]]
[2020.07.09-09.20.28:540][  0]LogConfig: Setting CVar [[r.Mobile.EnableMovableLightCSMShaderCulling:1]]
[2020.07.09-09.20.28:540][  0]LogConfig: Setting CVar [[r.Mobile.AllowDistanceFieldShadows:1]]
[2020.07.09-09.20.28:540][  0]LogConfig: Setting CVar [[r.Mobile.AllowMovableDirectionalLights:1]]
[2020.07.09-09.20.28:540][  0]LogConfig: Setting CVar [[r.MobileNumDynamicPointLights:4]]
[2020.07.09-09.20.28:540][  0]LogConfig: Setting CVar [[r.MobileDynamicPointLightsUseStaticBranch:1]]
[2020.07.09-09.20.28:540][  0]LogConfig: Setting CVar [[r.Mobile.EnableMovableSpotlights:0]]
[2020.07.09-09.20.28:540][  0]LogConfig: Setting CVar [[r.SkinCache.SceneMemoryLimitInMB:128.000000]]
[2020.07.09-09.20.28:540][  0]LogConfig: Setting CVar [[r.GPUSkin.Limit2BoneInfluences:0]]
[2020.07.09-09.20.28:540][  0]LogConfig: Setting CVar [[r.SupportDepthOnlyIndexBuffers:1]]
[2020.07.09-09.20.28:540][  0]LogConfig: Setting CVar [[r.SupportReversedIndexBuffers:1]]
[2020.07.09-09.20.28:540][  0]LogConfig: Setting CVar [[r.SupportMaterialLayers:0]]
[2020.07.09-09.20.28:540][  0]LogConfig: Setting CVar [[r.LightPropagationVolume:0]]
[2020.07.09-09.20.28:540][  0]LogConfig: Applying CVar settings from Section [/Script/Engine.RendererOverrideSettings] File [C:/Users/a021694/Documents/GitHub/FlowerGame/FlowerGame4.25/Saved/Config/Windows/Engine.ini]
[2020.07.09-09.20.28:540][  0]LogConfig: Applying CVar settings from Section [/Script/Engine.StreamingSettings] File [C:/Users/a021694/Documents/GitHub/FlowerGame/FlowerGame4.25/Saved/Config/Windows/Engine.ini]
[2020.07.09-09.20.28:540][  0]LogConfig: Setting CVar [[s.MinBulkDataSizeForAsyncLoading:131072]]
[2020.07.09-09.20.28:540][  0]LogConfig: Setting CVar [[s.AsyncLoadingThreadEnabled:0]]
[2020.07.09-09.20.28:540][  0]LogConfig: Setting CVar [[s.EventDrivenLoaderEnabled:1]]
[2020.07.09-09.20.28:540][  0]LogConfig: Setting CVar [[s.WarnIfTimeLimitExceeded:0]]
[2020.07.09-09.20.28:540][  0]LogConfig: Setting CVar [[s.TimeLimitExceededMultiplier:1.5]]
[2020.07.09-09.20.28:540][  0]LogConfig: Setting CVar [[s.TimeLimitExceededMinTime:0.005]]
[2020.07.09-09.20.28:540][  0]LogConfig: Setting CVar [[s.UseBackgroundLevelStreaming:1]]
[2020.07.09-09.20.28:540][  0]LogConfig: Setting CVar [[s.PriorityAsyncLoadingExtraTime:15.0]]
[2020.07.09-09.20.28:540][  0]LogConfig: Setting CVar [[s.LevelStreamingActorsUpdateTimeLimit:5.0]]
[2020.07.09-09.20.28:540][  0]LogConfig: Setting CVar [[s.PriorityLevelStreamingActorsUpdateExtraTime:5.0]]
[2020.07.09-09.20.28:540][  0]LogConfig: Setting CVar [[s.LevelStreamingComponentsRegistrationGranularity:10]]
[2020.07.09-09.20.28:540][  0]LogConfig: Setting CVar [[s.UnregisterComponentsTimeLimit:1.0]]
[2020.07.09-09.20.28:540][  0]LogConfig: Setting CVar [[s.LevelStreamingComponentsUnregistrationGranularity:5]]
[2020.07.09-09.20.28:540][  0]LogConfig: Setting CVar [[s.FlushStreamingOnExit:1]]
[2020.07.09-09.20.28:541][  0]LogConfig: Applying CVar settings from Section [/Script/Engine.GarbageCollectionSettings] File [C:/Users/a021694/Documents/GitHub/FlowerGame/FlowerGame4.25/Saved/Config/Windows/Engine.ini]
[2020.07.09-09.20.28:541][  0]LogConfig: Setting CVar [[gc.MaxObjectsNotConsideredByGC:1]]
[2020.07.09-09.20.28:541][  0]LogConfig: Setting CVar [[gc.SizeOfPermanentObjectPool:0]]
[2020.07.09-09.20.28:541][  0]LogConfig: Setting CVar [[gc.FlushStreamingOnGC:0]]
[2020.07.09-09.20.28:541][  0]LogConfig: Setting CVar [[gc.NumRetriesBeforeForcingGC:10]]
[2020.07.09-09.20.28:541][  0]LogConfig: Setting CVar [[gc.AllowParallelGC:1]]
[2020.07.09-09.20.28:541][  0]LogConfig: Setting CVar [[gc.TimeBetweenPurgingPendingKillObjects:61.1]]
[2020.07.09-09.20.28:541][  0]LogConfig: Setting CVar [[gc.MaxObjectsInEditor:25165824]]
[2020.07.09-09.20.28:541][  0]LogConfig: Setting CVar [[gc.IncrementalBeginDestroyEnabled:1]]
[2020.07.09-09.20.28:541][  0]LogConfig: Setting CVar [[gc.CreateGCClusters:1]]
[2020.07.09-09.20.28:541][  0]LogConfig: Setting CVar [[gc.MinGCClusterSize:5]]
[2020.07.09-09.20.28:541][  0]LogConfig: Setting CVar [[gc.ActorClusteringEnabled:0]]
[2020.07.09-09.20.28:541][  0]LogConfig: Setting CVar [[gc.BlueprintClusteringEnabled:0]]
[2020.07.09-09.20.28:541][  0]LogConfig: Setting CVar [[gc.UseDisregardForGCOnDedicatedServers:0]]
[2020.07.09-09.20.28:541][  0]LogConfig: Applying CVar settings from Section [/Script/Engine.NetworkSettings] File [C:/Users/a021694/Documents/GitHub/FlowerGame/FlowerGame4.25/Saved/Config/Windows/Engine.ini]
[2020.07.09-09.20.28:541][  0]LogConfig: Applying CVar settings from Section [/Script/UnrealEd.CookerSettings] File [C:/Users/a021694/Documents/GitHub/FlowerGame/FlowerGame4.25/Saved/Config/Windows/Engine.ini]
[2020.07.09-09.20.28:543][  0]LogConfig: Applying CVar settings from Section [ViewDistanceQuality@3] File [C:/Users/a021694/Documents/GitHub/FlowerGame/FlowerGame4.25/Saved/Config/Windows/Scalability.ini]
[2020.07.09-09.20.28:543][  0]LogConfig: Setting CVar [[r.SkeletalMeshLODBias:0]]
[2020.07.09-09.20.28:544][  0]LogConfig: Setting CVar [[r.ViewDistanceScale:1.0]]
[2020.07.09-09.20.28:544][  0]LogConfig: Applying CVar settings from Section [AntiAliasingQuality@3] File [C:/Users/a021694/Documents/GitHub/FlowerGame/FlowerGame4.25/Saved/Config/Windows/Scalability.ini]
[2020.07.09-09.20.28:544][  0]LogConfig: Setting CVar [[r.PostProcessAAQuality:4]]
[2020.07.09-09.20.28:544][  0]LogConfig: Applying CVar settings from Section [ShadowQuality@3] File [C:/Users/a021694/Documents/GitHub/FlowerGame/FlowerGame4.25/Saved/Config/Windows/Scalability.ini]
[2020.07.09-09.20.28:544][  0]LogConfig: Setting CVar [[r.LightFunctionQuality:1]]
[2020.07.09-09.20.28:544][  0]LogConfig: Setting CVar [[r.ShadowQuality:5]]
[2020.07.09-09.20.28:544][  0]LogConfig: Setting CVar [[r.Shadow.CSM.MaxCascades:10]]
[2020.07.09-09.20.28:544][  0]LogConfig: Setting CVar [[r.Shadow.MaxResolution:2048]]
[2020.07.09-09.20.28:544][  0]LogConfig: Setting CVar [[r.Shadow.MaxCSMResolution:2048]]
[2020.07.09-09.20.28:544][  0]LogConfig: Setting CVar [[r.Shadow.RadiusThreshold:0.01]]
[2020.07.09-09.20.28:544][  0]LogConfig: Setting CVar [[r.Shadow.DistanceScale:1.0]]
[2020.07.09-09.20.28:544][  0]LogConfig: Setting CVar [[r.Shadow.CSM.TransitionScale:1.0]]
[2020.07.09-09.20.28:544][  0]LogConfig: Setting CVar [[r.Shadow.PreShadowResolutionFactor:1.0]]
[2020.07.09-09.20.28:544][  0]LogConfig: Setting CVar [[r.DistanceFieldShadowing:1]]
[2020.07.09-09.20.28:544][  0]LogConfig: Setting CVar [[r.DistanceFieldAO:1]]
[2020.07.09-09.20.28:544][  0]LogConfig: Setting CVar [[r.AOQuality:2]]
[2020.07.09-09.20.28:544][  0]LogConfig: Setting CVar [[r.VolumetricFog:1]]
[2020.07.09-09.20.28:544][  0]LogConfig: Setting CVar [[r.VolumetricFog.GridPixelSize:8]]
[2020.07.09-09.20.28:544][  0]LogConfig: Setting CVar [[r.VolumetricFog.GridSizeZ:128]]
[2020.07.09-09.20.28:544][  0]LogConfig: Setting CVar [[r.VolumetricFog.HistoryMissSupersampleCount:4]]
[2020.07.09-09.20.28:544][  0]LogConfig: Setting CVar [[r.LightMaxDrawDistanceScale:1]]
[2020.07.09-09.20.28:544][  0]LogConfig: Setting CVar [[r.CapsuleShadows:1]]
[2020.07.09-09.20.28:544][  0]LogConfig: Applying CVar settings from Section [PostProcessQuality@3] File [C:/Users/a021694/Documents/GitHub/FlowerGame/FlowerGame4.25/Saved/Config/Windows/Scalability.ini]
[2020.07.09-09.20.28:544][  0]LogConfig: Setting CVar [[r.MotionBlurQuality:4]]
[2020.07.09-09.20.28:544][  0]LogConfig: Setting CVar [[r.AmbientOcclusionMipLevelFactor:0.4]]
[2020.07.09-09.20.28:544][  0]LogConfig: Setting CVar [[r.AmbientOcclusionMaxQuality:100]]
[2020.07.09-09.20.28:544][  0]LogConfig: Setting CVar [[r.AmbientOcclusionLevels:-1]]
[2020.07.09-09.20.28:544][  0]LogConfig: Setting CVar [[r.AmbientOcclusionRadiusScale:1.0]]
[2020.07.09-09.20.28:544][  0]LogConfig: Setting CVar [[r.DepthOfFieldQuality:2]]
[2020.07.09-09.20.28:544][  0]LogConfig: Setting CVar [[r.RenderTargetPoolMin:400]]
[2020.07.09-09.20.28:544][  0]LogConfig: Setting CVar [[r.LensFlareQuality:2]]
[2020.07.09-09.20.28:544][  0]LogConfig: Setting CVar [[r.SceneColorFringeQuality:1]]
[2020.07.09-09.20.28:544][  0]LogConfig: Setting CVar [[r.EyeAdaptationQuality:2]]
[2020.07.09-09.20.28:544][  0]LogConfig: Setting CVar [[r.BloomQuality:5]]
[2020.07.09-09.20.28:544][  0]LogConfig: Setting CVar [[r.FastBlurThreshold:100]]
[2020.07.09-09.20.28:544][  0]LogConfig: Setting CVar [[r.Upscale.Quality:3]]
[2020.07.09-09.20.28:544][  0]LogConfig: Setting CVar [[r.Tonemapper.GrainQuantization:1]]
[2020.07.09-09.20.28:544][  0]LogConfig: Setting CVar [[r.LightShaftQuality:1]]
[2020.07.09-09.20.28:544][  0]LogConfig: Setting CVar [[r.Filter.SizeScale:1]]
[2020.07.09-09.20.28:544][  0]LogConfig: Setting CVar [[r.Tonemapper.Quality:5]]
[2020.07.09-09.20.28:544][  0]LogConfig: Setting CVar [[r.DOF.Gather.AccumulatorQuality:1        ; higher gathering accumulator quality]]
[2020.07.09-09.20.28:544][  0]LogConfig: Setting CVar [[r.DOF.Gather.PostfilterMethod:1          ; Median3x3 postfilering method]]
[2020.07.09-09.20.28:544][  0]LogConfig: Setting CVar [[r.DOF.Gather.EnableBokehSettings:0       ; no bokeh simulation when gathering]]
[2020.07.09-09.20.28:544][  0]LogConfig: Setting CVar [[r.DOF.Gather.RingCount:4                 ; medium number of samples when gathering]]
[2020.07.09-09.20.28:544][  0]LogConfig: Setting CVar [[r.DOF.Scatter.ForegroundCompositing:1    ; additive foreground scattering]]
[2020.07.09-09.20.28:544][  0]LogConfig: Setting CVar [[r.DOF.Scatter.BackgroundCompositing:2    ; additive background scattering]]
[2020.07.09-09.20.28:544][  0]LogConfig: Setting CVar [[r.DOF.Scatter.EnableBokehSettings:1      ; bokeh simulation when scattering]]
[2020.07.09-09.20.28:544][  0]LogConfig: Setting CVar [[r.DOF.Scatter.MaxSpriteRatio:0.1         ; only a maximum of 10% of scattered bokeh]]
[2020.07.09-09.20.28:544][  0]LogConfig: Setting CVar [[r.DOF.Recombine.Quality:1                ; cheap slight out of focus]]
[2020.07.09-09.20.28:544][  0]LogConfig: Setting CVar [[r.DOF.Recombine.EnableBokehSettings:0    ; no bokeh simulation on slight out of focus]]
[2020.07.09-09.20.28:544][  0]LogConfig: Setting CVar [[r.DOF.TemporalAAQuality:1                ; more stable temporal accumulation]]
[2020.07.09-09.20.28:544][  0]LogConfig: Setting CVar [[r.DOF.Kernel.MaxForegroundRadius:0.025]]
[2020.07.09-09.20.28:544][  0]LogConfig: Setting CVar [[r.DOF.Kernel.MaxBackgroundRadius:0.025]]
[2020.07.09-09.20.28:545][  0]LogConfig: Applying CVar settings from Section [TextureQuality@3] File [C:/Users/a021694/Documents/GitHub/FlowerGame/FlowerGame4.25/Saved/Config/Windows/Scalability.ini]
[2020.07.09-09.20.28:545][  0]LogConfig: Setting CVar [[r.Streaming.MipBias:0]]
[2020.07.09-09.20.28:545][  0]LogConfig: Setting CVar [[r.Streaming.AmortizeCPUToGPUCopy:0]]
[2020.07.09-09.20.28:545][  0]LogConfig: Setting CVar [[r.Streaming.MaxNumTexturesToStreamPerFrame:0]]
[2020.07.09-09.20.28:545][  0]LogConfig: Setting CVar [[r.Streaming.Boost:1]]
[2020.07.09-09.20.28:545][  0]LogConfig: Setting CVar [[r.MaxAnisotropy:8]]
[2020.07.09-09.20.28:545][  0]LogConfig: Setting CVar [[r.VT.MaxAnisotropy:8]]
[2020.07.09-09.20.28:545][  0]LogConfig: Setting CVar [[r.Streaming.LimitPoolSizeToVRAM:0]]
[2020.07.09-09.20.28:545][  0]LogConfig: Setting CVar [[r.Streaming.PoolSize:1000]]
[2020.07.09-09.20.28:545][  0]LogConfig: Setting CVar [[r.Streaming.MaxEffectiveScreenSize:0]]
[2020.07.09-09.20.28:545][  0]LogConfig: Applying CVar settings from Section [EffectsQuality@3] File [C:/Users/a021694/Documents/GitHub/FlowerGame/FlowerGame4.25/Saved/Config/Windows/Scalability.ini]
[2020.07.09-09.20.28:545][  0]LogConfig: Setting CVar [[r.TranslucencyLightingVolumeDim:64]]
[2020.07.09-09.20.28:545][  0]LogConfig: Setting CVar [[r.RefractionQuality:2]]
[2020.07.09-09.20.28:545][  0]LogConfig: Setting CVar [[r.SSR.Quality:3]]
[2020.07.09-09.20.28:545][  0]LogConfig: Setting CVar [[r.SSR.HalfResSceneColor:0]]
[2020.07.09-09.20.28:545][  0]LogConfig: Setting CVar [[r.SceneColorFormat:4]]
[2020.07.09-09.20.28:545][  0]LogConfig: Setting CVar [[r.DetailMode:2]]
[2020.07.09-09.20.28:545][  0]LogConfig: Setting CVar [[r.TranslucencyVolumeBlur:1]]
[2020.07.09-09.20.28:545][  0]LogConfig: Setting CVar [[r.MaterialQualityLevel:1 ; High quality]]
[2020.07.09-09.20.28:545][  0]LogConfig: Setting CVar [[r.SSS.Scale:1]]
[2020.07.09-09.20.28:545][  0]LogConfig: Setting CVar [[r.SSS.SampleSet:2]]
[2020.07.09-09.20.28:545][  0]LogConfig: Setting CVar [[r.SSS.Quality:1]]
[2020.07.09-09.20.28:545][  0]LogConfig: Setting CVar [[r.SSS.HalfRes:0]]
[2020.07.09-09.20.28:545][  0]LogConfig: Setting CVar [[r.SSGI.Quality:3]]
[2020.07.09-09.20.28:545][  0]LogConfig: Setting CVar [[r.EmitterSpawnRateScale:1.0]]
[2020.07.09-09.20.28:545][  0]LogConfig: Setting CVar [[r.ParticleLightQuality:2]]
[2020.07.09-09.20.28:545][  0]LogConfig: Setting CVar [[r.SkyAtmosphere.AerialPerspectiveLUT.FastApplyOnOpaque:1 ; Always have FastSkyLUT 1 in this case to avoid wrong sky]]
[2020.07.09-09.20.28:545][  0]LogConfig: Setting CVar [[r.SkyAtmosphere.AerialPerspectiveLUT.SampleCountPerSlice:1]]
[2020.07.09-09.20.28:545][  0]LogConfig: Setting CVar [[r.SkyAtmosphere.AerialPerspectiveLUT.DepthResolution:16.0]]
[2020.07.09-09.20.28:545][  0]LogConfig: Setting CVar [[r.SkyAtmosphere.FastSkyLUT:1]]
[2020.07.09-09.20.28:545][  0]LogConfig: Setting CVar [[r.SkyAtmosphere.FastSkyLUT.SampleCountMin:4.0]]
[2020.07.09-09.20.28:545][  0]LogConfig: Setting CVar [[r.SkyAtmosphere.FastSkyLUT.SampleCountMax:32.0]]
[2020.07.09-09.20.28:545][  0]LogConfig: Setting CVar [[r.SkyAtmosphere.SampleCountMin:4.0]]
[2020.07.09-09.20.28:545][  0]LogConfig: Setting CVar [[r.SkyAtmosphere.SampleCountMax:32.0]]
[2020.07.09-09.20.28:545][  0]LogConfig: Setting CVar [[r.SkyAtmosphere.TransmittanceLUT.UseSmallFormat:0]]
[2020.07.09-09.20.28:545][  0]LogConfig: Setting CVar [[r.SkyAtmosphere.TransmittanceLUT.SampleCount:10.0]]
[2020.07.09-09.20.28:545][  0]LogConfig: Setting CVar [[r.SkyAtmosphere.MultiScatteringLUT.SampleCount:15.0]]
[2020.07.09-09.20.28:545][  0]LogConfig: Applying CVar settings from Section [FoliageQuality@3] File [C:/Users/a021694/Documents/GitHub/FlowerGame/FlowerGame4.25/Saved/Config/Windows/Scalability.ini]
[2020.07.09-09.20.28:545][  0]LogConfig: Setting CVar [[foliage.DensityScale:1.0]]
[2020.07.09-09.20.28:545][  0]LogConfig: Setting CVar [[grass.DensityScale:1.0]]
[2020.07.09-09.20.28:545][  0]LogConfig: Applying CVar settings from Section [ShadingQuality@3] File [C:/Users/a021694/Documents/GitHub/FlowerGame/FlowerGame4.25/Saved/Config/Windows/Scalability.ini]
[2020.07.09-09.20.28:545][  0]LogConfig: Setting CVar [[r.HairStrands.SkyLighting.SampleCount:16]]
[2020.07.09-09.20.28:545][  0]LogConfig: Setting CVar [[r.HairStrands.SkyLighting.JitterIntegration:0]]
[2020.07.09-09.20.28:545][  0]LogConfig: Setting CVar [[r.HairStrands.SkyAO.SampleCount:16]]
[2020.07.09-09.20.28:545][  0]LogConfig: Setting CVar [[r.HairStrands.DeepShadow.SuperSampling:0]]
[2020.07.09-09.20.28:545][  0]LogConfig: Setting CVar [[r.HairStrands.VisibilityPPLL:0]]
[2020.07.09-09.20.28:545][  0]LogConfig: Setting CVar [[r.HairStrands.RasterizationScale:0.5]]
[2020.07.09-09.20.28:545][  0]LogConfig: Setting CVar [[r.HairStrands.VelocityRasterizationScale:1]]
[2020.07.09-09.20.28:545][  0]LogInit: Selected Device Profile: [Windows]
[2020.07.09-09.20.28:545][  0]LogInit: Applying CVar settings loaded from the selected device profile: [Windows]
[2020.07.09-09.20.28:546][  0]LogHAL: Display: Platform has ~ 32 GB [34234515456 / 34359738368 / 32], which maps to Largest [LargestMinGB=32, LargerMinGB=12, DefaultMinGB=8, SmallerMinGB=6, SmallestMinGB=0)
[2020.07.09-09.20.28:546][  0]LogInit: Going up to parent DeviceProfile []
[2020.07.09-09.20.28:546][  0]LogConfig: Applying CVar settings from Section [ViewDistanceQuality@3] File [C:/Users/a021694/Documents/GitHub/FlowerGame/FlowerGame4.25/Saved/Config/Windows/Scalability.ini]
[2020.07.09-09.20.28:546][  0]LogConfig: Setting CVar [[r.SkeletalMeshLODBias:0]]
[2020.07.09-09.20.28:546][  0]LogConfig: Setting CVar [[r.ViewDistanceScale:1.0]]
[2020.07.09-09.20.28:546][  0]LogConfig: Applying CVar settings from Section [AntiAliasingQuality@3] File [C:/Users/a021694/Documents/GitHub/FlowerGame/FlowerGame4.25/Saved/Config/Windows/Scalability.ini]
[2020.07.09-09.20.28:546][  0]LogConfig: Setting CVar [[r.PostProcessAAQuality:4]]
[2020.07.09-09.20.28:546][  0]LogConfig: Applying CVar settings from Section [ShadowQuality@3] File [C:/Users/a021694/Documents/GitHub/FlowerGame/FlowerGame4.25/Saved/Config/Windows/Scalability.ini]
[2020.07.09-09.20.28:546][  0]LogConfig: Setting CVar [[r.LightFunctionQuality:1]]
[2020.07.09-09.20.28:546][  0]LogConfig: Setting CVar [[r.ShadowQuality:5]]
[2020.07.09-09.20.28:546][  0]LogConfig: Setting CVar [[r.Shadow.CSM.MaxCascades:10]]
[2020.07.09-09.20.28:546][  0]LogConfig: Setting CVar [[r.Shadow.MaxResolution:2048]]
[2020.07.09-09.20.28:546][  0]LogConfig: Setting CVar [[r.Shadow.MaxCSMResolution:2048]]
[2020.07.09-09.20.28:546][  0]LogConfig: Setting CVar [[r.Shadow.RadiusThreshold:0.01]]
[2020.07.09-09.20.28:546][  0]LogConfig: Setting CVar [[r.Shadow.DistanceScale:1.0]]
[2020.07.09-09.20.28:546][  0]LogConfig: Setting CVar [[r.Shadow.CSM.TransitionScale:1.0]]
[2020.07.09-09.20.28:546][  0]LogConfig: Setting CVar [[r.Shadow.PreShadowResolutionFactor:1.0]]
[2020.07.09-09.20.28:546][  0]LogConfig: Setting CVar [[r.DistanceFieldShadowing:1]]
[2020.07.09-09.20.28:546][  0]LogConfig: Setting CVar [[r.DistanceFieldAO:1]]
[2020.07.09-09.20.28:546][  0]LogConfig: Setting CVar [[r.AOQuality:2]]
[2020.07.09-09.20.28:546][  0]LogConfig: Setting CVar [[r.VolumetricFog:1]]
[2020.07.09-09.20.28:546][  0]LogConfig: Setting CVar [[r.VolumetricFog.GridPixelSize:8]]
[2020.07.09-09.20.28:546][  0]LogConfig: Setting CVar [[r.VolumetricFog.GridSizeZ:128]]
[2020.07.09-09.20.28:546][  0]LogConfig: Setting CVar [[r.VolumetricFog.HistoryMissSupersampleCount:4]]
[2020.07.09-09.20.28:546][  0]LogConfig: Setting CVar [[r.LightMaxDrawDistanceScale:1]]
[2020.07.09-09.20.28:546][  0]LogConfig: Setting CVar [[r.CapsuleShadows:1]]
[2020.07.09-09.20.28:546][  0]LogConfig: Applying CVar settings from Section [PostProcessQuality@3] File [C:/Users/a021694/Documents/GitHub/FlowerGame/FlowerGame4.25/Saved/Config/Windows/Scalability.ini]
[2020.07.09-09.20.28:546][  0]LogConfig: Setting CVar [[r.MotionBlurQuality:4]]
[2020.07.09-09.20.28:546][  0]LogConfig: Setting CVar [[r.AmbientOcclusionMipLevelFactor:0.4]]
[2020.07.09-09.20.28:546][  0]LogConfig: Setting CVar [[r.AmbientOcclusionMaxQuality:100]]
[2020.07.09-09.20.28:546][  0]LogConfig: Setting CVar [[r.AmbientOcclusionLevels:-1]]
[2020.07.09-09.20.28:546][  0]LogConfig: Setting CVar [[r.AmbientOcclusionRadiusScale:1.0]]
[2020.07.09-09.20.28:546][  0]LogConfig: Setting CVar [[r.DepthOfFieldQuality:2]]
[2020.07.09-09.20.28:546][  0]LogConfig: Setting CVar [[r.RenderTargetPoolMin:400]]
[2020.07.09-09.20.28:546][  0]LogConfig: Setting CVar [[r.LensFlareQuality:2]]
[2020.07.09-09.20.28:546][  0]LogConfig: Setting CVar [[r.SceneColorFringeQuality:1]]
[2020.07.09-09.20.28:546][  0]LogConfig: Setting CVar [[r.EyeAdaptationQuality:2]]
[2020.07.09-09.20.28:546][  0]LogConfig: Setting CVar [[r.BloomQuality:5]]
[2020.07.09-09.20.28:546][  0]LogConfig: Setting CVar [[r.FastBlurThreshold:100]]
[2020.07.09-09.20.28:546][  0]LogConfig: Setting CVar [[r.Upscale.Quality:3]]
[2020.07.09-09.20.28:546][  0]LogConfig: Setting CVar [[r.Tonemapper.GrainQuantization:1]]
[2020.07.09-09.20.28:546][  0]LogConfig: Setting CVar [[r.LightShaftQuality:1]]
[2020.07.09-09.20.28:546][  0]LogConfig: Setting CVar [[r.Filter.SizeScale:1]]
[2020.07.09-09.20.28:546][  0]LogConfig: Setting CVar [[r.Tonemapper.Quality:5]]
[2020.07.09-09.20.28:546][  0]LogConfig: Setting CVar [[r.DOF.Gather.AccumulatorQuality:1        ; higher gathering accumulator quality]]
[2020.07.09-09.20.28:546][  0]LogConfig: Setting CVar [[r.DOF.Gather.PostfilterMethod:1          ; Median3x3 postfilering method]]
[2020.07.09-09.20.28:546][  0]LogConfig: Setting CVar [[r.DOF.Gather.EnableBokehSettings:0       ; no bokeh simulation when gathering]]
[2020.07.09-09.20.28:546][  0]LogConfig: Setting CVar [[r.DOF.Gather.RingCount:4                 ; medium number of samples when gathering]]
[2020.07.09-09.20.28:546][  0]LogConfig: Setting CVar [[r.DOF.Scatter.ForegroundCompositing:1    ; additive foreground scattering]]
[2020.07.09-09.20.28:546][  0]LogConfig: Setting CVar [[r.DOF.Scatter.BackgroundCompositing:2    ; additive background scattering]]
[2020.07.09-09.20.28:546][  0]LogConfig: Setting CVar [[r.DOF.Scatter.EnableBokehSettings:1      ; bokeh simulation when scattering]]
[2020.07.09-09.20.28:546][  0]LogConfig: Setting CVar [[r.DOF.Scatter.MaxSpriteRatio:0.1         ; only a maximum of 10% of scattered bokeh]]
[2020.07.09-09.20.28:547][  0]LogConfig: Setting CVar [[r.DOF.Recombine.Quality:1                ; cheap slight out of focus]]
[2020.07.09-09.20.28:547][  0]LogConfig: Setting CVar [[r.DOF.Recombine.EnableBokehSettings:0    ; no bokeh simulation on slight out of focus]]
[2020.07.09-09.20.28:547][  0]LogConfig: Setting CVar [[r.DOF.TemporalAAQuality:1                ; more stable temporal accumulation]]
[2020.07.09-09.20.28:547][  0]LogConfig: Setting CVar [[r.DOF.Kernel.MaxForegroundRadius:0.025]]
[2020.07.09-09.20.28:547][  0]LogConfig: Setting CVar [[r.DOF.Kernel.MaxBackgroundRadius:0.025]]
[2020.07.09-09.20.28:547][  0]LogConfig: Applying CVar settings from Section [TextureQuality@3] File [C:/Users/a021694/Documents/GitHub/FlowerGame/FlowerGame4.25/Saved/Config/Windows/Scalability.ini]
[2020.07.09-09.20.28:547][  0]LogConfig: Setting CVar [[r.Streaming.MipBias:0]]
[2020.07.09-09.20.28:547][  0]LogConfig: Setting CVar [[r.Streaming.AmortizeCPUToGPUCopy:0]]
[2020.07.09-09.20.28:547][  0]LogConfig: Setting CVar [[r.Streaming.MaxNumTexturesToStreamPerFrame:0]]
[2020.07.09-09.20.28:547][  0]LogConfig: Setting CVar [[r.Streaming.Boost:1]]
[2020.07.09-09.20.28:547][  0]LogConfig: Setting CVar [[r.MaxAnisotropy:8]]
[2020.07.09-09.20.28:547][  0]LogConfig: Setting CVar [[r.VT.MaxAnisotropy:8]]
[2020.07.09-09.20.28:547][  0]LogConfig: Setting CVar [[r.Streaming.LimitPoolSizeToVRAM:0]]
[2020.07.09-09.20.28:547][  0]LogConfig: Setting CVar [[r.Streaming.PoolSize:1000]]
[2020.07.09-09.20.28:547][  0]LogConfig: Setting CVar [[r.Streaming.MaxEffectiveScreenSize:0]]
[2020.07.09-09.20.28:547][  0]LogConfig: Applying CVar settings from Section [EffectsQuality@3] File [C:/Users/a021694/Documents/GitHub/FlowerGame/FlowerGame4.25/Saved/Config/Windows/Scalability.ini]
[2020.07.09-09.20.28:547][  0]LogConfig: Setting CVar [[r.TranslucencyLightingVolumeDim:64]]
[2020.07.09-09.20.28:547][  0]LogConfig: Setting CVar [[r.RefractionQuality:2]]
[2020.07.09-09.20.28:547][  0]LogConfig: Setting CVar [[r.SSR.Quality:3]]
[2020.07.09-09.20.28:547][  0]LogConfig: Setting CVar [[r.SSR.HalfResSceneColor:0]]
[2020.07.09-09.20.28:547][  0]LogConfig: Setting CVar [[r.SceneColorFormat:4]]
[2020.07.09-09.20.28:547][  0]LogConfig: Setting CVar [[r.DetailMode:2]]
[2020.07.09-09.20.28:547][  0]LogConfig: Setting CVar [[r.TranslucencyVolumeBlur:1]]
[2020.07.09-09.20.28:547][  0]LogConfig: Setting CVar [[r.MaterialQualityLevel:1 ; High quality]]
[2020.07.09-09.20.28:547][  0]LogConfig: Setting CVar [[r.SSS.Scale:1]]
[2020.07.09-09.20.28:547][  0]LogConfig: Setting CVar [[r.SSS.SampleSet:2]]
[2020.07.09-09.20.28:547][  0]LogConfig: Setting CVar [[r.SSS.Quality:1]]
[2020.07.09-09.20.28:547][  0]LogConfig: Setting CVar [[r.SSS.HalfRes:0]]
[2020.07.09-09.20.28:547][  0]LogConfig: Setting CVar [[r.SSGI.Quality:3]]
[2020.07.09-09.20.28:547][  0]LogConfig: Setting CVar [[r.EmitterSpawnRateScale:1.0]]
[2020.07.09-09.20.28:547][  0]LogConfig: Setting CVar [[r.ParticleLightQuality:2]]
[2020.07.09-09.20.28:547][  0]LogConfig: Setting CVar [[r.SkyAtmosphere.AerialPerspectiveLUT.FastApplyOnOpaque:1 ; Always have FastSkyLUT 1 in this case to avoid wrong sky]]
[2020.07.09-09.20.28:547][  0]LogConfig: Setting CVar [[r.SkyAtmosphere.AerialPerspectiveLUT.SampleCountPerSlice:1]]
[2020.07.09-09.20.28:547][  0]LogConfig: Setting CVar [[r.SkyAtmosphere.AerialPerspectiveLUT.DepthResolution:16.0]]
[2020.07.09-09.20.28:547][  0]LogConfig: Setting CVar [[r.SkyAtmosphere.FastSkyLUT:1]]
[2020.07.09-09.20.28:547][  0]LogConfig: Setting CVar [[r.SkyAtmosphere.FastSkyLUT.SampleCountMin:4.0]]
[2020.07.09-09.20.28:547][  0]LogConfig: Setting CVar [[r.SkyAtmosphere.FastSkyLUT.SampleCountMax:32.0]]
[2020.07.09-09.20.28:547][  0]LogConfig: Setting CVar [[r.SkyAtmosphere.SampleCountMin:4.0]]
[2020.07.09-09.20.28:547][  0]LogConfig: Setting CVar [[r.SkyAtmosphere.SampleCountMax:32.0]]
[2020.07.09-09.20.28:547][  0]LogConfig: Setting CVar [[r.SkyAtmosphere.TransmittanceLUT.UseSmallFormat:0]]
[2020.07.09-09.20.28:547][  0]LogConfig: Setting CVar [[r.SkyAtmosphere.TransmittanceLUT.SampleCount:10.0]]
[2020.07.09-09.20.28:547][  0]LogConfig: Setting CVar [[r.SkyAtmosphere.MultiScatteringLUT.SampleCount:15.0]]
[2020.07.09-09.20.28:547][  0]LogConfig: Applying CVar settings from Section [FoliageQuality@3] File [C:/Users/a021694/Documents/GitHub/FlowerGame/FlowerGame4.25/Saved/Config/Windows/Scalability.ini]
[2020.07.09-09.20.28:547][  0]LogConfig: Setting CVar [[foliage.DensityScale:1.0]]
[2020.07.09-09.20.28:547][  0]LogConfig: Setting CVar [[grass.DensityScale:1.0]]
[2020.07.09-09.20.28:547][  0]LogConfig: Applying CVar settings from Section [ShadingQuality@3] File [C:/Users/a021694/Documents/GitHub/FlowerGame/FlowerGame4.25/Saved/Config/Windows/Scalability.ini]
[2020.07.09-09.20.28:547][  0]LogConfig: Setting CVar [[r.HairStrands.SkyLighting.SampleCount:16]]
[2020.07.09-09.20.28:547][  0]LogConfig: Setting CVar [[r.HairStrands.SkyLighting.JitterIntegration:0]]
[2020.07.09-09.20.28:547][  0]LogConfig: Setting CVar [[r.HairStrands.SkyAO.SampleCount:16]]
[2020.07.09-09.20.28:547][  0]LogConfig: Setting CVar [[r.HairStrands.DeepShadow.SuperSampling:0]]
[2020.07.09-09.20.28:547][  0]LogConfig: Setting CVar [[r.HairStrands.VisibilityPPLL:0]]
[2020.07.09-09.20.28:547][  0]LogConfig: Setting CVar [[r.HairStrands.RasterizationScale:0.5]]
[2020.07.09-09.20.28:547][  0]LogConfig: Setting CVar [[r.HairStrands.VelocityRasterizationScale:1]]
[2020.07.09-09.20.28:547][  0]LogConfig: Applying CVar settings from Section [Startup] File [../../../Engine/Config/ConsoleVariables.ini]
[2020.07.09-09.20.28:548][  0]LogConfig: Setting CVar [[net.UseAdaptiveNetUpdateFrequency:0]]
[2020.07.09-09.20.28:548][  0]LogConfig: Setting CVar [[p.chaos.AllowCreatePhysxBodies:1]]
[2020.07.09-09.20.28:548][  0]LogConfig: Setting CVar [[fx.SkipVectorVMBackendOptimizations:1]]
[2020.07.09-09.20.28:548][  0]LogConfig: Applying CVar settings from Section [ConsoleVariables] File [C:/Users/a021694/Documents/GitHub/FlowerGame/FlowerGame4.25/Saved/Config/Windows/Engine.ini]
[2020.07.09-09.20.28:548][  0]LogInit: Computer: FRLH133527
[2020.07.09-09.20.28:548][  0]LogInit: User: a021694
[2020.07.09-09.20.28:548][  0]LogInit: CPU Page size=4096, Cores=2
[2020.07.09-09.20.28:548][  0]LogInit: High frequency timer resolution =2.742189 MHz
[2020.07.09-09.20.28:548][  0]LogMemory: Memory total: Physical=31.9GB (32GB approx)
[2020.07.09-09.20.28:548][  0]LogMemory: Platform Memory Stats for Windows
[2020.07.09-09.20.28:548][  0]LogMemory: Process Physical Memory: 115.66 MB used, 115.66 MB peak
[2020.07.09-09.20.28:548][  0]LogMemory: Process Virtual Memory: 103.91 MB used, 103.91 MB peak
[2020.07.09-09.20.28:548][  0]LogMemory: Physical Memory: 12630.39 MB used,  20018.18 MB free, 32648.58 MB total
[2020.07.09-09.20.28:548][  0]LogMemory: Virtual Memory: 1058.94 MB used,  134216672.00 MB free, 134217728.00 MB total
[2020.07.09-09.20.28:555][  0]LogWindows: WindowsPlatformFeatures enabled
[2020.07.09-09.20.28:589][  0]LogInit: Physics initialised using underlying interface: PhysX
[2020.07.09-09.20.28:590][  0]LogInit: Using OS detected language (fr-FR).
[2020.07.09-09.20.28:590][  0]LogInit: Using OS detected locale (fr-FR).
[2020.07.09-09.20.28:596][  0]LogTextLocalizationManager: No specific localization for 'fr-FR' exists, so the 'fr' localization will be used.
[2020.07.09-09.20.28:596][  0]LogTextLocalizationResource: LocRes '../../../Engine/Content/Localization/Editor/fr/Editor.locres' could not be opened for reading!
[2020.07.09-09.20.28:596][  0]LogTextLocalizationResource: LocRes '../../../Engine/Content/Localization/EditorTutorials/fr/EditorTutorials.locres' could not be opened for reading!
[2020.07.09-09.20.28:596][  0]LogTextLocalizationResource: LocRes '../../../Engine/Content/Localization/Keywords/fr/Keywords.locres' could not be opened for reading!
[2020.07.09-09.20.28:596][  0]LogTextLocalizationResource: LocRes '../../../Engine/Content/Localization/Category/fr/Category.locres' could not be opened for reading!
[2020.07.09-09.20.28:597][  0]LogTextLocalizationResource: LocRes '../../../Engine/Content/Localization/ToolTips/fr/ToolTips.locres' could not be opened for reading!
[2020.07.09-09.20.28:597][  0]LogTextLocalizationResource: LocRes '../../../Engine/Content/Localization/PropertyNames/fr/PropertyNames.locres' could not be opened for reading!
[2020.07.09-09.20.28:597][  0]LogTextLocalizationResource: LocRes '../../../Engine/Content/Localization/Engine/fr/Engine.locres' could not be opened for reading!
[2020.07.09-09.20.28:598][  0]LogInit: Setting process to per monitor DPI aware
[2020.07.09-09.20.28:633][  0]LogSlate: New Slate User Created.  User Index 0, Is Virtual User: 0
[2020.07.09-09.20.28:633][  0]LogSlate: Slate User Registered.  User Index 0, Is Virtual User: 0
[2020.07.09-09.20.28:795][  0]LogHMD: Failed to initialize OpenVR with code 110
[2020.07.09-09.20.28:795][  0]LogD3D11RHI: D3D11 min allowed feature level: 11_0
[2020.07.09-09.20.28:795][  0]LogD3D11RHI: D3D11 max allowed feature level: 11_0
[2020.07.09-09.20.28:795][  0]LogD3D11RHI: D3D11 adapters:
[2020.07.09-09.20.28:838][  0]LogD3D11RHI:    0. 'Intel(R) HD Graphics 520' (Feature Level 11_0)
[2020.07.09-09.20.28:838][  0]LogD3D11RHI:       128/0/16324 MB DedicatedVideo/DedicatedSystem/SharedSystem, Outputs:2, VendorId:0x8086
[2020.07.09-09.20.28:841][  0]LogD3D11RHI:    1. 'Microsoft Basic Render Driver' (Feature Level 11_0)
[2020.07.09-09.20.28:841][  0]LogD3D11RHI:       0/0/16324 MB DedicatedVideo/DedicatedSystem/SharedSystem, Outputs:0, VendorId:0x1414
[2020.07.09-09.20.28:843][  0]LogD3D11RHI:    2. 'Microsoft Basic Render Driver' (Feature Level 11_0)
[2020.07.09-09.20.28:843][  0]LogD3D11RHI:       0/0/16324 MB DedicatedVideo/DedicatedSystem/SharedSystem, Outputs:0, VendorId:0x1414
[2020.07.09-09.20.28:843][  0]LogD3D11RHI: Chosen D3D11 Adapter: 0
[2020.07.09-09.20.28:850][  0]LogD3D11RHI: Creating new Direct3DDevice
[2020.07.09-09.20.28:850][  0]LogD3D11RHI:     GPU DeviceId: 0x1916 (for the marketing name, search the web for "GPU Device Id")
[2020.07.09-09.20.28:850][  0]LogWindows: EnumDisplayDevices:
[2020.07.09-09.20.28:850][  0]LogWindows:    0. 'Intel(R) HD Graphics 520' (P:1 D:1)
[2020.07.09-09.20.28:850][  0]LogWindows:    1. 'Intel(R) HD Graphics 520' (P:0 D:0)
[2020.07.09-09.20.28:851][  0]LogWindows:    2. 'Intel(R) HD Graphics 520' (P:0 D:0)
[2020.07.09-09.20.28:851][  0]LogWindows:    3. 'DisplayLink USB Device' (P:0 D:1)
[2020.07.09-09.20.28:851][  0]LogWindows: DebugString: GetVideoDriverDetailsInvalid PrimaryIsNotTheChoosenAdapter FoundDriverCount:3 
[2020.07.09-09.20.28:851][  0]LogD3D11RHI:     Adapter Name: Intel(R) HD Graphics 520
[2020.07.09-09.20.28:851][  0]LogD3D11RHI:   Driver Version: 26.20.100.6888 (internal:26.20.100.6888, unified:26.20.100.6888)
[2020.07.09-09.20.28:851][  0]LogD3D11RHI:      Driver Date: 5-16-2019
[2020.07.09-09.20.28:851][  0]LogRHI: Texture pool is 1523 MB (70% of 2176 MB)
[2020.07.09-09.20.28:854][  0]LogD3D11RHI: [IntelMetricsDiscovery] Failed to initialize context. Result=00000002
[2020.07.09-09.20.28:888][  0]LogD3D11RHI: RHI does not have support for 64 bit atomics
[2020.07.09-09.20.28:888][  0]LogD3D11RHI: Async texture creation enabled
[2020.07.09-09.20.28:888][  0]LogD3D11RHI: Array index from any shader is supported
[2020.07.09-09.20.28:899][  0]LogD3D11RHI: GPU Timing Frequency: 12.000048 (Debug: 2 0)
[2020.07.09-09.20.29:231][  0]LogTargetPlatformManager: Display: Loaded TargetPlatform 'AllDesktop'
[2020.07.09-09.20.29:255][  0]LogTargetPlatformManager: Display: Loaded TargetPlatform 'Android'
[2020.07.09-09.20.29:256][  0]LogTargetPlatformManager: Display: Loaded TargetPlatform 'Android_ASTC'
[2020.07.09-09.20.29:256][  0]LogTargetPlatformManager: Display: Loaded TargetPlatform 'Android_DXT'
[2020.07.09-09.20.29:256][  0]LogTargetPlatformManager: Display: Loaded TargetPlatform 'Android_ETC2'
[2020.07.09-09.20.29:256][  0]LogTargetPlatformManager: Display: Loaded TargetPlatform 'AndroidClient'
[2020.07.09-09.20.29:256][  0]LogTargetPlatformManager: Display: Loaded TargetPlatform 'Android_ASTCClient'
[2020.07.09-09.20.29:256][  0]LogTargetPlatformManager: Display: Loaded TargetPlatform 'Android_DXTClient'
[2020.07.09-09.20.29:256][  0]LogTargetPlatformManager: Display: Loaded TargetPlatform 'Android_ETC2Client'
[2020.07.09-09.20.29:256][  0]LogTargetPlatformManager: Display: Loaded TargetPlatform 'Android_Multi'
[2020.07.09-09.20.29:256][  0]LogTargetPlatformManager: Display: Loaded TargetPlatform 'Android_MultiClient'
[2020.07.09-09.20.29:281][  0]LogTargetPlatformManager: Display: Loaded TargetPlatform 'IOSClient'
[2020.07.09-09.20.29:281][  0]LogTargetPlatformManager: Display: Loaded TargetPlatform 'IOS'
[2020.07.09-09.20.29:292][  0]LogTargetPlatformManager: Display: Loaded TargetPlatform 'Linux'
[2020.07.09-09.20.29:302][  0]LogTargetPlatformManager: Display: Loaded TargetPlatform 'LinuxNoEditor'
[2020.07.09-09.20.29:313][  0]LogTargetPlatformManager: Display: Loaded TargetPlatform 'LinuxClient'
[2020.07.09-09.20.29:324][  0]LogTargetPlatformManager: Display: Loaded TargetPlatform 'LinuxServer'
[2020.07.09-09.20.29:336][  0]LogTargetPlatformManager: Display: Loaded TargetPlatform 'LinuxAArch64NoEditor'
[2020.07.09-09.20.29:347][  0]LogTargetPlatformManager: Display: Loaded TargetPlatform 'LinuxAArch64Client'
[2020.07.09-09.20.29:357][  0]LogTargetPlatformManager: Display: Loaded TargetPlatform 'LinuxAArch64Server'
[2020.07.09-09.20.29:385][  0]LogTargetPlatformManager: Display: Loaded TargetPlatform 'Lumin'
[2020.07.09-09.20.29:385][  0]LogTargetPlatformManager: Display: Loaded TargetPlatform 'LuminClient'
[2020.07.09-09.20.29:401][  0]LogTargetPlatformManager: Display: Loaded TargetPlatform 'TVOSClient'
[2020.07.09-09.20.29:402][  0]LogTargetPlatformManager: Display: Loaded TargetPlatform 'TVOS'
[2020.07.09-09.20.29:412][  0]LogTargetPlatformManager: Display: Loaded TargetPlatform 'WindowsNoEditor'
[2020.07.09-09.20.29:423][  0]LogTargetPlatformManager: Display: Loaded TargetPlatform 'Windows'
[2020.07.09-09.20.29:434][  0]LogTargetPlatformManager: Display: Loaded TargetPlatform 'WindowsClient'
[2020.07.09-09.20.29:444][  0]LogTargetPlatformManager: Display: Loaded TargetPlatform 'WindowsServer'
[2020.07.09-09.20.29:444][  0]LogTargetPlatformManager: Display: Building Assets For Windows
[2020.07.09-09.20.29:453][  0]LogAudioDebug: Display: Lib vorbis DLL was dynamically loaded.
[2020.07.09-09.20.29:519][  0]LogShaderCompilers: Guid format shader working directory is -27 characters bigger than the processId version (../../../../../../Users/a021694/Documents/GitHub/FlowerGame/FlowerGame4.25/Intermediate/Shaders/WorkingDirectory/16672/).
[2020.07.09-09.20.29:519][  0]LogShaderCompilers: Cleaned the shader compiler working directory 'C:/Users/a021694/AppData/Local/Temp/UnrealShaderWorkingDir/8CD4C20B4B585CD9B32E9E86B7B11262/'.
[2020.07.09-09.20.29:520][  0]LogXGEController: Cannot use XGE Controller as Incredibuild is not installed on this machine.
[2020.07.09-09.20.29:520][  0]LogShaderCompilers: Cannot use XGE Shader Compiler as Incredibuild is not installed on this machine.
[2020.07.09-09.20.29:520][  0]LogShaderCompilers: Display: Using Local Shader Compiler.
[2020.07.09-09.20.30:703][  0]LogDerivedDataCache: Display: Max Cache Size: 512 MB
[2020.07.09-09.20.30:778][  0]LogDerivedDataCache: Loaded boot cache 0.07s 114MB C:/Users/a021694/AppData/Local/UnrealEngine/4.25/DerivedDataCache/Boot.ddc.
[2020.07.09-09.20.30:778][  0]LogDerivedDataCache: Display: Loaded Boot cache: C:/Users/a021694/AppData/Local/UnrealEngine/4.25/DerivedDataCache/Boot.ddc
[2020.07.09-09.20.30:778][  0]LogDerivedDataCache: FDerivedDataBackendGraph:  Pak pak cache file ../../../../../../Users/a021694/Documents/GitHub/FlowerGame/FlowerGame4.25/DerivedDataCache/DDC.ddp not found, will not use a pak cache.
[2020.07.09-09.20.30:778][  0]LogDerivedDataCache: Unable to find inner node Pak for hierarchical cache Hierarchy.
[2020.07.09-09.20.30:778][  0]LogDerivedDataCache: FDerivedDataBackendGraph:  CompressedPak pak cache file ../../../../../../Users/a021694/Documents/GitHub/FlowerGame/FlowerGame4.25/DerivedDataCache/Compressed.ddp not found, will not use a pak cache.
[2020.07.09-09.20.30:778][  0]LogDerivedDataCache: Unable to find inner node CompressedPak for hierarchical cache Hierarchy.
[2020.07.09-09.20.30:791][  0]LogDerivedDataCache: Display: Pak cache opened for reading ../../../Engine/DerivedDataCache/Compressed.ddp.
[2020.07.09-09.20.30:791][  0]LogDerivedDataCache: FDerivedDataBackendGraph:  EnterprisePak pak cache file ../../../Enterprise/DerivedDataCache/Compressed.ddp not found, will not use a pak cache.
[2020.07.09-09.20.30:791][  0]LogDerivedDataCache: Unable to find inner node EnterprisePak for hierarchical cache Hierarchy.
[2020.07.09-09.20.30:792][  0]LogDerivedDataCache: Using Local data cache path C:/Users/a021694/AppData/Local/UnrealEngine/Common/DerivedDataCache: Writable
[2020.07.09-09.20.30:792][  0]LogDerivedDataCache: Shared data cache path not found in *engine.ini, will not use an Shared cache.
[2020.07.09-09.20.30:793][  0]LogDerivedDataCache: Unable to find inner node Shared for hierarchical cache Hierarchy.
[2020.07.09-09.20.30:868][  0]LogSlate: Using FreeType 2.10.0
[2020.07.09-09.20.30:869][  0]LogSlate: SlateFontServices - WITH_FREETYPE: 1, WITH_HARFBUZZ: 1
[2020.07.09-09.20.30:899][  0]LogAssetRegistry: FAssetRegistry took 0.0024 seconds to start up
[2020.07.09-09.20.31:162][  0]LogInit: Selected Device Profile: [Windows]
[2020.07.09-09.20.31:291][  0]LogMeshReduction: Using QuadricMeshReduction for automatic static mesh reduction
[2020.07.09-09.20.31:291][  0]LogMeshReduction: Using SimplygonMeshReduction for automatic skeletal mesh reduction
[2020.07.09-09.20.31:291][  0]LogMeshReduction: Using ProxyLODMeshReduction for automatic mesh merging
[2020.07.09-09.20.31:291][  0]LogMeshReduction: No distributed automatic mesh merging module available
[2020.07.09-09.20.31:291][  0]LogMeshMerging: No distributed automatic mesh merging module available
[2020.07.09-09.20.31:310][  0]LogNetVersion: FlowerGame 1.0.0, NetCL: 13144385, EngineNetVer: 14, GameNetVer: 0 (Checksum: 3835917877)
[2020.07.09-09.20.31:866][  0]LogAISub: UAISubsystem::UAISubsystem AISubsystem (000001E54E99D900), frame # 0
[2020.07.09-09.20.31:866][  0]LogAISub: UAISubsystem::UAISubsystem AIPerceptionSystem (000001E54E8E5440), frame # 0
[2020.07.09-09.20.31:868][  0]LogAISub: UAISubsystem::UAISubsystem EnvQueryManager (000001E54E98C400), frame # 0
[2020.07.09-09.20.31:958][  0]LogPackageLocalizationCache: Processed 19 localized package path(s) for 1 prioritized culture(s) in 0.082905 seconds
[2020.07.09-09.20.31:966][  0]LogUObjectArray: 15917 objects as part of root set at end of initial load.
[2020.07.09-09.20.31:966][  0]LogUObjectAllocator: 3965568 out of 0 bytes used by permanent object pool.
[2020.07.09-09.20.31:966][  0]LogUObjectArray: CloseDisregardForGC: 0/0 objects in disregard for GC pool
[2020.07.09-09.20.32:448][  0]LogTcpMessaging: Initializing TcpMessaging bridge
[2020.07.09-09.20.32:454][  0]LogUdpMessaging: Initializing bridge on interface 0.0.0.0:0 to multicast group 230.0.0.1:6666.
[2020.07.09-09.20.32:850][  0]SourceControl: Source control is disabled
[2020.07.09-09.20.32:850][  0]SourceControl: Source control is disabled
[2020.07.09-09.20.32:854][  0]SourceControl: Source control is disabled
[2020.07.09-09.20.32:859][  0]SourceControl: Source control is disabled
[2020.07.09-09.20.32:867][  0]SourceControl: Source control is disabled
[2020.07.09-09.20.33:121][  0]LogAndroidPermission: UAndroidPermissionCallbackProxy::GetInstance
[2020.07.09-09.20.33:142][  0]LogAudioCaptureCore: Display: No Audio Capture implementations found. Audio input will be silent.
[2020.07.09-09.20.33:142][  0]LogAudioCaptureCore: Display: No Audio Capture implementations found. Audio input will be silent.
[2020.07.09-09.20.33:206][  0]LogOcInput: OculusInput pre-init called
[2020.07.09-09.20.33:217][  0]LogWindows: Failed to load 'OVRPlugin.dll' (GetLastError=126)
[2020.07.09-09.20.33:217][  0]LogWindows: File 'OVRPlugin.dll' does not exist
[2020.07.09-09.20.33:284][  0]LogEngine: Initializing Engine...
[2020.07.09-09.20.33:286][  0]LogHMD: Failed to initialize OpenVR with code 110
[2020.07.09-09.20.33:286][  0]LogMagicLeap: Warning: VR disabled because ZI is not enabled.  To enable, in the editor, Edit -> Project Settings -> Plugins -> Magic Leap Plugin -> Enable Zero Iteration
[2020.07.09-09.20.33:287][  0]LogStats: UGameplayTagsManager::InitializeManager -  0.000 s
[2020.07.09-09.20.33:419][  0]LogInit: Initializing FReadOnlyCVARCache
[2020.07.09-09.20.33:430][  0]LogAIModule: Creating AISystem for world Untitled
[2020.07.09-09.20.33:430][  0]LogAISub: UAISubsystem::UAISubsystem EnvQueryManager (000001E558F02200), frame # 0
[2020.07.09-09.20.33:430][  0]LogAISub: UAISubsystem::UAISubsystem AIPerceptionSystem (000001E558F1AFC0), frame # 0
[2020.07.09-09.20.33:436][  0]LogAudioMixer: Display: Audio Mixer Platform Settings:
[2020.07.09-09.20.33:436][  0]LogAudioMixer: Display: 	Sample Rate:						  48000
[2020.07.09-09.20.33:436][  0]LogAudioMixer: Display: 	Callback Buffer Frame Size Requested: 1024
[2020.07.09-09.20.33:436][  0]LogAudioMixer: Display: 	Callback Buffer Frame Size To Use:	  1024
[2020.07.09-09.20.33:436][  0]LogAudioMixer: Display: 	Number of buffers to queue:			  2
[2020.07.09-09.20.33:436][  0]LogAudioMixer: Display: 	Max Channels (voices):				  32
[2020.07.09-09.20.33:436][  0]LogAudioMixer: Display: 	Number of Async Source Workers:		  0
[2020.07.09-09.20.33:436][  0]LogAudio: Display: AudioDevice MaxSources: 32
[2020.07.09-09.20.33:436][  0]LogAudio: Display: Using built-in audio occlusion.
[2020.07.09-09.20.33:436][  0]LogAudioMixer: Display: Initializing audio mixer.
[2020.07.09-09.20.33:452][  0]LogAudioMixer: Display: 0: FrontLeft
[2020.07.09-09.20.33:452][  0]LogAudioMixer: Display: 1: FrontRight
[2020.07.09-09.20.33:603][  0]LogAudioMixer: Display: Using Audio Device Haut-parleur (Conexant ISST Audio)
[2020.07.09-09.20.33:604][  0]LogAudioMixer: Display: Initializing Sound Submixes...
[2020.07.09-09.20.33:607][  0]LogAudioMixer: Display: Creating Master Submix 'MasterSubmixDefault'
[2020.07.09-09.20.33:607][  0]LogAudioMixer: Display: Creating Master Submix 'MasterReverbSubmixDefault'
[2020.07.09-09.20.33:607][  0]LogAudioMixer: Display: Creating Master Submix 'MasterEQSubmixDefault'
[2020.07.09-09.20.33:608][  0]LogInit: FAudioDevice initialized.
[2020.07.09-09.20.33:609][  0]LogNetVersion: Set ProjectVersion to 1.0.0.0. Version Checksum will be recalculated on next use.
[2020.07.09-09.20.33:732][  0]LogDerivedDataCache: Saved boot cache 0.12s 115MB C:/Users/a021694/AppData/Local/UnrealEngine/4.25/DerivedDataCache/Boot.ddc.
[2020.07.09-09.20.33:738][  0]LogInit: Texture streaming: Enabled
[2020.07.09-09.20.33:756][  0]LogEngineSessionManager: EngineSessionManager initialized
[2020.07.09-09.20.33:756][  0]LogEditorSessionSummary: Verbose: Initializing EditorSessionSummaryWriter for editor session tracking
[2020.07.09-09.20.33:758][  0]LogEditorSessionSummary: EditorSessionSummaryWriter initialized
[2020.07.09-09.20.33:839][  0]LogInit: Transaction tracking system initialized
[2020.07.09-09.20.33:862][  0]BlueprintLog: New page: Editor Load
[2020.07.09-09.20.33:946][  0]LocalizationService: Localization service is disabled
[2020.07.09-09.20.34:171][  0]LogCook: Display: Max memory allowance for cook 16384mb min free memory 0mb
[2020.07.09-09.20.34:171][  0]LogCook: Display: Mobile HDR setting 1
[2020.07.09-09.20.34:252][  0]LogFileCache: Scanning file cache for directory 'C:/Users/a021694/Documents/GitHub/FlowerGame/FlowerGame4.25/Content/' took 0.01s
[2020.07.09-09.20.34:718][  0]SourceControl: Source control is disabled
[2020.07.09-09.20.34:719][  0]LogUnrealEdMisc: Loading editor; pre map load, took 7.813
[2020.07.09-09.20.34:719][  0]Cmd: MAP LOAD FILE="../../../../../../Users/a021694/Documents/GitHub/FlowerGame/FlowerGame4.25/Content/MobileStarterContent/Maps/TestMap.umap" TEMPLATE=0 SHOWPROGRESS=1 FEATURELEVEL=3
[2020.07.09-09.20.34:719][  0]LightingResults: New page: Lighting Build
[2020.07.09-09.20.34:720][  0]LogWorld: UWorld::CleanupWorld for Untitled, bSessionEnded=true, bCleanupResources=true
[2020.07.09-09.20.34:720][  0]LogSlate: InvalidateAllWidgets triggered.  All widgets were invalidated
[2020.07.09-09.20.34:720][  0]MapCheck: New page: Map Check
[2020.07.09-09.20.34:720][  0]LightingResults: New page: Lighting Build
[2020.07.09-09.20.34:868][  0]LogAISub: UAISubsystem::~UAISubsystem EnvQueryManager (000001E558F02200), frame # 0
[2020.07.09-09.20.34:868][  0]LogAISub: UAISubsystem::~UAISubsystem AIPerceptionSystem (000001E558F1AFC0), frame # 0
[2020.07.09-09.20.34:869][  0]LogUObjectHash: Compacting FUObjectHashTables data took   1.29ms
[2020.07.09-09.20.35:006][  0]LogAIModule: Creating AISystem for world TestMap
[2020.07.09-09.20.35:006][  0]LogAISub: UAISubsystem::UAISubsystem EnvQueryManager (000001E53DC58600), frame # 0
[2020.07.09-09.20.35:006][  0]LogAISub: UAISubsystem::UAISubsystem AIPerceptionSystem (000001E552C4CF40), frame # 0
[2020.07.09-09.20.35:035][  0]LogEditorServer: Finished looking for orphan Actors (0.000 secs)
[2020.07.09-09.20.35:133][  0]LogUObjectHash: Compacting FUObjectHashTables data took   1.22ms
[2020.07.09-09.20.35:133][  0]Cmd: MAP CHECKDEP NOCLEARLOG
[2020.07.09-09.20.35:133][  0]MapCheck: Map check complete: 0 Error(s), 0 Warning(s), took 0,141ms to complete.
[2020.07.09-09.20.35:133][  0]LogFileHelpers: Loading map 'TestMap' took 0.415
[2020.07.09-09.20.35:138][  0]LogUnrealEdMisc: Total Editor Startup Time, took 8.232
[2020.07.09-09.20.35:200][  0]LogWindowsTextInputMethodSystem: Display: IME system now deactivated.
[2020.07.09-09.20.35:201][  0]LogWindowsTextInputMethodSystem: Display: IME system now deactivated.
[2020.07.09-09.20.35:286][  0]LogSlate: Updating window title bar state: overlay mode, drag disabled, window buttons hidden, title bar hidden
[2020.07.09-09.20.35:298][  0]LogSlate: Updating window title bar state: overlay mode, drag disabled, window buttons hidden, title bar hidden
[2020.07.09-09.20.35:309][  0]LogSlate: Updating window title bar state: overlay mode, drag disabled, window buttons hidden, title bar hidden
[2020.07.09-09.20.35:319][  0]LogSlate: Updating window title bar state: overlay mode, drag disabled, window buttons hidden, title bar hidden
[2020.07.09-09.20.35:327][  0]LogCollectionManager: Loaded 0 collections in 0.001983 seconds
[2020.07.09-09.20.35:343][  0]LogFileCache: Scanning file cache for directory 'C:/Users/a021694/Documents/GitHub/FlowerGame/FlowerGame4.25/Saved/Collections/' took 0.00s
[2020.07.09-09.20.35:343][  0]LogFileCache: Scanning file cache for directory 'C:/Users/a021694/Documents/GitHub/FlowerGame/FlowerGame4.25/Content/Developers/a021694/Collections/' took 0.00s
[2020.07.09-09.20.35:343][  0]LogFileCache: Scanning file cache for directory 'C:/Users/a021694/Documents/GitHub/FlowerGame/FlowerGame4.25/Content/Collections/' took 0.00s
[2020.07.09-09.20.35:343][  0]LogContentBrowser: Native class hierarchy populated in 0.0107 seconds. Added 3439 classes and 828 folders.
[2020.07.09-09.20.35:346][  0]LogContentBrowser: Native class hierarchy updated for 'WidgetCarousel' in 0.0003 seconds. Added 0 classes and 0 folders.
[2020.07.09-09.20.35:394][  0]LogContentBrowser: Native class hierarchy updated for 'AddContentDialog' in 0.0005 seconds. Added 0 classes and 0 folders.
[2020.07.09-09.20.35:399][  0]LogContentBrowser: Native class hierarchy updated for 'SceneOutliner' in 0.0005 seconds. Added 2 classes and 0 folders.
[2020.07.09-09.20.35:432][  0]LogSlate: Took 0.000221 seconds to synchronously load lazily loaded font '../../../Engine/Content/Slate/Fonts/Roboto-Regular.ttf' (155K)
[2020.07.09-09.20.35:434][  0]LogSlate: Took 0.000310 seconds to synchronously load lazily loaded font '../../../Engine/Content/Slate/Fonts/Roboto-Bold.ttf' (160K)
[2020.07.09-09.20.35:440][  0]LogSlate: Took 0.000225 seconds to synchronously load lazily loaded font '../../../Engine/Content/Editor/Slate/Fonts/FontAwesome.ttf' (139K)
[2020.07.09-09.20.35:565][  0]LogRenderer: Reallocating scene render targets to support 956x468 Format 10 NumSamples 1 (Frame:1).
[2020.07.09-09.20.35:737][  0]LogContentBrowser: Native class hierarchy updated for 'HierarchicalLODOutliner' in 0.0005 seconds. Added 0 classes and 0 folders.
[2020.07.09-09.20.35:737][  0]LogLoad: (Engine Initialization) Total time: 8.83 seconds
[2020.07.09-09.20.35:737][  0]LogLoad: (Engine Initialization) Total Blueprint compile time: 0.00 seconds
[2020.07.09-09.20.35:806][  0]LogAssetRegistry: Asset discovery search completed in 4.9071 seconds
[2020.07.09-09.20.35:811][  0]LogCollectionManager: Fixed up redirectors for 0 collections in 0.000002 seconds (updated 0 objects)
[2020.07.09-09.20.35:812][  0]LogContentStreaming: Texture pool size now 1000 MB
[2020.07.09-09.20.35:842][  0]LogSlate: Took 0.000145 seconds to synchronously load lazily loaded font '../../../Engine/Content/Slate/Fonts/Roboto-Light.ttf' (167K)
[2020.07.09-09.20.57:754][761]LogSlate: Took 0.004332 seconds to synchronously load lazily loaded font '../../../Engine/Content/Slate/Fonts/DroidSansFallback.ttf' (3848K)
[2020.07.09-09.20.59:022][787]LogSlate: Took 0.000216 seconds to synchronously load lazily loaded font '../../../Engine/Content/Slate/Fonts/Roboto-Light.ttf' (167K)
[2020.07.09-09.20.59:057][787]LogAssetEditorSubsystem: Opening Asset editor for WidgetBlueprint /Game/MobileStarterContent/UI/ChoiceDefAction.ChoiceDefAction
[2020.07.09-09.20.59:415][787]LogContentBrowser: Native class hierarchy updated for 'BlueprintGraph' in 0.0007 seconds. Added 125 classes and 0 folders.
[2020.07.09-09.21.01:123][787]LogSlate: Took 0.000142 seconds to synchronously load lazily loaded font '../../../Engine/Content/Slate/Fonts/Roboto-BoldCondensed.ttf' (158K)
[2020.07.09-09.21.09:338][117]LogSlate: Took 0.005890 seconds to synchronously load lazily loaded font '../../../Engine/Content/Slate/Fonts/Roboto-Italic.ttf' (157K)
[2020.07.09-09.21.32:495][857]LogAssetEditorSubsystem: Opening Asset editor for WidgetBlueprint /Game/MobileStarterContent/UI/ChoiceShoot.ChoiceShoot
[2020.07.09-09.23.46:364][334]LogSlate: Took 0.000222 seconds to synchronously load lazily loaded font '../../../Engine/Content/Slate/Fonts/Roboto-BoldCondensedItalic.ttf' (160K)
[2020.07.09-09.24.48:488][837]BlueprintLog: New page: Compile ChoiceDefAction
[2020.07.09-09.24.48:600][837]LogUObjectHash: Compacting FUObjectHashTables data took   7.91ms
[2020.07.09-09.24.48:700][837]LogSlate: Took 0.000178 seconds to synchronously load lazily loaded font '../../../Engine/Content/Slate/Fonts/DroidSansMono.ttf' (77K)
[2020.07.09-09.25.44:453][801]LogSlate: Window 'Color Picker' being destroyed
[2020.07.09-09.25.57:787][493]LogSlate: Window 'Color Picker' being destroyed
[2020.07.09-09.26.58:395][796]LogSlate: Window 'Color Picker' being destroyed
[2020.07.09-09.30.46:725][267]BlueprintLog: New page: Compile ChoiceDefAction
[2020.07.09-09.30.46:798][267]LogUObjectHash: Compacting FUObjectHashTables data took   6.27ms
[2020.07.09-09.30.47:512][284]LogSavePackage: Moving '../../../../../../Users/a021694/Documents/GitHub/FlowerGame/FlowerGame4.25/Saved/ChoiceDefActionC12898AC46475DD1DB99578F0D2E3019.tmp' to '../../../../../../Users/a021694/Documents/GitHub/FlowerGame/FlowerGame4.25/Content/MobileStarterContent/UI/ChoiceDefAction.uasset'
[2020.07.09-09.30.47:543][284]AssetCheck: New page: Asset Save: ChoiceDefAction
[2020.07.09-09.30.47:543][284]LogContentValidation: Display: Validating WidgetBlueprint /Game/MobileStarterContent/UI/ChoiceDefAction.ChoiceDefAction
[2020.07.09-09.30.52:932][541]LogSlate: Window 'ChoiceDefAction' being destroyed
[2020.07.09-09.30.52:938][541]LogSlate: Window 'ChoiceDefAction' being destroyed
[2020.07.09-09.30.52:942][541]LogWorld: UWorld::CleanupWorld for World_1, bSessionEnded=true, bCleanupResources=true
[2020.07.09-09.30.52:943][541]LogSlate: InvalidateAllWidgets triggered.  All widgets were invalidated
[2020.07.09-09.30.52:983][541]LogWorld: UWorld::CleanupWorld for World_0, bSessionEnded=true, bCleanupResources=true
[2020.07.09-09.30.52:983][541]LogSlate: InvalidateAllWidgets triggered.  All widgets were invalidated
[2020.07.09-09.30.58:735][838]LogWorld: UWorld::CleanupWorld for World_3, bSessionEnded=true, bCleanupResources=true
[2020.07.09-09.30.58:736][838]LogSlate: InvalidateAllWidgets triggered.  All widgets were invalidated
[2020.07.09-09.30.58:767][838]LogWorld: UWorld::CleanupWorld for World_2, bSessionEnded=true, bCleanupResources=true
[2020.07.09-09.30.58:767][838]LogSlate: InvalidateAllWidgets triggered.  All widgets were invalidated
[2020.07.09-09.31.01:765][923]LogAssetEditorSubsystem: Opening Asset editor for WidgetBlueprint /Game/MobileStarterContent/UI/UI_MainGame.UI_MainGame
[2020.07.09-09.31.24:297][549]BlueprintLog: New page: Compile UI_MainGame
[2020.07.09-09.31.24:450][549]LogUObjectHash: Compacting FUObjectHashTables data took   7.01ms
[2020.07.09-09.31.25:424][560]LogSavePackage: Moving '../../../../../../Users/a021694/Documents/GitHub/FlowerGame/FlowerGame4.25/Saved/UI_MainGame6B8424CB476603F2AFC1DDBC9251D9BF.tmp' to '../../../../../../Users/a021694/Documents/GitHub/FlowerGame/FlowerGame4.25/Content/MobileStarterContent/UI/UI_MainGame.uasset'
[2020.07.09-09.31.25:444][560]AssetCheck: New page: Asset Save: UI_MainGame
[2020.07.09-09.31.25:444][560]LogContentValidation: Display: Validating WidgetBlueprint /Game/MobileStarterContent/UI/UI_MainGame.UI_MainGame
[2020.07.09-09.31.26:752][599]LogSlate: Window 'UI_MainGame' being destroyed
[2020.07.09-09.31.26:773][599]LogSlate: Window 'UI_MainGame' being destroyed
[2020.07.09-09.31.26:780][599]LogWorld: UWorld::CleanupWorld for World_5, bSessionEnded=true, bCleanupResources=true
[2020.07.09-09.31.26:780][599]LogSlate: InvalidateAllWidgets triggered.  All widgets were invalidated
[2020.07.09-09.31.26:843][599]LogWorld: UWorld::CleanupWorld for World_4, bSessionEnded=true, bCleanupResources=true
[2020.07.09-09.31.26:843][599]LogSlate: InvalidateAllWidgets triggered.  All widgets were invalidated
[2020.07.09-09.35.24:302][468]Candidate modules for hot reload:
[2020.07.09-09.35.24:302][468]  FlowerGame
[2020.07.09-09.35.24:303][468]Launching UnrealBuildTool... [C:/Program Files (x86)/Epic Games/UE_4.25/Engine/Binaries/DotNET/UnrealBuildTool.exe  -ModuleWithSuffix=FlowerGame,1554 FlowerGameEditor Win64 Development -Project="C:/Users/a021694/Documents/GitHub/FlowerGame/FlowerGame4.25/FlowerGame.uproject" "C:/Users/a021694/Documents/GitHub/FlowerGame/FlowerGame4.25/FlowerGame.uproject"  -IgnoreJunk]
[2020.07.09-09.35.24:320][468]Warning: Starting HotReload took  0.0s.
[2020.07.09-09.38.23:697][611]CompilerResultsLog: New page: Compilation - 9 juil. 2020 à 13:38:23
[2020.07.09-09.38.23:697][611]CompilerResultsLog: Using 'git status' to determine working set for adaptive non-unity build (C:\Users\a021694\Documents\GitHub\FlowerGame).
[2020.07.09-09.38.23:697][611]CompilerResultsLog: Building FlowerGameEditor...
[2020.07.09-09.38.23:697][611]CompilerResultsLog: Using Visual Studio 2019 14.26.28805 toolchain (C:\Program Files (x86)\Microsoft Visual Studio\2019\Community\VC\Tools\MSVC\14.26.28801) and Windows 10.0.18362.0 SDK (C:\Program Files (x86)\Windows Kits\10).
[2020.07.09-09.38.23:698][611]CompilerResultsLog: Building 5 actions with 4 processes...
[2020.07.09-09.38.23:698][611]CompilerResultsLog:   [1/5] TrivetAction.cpp
[2020.07.09-09.38.23:698][611]CompilerResultsLog:   [2/5] FlowerGameCharacter.cpp
[2020.07.09-09.38.23:698][611]CompilerResultsLog:   C:\Users\a021694\Documents\GitHub\FlowerGame\FlowerGame4.25\Source\FlowerGame\Private\Player\FlowerGameCharacter.cpp(212): warning C4996: 'USceneComponent::AttachTo': This function is deprecated, please use AttachToComponent instead. Please update your code to the new API before upgrading to the next release, otherwise your project will no longer compile.
[2020.07.09-09.38.23:698][611]CompilerResultsLog:   [3/5] UE4Editor-FlowerGame-1554.lib
[2020.07.09-09.38.23:698][611]CompilerResultsLog:      Cr?ation de la biblioth?que C:\Users\a021694\Documents\GitHub\FlowerGame\FlowerGame4.25\Intermediate\Build\Win64\UE4Editor\Development\FlowerGame\UE4Editor-FlowerGame-1554.lib et de l'objet C:\Users\a021694\Documents\GitHub\FlowerGame\FlowerGame4.25\Intermediate\Build\Win64\UE4Editor\Development\FlowerGame\UE4Editor-FlowerGame-1554.exp
[2020.07.09-09.38.23:698][611]CompilerResultsLog:   [4/5] UE4Editor-FlowerGame-1554.dll
[2020.07.09-09.38.23:698][611]CompilerResultsLog:      Cr?ation de la biblioth?que C:\Users\a021694\Documents\GitHub\FlowerGame\FlowerGame4.25\Intermediate\Build\Win64\UE4Editor\Development\FlowerGame\UE4Editor-FlowerGame-1554.suppressed.lib et de l'objet C:\Users\a021694\Documents\GitHub\FlowerGame\FlowerGame4.25\Intermediate\Build\Win64\UE4Editor\Development\FlowerGame\UE4Editor-FlowerGame-1554.suppressed.exp
[2020.07.09-09.38.23:698][611]CompilerResultsLog:   [5/5] FlowerGameEditor.target
[2020.07.09-09.38.23:699][611]CompilerResultsLog: Total time in Parallel executor: 174,38 seconds
[2020.07.09-09.38.23:699][611]CompilerResultsLog: Total execution time: 179,13 seconds
[2020.07.09-09.38.23:699][611]LogMainFrame: MainFrame: Module compiling took 179.399 seconds
[2020.07.09-09.38.23:851][611]LogClass: ECases HotReload.
[2020.07.09-09.38.23:851][611]LogClass: EDirection HotReload.
[2020.07.09-09.38.23:851][611]LogClass: EGamePlayState HotReload.
[2020.07.09-09.38.23:851][611]LogClass: ETypeRange HotReload.
[2020.07.09-09.38.23:851][611]LogClass: Lines HotReload.
[2020.07.09-09.38.23:882][611]LogContentBrowser: Native class hierarchy updated for 'FlowerGame' in 0.0008 seconds. Added 13 classes and 8 folders.
[2020.07.09-09.38.23:890][611]Display: HotReload successful (33 functions remapped  1 scriptstructs remapped)
[2020.07.09-09.38.24:186][611]LogContentBrowser: Native class hierarchy populated in 0.0167 seconds. Added 3439 classes and 828 folders.
[2020.07.09-09.38.24:186][611]Display: HotReload took 179.9s.
[2020.07.09-09.51.24:232][509]LogTemp: Repeating last play command: Selected Viewport
[2020.07.09-09.51.32:393][787]MapCheck: New page: Map Check
[2020.07.09-09.51.32:411][787]Cmd: MAP REBUILD ALLVISIBLE
[2020.07.09-09.51.32:412][787]LogEditorTransaction: Non zero active count in UTransBuffer::Reset
ActiveCount : 1
SessionName : 
Reason      : Rebuilding Map

Purging the undo buffer...

[2020.07.09-09.51.32:424][787]LogEditorServer: Rebuildmap Clear paths rebuilt
[2020.07.09-09.51.32:436][787]LogWorld: UWorld::CleanupWorld for TestMap, bSessionEnded=true, bCleanupResources=false
[2020.07.09-09.51.32:546][787]LogNavigationDataBuild: Display: UNavigationSystemV1::Build started...
[2020.07.09-09.51.32:546][787]LogNavigationDataBuild: Display:    Building navigation data using PHYSICS_INTERFACE_PHYSX.
[2020.07.09-09.51.32:546][787]LogNavigationDataBuild: Display:    Building navigation data using WITH_PHYSX.
[2020.07.09-09.51.32:548][787]LogNavigationDataBuild: Display:    Building NavData:  Name Default class /Script/NavigationSystem.RecastNavMesh agent radius 35.0.
[2020.07.09-09.51.32:825][787]LogNavigationDataBuild: Display: UNavigationSystemV1::Build total execution time: 0.28s
[2020.07.09-09.51.33:058][787]LogUObjectHash: Compacting FUObjectHashTables data took   7.39ms
[2020.07.09-09.51.33:073][787]LogMaterial: Display: Missing cached shader map for material DebugViewMode MaterialTexCoordScale, compiling. 
[2020.07.09-09.51.33:085][787]LogMaterial: Display: Missing cached shader map for material DebugViewMode MaterialTexCoordScale, compiling. 
[2020.07.09-09.51.33:088][787]LogShaderCompilers: Display: Worker (1/3): shaders left to compile 4
[2020.07.09-09.51.33:088][787]LogShaderCompilers: Display: Worker (2/3): shaders left to compile 3
[2020.07.09-09.51.33:088][787]LogMaterial: Display: Missing cached shader map for material DebugViewMode MaterialTexCoordScale, compiling. 
[2020.07.09-09.51.36:411][787]LogShaderCompilers: Display: Worker (3/3): shaders left to compile 2
[2020.07.09-09.51.36:411][787]LogShaderCompilers: Display: Worker (3/3): shaders left to compile 3
[2020.07.09-09.51.36:411][787]LogShaderCompilers: Display: Worker (2/3): shaders left to compile 2
[2020.07.09-09.51.36:411][787]LogShaderCompilers: Display: Worker (1/3): shaders left to compile 1
[2020.07.09-09.51.36:411][787]TextureStreamingBuild: Display: Compiling optional shaders took 3.344 seconds.
[2020.07.09-09.51.36:417][787]LogLevel: Display: Export Material TexCoord Scales took 0.007 seconds.
[2020.07.09-09.51.36:421][787]TextureStreamingBuild: Display: Build Texture Streaming took 0.004 seconds.
[2020.07.09-09.51.36:488][787]LogUObjectHash: Compacting FUObjectHashTables data took   3.56ms
[2020.07.09-09.51.36:493][787]LightingResults: New page: Lighting Build - 9 juil. 2020 à 13:51:36
[2020.07.09-09.51.36:625][787]LogSwarmInterface: [OpenConnection] Registering TCP channel ...
[2020.07.09-09.51.37:277][787]LogSwarmInterface: [OpenConnection] Connecting to agent ...
[2020.07.09-09.51.37:303][787]LogSwarmInterface: [TryOpenConnection] Testing the Agent
[2020.07.09-09.51.38:319][787]LogSwarmInterface: [TryOpenConnection] Opening Connection to Agent
[2020.07.09-09.51.38:319][787]LogSwarmInterface: [TryOpenConnection] Local Process ID is 16672
[2020.07.09-09.51.40:802][787]LogStaticLightingSystem: Warning: No importance volume found, so the scene bounding box was used.  You can optimize your scene's quality and lighting build times by adding importance volumes.
[2020.07.09-09.51.40:803][787]LogStaticLightingSystem: Running Lightmass w/ ImmediateImport mode ENABLED
[2020.07.09-09.51.40:803][787]LogStaticLightingSystem: Running Lightmass w/ ImmediateProcess mode ENABLED
[2020.07.09-09.51.40:803][787]LogStaticLightingSystem: Running Lightmass w/ Sorting mode ENABLED
[2020.07.09-09.51.40:803][787]LogStaticLightingSystem: Running Lightmass w/ Mapping paddings ENABLED
[2020.07.09-09.51.40:803][787]LogStaticLightingSystem: Running Lightmass w/ Mapping debug paddings DISABLED
[2020.07.09-09.51.40:917][787]Cmd: MAP CHECK DONTDISPLAYDIALOG
[2020.07.09-09.51.40:918][787]MapCheck: New page: TestMap - 9 juil. 2020 à 13:51:40
[2020.07.09-09.51.40:918][787]MapCheck: Map check complete: 0 Error(s), 0 Warning(s), took 0,481ms to complete.
[2020.07.09-09.51.40:921][787]LogEditorBuildUtils: Build time 0:08
[2020.07.09-09.51.42:842][793]LogUObjectHash: Compacting FUObjectHashTables data took   2.90ms
[2020.07.09-09.51.45:688][796]LogUObjectHash: Compacting FUObjectHashTables data took   2.96ms
[2020.07.09-09.51.45:955][796]LogSavePackage: Moving '../../../../../../Users/a021694/Documents/GitHub/FlowerGame/FlowerGame4.25/Saved/TestMap_Auto1E5D1C1A447B3F85B8107CDB95AD52F4C.tmp' to '../../../../../../Users/a021694/Documents/GitHub/FlowerGame/FlowerGame4.25/Saved/Autosaves/Game/MobileStarterContent/Maps/TestMap_Auto1.umap'
[2020.07.09-09.51.45:969][796]LogFileHelpers: Editor autosave (incl. sublevels) for '/Game/MobileStarterContent/Maps/TestMap' took 0.719
[2020.07.09-09.51.45:970][796]LogFileHelpers: Editor autosave (incl. sublevels) for all levels took 0.719
[2020.07.09-09.51.50:716][810]Job is a success!
[2020.07.09-09.51.51:342][811]LogVolumetricLightmapImport: Imported Volumetric Lightmap in 0.037s
[2020.07.09-09.51.51:342][811]LogVolumetricLightmapImport:      Indirection Texture 32x32x16 = 0.1Mb
[2020.07.09-09.51.51:342][811]LogVolumetricLightmapImport:      BrickData (all levels) 0.1Mb (trimmed 1.1Mb due to 0.010000 MinBrickError)
[2020.07.09-09.51.51:342][811]LogVolumetricLightmapImport:      Bricks at depth
[2020.07.09-09.51.51:342][811]LogVolumetricLightmapImport:          0: 13.8% covering 100.0% of volume
[2020.07.09-09.51.51:342][811]LogVolumetricLightmapImport:          1: 86.2% covering 9.8% of volume
[2020.07.09-09.51.51:342][811]LogVolumetricLightmapImport:          2: 0.0% covering 0.0% of volume
[2020.07.09-09.51.51:342][811]LogVolumetricLightmapImport:      Bricks in each level
[2020.07.09-09.51.51:342][811]LogVolumetricLightmapImport:          TestMap 			 29 bricks 	 100.0% (Persistent Level)
[2020.07.09-09.51.51:482][811]LogTexture: Display: Building textures: HQ_Lightmap0_1 (AutoDXT, 512X512)
[2020.07.09-09.51.51:482][811]LogTexture: Display: Building textures: LQ_Lightmap_0_1 (DXT1, 512X512)
[2020.07.09-09.51.51:535][811]LogTexture: Display: Building textures: ShadowMapTexture2D_0 (G8, 1024X128)
[2020.07.09-09.51.51:535][811]Lightmass on FRLH133527: 6.79 sec total, 1.17 sec importing, 161 ms setup, 1.84 sec photons, 3.58 sec processing, 0 ms extra exporting [65/65 mappings]. Threads: 14.3 sec total, 4.81 sec processing.
[2020.07.09-09.51.51:536][811]LogStaticLightingSystem: TestMap_BuiltData storing lightmap data for 65 meshes in 1 LightmapResourceClusters (65.0 Meshes per cluster).
[2020.07.09-09.51.51:581][811]LogUObjectHash: Compacting FUObjectHashTables data took   1.32ms
[2020.07.09-09.51.51:589][811]LogStaticLightingSystem: Illumination: 14.6 sec (30 ms encoding lightmaps, 90 ms encoding shadowmaps)
[2020.07.09-09.51.51:590][811]LogStaticLightingSystem: Lightmap texture memory:  0.5 MB (0.5 MB streaming, 0.0 MB non-streaming), 2 textures
[2020.07.09-09.51.51:590][811]LogStaticLightingSystem: Shadowmap texture memory: 0.2 MB (0.2 MB streaming, 0.0 MB non-streaming), 1 textures
[2020.07.09-09.51.51:859][811]DumpUnbuiltLightIteractions
[2020.07.09-09.51.51:859][811]Lights with unbuilt interactions: 0
[2020.07.09-09.51.51:859][811]
[2020.07.09-09.51.51:859][811]Primitives with unbuilt interactions: 0
[2020.07.09-09.51.51:970][812]Cmd: MAP CHECK NOTIFYRESULTS
[2020.07.09-09.51.51:970][812]MapCheck: New page: TestMap - 9 juil. 2020 à 13:51:51
[2020.07.09-09.51.51:971][812]MapCheck: Map check complete: 0 Error(s), 0 Warning(s), took 0,995ms to complete.
[2020.07.09-09.51.56:454][877]LogTemp: Repeating last play command: Selected Viewport
[2020.07.09-09.51.56:489][877]LogPlayLevel: PlayLevel: No blueprints needed recompiling
[2020.07.09-09.51.56:489][877]PIE: New page: PIE session: TestMap (9 juil. 2020 à 13:51:56)
[2020.07.09-09.51.56:490][877]LogOnline: OSS: Creating online subsystem instance for: NULL
[2020.07.09-09.51.56:492][877]LogOnline: OSS: TryLoadSubsystemAndSetDefault: Loaded subsystem for module [NULL]
[2020.07.09-09.51.56:492][877]LogPlayLevel: Creating play world package: /Game/MobileStarterContent/Maps/UEDPIE_0_TestMap
[2020.07.09-09.51.56:517][877]LogPlayLevel: PIE: StaticDuplicateObject took: (0.024342s)
[2020.07.09-09.51.56:518][877]LogAIModule: Creating AISystem for world TestMap
[2020.07.09-09.51.56:518][877]LogAISub: UAISubsystem::UAISubsystem EnvQueryManager (000001E58F0BDE00), frame # 53877
[2020.07.09-09.51.56:518][877]LogAISub: UAISubsystem::UAISubsystem AIPerceptionSystem (000001E502A10CC0), frame # 53877
[2020.07.09-09.51.56:519][877]LogPlayLevel: PIE: World Init took: (0.001719s)
[2020.07.09-09.51.56:519][877]LogPlayLevel: PIE: Created PIE world by copying editor world from /Game/MobileStarterContent/Maps/TestMap.TestMap to /Game/MobileStarterContent/Maps/UEDPIE_0_TestMap.TestMap (0.026262s)
[2020.07.09-09.51.56:539][877]LogUObjectHash: Compacting FUObjectHashTables data took   2.46ms
[2020.07.09-09.51.56:541][877]LogAudioMixer: Display: Audio Mixer Platform Settings:
[2020.07.09-09.51.56:541][877]LogAudioMixer: Display: 	Sample Rate:						  48000
[2020.07.09-09.51.56:541][877]LogAudioMixer: Display: 	Callback Buffer Frame Size Requested: 1024
[2020.07.09-09.51.56:541][877]LogAudioMixer: Display: 	Callback Buffer Frame Size To Use:	  1024
[2020.07.09-09.51.56:541][877]LogAudioMixer: Display: 	Number of buffers to queue:			  2
[2020.07.09-09.51.56:541][877]LogAudioMixer: Display: 	Max Channels (voices):				  32
[2020.07.09-09.51.56:541][877]LogAudioMixer: Display: 	Number of Async Source Workers:		  0
[2020.07.09-09.51.56:541][877]LogAudio: Display: AudioDevice MaxSources: 32
[2020.07.09-09.51.56:542][877]LogAudio: Display: Using built-in audio occlusion.
[2020.07.09-09.51.56:542][877]LogAudioMixer: Display: Initializing audio mixer.
[2020.07.09-09.51.56:546][877]LogAudioMixer: Display: 0: FrontLeft
[2020.07.09-09.51.56:546][877]LogAudioMixer: Display: 1: FrontRight
[2020.07.09-09.51.56:558][877]LogAudioMixer: Display: Using Audio Device Haut-parleur (Conexant ISST Audio)
[2020.07.09-09.51.56:558][877]LogAudioMixer: Display: Initializing Sound Submixes...
[2020.07.09-09.51.56:558][877]LogAudioMixer: Display: Creating Master Submix 'MasterSubmixDefault'
[2020.07.09-09.51.56:558][877]LogAudioMixer: Display: Creating Master Submix 'MasterReverbSubmixDefault'
[2020.07.09-09.51.56:559][877]LogAudioMixer: Display: Creating Master Submix 'MasterEQSubmixDefault'
[2020.07.09-09.51.56:580][877]LogInit: FAudioDevice initialized.
[2020.07.09-09.51.56:592][877]LogLoad: Game class is 'FlowerGameGameModeBase'
[2020.07.09-09.51.56:596][877]LogWorld: Bringing World /Game/MobileStarterContent/Maps/UEDPIE_0_TestMap.TestMap up for play (max tick rate 60) at 2020.07.09-11.51.56
[2020.07.09-09.51.56:596][877]LogWorld: Bringing up level for play took: 0.003296
[2020.07.09-09.51.56:596][877]LogOnline: OSS: Creating online subsystem instance for: :Context_7
[2020.07.09-09.51.56:618][877]LogContentBrowser: Native class hierarchy updated for 'MovieSceneCapture' in 0.0006 seconds. Added 20 classes and 0 folders.
[2020.07.09-09.51.56:619][877]LogBlueprintUserMessages: [TestMap_C_2] DefaultPawn
[2020.07.09-09.51.56:627][877]LogActor: Warning: Sniper /Game/MobileStarterContent/Maps/UEDPIE_0_TestMap.TestMap:PersistentLevel.Sniper_0 has natively added scene component(s), but none of them were set as the actor's RootComponent - picking one arbitrarily
[2020.07.09-09.51.56:629][877]LogActor: Warning: Sniper /Game/MobileStarterContent/Maps/UEDPIE_0_TestMap.TestMap:PersistentLevel.Sniper_1 has natively added scene component(s), but none of them were set as the actor's RootComponent - picking one arbitrarily
[2020.07.09-09.51.56:631][877]LogActor: Warning: Sniper /Game/MobileStarterContent/Maps/UEDPIE_0_TestMap.TestMap:PersistentLevel.Sniper_2 has natively added scene component(s), but none of them were set as the actor's RootComponent - picking one arbitrarily
[2020.07.09-09.51.56:634][877]PIE: Server logged in
[2020.07.09-09.51.56:637][877]PIE: Play in editor total start time 0,149 seconds.
[2020.07.09-09.51.59:432][953]LogTemp: Warning: 1.UpdateGameKeys()::CurrentTouchState:1,PrevTouchState:0
[2020.07.09-09.51.59:432][953]LogTemp: Warning: 2.DetectOnePointActions()::AnchorPosition is :456.000000-299.000000
[2020.07.09-09.51.59:454][954]LogTemp: Warning: 1.UpdateGameKeys()::CurrentTouchState:1,PrevTouchState:1
[2020.07.09-09.51.59:479][955]LogTemp: Warning: 1.UpdateGameKeys()::CurrentTouchState:1,PrevTouchState:1
[2020.07.09-09.51.59:503][956]LogTemp: Warning: 6.DetectOnePointActions()::SwipeState.Position is :456.000000-299.000000, SwipeState.DownTime is:0.072557
[2020.07.09-09.52.01:382][ 31]LogTemp: Warning: 1.UpdateGameKeys()::CurrentTouchState:1,PrevTouchState:0
[2020.07.09-09.52.01:382][ 31]LogTemp: Warning: 2.DetectOnePointActions()::AnchorPosition is :541.000000-276.000000
[2020.07.09-09.52.01:406][ 32]LogTemp: Warning: 1.UpdateGameKeys()::CurrentTouchState:1,PrevTouchState:1
[2020.07.09-09.52.01:742][ 33]LogTemp: Warning: 6.DetectOnePointActions()::SwipeState.Position is :541.000000-276.000000, SwipeState.DownTime is:0.050497
[2020.07.09-09.52.02:072][ 46]LogTemp: Warning: 1.UpdateGameKeys()::CurrentTouchState:1,PrevTouchState:0
[2020.07.09-09.52.02:072][ 46]LogTemp: Warning: 2.DetectOnePointActions()::AnchorPosition is :551.000000-268.000000
[2020.07.09-09.52.02:102][ 47]LogTemp: Warning: 1.UpdateGameKeys()::CurrentTouchState:1,PrevTouchState:1
[2020.07.09-09.52.02:128][ 48]LogTemp: Warning: 1.UpdateGameKeys()::CurrentTouchState:1,PrevTouchState:1
[2020.07.09-09.52.02:156][ 49]LogTemp: Warning: 6.DetectOnePointActions()::SwipeState.Position is :551.000000-268.000000, SwipeState.DownTime is:0.080039
[2020.07.09-09.52.04:727][136]LogTemp: Warning: 1.UpdateGameKeys()::CurrentTouchState:1,PrevTouchState:0
[2020.07.09-09.52.04:727][136]LogTemp: Warning: 2.DetectOnePointActions()::AnchorPosition is :488.000000-265.000000
[2020.07.09-09.52.04:737][137]LogTemp: Warning: 1.UpdateGameKeys()::CurrentTouchState:1,PrevTouchState:1
[2020.07.09-09.52.04:757][138]LogTemp: Warning: 6.DetectOnePointActions()::SwipeState.Position is :488.000000-265.000000, SwipeState.DownTime is:0.063306
[2020.07.09-09.52.04:757][138]LogActor: Warning: RangeWeapon /Game/MobileStarterContent/Maps/UEDPIE_0_TestMap.TestMap:PersistentLevel.RangeWeapon_0 has natively added scene component(s), but none of them were set as the actor's RootComponent - picking one arbitrarily
[2020.07.09-09.52.04:758][138]LogActor: Warning: RangeWeapon /Game/MobileStarterContent/Maps/UEDPIE_0_TestMap.TestMap:PersistentLevel.RangeWeapon_1 has natively added scene component(s), but none of them were set as the actor's RootComponent - picking one arbitrarily
[2020.07.09-09.52.04:758][138]LogActor: Warning: RangeWeapon /Game/MobileStarterContent/Maps/UEDPIE_0_TestMap.TestMap:PersistentLevel.RangeWeapon_2 has natively added scene component(s), but none of them were set as the actor's RootComponent - picking one arbitrarily
[2020.07.09-09.52.04:759][138]LogActor: Warning: RangeWeapon /Game/MobileStarterContent/Maps/UEDPIE_0_TestMap.TestMap:PersistentLevel.RangeWeapon_3 has natively added scene component(s), but none of them were set as the actor's RootComponent - picking one arbitrarily
[2020.07.09-09.52.04:760][138]LogActor: Warning: RangeWeapon /Game/MobileStarterContent/Maps/UEDPIE_0_TestMap.TestMap:PersistentLevel.RangeWeapon_4 has natively added scene component(s), but none of them were set as the actor's RootComponent - picking one arbitrarily
[2020.07.09-09.52.04:760][138]LogActor: Warning: RangeWeapon /Game/MobileStarterContent/Maps/UEDPIE_0_TestMap.TestMap:PersistentLevel.RangeWeapon_5 has natively added scene component(s), but none of them were set as the actor's RootComponent - picking one arbitrarily
[2020.07.09-09.52.06:474][191]LogTemp: Warning: 1.UpdateGameKeys()::CurrentTouchState:1,PrevTouchState:0
[2020.07.09-09.52.06:475][191]LogTemp: Warning: 2.DetectOnePointActions()::AnchorPosition is :331.000000-174.000000
[2020.07.09-09.52.06:503][192]LogTemp: Warning: 1.UpdateGameKeys()::CurrentTouchState:1,PrevTouchState:1
[2020.07.09-09.52.06:534][193]LogTemp: Warning: 1.UpdateGameKeys()::CurrentTouchState:1,PrevTouchState:1
[2020.07.09-09.52.06:565][194]LogTemp: Warning: 6.DetectOnePointActions()::SwipeState.Position is :331.000000-174.000000, SwipeState.DownTime is:0.090080
[2020.07.09-09.52.17:213][439]LogWindows: Error: === Critical error: ===
[2020.07.09-09.52.17:213][439]LogWindows: Error: 
[2020.07.09-09.52.17:213][439]LogWindows: Error: Fatal error!
[2020.07.09-09.52.17:213][439]LogWindows: Error: 
[2020.07.09-09.52.17:213][439]LogWindows: Error: Unhandled Exception: EXCEPTION_ACCESS_VIOLATION reading address 0x00000158
[2020.07.09-09.52.17:213][439]LogWindows: Error: 
[2020.07.09-09.52.17:213][439]LogWindows: Error: [Callstack] 0x00007ffad1905f0e UE4Editor-FlowerGame-1554.dll!UDefensiveAction::CancelAction() [C:\Users\a021694\Documents\GitHub\FlowerGame\FlowerGame4.25\Source\FlowerGame\Private\Model\DefensiveActions\DefensiveAction.cpp:19]
[2020.07.09-09.52.17:213][439]LogWindows: Error: [Callstack] 0x00007ffad1912d33 UE4Editor-FlowerGame-1554.dll!UDefensiveAction::execCancelAction() [C:\Users\a021694\Documents\GitHub\FlowerGame\FlowerGame4.25\Intermediate\Build\Win64\UE4Editor\Inc\FlowerGame\DefensiveAction.gen.cpp:32]
[2020.07.09-09.52.17:213][439]LogWindows: Error: [Callstack] 0x00007ffb0f4a0ab4 UE4Editor-CoreUObject.dll!UnknownFunction []
[2020.07.09-09.52.17:213][439]LogWindows: Error: [Callstack] 0x00007ffb0f6eff9d UE4Editor-CoreUObject.dll!UnknownFunction []
[2020.07.09-09.52.17:213][439]LogWindows: Error: [Callstack] 0x00007ffb0f712fd3 UE4Editor-CoreUObject.dll!UnknownFunction []
[2020.07.09-09.52.17:213][439]LogWindows: Error: [Callstack] 0x00007ffb0f71560d UE4Editor-CoreUObject.dll!UnknownFunction []
[2020.07.09-09.52.17:213][439]LogWindows: Error: [Callstack] 0x00007ffb0f6e3aaa UE4Editor-CoreUObject.dll!UnknownFunction []
[2020.07.09-09.52.17:213][439]LogWindows: Error: [Callstack] 0x00007ffb0f715252 UE4Editor-CoreUObject.dll!UnknownFunction []
[2020.07.09-09.52.17:213][439]LogWindows: Error: [Callstack] 0x00007ffb0f71560d UE4Editor-CoreUObject.dll!UnknownFunction []
[2020.07.09-09.52.17:213][439]LogWindows: Error: [Callstack] 0x00007ffb0f714b14 UE4Editor-CoreUObject.dll!UnknownFunction []
[2020.07.09-09.52.17:213][439]LogWindows: Error: [Callstack] 0x00007ffb0f4a0ab4 UE4Editor-CoreUObject.dll!UnknownFunction []
[2020.07.09-09.52.17:213][439]LogWindows: Error: [Callstack] 0x00007ffb0f714643 UE4Editor-CoreUObject.dll!UnknownFunction []
[2020.07.09-09.52.17:213][439]LogWindows: Error: [Callstack] 0x00007ffafbe190ab UE4Editor-UMG.dll!UnknownFunction []
[2020.07.09-09.52.17:213][439]LogWindows: Error: [Callstack] 0x00007ffafbf35157 UE4Editor-UMG.dll!UnknownFunction []
[2020.07.09-09.52.17:213][439]LogWindows: Error: [Callstack] 0x00007ffafbeab5c3 UE4Editor-UMG.dll!UnknownFunction []
[2020.07.09-09.52.17:213][439]LogWindows: Error: [Callstack] 0x00007ffb0e21767e UE4Editor-Slate.dll!UnknownFunction []
[2020.07.09-09.52.17:213][439]LogWindows: Error: [Callstack] 0x00007ffb0e23131e UE4Editor-Slate.dll!UnknownFunction []
[2020.07.09-09.52.17:213][439]LogWindows: Error: [Callstack] 0x00007ffb0e073128 UE4Editor-Slate.dll!UnknownFunction []
[2020.07.09-09.52.17:213][439]LogWindows: Error: [Callstack] 0x00007ffb0e10295f UE4Editor-Slate.dll!UnknownFunction []
[2020.07.09-09.52.17:213][439]LogWindows: Error: [Callstack] 0x00007ffb0e0eaea2 UE4Editor-Slate.dll!UnknownFunction []
[2020.07.09-09.52.17:213][439]LogWindows: Error: [Callstack] 0x00007ffb0e0de927 UE4Editor-Slate.dll!UnknownFunction []
[2020.07.09-09.52.17:213][439]LogWindows: Error: [Callstack] 0x00007ffb0e0dd92b UE4Editor-Slate.dll!UnknownFunction []
[2020.07.09-09.52.17:213][439]LogWindows: Error: [Callstack] 0x00007ffb31ca7f88 UE4Editor-ApplicationCore.dll!UnknownFunction []
[2020.07.09-09.52.17:213][439]LogWindows: Error: [Callstack] 0x00007ffb31c95c87 UE4Editor-ApplicationCore.dll!UnknownFunction []
[2020.07.09-09.52.17:213][439]LogWindows: Error: [Callstack] 0x00007ffb31caa609 UE4Editor-ApplicationCore.dll!UnknownFunction []
[2020.07.09-09.52.17:213][439]LogWindows: Error: [Callstack] 0x00007ffb31c917d0 UE4Editor-ApplicationCore.dll!UnknownFunction []
[2020.07.09-09.52.17:213][439]LogWindows: Error: [Callstack] 0x00007ffb57d4b61d USER32.dll!UnknownFunction []
[2020.07.09-09.52.17:213][439]LogWindows: Error: [Callstack] 0x00007ffb57d4afaf USER32.dll!UnknownFunction []
[2020.07.09-09.52.17:213][439]LogWindows: Error: [Callstack] 0x00007ffb31cabb24 UE4Editor-ApplicationCore.dll!UnknownFunction []
[2020.07.09-09.52.17:213][439]LogWindows: Error: [Callstack] 0x00007ff716d568c4 UE4Editor.exe!UnknownFunction []
[2020.07.09-09.52.17:213][439]LogWindows: Error: [Callstack] 0x00007ff716d6ba7c UE4Editor.exe!UnknownFunction []
[2020.07.09-09.52.17:213][439]LogWindows: Error: [Callstack] 0x00007ff716d6bb5a UE4Editor.exe!UnknownFunction []
[2020.07.09-09.52.17:213][439]LogWindows: Error: [Callstack] 0x00007ff716d7e31d UE4Editor.exe!UnknownFunction []
[2020.07.09-09.52.17:213][439]LogWindows: Error: [Callstack] 0x00007ff716d8145a UE4Editor.exe!UnknownFunction []
[2020.07.09-09.52.17:214][439]LogWindows: Error: [Callstack] 0x00007ffb561837e4 KERNEL32.DLL!UnknownFunction []
[2020.07.09-09.52.17:214][439]LogWindows: Error: [Callstack] 0x00007ffb58cfcb81 ntdll.dll!UnknownFunction []
[2020.07.09-09.52.17:214][439]LogWindows: Error: 
[2020.07.09-09.52.17:317][439]LogExit: Executing StaticShutdownAfterError
[2020.07.09-09.52.17:321][439]LogWindows: FPlatformMisc::RequestExit(1)
[2020.07.09-09.52.17:321][439]LogCore: Engine exit requested (reason: Win RequestExit)
[2020.07.09-09.52.17:329][439]Log file closed, 07/09/20 11:52:17
