Log file open, 05/30/20 20:57:12
LogInit: Display: Running engine for game: FlowerGame
LogPlatformFile: Not using cached read wrapper
LogTaskGraph: Started task graph with 5 named threads and 11 total threads with 3 sets of task threads.
LogStats: Stats thread started at 0.154075
LogD3D11RHI: Loaded GFSDK_Aftermath_Lib.x64.dll
LogICUInternationalization: ICU TimeZone Detection - Raw Offset: +1:00, Platform Override: ''
LogPluginManager: Mounting plugin Paper2D
LogPluginManager: Mounting plugin AISupport
LogPluginManager: Mounting plugin LightPropagationVolume
LogPluginManager: Mounting plugin CameraShakePreviewer
LogPluginManager: Mounting plugin ActorLayerUtilities
LogPluginManager: Mounting plugin AnimationSharing
LogPluginManager: Mounting plugin CLionSourceCodeAccess
LogPluginManager: Mounting plugin CodeLiteSourceCodeAccess
LogPluginManager: Mounting plugin GitSourceControl
LogPluginManager: Mounting plugin KDevelopSourceCodeAccess
LogPluginManager: Mounting plugin NullSourceCodeAccess
LogPluginManager: Mounting plugin PerforceSourceControl
LogPluginManager: Mounting plugin PlasticSourceControl
LogPluginManager: Mounting plugin RiderSourceCodeAccess
LogPluginManager: Mounting plugin SubversionSourceControl
LogPluginManager: Mounting plugin UObjectPlugin
LogPluginManager: Mounting plugin VisualStudioCodeSourceCodeAccess
LogPluginManager: Mounting plugin VisualStudioSourceCodeAccess
LogPluginManager: Mounting plugin XCodeSourceCodeAccess
LogPluginManager: Mounting plugin AssetManagerEditor
LogPluginManager: Mounting plugin CryptoKeys
LogPluginManager: Mounting plugin CurveEditorTools
LogPluginManager: Mounting plugin DataValidation
LogPluginManager: Mounting plugin EditorScriptingUtilities
LogPluginManager: Mounting plugin FacialAnimation
LogPluginManager: Mounting plugin GameplayTagsEditor
LogPluginManager: Mounting plugin GeometryMode
LogPluginManager: Mounting plugin MacGraphicsSwitching
LogPluginManager: Mounting plugin MaterialAnalyzer
LogPluginManager: Mounting plugin MobileLauncherProfileWizard
LogPluginManager: Mounting plugin PluginBrowser
LogPluginManager: Mounting plugin SpeedTreeImporter
LogPluginManager: Mounting plugin DatasmithContent
LogPluginManager: Mounting plugin VariantManagerContent
LogPluginManager: Mounting plugin AlembicImporter
LogPluginManager: Mounting plugin AutomationUtils
LogPluginManager: Mounting plugin BackChannel
LogPluginManager: Mounting plugin ChaosCloth
LogPluginManager: Mounting plugin ChaosClothEditor
LogPluginManager: Mounting plugin ChaosEditor
LogPluginManager: Mounting plugin ChaosNiagara
LogPluginManager: Mounting plugin ChaosSolverPlugin
LogPluginManager: Mounting plugin CharacterAI
LogPluginManager: Mounting plugin GeometryCache
LogPluginManager: Mounting plugin GeometryCollectionPlugin
LogPluginManager: Mounting plugin GeometryProcessing
LogPluginManager: Mounting plugin PlanarCut
LogPluginManager: Mounting plugin PlatformCrypto
LogPluginManager: Mounting plugin ProxyLODPlugin
LogPluginManager: Mounting plugin SkeletalReduction
LogPluginManager: Mounting plugin Niagara
LogPluginManager: Mounting plugin MagicLeap
LogPluginManager: Mounting plugin MagicLeapLightEstimation
LogPluginManager: Mounting plugin MagicLeapMedia
LogPluginManager: Mounting plugin MagicLeapPassableWorld
LogPluginManager: Mounting plugin MLSDK
LogPluginManager: Mounting plugin AndroidMedia
LogPluginManager: Mounting plugin AvfMedia
LogPluginManager: Mounting plugin ImgMedia
LogPluginManager: Mounting plugin MediaCompositing
LogPluginManager: Mounting plugin MediaPlayerEditor
LogPluginManager: Mounting plugin WebMMedia
LogPluginManager: Mounting plugin WmfMedia
LogPluginManager: Mounting plugin MeshPainting
LogPluginManager: Mounting plugin TcpMessaging
LogPluginManager: Mounting plugin UdpMessaging
LogPluginManager: Mounting plugin ActorSequence
LogPluginManager: Mounting plugin LevelSequenceEditor
LogPluginManager: Mounting plugin MatineeToLevelSequence
LogPluginManager: Mounting plugin MovieRenderPipeline
LogPluginManager: Mounting plugin TemplateSequence
LogPluginManager: Mounting plugin NetcodeUnitTest
LogPluginManager: Mounting plugin NUTUnrealEngine4
LogPluginManager: Mounting plugin OnlineSubsystemGooglePlay
LogPluginManager: Mounting plugin OnlineSubsystemIOS
LogPluginManager: Mounting plugin OnlineSubsystem
LogPluginManager: Mounting plugin OnlineSubsystemNull
LogPluginManager: Mounting plugin OnlineSubsystemUtils
LogPluginManager: Mounting plugin LauncherChunkInstaller
LogPluginManager: Mounting plugin AndroidDeviceProfileSelector
LogPluginManager: Mounting plugin AndroidMoviePlayer
LogPluginManager: Mounting plugin AndroidPermission
LogPluginManager: Mounting plugin AppleImageUtils
LogPluginManager: Mounting plugin AppleMoviePlayer
LogPluginManager: Mounting plugin ArchVisCharacter
LogPluginManager: Mounting plugin AssetTags
LogPluginManager: Mounting plugin AudioCapture
LogPluginManager: Mounting plugin CableComponent
LogPluginManager: Mounting plugin CustomMeshComponent
LogPluginManager: Mounting plugin EditableMesh
LogPluginManager: Mounting plugin ExampleDeviceProfileSelector
LogPluginManager: Mounting plugin GoogleCloudMessaging
LogPluginManager: Mounting plugin GooglePAD
LogPluginManager: Mounting plugin IOSDeviceProfileSelector
LogPluginManager: Mounting plugin LinuxDeviceProfileSelector
LogPluginManager: Mounting plugin LocationServicesBPLibrary
LogPluginManager: Mounting plugin MobilePatchingUtils
LogPluginManager: Mounting plugin OculusVR
LogPluginManager: Mounting plugin PhysXVehicles
LogPluginManager: Mounting plugin PostSplashScreen
LogPluginManager: Mounting plugin ProceduralMeshComponent
LogPluginManager: Mounting plugin RuntimePhysXCooking
LogPluginManager: Mounting plugin SignificanceManager
LogPluginManager: Mounting plugin SoundFields
LogPluginManager: Mounting plugin SteamVR
LogPluginManager: Mounting plugin Synthesis
LogPluginManager: Mounting plugin WebMMoviePlayer
LogPluginManager: Mounting plugin WindowsMoviePlayer
LogPluginManager: Mounting plugin ScreenshotTools
LogInit: Using libcurl 7.55.1-DEV
LogInit:  - built for x86_64-pc-win32
LogInit:  - supports SSL with OpenSSL/1.1.1
LogInit:  - supports HTTP deflate (compression) using libz 1.2.8
LogInit:  - other features:
LogInit:      CURL_VERSION_SSL
LogInit:      CURL_VERSION_LIBZ
LogInit:      CURL_VERSION_IPV6
LogInit:      CURL_VERSION_ASYNCHDNS
LogInit:      CURL_VERSION_LARGEFILE
LogInit:      CURL_VERSION_IDN
LogInit:  CurlRequestOptions (configurable via config and command line):
LogInit:  - bVerifyPeer = true  - Libcurl will verify peer certificate
LogInit:  - bUseHttpProxy = false  - Libcurl will NOT use HTTP proxy
LogInit:  - bDontReuseConnections = false  - Libcurl will reuse connections
LogInit:  - MaxHostConnections = 16  - Libcurl will limit the number of connections to a host
LogInit:  - LocalHostAddr = Default
LogInit:  - BufferSize = 65536
LogOnline: OSS: Creating online subsystem instance for: NULL
LogInit: WinSock: version 1.1 (2.2), MaxSocks=32767, MaxUdp=65467
LogOnline: OSS: TryLoadSubsystemAndSetDefault: Loaded subsystem for module [NULL]
LogInit: Build: ++UE4+Release-4.25-CL-13144385
LogInit: Engine Version: 4.25.0-13144385+++UE4+Release-4.25
LogInit: Compatible Engine Version: 4.25.0-13144385+++UE4+Release-4.25
LogInit: Net CL: 13144385
LogInit: OS: Windows 10 (Release 1709) (), CPU: Intel(R) Core(TM) i7-6600U CPU @ 2.60GHz, GPU: Intel(R) HD Graphics 520
LogInit: Compiled (64-bit): May  2 2020 02:12:11
LogInit: Compiled with Visual C++: 19.24.28315.00
LogInit: Build Configuration: Development
LogInit: Branch Name: ++UE4+Release-4.25
LogInit: Command Line: 
LogInit: Base Directory: C:/Program Files (x86)/Epic Games/UE_4.25/Engine/Binaries/Win64/
LogInit: Allocator: TBB
LogInit: Installed Engine Build: 1
LogDevObjectVersion: Number of dev versions registered: 26
LogDevObjectVersion:   Dev-Blueprints (B0D832E4-1F89-4F0D-ACCF-7EB736FD4AA2): 10
LogDevObjectVersion:   Dev-Build (E1C64328-A22C-4D53-A36C-8E866417BD8C): 0
LogDevObjectVersion:   Dev-Core (375EC13C-06E4-48FB-B500-84F0262A717E): 4
LogDevObjectVersion:   Dev-Editor (E4B068ED-F494-42E9-A231-DA0B2E46BB41): 38
LogDevObjectVersion:   Dev-Framework (CFFC743F-43B0-4480-9391-14DF171D2073): 37
LogDevObjectVersion:   Dev-Mobile (B02B49B5-BB20-44E9-A304-32B752E40360): 2
LogDevObjectVersion:   Dev-Networking (A4E4105C-59A1-49B5-A7C5-40C4547EDFEE): 0
LogDevObjectVersion:   Dev-Online (39C831C9-5AE6-47DC-9A44-9C173E1C8E7C): 0
LogDevObjectVersion:   Dev-Physics (78F01B33-EBEA-4F98-B9B4-84EACCB95AA2): 4
LogDevObjectVersion:   Dev-Platform (6631380F-2D4D-43E0-8009-CF276956A95A): 0
LogDevObjectVersion:   Dev-Rendering (12F88B9F-8875-4AFC-A67C-D90C383ABD29): 43
LogDevObjectVersion:   Dev-Sequencer (7B5AE74C-D270-4C10-A958-57980B212A5A): 12
LogDevObjectVersion:   Dev-VR (D7296918-1DD6-4BDD-9DE2-64A83CC13884): 3
LogDevObjectVersion:   Dev-LoadTimes (C2A15278-BFE7-4AFE-6C17-90FF531DF755): 1
LogDevObjectVersion:   Private-Geometry (6EACA3D4-40EC-4CC1-B786-8BED09428FC5): 3
LogDevObjectVersion:   Dev-AnimPhys (29E575DD-E0A3-4627-9D10-D276232CDCEA): 17
LogDevObjectVersion:   Dev-Anim (AF43A65D-7FD3-4947-9873-3E8ED9C1BB05): 7
LogDevObjectVersion:   Dev-ReflectionCapture (6B266CEC-1EC7-4B8F-A30B-E4D90942FC07): 1
LogDevObjectVersion:   Dev-Automation (0DF73D61-A23F-47EA-B727-89E90C41499A): 1
LogDevObjectVersion:   FortniteMain (601D1886-AC64-4F84-AA16-D3DE0DEAC7D6): 31
LogDevObjectVersion:   Dev-Enterprise (9DFFBCD6-494F-0158-E221-12823C92A888): 10
LogDevObjectVersion:   Dev-Niagara (F2AED0AC-9AFE-416F-8664-AA7FFA26D6FC): 1
LogDevObjectVersion:   Dev-Destruction (174F1F0B-B4C6-45A5-B13F-2EE8D0FB917D): 10
LogDevObjectVersion:   Dev-Physics-Ext (35F94A83-E258-406C-A318-09F59610247C): 37
LogDevObjectVersion:   Dev-PhysicsMaterial-Chaos (B68FC16E-8B1B-42E2-B453-215C058844FE): 1
LogDevObjectVersion:   Dev-CineCamera (B2E18506-4273-CFC2-A54E-F4BB758BBA07): 1
LogInit: Presizing for max 25165824 objects, including 0 objects not considered by GC, pre-allocating 0 bytes for permanent pool.
LogConfig: Applying CVar settings from Section [/Script/Engine.StreamingSettings] File [C:/Users/a021694/Documents/GitHub/FlowerGame/FlowerGame4.25/Saved/Config/Windows/Engine.ini]
LogConfig: Setting CVar [[s.MinBulkDataSizeForAsyncLoading:131072]]
LogConfig: Setting CVar [[s.AsyncLoadingThreadEnabled:0]]
LogConfig: Setting CVar [[s.EventDrivenLoaderEnabled:1]]
LogConfig: Setting CVar [[s.WarnIfTimeLimitExceeded:0]]
LogConfig: Setting CVar [[s.TimeLimitExceededMultiplier:1.5]]
LogConfig: Setting CVar [[s.TimeLimitExceededMinTime:0.005]]
LogConfig: Setting CVar [[s.UseBackgroundLevelStreaming:1]]
LogConfig: Setting CVar [[s.PriorityAsyncLoadingExtraTime:15.0]]
LogConfig: Setting CVar [[s.LevelStreamingActorsUpdateTimeLimit:5.0]]
LogConfig: Setting CVar [[s.PriorityLevelStreamingActorsUpdateExtraTime:5.0]]
LogConfig: Setting CVar [[s.LevelStreamingComponentsRegistrationGranularity:10]]
LogConfig: Setting CVar [[s.UnregisterComponentsTimeLimit:1.0]]
LogConfig: Setting CVar [[s.LevelStreamingComponentsUnregistrationGranularity:5]]
LogConfig: Setting CVar [[s.FlushStreamingOnExit:1]]
LogInit: Object subsystem initialized
LogConfig: Setting CVar [[con.DebugEarlyDefault:1]]
LogConfig: Setting CVar [[r.setres:1280x720]]
[2020.05.30-18.57.12:833][  0]LogConfig: Setting CVar [[r.VSync:0]]
[2020.05.30-18.57.12:833][  0]LogConfig: Setting CVar [[r.RHICmdBypass:0]]
[2020.05.30-18.57.12:833][  0]LogConfig: Applying CVar settings from Section [/Script/Engine.RendererSettings] File [C:/Users/a021694/Documents/GitHub/FlowerGame/FlowerGame4.25/Saved/Config/Windows/Engine.ini]
[2020.05.30-18.57.12:833][  0]LogConfig: Setting CVar [[r.GPUCrashDebugging:0]]
[2020.05.30-18.57.12:833][  0]LogConfig: Setting CVar [[r.MobileHDR:1]]
[2020.05.30-18.57.12:833][  0]LogConfig: Setting CVar [[r.Mobile.DisableVertexFog:1]]
[2020.05.30-18.57.12:833][  0]LogConfig: Setting CVar [[r.Shadow.CSM.MaxMobileCascades:2]]
[2020.05.30-18.57.12:833][  0]LogConfig: Setting CVar [[r.MobileMSAA:1]]
[2020.05.30-18.57.12:834][  0]LogConfig: Setting CVar [[r.Mobile.UseLegacyShadingModel:0]]
[2020.05.30-18.57.12:834][  0]LogConfig: Setting CVar [[r.Mobile.UseHWsRGBEncoding:0]]
[2020.05.30-18.57.12:834][  0]LogConfig: Setting CVar [[r.Mobile.AllowDitheredLODTransition:0]]
[2020.05.30-18.57.12:834][  0]LogConfig: Setting CVar [[r.Mobile.AllowSoftwareOcclusion:0]]
[2020.05.30-18.57.12:834][  0]LogConfig: Setting CVar [[r.DiscardUnusedQuality:0]]
[2020.05.30-18.57.12:834][  0]LogConfig: Setting CVar [[r.AllowOcclusionQueries:1]]
[2020.05.30-18.57.12:834][  0]LogConfig: Setting CVar [[r.MinScreenRadiusForLights:0.030000]]
[2020.05.30-18.57.12:834][  0]LogConfig: Setting CVar [[r.MinScreenRadiusForDepthPrepass:0.030000]]
[2020.05.30-18.57.12:834][  0]LogConfig: Setting CVar [[r.MinScreenRadiusForCSMDepth:0.010000]]
[2020.05.30-18.57.12:834][  0]LogConfig: Setting CVar [[r.PrecomputedVisibilityWarning:0]]
[2020.05.30-18.57.12:834][  0]LogConfig: Setting CVar [[r.TextureStreaming:1]]
[2020.05.30-18.57.12:834][  0]LogConfig: Setting CVar [[Compat.UseDXT5NormalMaps:0]]
[2020.05.30-18.57.12:834][  0]LogConfig: Setting CVar [[r.VirtualTextures:0]]
[2020.05.30-18.57.12:834][  0]LogConfig: Setting CVar [[r.VirtualTexturedLightmaps:0]]
[2020.05.30-18.57.12:834][  0]LogConfig: Setting CVar [[r.VT.TileSize:128]]
[2020.05.30-18.57.12:834][  0]LogConfig: Setting CVar [[r.VT.TileBorderSize:4]]
[2020.05.30-18.57.12:834][  0]LogConfig: Setting CVar [[r.vt.FeedbackFactor:16]]
[2020.05.30-18.57.12:834][  0]LogConfig: Setting CVar [[r.VT.EnableCompressZlib:1]]
[2020.05.30-18.57.12:834][  0]LogConfig: Setting CVar [[r.VT.EnableCompressCrunch:0]]
[2020.05.30-18.57.12:834][  0]LogConfig: Setting CVar [[r.ClearCoatNormal:0]]
[2020.05.30-18.57.12:834][  0]LogConfig: Setting CVar [[r.ReflectionCaptureResolution:128]]
[2020.05.30-18.57.12:834][  0]LogConfig: Setting CVar [[r.ReflectionEnvironmentLightmapMixBasedOnRoughness:1]]
[2020.05.30-18.57.12:834][  0]LogConfig: Setting CVar [[r.ForwardShading:0]]
[2020.05.30-18.57.12:834][  0]LogConfig: Setting CVar [[r.VertexFoggingForOpaque:1]]
[2020.05.30-18.57.12:834][  0]LogConfig: Setting CVar [[r.AllowStaticLighting:1]]
[2020.05.30-18.57.12:834][  0]LogConfig: Setting CVar [[r.NormalMapsForStaticLighting:0]]
[2020.05.30-18.57.12:834][  0]LogConfig: Setting CVar [[r.GenerateMeshDistanceFields:0]]
[2020.05.30-18.57.12:834][  0]LogConfig: Setting CVar [[r.DistanceFieldBuild.EightBit:0]]
[2020.05.30-18.57.12:834][  0]LogConfig: Setting CVar [[r.GenerateLandscapeGIData:0]]
[2020.05.30-18.57.12:834][  0]LogConfig: Setting CVar [[r.DistanceFieldBuild.Compress:0]]
[2020.05.30-18.57.12:834][  0]LogConfig: Setting CVar [[r.TessellationAdaptivePixelsPerTriangle:48.000000]]
[2020.05.30-18.57.12:834][  0]LogConfig: Setting CVar [[r.SeparateTranslucency:0]]
[2020.05.30-18.57.12:834][  0]LogConfig: Setting CVar [[r.TranslucentSortPolicy:0]]
[2020.05.30-18.57.12:834][  0]LogConfig: Setting CVar [[r.CustomDepth:1]]
[2020.05.30-18.57.12:834][  0]LogConfig: Setting CVar [[r.CustomDepthTemporalAAJitter:1]]
[2020.05.30-18.57.12:834][  0]LogConfig: Setting CVar [[r.PostProcessing.PropagateAlpha:0]]
[2020.05.30-18.57.12:834][  0]LogConfig: Setting CVar [[r.DefaultFeature.Bloom:1]]
[2020.05.30-18.57.12:834][  0]LogConfig: Setting CVar [[r.DefaultFeature.AmbientOcclusion:0]]
[2020.05.30-18.57.12:834][  0]LogConfig: Setting CVar [[r.DefaultFeature.AmbientOcclusionStaticFraction:1]]
[2020.05.30-18.57.12:834][  0]LogConfig: Setting CVar [[r.DefaultFeature.AutoExposure:0]]
[2020.05.30-18.57.12:834][  0]LogConfig: Setting CVar [[r.DefaultFeature.AutoExposure.Method:0]]
[2020.05.30-18.57.12:834][  0]LogConfig: Setting CVar [[r.DefaultFeature.AutoExposure.ExtendDefaultLuminanceRange:0]]
[2020.05.30-18.57.12:834][  0]LogConfig: Setting CVar [[r.UsePreExposure:1]]
[2020.05.30-18.57.12:834][  0]LogConfig: Setting CVar [[r.EyeAdaptation.EditorOnly:1]]
[2020.05.30-18.57.12:834][  0]LogConfig: Setting CVar [[r.DefaultFeature.MotionBlur:0]]
[2020.05.30-18.57.12:834][  0]LogConfig: Setting CVar [[r.DefaultFeature.LensFlare:0]]
[2020.05.30-18.57.12:834][  0]LogConfig: Setting CVar [[r.TemporalAA.Upsampling:0]]
[2020.05.30-18.57.12:834][  0]LogConfig: Setting CVar [[r.SSGI.Enable:0]]
[2020.05.30-18.57.12:834][  0]LogConfig: Setting CVar [[r.DefaultFeature.AntiAliasing:0]]
[2020.05.30-18.57.12:834][  0]LogConfig: Setting CVar [[r.DefaultFeature.LightUnits:1]]
[2020.05.30-18.57.12:834][  0]LogConfig: Setting CVar [[r.DefaultBackBufferPixelFormat:4]]
[2020.05.30-18.57.12:834][  0]LogConfig: Setting CVar [[r.Shadow.UnbuiltPreviewInGame:1]]
[2020.05.30-18.57.12:834][  0]LogConfig: Setting CVar [[r.StencilForLODDither:0]]
[2020.05.30-18.57.12:834][  0]LogConfig: Setting CVar [[r.EarlyZPass:3]]
[2020.05.30-18.57.12:835][  0]LogConfig: Setting CVar [[r.EarlyZPassOnlyMaterialMasking:0]]
[2020.05.30-18.57.12:835][  0]LogConfig: Setting CVar [[r.DBuffer:1]]
[2020.05.30-18.57.12:835][  0]LogConfig: Setting CVar [[r.ClearSceneMethod:1]]
[2020.05.30-18.57.12:835][  0]LogConfig: Setting CVar [[r.BasePassOutputsVelocity:0]]
[2020.05.30-18.57.12:835][  0]LogConfig: Setting CVar [[r.SelectiveBasePassOutputs:0]]
[2020.05.30-18.57.12:835][  0]LogConfig: Setting CVar [[fx.GPUSimulationTextureSizeX:1024]]
[2020.05.30-18.57.12:835][  0]LogConfig: Setting CVar [[fx.GPUSimulationTextureSizeY:1024]]
[2020.05.30-18.57.12:835][  0]LogConfig: Setting CVar [[r.AllowGlobalClipPlane:0]]
[2020.05.30-18.57.12:835][  0]LogConfig: Setting CVar [[r.GBufferFormat:1]]
[2020.05.30-18.57.12:835][  0]LogConfig: Setting CVar [[r.MorphTarget.Mode:1]]
[2020.05.30-18.57.12:835][  0]LogConfig: Setting CVar [[vr.InstancedStereo:0]]
[2020.05.30-18.57.12:835][  0]LogConfig: Setting CVar [[vr.MobileMultiView:0]]
[2020.05.30-18.57.12:835][  0]LogConfig: Setting CVar [[vr.RoundRobinOcclusion:0]]
[2020.05.30-18.57.12:835][  0]LogConfig: Setting CVar [[vr.ODSCapture:0]]
[2020.05.30-18.57.12:835][  0]LogConfig: Setting CVar [[r.WireframeCullThreshold:5.000000]]
[2020.05.30-18.57.12:835][  0]LogConfig: Setting CVar [[r.RayTracing:0]]
[2020.05.30-18.57.12:835][  0]LogConfig: Setting CVar [[r.RayTracing.UseTextureLod:0]]
[2020.05.30-18.57.12:835][  0]LogConfig: Setting CVar [[r.SupportStationarySkylight:1]]
[2020.05.30-18.57.12:835][  0]LogConfig: Setting CVar [[r.SupportLowQualityLightmaps:1]]
[2020.05.30-18.57.12:835][  0]LogConfig: Setting CVar [[r.SupportPointLightWholeSceneShadows:1]]
[2020.05.30-18.57.12:835][  0]LogConfig: Setting CVar [[r.SupportAtmosphericFog:1]]
[2020.05.30-18.57.12:835][  0]LogConfig: Setting CVar [[r.SupportSkyAtmosphere:1]]
[2020.05.30-18.57.12:835][  0]LogConfig: Setting CVar [[r.SupportSkyAtmosphereAffectsHeightFog:0]]
[2020.05.30-18.57.12:835][  0]LogConfig: Setting CVar [[r.SkinCache.CompileShaders:0]]
[2020.05.30-18.57.12:835][  0]LogConfig: Setting CVar [[r.Mobile.EnableStaticAndCSMShadowReceivers:1]]
[2020.05.30-18.57.12:835][  0]LogConfig: Setting CVar [[r.Mobile.EnableMovableLightCSMShaderCulling:1]]
[2020.05.30-18.57.12:835][  0]LogConfig: Setting CVar [[r.Mobile.AllowDistanceFieldShadows:1]]
[2020.05.30-18.57.12:835][  0]LogConfig: Setting CVar [[r.Mobile.AllowMovableDirectionalLights:1]]
[2020.05.30-18.57.12:835][  0]LogConfig: Setting CVar [[r.MobileNumDynamicPointLights:4]]
[2020.05.30-18.57.12:835][  0]LogConfig: Setting CVar [[r.MobileDynamicPointLightsUseStaticBranch:1]]
[2020.05.30-18.57.12:835][  0]LogConfig: Setting CVar [[r.Mobile.EnableMovableSpotlights:0]]
[2020.05.30-18.57.12:835][  0]LogConfig: Setting CVar [[r.SkinCache.SceneMemoryLimitInMB:128.000000]]
[2020.05.30-18.57.12:835][  0]LogConfig: Setting CVar [[r.GPUSkin.Limit2BoneInfluences:0]]
[2020.05.30-18.57.12:835][  0]LogConfig: Setting CVar [[r.SupportDepthOnlyIndexBuffers:1]]
[2020.05.30-18.57.12:835][  0]LogConfig: Setting CVar [[r.SupportReversedIndexBuffers:1]]
[2020.05.30-18.57.12:835][  0]LogConfig: Setting CVar [[r.SupportMaterialLayers:0]]
[2020.05.30-18.57.12:835][  0]LogConfig: Setting CVar [[r.LightPropagationVolume:0]]
[2020.05.30-18.57.12:835][  0]LogConfig: Applying CVar settings from Section [/Script/Engine.RendererOverrideSettings] File [C:/Users/a021694/Documents/GitHub/FlowerGame/FlowerGame4.25/Saved/Config/Windows/Engine.ini]
[2020.05.30-18.57.12:835][  0]LogConfig: Applying CVar settings from Section [/Script/Engine.StreamingSettings] File [C:/Users/a021694/Documents/GitHub/FlowerGame/FlowerGame4.25/Saved/Config/Windows/Engine.ini]
[2020.05.30-18.57.12:835][  0]LogConfig: Setting CVar [[s.MinBulkDataSizeForAsyncLoading:131072]]
[2020.05.30-18.57.12:835][  0]LogConfig: Setting CVar [[s.AsyncLoadingThreadEnabled:0]]
[2020.05.30-18.57.12:835][  0]LogConfig: Setting CVar [[s.EventDrivenLoaderEnabled:1]]
[2020.05.30-18.57.12:835][  0]LogConfig: Setting CVar [[s.WarnIfTimeLimitExceeded:0]]
[2020.05.30-18.57.12:835][  0]LogConfig: Setting CVar [[s.TimeLimitExceededMultiplier:1.5]]
[2020.05.30-18.57.12:835][  0]LogConfig: Setting CVar [[s.TimeLimitExceededMinTime:0.005]]
[2020.05.30-18.57.12:835][  0]LogConfig: Setting CVar [[s.UseBackgroundLevelStreaming:1]]
[2020.05.30-18.57.12:835][  0]LogConfig: Setting CVar [[s.PriorityAsyncLoadingExtraTime:15.0]]
[2020.05.30-18.57.12:835][  0]LogConfig: Setting CVar [[s.LevelStreamingActorsUpdateTimeLimit:5.0]]
[2020.05.30-18.57.12:835][  0]LogConfig: Setting CVar [[s.PriorityLevelStreamingActorsUpdateExtraTime:5.0]]
[2020.05.30-18.57.12:835][  0]LogConfig: Setting CVar [[s.LevelStreamingComponentsRegistrationGranularity:10]]
[2020.05.30-18.57.12:835][  0]LogConfig: Setting CVar [[s.UnregisterComponentsTimeLimit:1.0]]
[2020.05.30-18.57.12:836][  0]LogConfig: Setting CVar [[s.LevelStreamingComponentsUnregistrationGranularity:5]]
[2020.05.30-18.57.12:836][  0]LogConfig: Setting CVar [[s.FlushStreamingOnExit:1]]
[2020.05.30-18.57.12:836][  0]LogConfig: Applying CVar settings from Section [/Script/Engine.GarbageCollectionSettings] File [C:/Users/a021694/Documents/GitHub/FlowerGame/FlowerGame4.25/Saved/Config/Windows/Engine.ini]
[2020.05.30-18.57.12:836][  0]LogConfig: Setting CVar [[gc.MaxObjectsNotConsideredByGC:1]]
[2020.05.30-18.57.12:836][  0]LogConfig: Setting CVar [[gc.SizeOfPermanentObjectPool:0]]
[2020.05.30-18.57.12:836][  0]LogConfig: Setting CVar [[gc.FlushStreamingOnGC:0]]
[2020.05.30-18.57.12:836][  0]LogConfig: Setting CVar [[gc.NumRetriesBeforeForcingGC:10]]
[2020.05.30-18.57.12:836][  0]LogConfig: Setting CVar [[gc.AllowParallelGC:1]]
[2020.05.30-18.57.12:836][  0]LogConfig: Setting CVar [[gc.TimeBetweenPurgingPendingKillObjects:61.1]]
[2020.05.30-18.57.12:836][  0]LogConfig: Setting CVar [[gc.MaxObjectsInEditor:25165824]]
[2020.05.30-18.57.12:836][  0]LogConfig: Setting CVar [[gc.IncrementalBeginDestroyEnabled:1]]
[2020.05.30-18.57.12:836][  0]LogConfig: Setting CVar [[gc.CreateGCClusters:1]]
[2020.05.30-18.57.12:836][  0]LogConfig: Setting CVar [[gc.MinGCClusterSize:5]]
[2020.05.30-18.57.12:836][  0]LogConfig: Setting CVar [[gc.ActorClusteringEnabled:0]]
[2020.05.30-18.57.12:836][  0]LogConfig: Setting CVar [[gc.BlueprintClusteringEnabled:0]]
[2020.05.30-18.57.12:836][  0]LogConfig: Setting CVar [[gc.UseDisregardForGCOnDedicatedServers:0]]
[2020.05.30-18.57.12:836][  0]LogConfig: Applying CVar settings from Section [/Script/Engine.NetworkSettings] File [C:/Users/a021694/Documents/GitHub/FlowerGame/FlowerGame4.25/Saved/Config/Windows/Engine.ini]
[2020.05.30-18.57.12:836][  0]LogConfig: Applying CVar settings from Section [/Script/UnrealEd.CookerSettings] File [C:/Users/a021694/Documents/GitHub/FlowerGame/FlowerGame4.25/Saved/Config/Windows/Engine.ini]
[2020.05.30-18.57.12:838][  0]LogConfig: Applying CVar settings from Section [ViewDistanceQuality@3] File [C:/Users/a021694/Documents/GitHub/FlowerGame/FlowerGame4.25/Saved/Config/Windows/Scalability.ini]
[2020.05.30-18.57.12:838][  0]LogConfig: Setting CVar [[r.SkeletalMeshLODBias:0]]
[2020.05.30-18.57.12:838][  0]LogConfig: Setting CVar [[r.ViewDistanceScale:1.0]]
[2020.05.30-18.57.12:838][  0]LogConfig: Applying CVar settings from Section [AntiAliasingQuality@3] File [C:/Users/a021694/Documents/GitHub/FlowerGame/FlowerGame4.25/Saved/Config/Windows/Scalability.ini]
[2020.05.30-18.57.12:838][  0]LogConfig: Setting CVar [[r.PostProcessAAQuality:4]]
[2020.05.30-18.57.12:838][  0]LogConfig: Applying CVar settings from Section [ShadowQuality@3] File [C:/Users/a021694/Documents/GitHub/FlowerGame/FlowerGame4.25/Saved/Config/Windows/Scalability.ini]
[2020.05.30-18.57.12:838][  0]LogConfig: Setting CVar [[r.LightFunctionQuality:1]]
[2020.05.30-18.57.12:838][  0]LogConfig: Setting CVar [[r.ShadowQuality:5]]
[2020.05.30-18.57.12:838][  0]LogConfig: Setting CVar [[r.Shadow.CSM.MaxCascades:10]]
[2020.05.30-18.57.12:838][  0]LogConfig: Setting CVar [[r.Shadow.MaxResolution:2048]]
[2020.05.30-18.57.12:838][  0]LogConfig: Setting CVar [[r.Shadow.MaxCSMResolution:2048]]
[2020.05.30-18.57.12:838][  0]LogConfig: Setting CVar [[r.Shadow.RadiusThreshold:0.01]]
[2020.05.30-18.57.12:838][  0]LogConfig: Setting CVar [[r.Shadow.DistanceScale:1.0]]
[2020.05.30-18.57.12:838][  0]LogConfig: Setting CVar [[r.Shadow.CSM.TransitionScale:1.0]]
[2020.05.30-18.57.12:838][  0]LogConfig: Setting CVar [[r.Shadow.PreShadowResolutionFactor:1.0]]
[2020.05.30-18.57.12:838][  0]LogConfig: Setting CVar [[r.DistanceFieldShadowing:1]]
[2020.05.30-18.57.12:838][  0]LogConfig: Setting CVar [[r.DistanceFieldAO:1]]
[2020.05.30-18.57.12:838][  0]LogConfig: Setting CVar [[r.AOQuality:2]]
[2020.05.30-18.57.12:838][  0]LogConfig: Setting CVar [[r.VolumetricFog:1]]
[2020.05.30-18.57.12:838][  0]LogConfig: Setting CVar [[r.VolumetricFog.GridPixelSize:8]]
[2020.05.30-18.57.12:838][  0]LogConfig: Setting CVar [[r.VolumetricFog.GridSizeZ:128]]
[2020.05.30-18.57.12:838][  0]LogConfig: Setting CVar [[r.VolumetricFog.HistoryMissSupersampleCount:4]]
[2020.05.30-18.57.12:838][  0]LogConfig: Setting CVar [[r.LightMaxDrawDistanceScale:1]]
[2020.05.30-18.57.12:838][  0]LogConfig: Setting CVar [[r.CapsuleShadows:1]]
[2020.05.30-18.57.12:838][  0]LogConfig: Applying CVar settings from Section [PostProcessQuality@3] File [C:/Users/a021694/Documents/GitHub/FlowerGame/FlowerGame4.25/Saved/Config/Windows/Scalability.ini]
[2020.05.30-18.57.12:838][  0]LogConfig: Setting CVar [[r.MotionBlurQuality:4]]
[2020.05.30-18.57.12:838][  0]LogConfig: Setting CVar [[r.AmbientOcclusionMipLevelFactor:0.4]]
[2020.05.30-18.57.12:838][  0]LogConfig: Setting CVar [[r.AmbientOcclusionMaxQuality:100]]
[2020.05.30-18.57.12:838][  0]LogConfig: Setting CVar [[r.AmbientOcclusionLevels:-1]]
[2020.05.30-18.57.12:838][  0]LogConfig: Setting CVar [[r.AmbientOcclusionRadiusScale:1.0]]
[2020.05.30-18.57.12:838][  0]LogConfig: Setting CVar [[r.DepthOfFieldQuality:2]]
[2020.05.30-18.57.12:838][  0]LogConfig: Setting CVar [[r.RenderTargetPoolMin:400]]
[2020.05.30-18.57.12:838][  0]LogConfig: Setting CVar [[r.LensFlareQuality:2]]
[2020.05.30-18.57.12:838][  0]LogConfig: Setting CVar [[r.SceneColorFringeQuality:1]]
[2020.05.30-18.57.12:838][  0]LogConfig: Setting CVar [[r.EyeAdaptationQuality:2]]
[2020.05.30-18.57.12:838][  0]LogConfig: Setting CVar [[r.BloomQuality:5]]
[2020.05.30-18.57.12:838][  0]LogConfig: Setting CVar [[r.FastBlurThreshold:100]]
[2020.05.30-18.57.12:838][  0]LogConfig: Setting CVar [[r.Upscale.Quality:3]]
[2020.05.30-18.57.12:838][  0]LogConfig: Setting CVar [[r.Tonemapper.GrainQuantization:1]]
[2020.05.30-18.57.12:838][  0]LogConfig: Setting CVar [[r.LightShaftQuality:1]]
[2020.05.30-18.57.12:838][  0]LogConfig: Setting CVar [[r.Filter.SizeScale:1]]
[2020.05.30-18.57.12:838][  0]LogConfig: Setting CVar [[r.Tonemapper.Quality:5]]
[2020.05.30-18.57.12:839][  0]LogConfig: Setting CVar [[r.DOF.Gather.AccumulatorQuality:1        ; higher gathering accumulator quality]]
[2020.05.30-18.57.12:839][  0]LogConfig: Setting CVar [[r.DOF.Gather.PostfilterMethod:1          ; Median3x3 postfilering method]]
[2020.05.30-18.57.12:839][  0]LogConfig: Setting CVar [[r.DOF.Gather.EnableBokehSettings:0       ; no bokeh simulation when gathering]]
[2020.05.30-18.57.12:839][  0]LogConfig: Setting CVar [[r.DOF.Gather.RingCount:4                 ; medium number of samples when gathering]]
[2020.05.30-18.57.12:839][  0]LogConfig: Setting CVar [[r.DOF.Scatter.ForegroundCompositing:1    ; additive foreground scattering]]
[2020.05.30-18.57.12:839][  0]LogConfig: Setting CVar [[r.DOF.Scatter.BackgroundCompositing:2    ; additive background scattering]]
[2020.05.30-18.57.12:839][  0]LogConfig: Setting CVar [[r.DOF.Scatter.EnableBokehSettings:1      ; bokeh simulation when scattering]]
[2020.05.30-18.57.12:839][  0]LogConfig: Setting CVar [[r.DOF.Scatter.MaxSpriteRatio:0.1         ; only a maximum of 10% of scattered bokeh]]
[2020.05.30-18.57.12:839][  0]LogConfig: Setting CVar [[r.DOF.Recombine.Quality:1                ; cheap slight out of focus]]
[2020.05.30-18.57.12:839][  0]LogConfig: Setting CVar [[r.DOF.Recombine.EnableBokehSettings:0    ; no bokeh simulation on slight out of focus]]
[2020.05.30-18.57.12:839][  0]LogConfig: Setting CVar [[r.DOF.TemporalAAQuality:1                ; more stable temporal accumulation]]
[2020.05.30-18.57.12:839][  0]LogConfig: Setting CVar [[r.DOF.Kernel.MaxForegroundRadius:0.025]]
[2020.05.30-18.57.12:839][  0]LogConfig: Setting CVar [[r.DOF.Kernel.MaxBackgroundRadius:0.025]]
[2020.05.30-18.57.12:839][  0]LogConfig: Applying CVar settings from Section [TextureQuality@3] File [C:/Users/a021694/Documents/GitHub/FlowerGame/FlowerGame4.25/Saved/Config/Windows/Scalability.ini]
[2020.05.30-18.57.12:839][  0]LogConfig: Setting CVar [[r.Streaming.MipBias:0]]
[2020.05.30-18.57.12:839][  0]LogConfig: Setting CVar [[r.Streaming.AmortizeCPUToGPUCopy:0]]
[2020.05.30-18.57.12:839][  0]LogConfig: Setting CVar [[r.Streaming.MaxNumTexturesToStreamPerFrame:0]]
[2020.05.30-18.57.12:839][  0]LogConfig: Setting CVar [[r.Streaming.Boost:1]]
[2020.05.30-18.57.12:839][  0]LogConfig: Setting CVar [[r.MaxAnisotropy:8]]
[2020.05.30-18.57.12:839][  0]LogConfig: Setting CVar [[r.VT.MaxAnisotropy:8]]
[2020.05.30-18.57.12:839][  0]LogConfig: Setting CVar [[r.Streaming.LimitPoolSizeToVRAM:0]]
[2020.05.30-18.57.12:839][  0]LogConfig: Setting CVar [[r.Streaming.PoolSize:1000]]
[2020.05.30-18.57.12:839][  0]LogConfig: Setting CVar [[r.Streaming.MaxEffectiveScreenSize:0]]
[2020.05.30-18.57.12:839][  0]LogConfig: Applying CVar settings from Section [EffectsQuality@3] File [C:/Users/a021694/Documents/GitHub/FlowerGame/FlowerGame4.25/Saved/Config/Windows/Scalability.ini]
[2020.05.30-18.57.12:839][  0]LogConfig: Setting CVar [[r.TranslucencyLightingVolumeDim:64]]
[2020.05.30-18.57.12:839][  0]LogConfig: Setting CVar [[r.RefractionQuality:2]]
[2020.05.30-18.57.12:839][  0]LogConfig: Setting CVar [[r.SSR.Quality:3]]
[2020.05.30-18.57.12:839][  0]LogConfig: Setting CVar [[r.SSR.HalfResSceneColor:0]]
[2020.05.30-18.57.12:839][  0]LogConfig: Setting CVar [[r.SceneColorFormat:4]]
[2020.05.30-18.57.12:839][  0]LogConfig: Setting CVar [[r.DetailMode:2]]
[2020.05.30-18.57.12:839][  0]LogConfig: Setting CVar [[r.TranslucencyVolumeBlur:1]]
[2020.05.30-18.57.12:839][  0]LogConfig: Setting CVar [[r.MaterialQualityLevel:1 ; High quality]]
[2020.05.30-18.57.12:839][  0]LogConfig: Setting CVar [[r.SSS.Scale:1]]
[2020.05.30-18.57.12:839][  0]LogConfig: Setting CVar [[r.SSS.SampleSet:2]]
[2020.05.30-18.57.12:839][  0]LogConfig: Setting CVar [[r.SSS.Quality:1]]
[2020.05.30-18.57.12:839][  0]LogConfig: Setting CVar [[r.SSS.HalfRes:0]]
[2020.05.30-18.57.12:839][  0]LogConfig: Setting CVar [[r.SSGI.Quality:3]]
[2020.05.30-18.57.12:839][  0]LogConfig: Setting CVar [[r.EmitterSpawnRateScale:1.0]]
[2020.05.30-18.57.12:839][  0]LogConfig: Setting CVar [[r.ParticleLightQuality:2]]
[2020.05.30-18.57.12:839][  0]LogConfig: Setting CVar [[r.SkyAtmosphere.AerialPerspectiveLUT.FastApplyOnOpaque:1 ; Always have FastSkyLUT 1 in this case to avoid wrong sky]]
[2020.05.30-18.57.12:839][  0]LogConfig: Setting CVar [[r.SkyAtmosphere.AerialPerspectiveLUT.SampleCountPerSlice:1]]
[2020.05.30-18.57.12:839][  0]LogConfig: Setting CVar [[r.SkyAtmosphere.AerialPerspectiveLUT.DepthResolution:16.0]]
[2020.05.30-18.57.12:839][  0]LogConfig: Setting CVar [[r.SkyAtmosphere.FastSkyLUT:1]]
[2020.05.30-18.57.12:839][  0]LogConfig: Setting CVar [[r.SkyAtmosphere.FastSkyLUT.SampleCountMin:4.0]]
[2020.05.30-18.57.12:839][  0]LogConfig: Setting CVar [[r.SkyAtmosphere.FastSkyLUT.SampleCountMax:32.0]]
[2020.05.30-18.57.12:839][  0]LogConfig: Setting CVar [[r.SkyAtmosphere.SampleCountMin:4.0]]
[2020.05.30-18.57.12:839][  0]LogConfig: Setting CVar [[r.SkyAtmosphere.SampleCountMax:32.0]]
[2020.05.30-18.57.12:839][  0]LogConfig: Setting CVar [[r.SkyAtmosphere.TransmittanceLUT.UseSmallFormat:0]]
[2020.05.30-18.57.12:839][  0]LogConfig: Setting CVar [[r.SkyAtmosphere.TransmittanceLUT.SampleCount:10.0]]
[2020.05.30-18.57.12:839][  0]LogConfig: Setting CVar [[r.SkyAtmosphere.MultiScatteringLUT.SampleCount:15.0]]
[2020.05.30-18.57.12:839][  0]LogConfig: Applying CVar settings from Section [FoliageQuality@3] File [C:/Users/a021694/Documents/GitHub/FlowerGame/FlowerGame4.25/Saved/Config/Windows/Scalability.ini]
[2020.05.30-18.57.12:839][  0]LogConfig: Setting CVar [[foliage.DensityScale:1.0]]
[2020.05.30-18.57.12:839][  0]LogConfig: Setting CVar [[grass.DensityScale:1.0]]
[2020.05.30-18.57.12:839][  0]LogConfig: Applying CVar settings from Section [ShadingQuality@3] File [C:/Users/a021694/Documents/GitHub/FlowerGame/FlowerGame4.25/Saved/Config/Windows/Scalability.ini]
[2020.05.30-18.57.12:839][  0]LogConfig: Setting CVar [[r.HairStrands.SkyLighting.SampleCount:16]]
[2020.05.30-18.57.12:840][  0]LogConfig: Setting CVar [[r.HairStrands.SkyLighting.JitterIntegration:0]]
[2020.05.30-18.57.12:840][  0]LogConfig: Setting CVar [[r.HairStrands.SkyAO.SampleCount:16]]
[2020.05.30-18.57.12:840][  0]LogConfig: Setting CVar [[r.HairStrands.DeepShadow.SuperSampling:0]]
[2020.05.30-18.57.12:840][  0]LogConfig: Setting CVar [[r.HairStrands.VisibilityPPLL:0]]
[2020.05.30-18.57.12:840][  0]LogConfig: Setting CVar [[r.HairStrands.RasterizationScale:0.5]]
[2020.05.30-18.57.12:840][  0]LogConfig: Setting CVar [[r.HairStrands.VelocityRasterizationScale:1]]
[2020.05.30-18.57.12:840][  0]LogInit: Selected Device Profile: [Windows]
[2020.05.30-18.57.12:840][  0]LogInit: Applying CVar settings loaded from the selected device profile: [Windows]
[2020.05.30-18.57.12:840][  0]LogHAL: Display: Platform has ~ 32 GB [34234515456 / 34359738368 / 32], which maps to Largest [LargestMinGB=32, LargerMinGB=12, DefaultMinGB=8, SmallerMinGB=6, SmallestMinGB=0)
[2020.05.30-18.57.12:840][  0]LogInit: Going up to parent DeviceProfile []
[2020.05.30-18.57.12:840][  0]LogConfig: Applying CVar settings from Section [ViewDistanceQuality@3] File [C:/Users/a021694/Documents/GitHub/FlowerGame/FlowerGame4.25/Saved/Config/Windows/Scalability.ini]
[2020.05.30-18.57.12:840][  0]LogConfig: Setting CVar [[r.SkeletalMeshLODBias:0]]
[2020.05.30-18.57.12:840][  0]LogConfig: Setting CVar [[r.ViewDistanceScale:1.0]]
[2020.05.30-18.57.12:840][  0]LogConfig: Applying CVar settings from Section [AntiAliasingQuality@3] File [C:/Users/a021694/Documents/GitHub/FlowerGame/FlowerGame4.25/Saved/Config/Windows/Scalability.ini]
[2020.05.30-18.57.12:840][  0]LogConfig: Setting CVar [[r.PostProcessAAQuality:4]]
[2020.05.30-18.57.12:840][  0]LogConfig: Applying CVar settings from Section [ShadowQuality@3] File [C:/Users/a021694/Documents/GitHub/FlowerGame/FlowerGame4.25/Saved/Config/Windows/Scalability.ini]
[2020.05.30-18.57.12:840][  0]LogConfig: Setting CVar [[r.LightFunctionQuality:1]]
[2020.05.30-18.57.12:840][  0]LogConfig: Setting CVar [[r.ShadowQuality:5]]
[2020.05.30-18.57.12:840][  0]LogConfig: Setting CVar [[r.Shadow.CSM.MaxCascades:10]]
[2020.05.30-18.57.12:840][  0]LogConfig: Setting CVar [[r.Shadow.MaxResolution:2048]]
[2020.05.30-18.57.12:840][  0]LogConfig: Setting CVar [[r.Shadow.MaxCSMResolution:2048]]
[2020.05.30-18.57.12:840][  0]LogConfig: Setting CVar [[r.Shadow.RadiusThreshold:0.01]]
[2020.05.30-18.57.12:840][  0]LogConfig: Setting CVar [[r.Shadow.DistanceScale:1.0]]
[2020.05.30-18.57.12:840][  0]LogConfig: Setting CVar [[r.Shadow.CSM.TransitionScale:1.0]]
[2020.05.30-18.57.12:840][  0]LogConfig: Setting CVar [[r.Shadow.PreShadowResolutionFactor:1.0]]
[2020.05.30-18.57.12:840][  0]LogConfig: Setting CVar [[r.DistanceFieldShadowing:1]]
[2020.05.30-18.57.12:840][  0]LogConfig: Setting CVar [[r.DistanceFieldAO:1]]
[2020.05.30-18.57.12:840][  0]LogConfig: Setting CVar [[r.AOQuality:2]]
[2020.05.30-18.57.12:840][  0]LogConfig: Setting CVar [[r.VolumetricFog:1]]
[2020.05.30-18.57.12:840][  0]LogConfig: Setting CVar [[r.VolumetricFog.GridPixelSize:8]]
[2020.05.30-18.57.12:840][  0]LogConfig: Setting CVar [[r.VolumetricFog.GridSizeZ:128]]
[2020.05.30-18.57.12:840][  0]LogConfig: Setting CVar [[r.VolumetricFog.HistoryMissSupersampleCount:4]]
[2020.05.30-18.57.12:840][  0]LogConfig: Setting CVar [[r.LightMaxDrawDistanceScale:1]]
[2020.05.30-18.57.12:840][  0]LogConfig: Setting CVar [[r.CapsuleShadows:1]]
[2020.05.30-18.57.12:840][  0]LogConfig: Applying CVar settings from Section [PostProcessQuality@3] File [C:/Users/a021694/Documents/GitHub/FlowerGame/FlowerGame4.25/Saved/Config/Windows/Scalability.ini]
[2020.05.30-18.57.12:840][  0]LogConfig: Setting CVar [[r.MotionBlurQuality:4]]
[2020.05.30-18.57.12:840][  0]LogConfig: Setting CVar [[r.AmbientOcclusionMipLevelFactor:0.4]]
[2020.05.30-18.57.12:840][  0]LogConfig: Setting CVar [[r.AmbientOcclusionMaxQuality:100]]
[2020.05.30-18.57.12:840][  0]LogConfig: Setting CVar [[r.AmbientOcclusionLevels:-1]]
[2020.05.30-18.57.12:840][  0]LogConfig: Setting CVar [[r.AmbientOcclusionRadiusScale:1.0]]
[2020.05.30-18.57.12:840][  0]LogConfig: Setting CVar [[r.DepthOfFieldQuality:2]]
[2020.05.30-18.57.12:840][  0]LogConfig: Setting CVar [[r.RenderTargetPoolMin:400]]
[2020.05.30-18.57.12:840][  0]LogConfig: Setting CVar [[r.LensFlareQuality:2]]
[2020.05.30-18.57.12:840][  0]LogConfig: Setting CVar [[r.SceneColorFringeQuality:1]]
[2020.05.30-18.57.12:840][  0]LogConfig: Setting CVar [[r.EyeAdaptationQuality:2]]
[2020.05.30-18.57.12:840][  0]LogConfig: Setting CVar [[r.BloomQuality:5]]
[2020.05.30-18.57.12:840][  0]LogConfig: Setting CVar [[r.FastBlurThreshold:100]]
[2020.05.30-18.57.12:840][  0]LogConfig: Setting CVar [[r.Upscale.Quality:3]]
[2020.05.30-18.57.12:840][  0]LogConfig: Setting CVar [[r.Tonemapper.GrainQuantization:1]]
[2020.05.30-18.57.12:840][  0]LogConfig: Setting CVar [[r.LightShaftQuality:1]]
[2020.05.30-18.57.12:840][  0]LogConfig: Setting CVar [[r.Filter.SizeScale:1]]
[2020.05.30-18.57.12:840][  0]LogConfig: Setting CVar [[r.Tonemapper.Quality:5]]
[2020.05.30-18.57.12:840][  0]LogConfig: Setting CVar [[r.DOF.Gather.AccumulatorQuality:1        ; higher gathering accumulator quality]]
[2020.05.30-18.57.12:840][  0]LogConfig: Setting CVar [[r.DOF.Gather.PostfilterMethod:1          ; Median3x3 postfilering method]]
[2020.05.30-18.57.12:840][  0]LogConfig: Setting CVar [[r.DOF.Gather.EnableBokehSettings:0       ; no bokeh simulation when gathering]]
[2020.05.30-18.57.12:840][  0]LogConfig: Setting CVar [[r.DOF.Gather.RingCount:4                 ; medium number of samples when gathering]]
[2020.05.30-18.57.12:841][  0]LogConfig: Setting CVar [[r.DOF.Scatter.ForegroundCompositing:1    ; additive foreground scattering]]
[2020.05.30-18.57.12:841][  0]LogConfig: Setting CVar [[r.DOF.Scatter.BackgroundCompositing:2    ; additive background scattering]]
[2020.05.30-18.57.12:841][  0]LogConfig: Setting CVar [[r.DOF.Scatter.EnableBokehSettings:1      ; bokeh simulation when scattering]]
[2020.05.30-18.57.12:841][  0]LogConfig: Setting CVar [[r.DOF.Scatter.MaxSpriteRatio:0.1         ; only a maximum of 10% of scattered bokeh]]
[2020.05.30-18.57.12:841][  0]LogConfig: Setting CVar [[r.DOF.Recombine.Quality:1                ; cheap slight out of focus]]
[2020.05.30-18.57.12:841][  0]LogConfig: Setting CVar [[r.DOF.Recombine.EnableBokehSettings:0    ; no bokeh simulation on slight out of focus]]
[2020.05.30-18.57.12:841][  0]LogConfig: Setting CVar [[r.DOF.TemporalAAQuality:1                ; more stable temporal accumulation]]
[2020.05.30-18.57.12:841][  0]LogConfig: Setting CVar [[r.DOF.Kernel.MaxForegroundRadius:0.025]]
[2020.05.30-18.57.12:841][  0]LogConfig: Setting CVar [[r.DOF.Kernel.MaxBackgroundRadius:0.025]]
[2020.05.30-18.57.12:841][  0]LogConfig: Applying CVar settings from Section [TextureQuality@3] File [C:/Users/a021694/Documents/GitHub/FlowerGame/FlowerGame4.25/Saved/Config/Windows/Scalability.ini]
[2020.05.30-18.57.12:841][  0]LogConfig: Setting CVar [[r.Streaming.MipBias:0]]
[2020.05.30-18.57.12:841][  0]LogConfig: Setting CVar [[r.Streaming.AmortizeCPUToGPUCopy:0]]
[2020.05.30-18.57.12:841][  0]LogConfig: Setting CVar [[r.Streaming.MaxNumTexturesToStreamPerFrame:0]]
[2020.05.30-18.57.12:841][  0]LogConfig: Setting CVar [[r.Streaming.Boost:1]]
[2020.05.30-18.57.12:841][  0]LogConfig: Setting CVar [[r.MaxAnisotropy:8]]
[2020.05.30-18.57.12:841][  0]LogConfig: Setting CVar [[r.VT.MaxAnisotropy:8]]
[2020.05.30-18.57.12:841][  0]LogConfig: Setting CVar [[r.Streaming.LimitPoolSizeToVRAM:0]]
[2020.05.30-18.57.12:841][  0]LogConfig: Setting CVar [[r.Streaming.PoolSize:1000]]
[2020.05.30-18.57.12:841][  0]LogConfig: Setting CVar [[r.Streaming.MaxEffectiveScreenSize:0]]
[2020.05.30-18.57.12:841][  0]LogConfig: Applying CVar settings from Section [EffectsQuality@3] File [C:/Users/a021694/Documents/GitHub/FlowerGame/FlowerGame4.25/Saved/Config/Windows/Scalability.ini]
[2020.05.30-18.57.12:841][  0]LogConfig: Setting CVar [[r.TranslucencyLightingVolumeDim:64]]
[2020.05.30-18.57.12:841][  0]LogConfig: Setting CVar [[r.RefractionQuality:2]]
[2020.05.30-18.57.12:841][  0]LogConfig: Setting CVar [[r.SSR.Quality:3]]
[2020.05.30-18.57.12:841][  0]LogConfig: Setting CVar [[r.SSR.HalfResSceneColor:0]]
[2020.05.30-18.57.12:841][  0]LogConfig: Setting CVar [[r.SceneColorFormat:4]]
[2020.05.30-18.57.12:841][  0]LogConfig: Setting CVar [[r.DetailMode:2]]
[2020.05.30-18.57.12:841][  0]LogConfig: Setting CVar [[r.TranslucencyVolumeBlur:1]]
[2020.05.30-18.57.12:841][  0]LogConfig: Setting CVar [[r.MaterialQualityLevel:1 ; High quality]]
[2020.05.30-18.57.12:841][  0]LogConfig: Setting CVar [[r.SSS.Scale:1]]
[2020.05.30-18.57.12:841][  0]LogConfig: Setting CVar [[r.SSS.SampleSet:2]]
[2020.05.30-18.57.12:841][  0]LogConfig: Setting CVar [[r.SSS.Quality:1]]
[2020.05.30-18.57.12:841][  0]LogConfig: Setting CVar [[r.SSS.HalfRes:0]]
[2020.05.30-18.57.12:841][  0]LogConfig: Setting CVar [[r.SSGI.Quality:3]]
[2020.05.30-18.57.12:841][  0]LogConfig: Setting CVar [[r.EmitterSpawnRateScale:1.0]]
[2020.05.30-18.57.12:841][  0]LogConfig: Setting CVar [[r.ParticleLightQuality:2]]
[2020.05.30-18.57.12:841][  0]LogConfig: Setting CVar [[r.SkyAtmosphere.AerialPerspectiveLUT.FastApplyOnOpaque:1 ; Always have FastSkyLUT 1 in this case to avoid wrong sky]]
[2020.05.30-18.57.12:841][  0]LogConfig: Setting CVar [[r.SkyAtmosphere.AerialPerspectiveLUT.SampleCountPerSlice:1]]
[2020.05.30-18.57.12:841][  0]LogConfig: Setting CVar [[r.SkyAtmosphere.AerialPerspectiveLUT.DepthResolution:16.0]]
[2020.05.30-18.57.12:841][  0]LogConfig: Setting CVar [[r.SkyAtmosphere.FastSkyLUT:1]]
[2020.05.30-18.57.12:841][  0]LogConfig: Setting CVar [[r.SkyAtmosphere.FastSkyLUT.SampleCountMin:4.0]]
[2020.05.30-18.57.12:841][  0]LogConfig: Setting CVar [[r.SkyAtmosphere.FastSkyLUT.SampleCountMax:32.0]]
[2020.05.30-18.57.12:841][  0]LogConfig: Setting CVar [[r.SkyAtmosphere.SampleCountMin:4.0]]
[2020.05.30-18.57.12:841][  0]LogConfig: Setting CVar [[r.SkyAtmosphere.SampleCountMax:32.0]]
[2020.05.30-18.57.12:841][  0]LogConfig: Setting CVar [[r.SkyAtmosphere.TransmittanceLUT.UseSmallFormat:0]]
[2020.05.30-18.57.12:841][  0]LogConfig: Setting CVar [[r.SkyAtmosphere.TransmittanceLUT.SampleCount:10.0]]
[2020.05.30-18.57.12:841][  0]LogConfig: Setting CVar [[r.SkyAtmosphere.MultiScatteringLUT.SampleCount:15.0]]
[2020.05.30-18.57.12:841][  0]LogConfig: Applying CVar settings from Section [FoliageQuality@3] File [C:/Users/a021694/Documents/GitHub/FlowerGame/FlowerGame4.25/Saved/Config/Windows/Scalability.ini]
[2020.05.30-18.57.12:841][  0]LogConfig: Setting CVar [[foliage.DensityScale:1.0]]
[2020.05.30-18.57.12:841][  0]LogConfig: Setting CVar [[grass.DensityScale:1.0]]
[2020.05.30-18.57.12:841][  0]LogConfig: Applying CVar settings from Section [ShadingQuality@3] File [C:/Users/a021694/Documents/GitHub/FlowerGame/FlowerGame4.25/Saved/Config/Windows/Scalability.ini]
[2020.05.30-18.57.12:841][  0]LogConfig: Setting CVar [[r.HairStrands.SkyLighting.SampleCount:16]]
[2020.05.30-18.57.12:841][  0]LogConfig: Setting CVar [[r.HairStrands.SkyLighting.JitterIntegration:0]]
[2020.05.30-18.57.12:841][  0]LogConfig: Setting CVar [[r.HairStrands.SkyAO.SampleCount:16]]
[2020.05.30-18.57.12:841][  0]LogConfig: Setting CVar [[r.HairStrands.DeepShadow.SuperSampling:0]]
[2020.05.30-18.57.12:841][  0]LogConfig: Setting CVar [[r.HairStrands.VisibilityPPLL:0]]
[2020.05.30-18.57.12:842][  0]LogConfig: Setting CVar [[r.HairStrands.RasterizationScale:0.5]]
[2020.05.30-18.57.12:842][  0]LogConfig: Setting CVar [[r.HairStrands.VelocityRasterizationScale:1]]
[2020.05.30-18.57.12:842][  0]LogConfig: Applying CVar settings from Section [Startup] File [../../../Engine/Config/ConsoleVariables.ini]
[2020.05.30-18.57.12:842][  0]LogConfig: Setting CVar [[net.UseAdaptiveNetUpdateFrequency:0]]
[2020.05.30-18.57.12:842][  0]LogConfig: Setting CVar [[p.chaos.AllowCreatePhysxBodies:1]]
[2020.05.30-18.57.12:842][  0]LogConfig: Setting CVar [[fx.SkipVectorVMBackendOptimizations:1]]
[2020.05.30-18.57.12:842][  0]LogConfig: Applying CVar settings from Section [ConsoleVariables] File [C:/Users/a021694/Documents/GitHub/FlowerGame/FlowerGame4.25/Saved/Config/Windows/Engine.ini]
[2020.05.30-18.57.12:842][  0]LogInit: Computer: FRLH133527
[2020.05.30-18.57.12:842][  0]LogInit: User: a021694
[2020.05.30-18.57.12:842][  0]LogInit: CPU Page size=4096, Cores=2
[2020.05.30-18.57.12:842][  0]LogInit: High frequency timer resolution =2.742187 MHz
[2020.05.30-18.57.12:842][  0]LogMemory: Memory total: Physical=31.9GB (32GB approx)
[2020.05.30-18.57.12:842][  0]LogMemory: Platform Memory Stats for Windows
[2020.05.30-18.57.12:842][  0]LogMemory: Process Physical Memory: 115.63 MB used, 115.63 MB peak
[2020.05.30-18.57.12:842][  0]LogMemory: Process Virtual Memory: 103.86 MB used, 103.86 MB peak
[2020.05.30-18.57.12:842][  0]LogMemory: Physical Memory: 12113.36 MB used,  20535.22 MB free, 32648.58 MB total
[2020.05.30-18.57.12:842][  0]LogMemory: Virtual Memory: 1058.94 MB used,  134216672.00 MB free, 134217728.00 MB total
[2020.05.30-18.57.12:851][  0]LogWindows: WindowsPlatformFeatures enabled
[2020.05.30-18.57.12:893][  0]LogInit: Physics initialised using underlying interface: PhysX
[2020.05.30-18.57.12:894][  0]LogInit: Using OS detected language (fr-FR).
[2020.05.30-18.57.12:894][  0]LogInit: Using OS detected locale (fr-FR).
[2020.05.30-18.57.12:903][  0]LogTextLocalizationManager: No specific localization for 'fr-FR' exists, so the 'fr' localization will be used.
[2020.05.30-18.57.12:904][  0]LogTextLocalizationResource: LocRes '../../../Engine/Content/Localization/Editor/fr/Editor.locres' could not be opened for reading!
[2020.05.30-18.57.12:904][  0]LogTextLocalizationResource: LocRes '../../../Engine/Content/Localization/EditorTutorials/fr/EditorTutorials.locres' could not be opened for reading!
[2020.05.30-18.57.12:904][  0]LogTextLocalizationResource: LocRes '../../../Engine/Content/Localization/Keywords/fr/Keywords.locres' could not be opened for reading!
[2020.05.30-18.57.12:904][  0]LogTextLocalizationResource: LocRes '../../../Engine/Content/Localization/Category/fr/Category.locres' could not be opened for reading!
[2020.05.30-18.57.12:905][  0]LogTextLocalizationResource: LocRes '../../../Engine/Content/Localization/ToolTips/fr/ToolTips.locres' could not be opened for reading!
[2020.05.30-18.57.12:905][  0]LogTextLocalizationResource: LocRes '../../../Engine/Content/Localization/PropertyNames/fr/PropertyNames.locres' could not be opened for reading!
[2020.05.30-18.57.12:905][  0]LogTextLocalizationResource: LocRes '../../../Engine/Content/Localization/Engine/fr/Engine.locres' could not be opened for reading!
[2020.05.30-18.57.12:906][  0]LogInit: Setting process to per monitor DPI aware
[2020.05.30-18.57.12:948][  0]LogSlate: New Slate User Created.  User Index 0, Is Virtual User: 0
[2020.05.30-18.57.12:948][  0]LogSlate: Slate User Registered.  User Index 0, Is Virtual User: 0
[2020.05.30-18.57.13:106][  0]LogHMD: Failed to initialize OpenVR with code 110
[2020.05.30-18.57.13:106][  0]LogD3D11RHI: D3D11 min allowed feature level: 11_0
[2020.05.30-18.57.13:106][  0]LogD3D11RHI: D3D11 max allowed feature level: 11_0
[2020.05.30-18.57.13:106][  0]LogD3D11RHI: D3D11 adapters:
[2020.05.30-18.57.13:159][  0]LogD3D11RHI:    0. 'Intel(R) HD Graphics 520' (Feature Level 11_0)
[2020.05.30-18.57.13:159][  0]LogD3D11RHI:       128/0/16324 MB DedicatedVideo/DedicatedSystem/SharedSystem, Outputs:1, VendorId:0x8086
[2020.05.30-18.57.13:162][  0]LogD3D11RHI:    1. 'Microsoft Basic Render Driver' (Feature Level 11_0)
[2020.05.30-18.57.13:162][  0]LogD3D11RHI:       0/0/16324 MB DedicatedVideo/DedicatedSystem/SharedSystem, Outputs:0, VendorId:0x1414
[2020.05.30-18.57.13:162][  0]LogD3D11RHI: Chosen D3D11 Adapter: 0
[2020.05.30-18.57.13:168][  0]LogD3D11RHI: Creating new Direct3DDevice
[2020.05.30-18.57.13:168][  0]LogD3D11RHI:     GPU DeviceId: 0x1916 (for the marketing name, search the web for "GPU Device Id")
[2020.05.30-18.57.13:168][  0]LogWindows: EnumDisplayDevices:
[2020.05.30-18.57.13:169][  0]LogWindows:    0. 'Intel(R) HD Graphics 520' (P:1 D:1)
[2020.05.30-18.57.13:169][  0]LogWindows:    1. 'Intel(R) HD Graphics 520' (P:0 D:0)
[2020.05.30-18.57.13:169][  0]LogWindows:    2. 'Intel(R) HD Graphics 520' (P:0 D:0)
[2020.05.30-18.57.13:169][  0]LogWindows: DebugString: FoundDriverCount:3 
[2020.05.30-18.57.13:169][  0]LogD3D11RHI:     Adapter Name: Intel(R) HD Graphics 520
[2020.05.30-18.57.13:169][  0]LogD3D11RHI:   Driver Version: 26.20.100.6888 (internal:26.20.100.6888, unified:26.20.100.6888)
[2020.05.30-18.57.13:169][  0]LogD3D11RHI:      Driver Date: 5-16-2019
[2020.05.30-18.57.13:169][  0]LogRHI: Texture pool is 1523 MB (70% of 2176 MB)
[2020.05.30-18.57.13:215][  0]LogD3D11RHI: RHI does not have support for 64 bit atomics
[2020.05.30-18.57.13:215][  0]LogD3D11RHI: [IntelMetricsDiscovery] Started
[2020.05.30-18.57.13:215][  0]LogD3D11RHI: Async texture creation enabled
[2020.05.30-18.57.13:215][  0]LogD3D11RHI: Array index from any shader is supported
[2020.05.30-18.57.13:225][  0]LogD3D11RHI: GPU Timing Frequency: 12.000048 (Debug: 2 0)
[2020.05.30-18.57.13:525][  0]LogTargetPlatformManager: Display: Loaded TargetPlatform 'AllDesktop'
[2020.05.30-18.57.13:553][  0]LogTargetPlatformManager: Display: Loaded TargetPlatform 'Android'
[2020.05.30-18.57.13:554][  0]LogTargetPlatformManager: Display: Loaded TargetPlatform 'Android_ASTC'
[2020.05.30-18.57.13:554][  0]LogTargetPlatformManager: Display: Loaded TargetPlatform 'Android_DXT'
[2020.05.30-18.57.13:554][  0]LogTargetPlatformManager: Display: Loaded TargetPlatform 'Android_ETC2'
[2020.05.30-18.57.13:554][  0]LogTargetPlatformManager: Display: Loaded TargetPlatform 'AndroidClient'
[2020.05.30-18.57.13:554][  0]LogTargetPlatformManager: Display: Loaded TargetPlatform 'Android_ASTCClient'
[2020.05.30-18.57.13:554][  0]LogTargetPlatformManager: Display: Loaded TargetPlatform 'Android_DXTClient'
[2020.05.30-18.57.13:554][  0]LogTargetPlatformManager: Display: Loaded TargetPlatform 'Android_ETC2Client'
[2020.05.30-18.57.13:554][  0]LogTargetPlatformManager: Display: Loaded TargetPlatform 'Android_Multi'
[2020.05.30-18.57.13:554][  0]LogTargetPlatformManager: Display: Loaded TargetPlatform 'Android_MultiClient'
[2020.05.30-18.57.13:579][  0]LogTargetPlatformManager: Display: Loaded TargetPlatform 'IOSClient'
[2020.05.30-18.57.13:579][  0]LogTargetPlatformManager: Display: Loaded TargetPlatform 'IOS'
[2020.05.30-18.57.13:590][  0]LogTargetPlatformManager: Display: Loaded TargetPlatform 'Linux'
[2020.05.30-18.57.13:600][  0]LogTargetPlatformManager: Display: Loaded TargetPlatform 'LinuxNoEditor'
[2020.05.30-18.57.13:610][  0]LogTargetPlatformManager: Display: Loaded TargetPlatform 'LinuxClient'
[2020.05.30-18.57.13:619][  0]LogTargetPlatformManager: Display: Loaded TargetPlatform 'LinuxServer'
[2020.05.30-18.57.13:629][  0]LogTargetPlatformManager: Display: Loaded TargetPlatform 'LinuxAArch64NoEditor'
[2020.05.30-18.57.13:639][  0]LogTargetPlatformManager: Display: Loaded TargetPlatform 'LinuxAArch64Client'
[2020.05.30-18.57.13:648][  0]LogTargetPlatformManager: Display: Loaded TargetPlatform 'LinuxAArch64Server'
[2020.05.30-18.57.13:677][  0]LogTargetPlatformManager: Display: Loaded TargetPlatform 'Lumin'
[2020.05.30-18.57.13:677][  0]LogTargetPlatformManager: Display: Loaded TargetPlatform 'LuminClient'
[2020.05.30-18.57.13:694][  0]LogTargetPlatformManager: Display: Loaded TargetPlatform 'TVOSClient'
[2020.05.30-18.57.13:694][  0]LogTargetPlatformManager: Display: Loaded TargetPlatform 'TVOS'
[2020.05.30-18.57.13:703][  0]LogTargetPlatformManager: Display: Loaded TargetPlatform 'WindowsNoEditor'
[2020.05.30-18.57.13:713][  0]LogTargetPlatformManager: Display: Loaded TargetPlatform 'Windows'
[2020.05.30-18.57.13:722][  0]LogTargetPlatformManager: Display: Loaded TargetPlatform 'WindowsClient'
[2020.05.30-18.57.13:732][  0]LogTargetPlatformManager: Display: Loaded TargetPlatform 'WindowsServer'
[2020.05.30-18.57.13:732][  0]LogTargetPlatformManager: Display: Building Assets For Windows
[2020.05.30-18.57.13:740][  0]LogAudioDebug: Display: Lib vorbis DLL was dynamically loaded.
[2020.05.30-18.57.13:801][  0]LogShaderCompilers: Guid format shader working directory is -27 characters bigger than the processId version (../../../../../../Users/a021694/Documents/GitHub/FlowerGame/FlowerGame4.25/Intermediate/Shaders/WorkingDirectory/16196/).
[2020.05.30-18.57.13:801][  0]LogShaderCompilers: Cleaned the shader compiler working directory 'C:/Users/a021694/AppData/Local/Temp/UnrealShaderWorkingDir/A7E5C39F415B38004075FB94E24332DD/'.
[2020.05.30-18.57.13:801][  0]LogXGEController: Cannot use XGE Controller as Incredibuild is not installed on this machine.
[2020.05.30-18.57.13:802][  0]LogShaderCompilers: Cannot use XGE Shader Compiler as Incredibuild is not installed on this machine.
[2020.05.30-18.57.13:802][  0]LogShaderCompilers: Display: Using Local Shader Compiler.
[2020.05.30-18.57.14:674][  0]LogDerivedDataCache: Display: Max Cache Size: 512 MB
[2020.05.30-18.57.14:739][  0]LogDerivedDataCache: Loaded boot cache 0.06s 106MB C:/Users/a021694/AppData/Local/UnrealEngine/4.25/DerivedDataCache/Boot.ddc.
[2020.05.30-18.57.14:739][  0]LogDerivedDataCache: Display: Loaded Boot cache: C:/Users/a021694/AppData/Local/UnrealEngine/4.25/DerivedDataCache/Boot.ddc
[2020.05.30-18.57.14:739][  0]LogDerivedDataCache: FDerivedDataBackendGraph:  Pak pak cache file ../../../../../../Users/a021694/Documents/GitHub/FlowerGame/FlowerGame4.25/DerivedDataCache/DDC.ddp not found, will not use a pak cache.
[2020.05.30-18.57.14:739][  0]LogDerivedDataCache: Unable to find inner node Pak for hierarchical cache Hierarchy.
[2020.05.30-18.57.14:739][  0]LogDerivedDataCache: FDerivedDataBackendGraph:  CompressedPak pak cache file ../../../../../../Users/a021694/Documents/GitHub/FlowerGame/FlowerGame4.25/DerivedDataCache/Compressed.ddp not found, will not use a pak cache.
[2020.05.30-18.57.14:739][  0]LogDerivedDataCache: Unable to find inner node CompressedPak for hierarchical cache Hierarchy.
[2020.05.30-18.57.14:750][  0]LogDerivedDataCache: Display: Pak cache opened for reading ../../../Engine/DerivedDataCache/Compressed.ddp.
[2020.05.30-18.57.14:750][  0]LogDerivedDataCache: FDerivedDataBackendGraph:  EnterprisePak pak cache file ../../../Enterprise/DerivedDataCache/Compressed.ddp not found, will not use a pak cache.
[2020.05.30-18.57.14:750][  0]LogDerivedDataCache: Unable to find inner node EnterprisePak for hierarchical cache Hierarchy.
[2020.05.30-18.57.14:751][  0]LogDerivedDataCache: Using Local data cache path C:/Users/a021694/AppData/Local/UnrealEngine/Common/DerivedDataCache: Writable
[2020.05.30-18.57.14:751][  0]LogDerivedDataCache: Shared data cache path not found in *engine.ini, will not use an Shared cache.
[2020.05.30-18.57.14:751][  0]LogDerivedDataCache: Unable to find inner node Shared for hierarchical cache Hierarchy.
[2020.05.30-18.57.14:820][  0]LogSlate: Using FreeType 2.10.0
[2020.05.30-18.57.14:820][  0]LogSlate: SlateFontServices - WITH_FREETYPE: 1, WITH_HARFBUZZ: 1
[2020.05.30-18.57.14:853][  0]LogAssetRegistry: FAssetRegistry took 0.0026 seconds to start up
[2020.05.30-18.57.15:120][  0]LogInit: Selected Device Profile: [Windows]
[2020.05.30-18.57.15:250][  0]LogMeshReduction: Using QuadricMeshReduction for automatic static mesh reduction
[2020.05.30-18.57.15:250][  0]LogMeshReduction: Using SimplygonMeshReduction for automatic skeletal mesh reduction
[2020.05.30-18.57.15:250][  0]LogMeshReduction: Using ProxyLODMeshReduction for automatic mesh merging
[2020.05.30-18.57.15:250][  0]LogMeshReduction: No distributed automatic mesh merging module available
[2020.05.30-18.57.15:250][  0]LogMeshMerging: No distributed automatic mesh merging module available
[2020.05.30-18.57.15:268][  0]LogNetVersion: FlowerGame 1.0.0, NetCL: 13144385, EngineNetVer: 14, GameNetVer: 0 (Checksum: 3835917877)
[2020.05.30-18.57.15:846][  0]LogAISub: UAISubsystem::UAISubsystem AISubsystem (0000025370EA1900), frame # 0
[2020.05.30-18.57.15:846][  0]LogAISub: UAISubsystem::UAISubsystem AIPerceptionSystem (0000025370DF1440), frame # 0
[2020.05.30-18.57.15:847][  0]LogAISub: UAISubsystem::UAISubsystem EnvQueryManager (0000025370E8C400), frame # 0
[2020.05.30-18.57.15:994][  0]LogPackageLocalizationCache: Processed 19 localized package path(s) for 1 prioritized culture(s) in 0.138607 seconds
[2020.05.30-18.57.16:000][  0]LogUObjectArray: 15917 objects as part of root set at end of initial load.
[2020.05.30-18.57.16:000][  0]LogUObjectAllocator: 3965568 out of 0 bytes used by permanent object pool.
[2020.05.30-18.57.16:000][  0]LogUObjectArray: CloseDisregardForGC: 0/0 objects in disregard for GC pool
[2020.05.30-18.57.16:381][  0]LogTcpMessaging: Initializing TcpMessaging bridge
[2020.05.30-18.57.16:385][  0]LogUdpMessaging: Initializing bridge on interface 0.0.0.0:0 to multicast group 230.0.0.1:6666.
[2020.05.30-18.57.16:610][  0]SourceControl: Source control is disabled
[2020.05.30-18.57.16:610][  0]SourceControl: Source control is disabled
[2020.05.30-18.57.16:614][  0]SourceControl: Source control is disabled
[2020.05.30-18.57.16:617][  0]SourceControl: Source control is disabled
[2020.05.30-18.57.16:624][  0]SourceControl: Source control is disabled
[2020.05.30-18.57.16:913][  0]LogAndroidPermission: UAndroidPermissionCallbackProxy::GetInstance
[2020.05.30-18.57.16:936][  0]LogAudioCaptureCore: Display: No Audio Capture implementations found. Audio input will be silent.
[2020.05.30-18.57.16:936][  0]LogAudioCaptureCore: Display: No Audio Capture implementations found. Audio input will be silent.
[2020.05.30-18.57.16:994][  0]LogOcInput: OculusInput pre-init called
[2020.05.30-18.57.17:005][  0]LogWindows: Failed to load 'OVRPlugin.dll' (GetLastError=126)
[2020.05.30-18.57.17:006][  0]LogWindows: File 'OVRPlugin.dll' does not exist
[2020.05.30-18.57.17:074][  0]LogEngine: Initializing Engine...
[2020.05.30-18.57.17:075][  0]LogHMD: Failed to initialize OpenVR with code 110
[2020.05.30-18.57.17:075][  0]LogMagicLeap: Warning: VR disabled because ZI is not enabled.  To enable, in the editor, Edit -> Project Settings -> Plugins -> Magic Leap Plugin -> Enable Zero Iteration
[2020.05.30-18.57.17:076][  0]LogStats: UGameplayTagsManager::InitializeManager -  0.000 s
[2020.05.30-18.57.17:209][  0]LogInit: Initializing FReadOnlyCVARCache
[2020.05.30-18.57.17:222][  0]LogAIModule: Creating AISystem for world Untitled
[2020.05.30-18.57.17:223][  0]LogAISub: UAISubsystem::UAISubsystem EnvQueryManager (00000253789F7C00), frame # 0
[2020.05.30-18.57.17:223][  0]LogAISub: UAISubsystem::UAISubsystem AIPerceptionSystem (0000025378A7C900), frame # 0
[2020.05.30-18.57.17:230][  0]LogAudioMixer: Display: Audio Mixer Platform Settings:
[2020.05.30-18.57.17:230][  0]LogAudioMixer: Display: 	Sample Rate:						  48000
[2020.05.30-18.57.17:230][  0]LogAudioMixer: Display: 	Callback Buffer Frame Size Requested: 1024
[2020.05.30-18.57.17:230][  0]LogAudioMixer: Display: 	Callback Buffer Frame Size To Use:	  1024
[2020.05.30-18.57.17:230][  0]LogAudioMixer: Display: 	Number of buffers to queue:			  2
[2020.05.30-18.57.17:230][  0]LogAudioMixer: Display: 	Max Channels (voices):				  32
[2020.05.30-18.57.17:230][  0]LogAudioMixer: Display: 	Number of Async Source Workers:		  0
[2020.05.30-18.57.17:230][  0]LogAudio: Display: AudioDevice MaxSources: 32
[2020.05.30-18.57.17:231][  0]LogAudio: Display: Using built-in audio occlusion.
[2020.05.30-18.57.17:231][  0]LogAudioMixer: Display: Initializing audio mixer.
[2020.05.30-18.57.17:246][  0]LogAudioMixer: Display: 0: FrontLeft
[2020.05.30-18.57.17:246][  0]LogAudioMixer: Display: 1: FrontRight
[2020.05.30-18.57.17:399][  0]LogAudioMixer: Display: Using Audio Device Haut-parleur (Conexant ISST Audio)
[2020.05.30-18.57.17:401][  0]LogAudioMixer: Display: Initializing Sound Submixes...
[2020.05.30-18.57.17:403][  0]LogAudioMixer: Display: Creating Master Submix 'MasterSubmixDefault'
[2020.05.30-18.57.17:403][  0]LogAudioMixer: Display: Creating Master Submix 'MasterReverbSubmixDefault'
[2020.05.30-18.57.17:403][  0]LogAudioMixer: Display: Creating Master Submix 'MasterEQSubmixDefault'
[2020.05.30-18.57.17:406][  0]LogInit: FAudioDevice initialized.
[2020.05.30-18.57.17:407][  0]LogNetVersion: Set ProjectVersion to 1.0.0.0. Version Checksum will be recalculated on next use.
[2020.05.30-18.57.17:518][  0]LogDerivedDataCache: Saved boot cache 0.11s 106MB C:/Users/a021694/AppData/Local/UnrealEngine/4.25/DerivedDataCache/Boot.ddc.
[2020.05.30-18.57.17:525][  0]LogInit: Texture streaming: Enabled
[2020.05.30-18.57.17:546][  0]LogEngineSessionManager: EngineSessionManager initialized
[2020.05.30-18.57.17:546][  0]LogEditorSessionSummary: Verbose: Initializing EditorSessionSummaryWriter for editor session tracking
[2020.05.30-18.57.17:549][  0]LogEditorSessionSummary: EditorSessionSummaryWriter initialized
[2020.05.30-18.57.17:644][  0]LogInit: Transaction tracking system initialized
[2020.05.30-18.57.17:668][  0]BlueprintLog: New page: Editor Load
[2020.05.30-18.57.17:749][  0]LocalizationService: Localization service is disabled
[2020.05.30-18.57.17:934][  0]LogCook: Display: Max memory allowance for cook 16384mb min free memory 0mb
[2020.05.30-18.57.17:934][  0]LogCook: Display: Mobile HDR setting 1
[2020.05.30-18.57.18:091][  0]LogFileCache: Scanning file cache for directory 'C:/Users/a021694/Documents/GitHub/FlowerGame/FlowerGame4.25/Content/' took 0.01s
[2020.05.30-18.57.18:425][  0]SourceControl: Source control is disabled
[2020.05.30-18.57.18:425][  0]LogUnrealEdMisc: Loading editor; pre map load, took 7.522
[2020.05.30-18.57.18:425][  0]Cmd: MAP LOAD FILE="../../../../../../Users/a021694/Documents/GitHub/FlowerGame/FlowerGame4.25/Content/MobileStarterContent/Maps/TestMap.umap" TEMPLATE=0 SHOWPROGRESS=1 FEATURELEVEL=3
[2020.05.30-18.57.18:426][  0]LightingResults: New page: Lighting Build
[2020.05.30-18.57.18:426][  0]LogWorld: UWorld::CleanupWorld for Untitled, bSessionEnded=true, bCleanupResources=true
[2020.05.30-18.57.18:426][  0]LogSlate: InvalidateAllWidgets triggered.  All widgets were invalidated
[2020.05.30-18.57.18:427][  0]MapCheck: New page: Map Check
[2020.05.30-18.57.18:427][  0]LightingResults: New page: Lighting Build
[2020.05.30-18.57.18:435][  0]LogAISub: UAISubsystem::~UAISubsystem EnvQueryManager (00000253789F7C00), frame # 0
[2020.05.30-18.57.18:435][  0]LogAISub: UAISubsystem::~UAISubsystem AIPerceptionSystem (0000025378A7C900), frame # 0
[2020.05.30-18.57.18:436][  0]LogUObjectHash: Compacting FUObjectHashTables data took   1.02ms
[2020.05.30-18.57.18:531][  0]LogAIModule: Creating AISystem for world TestMap
[2020.05.30-18.57.18:532][  0]LogAISub: UAISubsystem::UAISubsystem EnvQueryManager (0000025377FFF200), frame # 0
[2020.05.30-18.57.18:532][  0]LogAISub: UAISubsystem::UAISubsystem AIPerceptionSystem (0000025375D351C0), frame # 0
[2020.05.30-18.57.18:562][  0]LogEditorServer: Finished looking for orphan Actors (0.000 secs)
[2020.05.30-18.57.18:639][  0]LogUObjectHash: Compacting FUObjectHashTables data took   0.84ms
[2020.05.30-18.57.18:639][  0]Cmd: MAP CHECKDEP NOCLEARLOG
[2020.05.30-18.57.18:639][  0]MapCheck: Map check complete: 0 Error(s), 0 Warning(s), took 0,162ms to complete.
[2020.05.30-18.57.18:639][  0]LogFileHelpers: Loading map 'TestMap' took 0.214
[2020.05.30-18.57.18:643][  0]LogUnrealEdMisc: Total Editor Startup Time, took 7.740
[2020.05.30-18.57.18:790][  0]LogSlate: Updating window title bar state: overlay mode, drag disabled, window buttons hidden, title bar hidden
[2020.05.30-18.57.18:799][  0]LogSlate: Updating window title bar state: overlay mode, drag disabled, window buttons hidden, title bar hidden
[2020.05.30-18.57.18:809][  0]LogSlate: Updating window title bar state: overlay mode, drag disabled, window buttons hidden, title bar hidden
[2020.05.30-18.57.18:818][  0]LogSlate: Updating window title bar state: overlay mode, drag disabled, window buttons hidden, title bar hidden
[2020.05.30-18.57.18:828][  0]LogCollectionManager: Loaded 0 collections in 0.002543 seconds
[2020.05.30-18.57.18:844][  0]LogFileCache: Scanning file cache for directory 'C:/Users/a021694/Documents/GitHub/FlowerGame/FlowerGame4.25/Saved/Collections/' took 0.00s
[2020.05.30-18.57.18:844][  0]LogFileCache: Scanning file cache for directory 'C:/Users/a021694/Documents/GitHub/FlowerGame/FlowerGame4.25/Content/Developers/a021694/Collections/' took 0.00s
[2020.05.30-18.57.18:844][  0]LogFileCache: Scanning file cache for directory 'C:/Users/a021694/Documents/GitHub/FlowerGame/FlowerGame4.25/Content/Collections/' took 0.00s
[2020.05.30-18.57.18:844][  0]LogContentBrowser: Native class hierarchy populated in 0.0114 seconds. Added 3435 classes and 827 folders.
[2020.05.30-18.57.18:847][  0]LogContentBrowser: Native class hierarchy updated for 'WidgetCarousel' in 0.0003 seconds. Added 0 classes and 0 folders.
[2020.05.30-18.57.18:902][  0]LogContentBrowser: Native class hierarchy updated for 'AddContentDialog' in 0.0006 seconds. Added 0 classes and 0 folders.
[2020.05.30-18.57.18:907][  0]LogContentBrowser: Native class hierarchy updated for 'SceneOutliner' in 0.0004 seconds. Added 2 classes and 0 folders.
[2020.05.30-18.57.18:936][  0]LogSlate: Took 0.000243 seconds to synchronously load lazily loaded font '../../../Engine/Content/Slate/Fonts/Roboto-Regular.ttf' (155K)
[2020.05.30-18.57.18:939][  0]LogSlate: Took 0.000354 seconds to synchronously load lazily loaded font '../../../Engine/Content/Slate/Fonts/Roboto-Bold.ttf' (160K)
[2020.05.30-18.57.18:944][  0]LogSlate: Took 0.000179 seconds to synchronously load lazily loaded font '../../../Engine/Content/Editor/Slate/Fonts/FontAwesome.ttf' (139K)
[2020.05.30-18.57.19:064][  0]LogRenderer: Reallocating scene render targets to support 784x444 Format 10 NumSamples 1 (Frame:1).
[2020.05.30-18.57.19:221][  0]LogContentBrowser: Native class hierarchy updated for 'HierarchicalLODOutliner' in 0.0009 seconds. Added 0 classes and 0 folders.
[2020.05.30-18.57.19:221][  0]LogLoad: (Engine Initialization) Total time: 8.32 seconds
[2020.05.30-18.57.19:221][  0]LogLoad: (Engine Initialization) Total Blueprint compile time: 0.00 seconds
[2020.05.30-18.57.19:287][  0]LogAssetRegistry: Asset discovery search completed in 4.4346 seconds
[2020.05.30-18.57.19:292][  0]LogCollectionManager: Fixed up redirectors for 0 collections in 0.000003 seconds (updated 0 objects)
[2020.05.30-18.57.19:292][  0]LogContentStreaming: Texture pool size now 1000 MB
[2020.05.30-18.57.19:326][  0]LogSlate: Took 0.000145 seconds to synchronously load lazily loaded font '../../../Engine/Content/Slate/Fonts/Roboto-Light.ttf' (167K)
[2020.05.30-18.58.48:735][350]Candidate modules for hot reload:
[2020.05.30-18.58.48:735][350]  FlowerGame
[2020.05.30-18.58.48:735][350]Launching UnrealBuildTool... [C:/Program Files (x86)/Epic Games/UE_4.25/Engine/Binaries/DotNET/UnrealBuildTool.exe  -ModuleWithSuffix=FlowerGame,3778 FlowerGameEditor Win64 Development -Project="C:/Users/a021694/Documents/GitHub/FlowerGame/FlowerGame4.25/FlowerGame.uproject" "C:/Users/a021694/Documents/GitHub/FlowerGame/FlowerGame4.25/FlowerGame.uproject"  -IgnoreJunk]
[2020.05.30-18.58.48:753][350]Warning: Starting HotReload took  0.0s.
[2020.05.30-18.59.05:159][426]CompilerResultsLog: New page: Compilation - 30 mai 2020 à 22:59:05
[2020.05.30-18.59.05:159][426]CompilerResultsLog: Using 'git status' to determine working set for adaptive non-unity build (C:\Users\a021694\Documents\GitHub\FlowerGame).
[2020.05.30-18.59.05:159][426]CompilerResultsLog: Building FlowerGameEditor...
[2020.05.30-18.59.05:159][426]CompilerResultsLog: Using Visual Studio 2019 14.26.28805 toolchain (C:\Program Files (x86)\Microsoft Visual Studio\2019\Community\VC\Tools\MSVC\14.26.28801) and Windows 10.0.18362.0 SDK (C:\Program Files (x86)\Windows Kits\10).
[2020.05.30-18.59.05:159][426]CompilerResultsLog: Building 4 actions with 4 processes...
[2020.05.30-18.59.05:159][426]CompilerResultsLog:   [1/4] FlowerGameGameModeBase.cpp
[2020.05.30-18.59.05:159][426]CompilerResultsLog:   [2/4] UE4Editor-FlowerGame-3778.lib
[2020.05.30-18.59.05:159][426]CompilerResultsLog:      Cr?ation de la biblioth?que C:\Users\a021694\Documents\GitHub\FlowerGame\FlowerGame4.25\Intermediate\Build\Win64\UE4Editor\Development\FlowerGame\UE4Editor-FlowerGame-3778.lib et de l'objet C:\Users\a021694\Documents\GitHub\FlowerGame\FlowerGame4.25\Intermediate\Build\Win64\UE4Editor\Development\FlowerGame\UE4Editor-FlowerGame-3778.exp
[2020.05.30-18.59.05:159][426]CompilerResultsLog:   [3/4] UE4Editor-FlowerGame-3778.dll
[2020.05.30-18.59.05:159][426]CompilerResultsLog:      Cr?ation de la biblioth?que C:\Users\a021694\Documents\GitHub\FlowerGame\FlowerGame4.25\Intermediate\Build\Win64\UE4Editor\Development\FlowerGame\UE4Editor-FlowerGame-3778.suppressed.lib et de l'objet C:\Users\a021694\Documents\GitHub\FlowerGame\FlowerGame4.25\Intermediate\Build\Win64\UE4Editor\Development\FlowerGame\UE4Editor-FlowerGame-3778.suppressed.exp
[2020.05.30-18.59.05:159][426]CompilerResultsLog:   [4/4] FlowerGameEditor.target
[2020.05.30-18.59.05:159][426]CompilerResultsLog: Total time in Parallel executor: 14,61 seconds
[2020.05.30-18.59.05:159][426]CompilerResultsLog: Total execution time: 15,98 seconds
[2020.05.30-18.59.05:159][426]LogMainFrame: MainFrame: Module compiling took 16.428 seconds
[2020.05.30-18.59.05:198][426]LogClass: ECases HotReload.
[2020.05.30-18.59.05:198][426]LogClass: EDirection HotReload.
[2020.05.30-18.59.05:198][426]LogClass: EGamePlayState HotReload.
[2020.05.30-18.59.05:198][426]LogClass: Lines HotReload.
[2020.05.30-18.59.05:213][426]LogContentBrowser: Native class hierarchy updated for 'FlowerGame' in 0.0006 seconds. Added 9 classes and 7 folders.
[2020.05.30-18.59.05:215][426]Display: HotReload successful (20 functions remapped  1 scriptstructs remapped)
[2020.05.30-18.59.05:307][426]LogContentBrowser: Native class hierarchy populated in 0.0141 seconds. Added 3435 classes and 827 folders.
[2020.05.30-18.59.05:307][426]Display: HotReload took 16.6s.
[2020.05.30-18.59.19:044][550]LogTemp: Repeating last play command: Selected Viewport
[2020.05.30-18.59.19:078][550]LogPlayLevel: PlayLevel: No blueprints needed recompiling
[2020.05.30-18.59.19:078][550]PIE: New page: PIE session: TestMap (30 mai 2020 à 22:59:19)
[2020.05.30-18.59.19:079][550]LogOnline: OSS: Creating online subsystem instance for: NULL
[2020.05.30-18.59.19:081][550]LogOnline: OSS: TryLoadSubsystemAndSetDefault: Loaded subsystem for module [NULL]
[2020.05.30-18.59.19:081][550]LogPlayLevel: Creating play world package: /Game/MobileStarterContent/Maps/UEDPIE_0_TestMap
[2020.05.30-18.59.19:106][550]LogPlayLevel: PIE: StaticDuplicateObject took: (0.025353s)
[2020.05.30-18.59.19:108][550]LogAIModule: Creating AISystem for world TestMap
[2020.05.30-18.59.19:108][550]LogAISub: UAISubsystem::UAISubsystem EnvQueryManager (0000025312F2D800), frame # 550
[2020.05.30-18.59.19:108][550]LogAISub: UAISubsystem::UAISubsystem AIPerceptionSystem (0000025301F21D00), frame # 550
[2020.05.30-18.59.19:108][550]LogPlayLevel: PIE: World Init took: (0.001718s)
[2020.05.30-18.59.19:108][550]LogPlayLevel: PIE: Created PIE world by copying editor world from /Game/MobileStarterContent/Maps/TestMap.TestMap to /Game/MobileStarterContent/Maps/UEDPIE_0_TestMap.TestMap (0.027256s)
[2020.05.30-18.59.19:117][550]LogUObjectHash: Compacting FUObjectHashTables data took   0.85ms
[2020.05.30-18.59.19:119][550]LogAudioMixer: Display: Audio Mixer Platform Settings:
[2020.05.30-18.59.19:119][550]LogAudioMixer: Display: 	Sample Rate:						  48000
[2020.05.30-18.59.19:119][550]LogAudioMixer: Display: 	Callback Buffer Frame Size Requested: 1024
[2020.05.30-18.59.19:119][550]LogAudioMixer: Display: 	Callback Buffer Frame Size To Use:	  1024
[2020.05.30-18.59.19:119][550]LogAudioMixer: Display: 	Number of buffers to queue:			  2
[2020.05.30-18.59.19:119][550]LogAudioMixer: Display: 	Max Channels (voices):				  32
[2020.05.30-18.59.19:119][550]LogAudioMixer: Display: 	Number of Async Source Workers:		  0
[2020.05.30-18.59.19:119][550]LogAudio: Display: AudioDevice MaxSources: 32
[2020.05.30-18.59.19:120][550]LogAudio: Display: Using built-in audio occlusion.
[2020.05.30-18.59.19:120][550]LogAudioMixer: Display: Initializing audio mixer.
[2020.05.30-18.59.19:123][550]LogAudioMixer: Display: 0: FrontLeft
[2020.05.30-18.59.19:123][550]LogAudioMixer: Display: 1: FrontRight
[2020.05.30-18.59.19:134][550]LogAudioMixer: Display: Using Audio Device Haut-parleur (Conexant ISST Audio)
[2020.05.30-18.59.19:134][550]LogAudioMixer: Display: Initializing Sound Submixes...
[2020.05.30-18.59.19:134][550]LogAudioMixer: Display: Creating Master Submix 'MasterSubmixDefault'
[2020.05.30-18.59.19:134][550]LogAudioMixer: Display: Creating Master Submix 'MasterReverbSubmixDefault'
[2020.05.30-18.59.19:135][550]LogAudioMixer: Display: Creating Master Submix 'MasterEQSubmixDefault'
[2020.05.30-18.59.19:151][550]LogInit: FAudioDevice initialized.
[2020.05.30-18.59.19:160][550]LogLoad: Game class is 'FlowerGameGameModeBase'
[2020.05.30-18.59.19:164][550]LogWorld: Bringing World /Game/MobileStarterContent/Maps/UEDPIE_0_TestMap.TestMap up for play (max tick rate 60) at 2020.05.30-20.59.19
[2020.05.30-18.59.19:164][550]LogWorld: Bringing up level for play took: 0.003290
[2020.05.30-18.59.19:165][550]LogOnline: OSS: Creating online subsystem instance for: :Context_2
[2020.05.30-18.59.19:202][550]LogContentBrowser: Native class hierarchy updated for 'MovieSceneCapture' in 0.0004 seconds. Added 20 classes and 0 folders.
[2020.05.30-18.59.19:203][550]LogBlueprintUserMessages: [TestMap_C_0] DefaultPawn
[2020.05.30-18.59.19:206][550]LogActor: Warning: Sniper /Game/MobileStarterContent/Maps/UEDPIE_0_TestMap.TestMap:PersistentLevel.Sniper_0 has natively added scene component(s), but none of them were set as the actor's RootComponent - picking one arbitrarily
[2020.05.30-18.59.19:208][550]LogActor: Warning: Sniper /Game/MobileStarterContent/Maps/UEDPIE_0_TestMap.TestMap:PersistentLevel.Sniper_1 has natively added scene component(s), but none of them were set as the actor's RootComponent - picking one arbitrarily
[2020.05.30-18.59.19:210][550]LogActor: Warning: Sniper /Game/MobileStarterContent/Maps/UEDPIE_0_TestMap.TestMap:PersistentLevel.Sniper_2 has natively added scene component(s), but none of them were set as the actor's RootComponent - picking one arbitrarily
[2020.05.30-18.59.19:211][550]PIE: Server logged in
[2020.05.30-18.59.19:212][550]PIE: Play in editor total start time 0,138 seconds.
[2020.05.30-18.59.30:829][987]LogAudioMixer: Display: No commands were queued while flushing the source manager.
[2020.05.30-18.59.30:844][987]LogAudioMixer: Display: Flush succeeded in the source manager command queue (1).
[2020.05.30-18.59.30:864][987]LogAudioMixer: Display: Flush succeeded the source manager command queue (2).
[2020.05.30-18.59.30:866][987]LogSlate: Updating window title bar state: overlay mode, drag disabled, window buttons hidden, title bar hidden
[2020.05.30-18.59.30:866][987]LogWorld: BeginTearingDown for /Game/MobileStarterContent/Maps/UEDPIE_0_TestMap
[2020.05.30-18.59.30:866][987]LogAudioMixer: Display: No commands were queued while flushing the source manager.
[2020.05.30-18.59.30:866][987]LogWorld: UWorld::CleanupWorld for TestMap, bSessionEnded=true, bCleanupResources=true
[2020.05.30-18.59.30:867][987]LogSlate: InvalidateAllWidgets triggered.  All widgets were invalidated
[2020.05.30-18.59.30:886][987]LogPlayLevel: Display: Shutting down PIE online subsystems
[2020.05.30-18.59.30:889][987]LogSlate: InvalidateAllWidgets triggered.  All widgets were invalidated
[2020.05.30-18.59.30:903][987]LogAudioMixer: Display: No commands were queued while flushing the source manager.
[2020.05.30-18.59.30:931][987]LogSlate: Updating window title bar state: overlay mode, drag disabled, window buttons hidden, title bar hidden
[2020.05.30-18.59.30:937][987]LogAISub: UAISubsystem::~UAISubsystem EnvQueryManager (0000025312F2D800), frame # 987
[2020.05.30-18.59.30:937][987]LogAISub: UAISubsystem::~UAISubsystem AIPerceptionSystem (0000025301F21D00), frame # 987
[2020.05.30-18.59.30:938][987]LogUObjectHash: Compacting FUObjectHashTables data took   1.15ms
[2020.05.30-18.59.31:002][988]LogPlayLevel: Display: Destroying online subsystem :Context_2
[2020.05.30-19.02.46:494][631]Candidate modules for hot reload:
[2020.05.30-19.02.46:494][631]  FlowerGame
[2020.05.30-19.02.46:495][631]Launching UnrealBuildTool... [C:/Program Files (x86)/Epic Games/UE_4.25/Engine/Binaries/DotNET/UnrealBuildTool.exe  -ModuleWithSuffix=FlowerGame,9746 FlowerGameEditor Win64 Development -Project="C:/Users/a021694/Documents/GitHub/FlowerGame/FlowerGame4.25/FlowerGame.uproject" "C:/Users/a021694/Documents/GitHub/FlowerGame/FlowerGame4.25/FlowerGame.uproject"  -IgnoreJunk]
[2020.05.30-19.02.46:511][631]Warning: Starting HotReload took  0.0s.
[2020.05.30-19.03.36:667][208]CompilerResultsLog: New page: Compilation - 30 mai 2020 à 23:03:36
[2020.05.30-19.03.36:667][208]CompilerResultsLog: Using 'git status' to determine working set for adaptive non-unity build (C:\Users\a021694\Documents\GitHub\FlowerGame).
[2020.05.30-19.03.36:667][208]CompilerResultsLog: Building FlowerGameEditor...
[2020.05.30-19.03.36:667][208]CompilerResultsLog: Using Visual Studio 2019 14.26.28805 toolchain (C:\Program Files (x86)\Microsoft Visual Studio\2019\Community\VC\Tools\MSVC\14.26.28801) and Windows 10.0.18362.0 SDK (C:\Program Files (x86)\Windows Kits\10).
[2020.05.30-19.03.36:667][208]CompilerResultsLog: Building 4 actions with 4 processes...
[2020.05.30-19.03.36:668][208]CompilerResultsLog:   [1/4] FlowerGameGameModeBase.cpp
[2020.05.30-19.03.36:668][208]CompilerResultsLog:   [2/4] UE4Editor-FlowerGame-9746.lib
[2020.05.30-19.03.36:668][208]CompilerResultsLog:      Cr?ation de la biblioth?que C:\Users\a021694\Documents\GitHub\FlowerGame\FlowerGame4.25\Intermediate\Build\Win64\UE4Editor\Development\FlowerGame\UE4Editor-FlowerGame-9746.lib et de l'objet C:\Users\a021694\Documents\GitHub\FlowerGame\FlowerGame4.25\Intermediate\Build\Win64\UE4Editor\Development\FlowerGame\UE4Editor-FlowerGame-9746.exp
[2020.05.30-19.03.36:668][208]CompilerResultsLog:   [3/4] UE4Editor-FlowerGame-9746.dll
[2020.05.30-19.03.36:668][208]CompilerResultsLog:      Cr?ation de la biblioth?que C:\Users\a021694\Documents\GitHub\FlowerGame\FlowerGame4.25\Intermediate\Build\Win64\UE4Editor\Development\FlowerGame\UE4Editor-FlowerGame-9746.suppressed.lib et de l'objet C:\Users\a021694\Documents\GitHub\FlowerGame\FlowerGame4.25\Intermediate\Build\Win64\UE4Editor\Development\FlowerGame\UE4Editor-FlowerGame-9746.suppressed.exp
[2020.05.30-19.03.36:668][208]CompilerResultsLog:   [4/4] FlowerGameEditor.target
[2020.05.30-19.03.36:668][208]CompilerResultsLog: Total time in Parallel executor: 48,45 seconds
[2020.05.30-19.03.36:668][208]CompilerResultsLog: Total execution time: 49,96 seconds
[2020.05.30-19.03.36:668][208]LogMainFrame: MainFrame: Module compiling took 50.176 seconds
[2020.05.30-19.03.36:748][208]LogClass: ECases HotReload.
[2020.05.30-19.03.36:748][208]LogClass: EDirection HotReload.
[2020.05.30-19.03.36:748][208]LogClass: EGamePlayState HotReload.
[2020.05.30-19.03.36:748][208]LogClass: Lines HotReload.
[2020.05.30-19.03.36:768][208]LogContentBrowser: Native class hierarchy updated for 'FlowerGame' in 0.0007 seconds. Added 9 classes and 7 folders.
[2020.05.30-19.03.36:770][208]Display: HotReload successful (20 functions remapped  1 scriptstructs remapped)
[2020.05.30-19.03.36:891][208]LogContentBrowser: Native class hierarchy populated in 0.0146 seconds. Added 3435 classes and 827 folders.
[2020.05.30-19.03.36:891][208]Display: HotReload took 50.4s.
[2020.05.30-19.03.51:341][684]LogTemp: Repeating last play command: Selected Viewport
[2020.05.30-19.03.51:388][684]LogPlayLevel: PlayLevel: No blueprints needed recompiling
[2020.05.30-19.03.51:389][684]PIE: New page: PIE session: TestMap (30 mai 2020 à 23:03:51)
[2020.05.30-19.03.51:389][684]LogPlayLevel: Creating play world package: /Game/MobileStarterContent/Maps/UEDPIE_0_TestMap
[2020.05.30-19.03.51:429][684]LogPlayLevel: PIE: StaticDuplicateObject took: (0.040153s)
[2020.05.30-19.03.51:431][684]LogAIModule: Creating AISystem for world TestMap
[2020.05.30-19.03.51:431][684]LogAISub: UAISubsystem::UAISubsystem EnvQueryManager (00000253133CFE00), frame # 3684
[2020.05.30-19.03.51:431][684]LogAISub: UAISubsystem::UAISubsystem AIPerceptionSystem (0000025375EF1BC0), frame # 3684
[2020.05.30-19.03.51:431][684]LogPlayLevel: PIE: World Init took: (0.002292s)
[2020.05.30-19.03.51:431][684]LogPlayLevel: PIE: Created PIE world by copying editor world from /Game/MobileStarterContent/Maps/TestMap.TestMap to /Game/MobileStarterContent/Maps/UEDPIE_0_TestMap.TestMap (0.042688s)
[2020.05.30-19.03.51:445][684]LogUObjectHash: Compacting FUObjectHashTables data took   1.47ms
[2020.05.30-19.03.51:447][684]LogAudioMixer: Display: Audio Mixer Platform Settings:
[2020.05.30-19.03.51:447][684]LogAudioMixer: Display: 	Sample Rate:						  48000
[2020.05.30-19.03.51:447][684]LogAudioMixer: Display: 	Callback Buffer Frame Size Requested: 1024
[2020.05.30-19.03.51:447][684]LogAudioMixer: Display: 	Callback Buffer Frame Size To Use:	  1024
[2020.05.30-19.03.51:447][684]LogAudioMixer: Display: 	Number of buffers to queue:			  2
[2020.05.30-19.03.51:447][684]LogAudioMixer: Display: 	Max Channels (voices):				  32
[2020.05.30-19.03.51:447][684]LogAudioMixer: Display: 	Number of Async Source Workers:		  0
[2020.05.30-19.03.51:447][684]LogAudio: Display: AudioDevice MaxSources: 32
[2020.05.30-19.03.51:448][684]LogAudio: Display: Using built-in audio occlusion.
[2020.05.30-19.03.51:448][684]LogAudioMixer: Display: Initializing audio mixer.
[2020.05.30-19.03.51:452][684]LogAudioMixer: Display: 0: FrontLeft
[2020.05.30-19.03.51:452][684]LogAudioMixer: Display: 1: FrontRight
[2020.05.30-19.03.51:468][684]LogAudioMixer: Display: Using Audio Device Haut-parleur (Conexant ISST Audio)
[2020.05.30-19.03.51:468][684]LogAudioMixer: Display: Initializing Sound Submixes...
[2020.05.30-19.03.51:468][684]LogAudioMixer: Display: Creating Master Submix 'MasterSubmixDefault'
[2020.05.30-19.03.51:469][684]LogAudioMixer: Display: Creating Master Submix 'MasterReverbSubmixDefault'
[2020.05.30-19.03.51:469][684]LogAudioMixer: Display: Creating Master Submix 'MasterEQSubmixDefault'
[2020.05.30-19.03.51:491][684]LogInit: FAudioDevice initialized.
[2020.05.30-19.03.51:503][684]LogLoad: Game class is 'FlowerGameGameModeBase'
[2020.05.30-19.03.51:507][684]LogWorld: Bringing World /Game/MobileStarterContent/Maps/UEDPIE_0_TestMap.TestMap up for play (max tick rate 60) at 2020.05.30-21.03.51
[2020.05.30-19.03.51:508][684]LogWorld: Bringing up level for play took: 0.004682
[2020.05.30-19.03.51:508][684]LogOnline: OSS: Creating online subsystem instance for: :Context_3
[2020.05.30-19.03.51:512][684]LogBlueprintUserMessages: [TestMap_C_0] DefaultPawn
[2020.05.30-19.03.51:516][684]LogActor: Warning: Sniper /Game/MobileStarterContent/Maps/UEDPIE_0_TestMap.TestMap:PersistentLevel.Sniper_0 has natively added scene component(s), but none of them were set as the actor's RootComponent - picking one arbitrarily
[2020.05.30-19.03.51:518][684]LogActor: Warning: Sniper /Game/MobileStarterContent/Maps/UEDPIE_0_TestMap.TestMap:PersistentLevel.Sniper_1 has natively added scene component(s), but none of them were set as the actor's RootComponent - picking one arbitrarily
[2020.05.30-19.03.51:521][684]LogActor: Warning: Sniper /Game/MobileStarterContent/Maps/UEDPIE_0_TestMap.TestMap:PersistentLevel.Sniper_2 has natively added scene component(s), but none of them were set as the actor's RootComponent - picking one arbitrarily
[2020.05.30-19.03.51:523][684]PIE: Server logged in
[2020.05.30-19.03.51:524][684]PIE: Play in editor total start time 0,143 seconds.
[2020.05.30-19.04.14:974][475]LogAudioMixer: Display: No commands were queued while flushing the source manager.
[2020.05.30-19.04.14:994][475]LogAudioMixer: Display: Flush succeeded in the source manager command queue (1).
[2020.05.30-19.04.15:024][475]LogAudioMixer: Display: Flush succeeded the source manager command queue (2).
[2020.05.30-19.04.15:025][475]LogSlate: Updating window title bar state: overlay mode, drag disabled, window buttons hidden, title bar hidden
[2020.05.30-19.04.15:026][475]LogWorld: BeginTearingDown for /Game/MobileStarterContent/Maps/UEDPIE_0_TestMap
[2020.05.30-19.04.15:026][475]LogAudioMixer: Display: No commands were queued while flushing the source manager.
[2020.05.30-19.04.15:026][475]LogWorld: UWorld::CleanupWorld for TestMap, bSessionEnded=true, bCleanupResources=true
[2020.05.30-19.04.15:028][475]LogSlate: InvalidateAllWidgets triggered.  All widgets were invalidated
[2020.05.30-19.04.15:039][475]LogPlayLevel: Display: Shutting down PIE online subsystems
[2020.05.30-19.04.15:042][475]LogSlate: InvalidateAllWidgets triggered.  All widgets were invalidated
[2020.05.30-19.04.15:055][475]LogAudioMixer: Display: No commands were queued while flushing the source manager.
[2020.05.30-19.04.15:083][475]LogSlate: Updating window title bar state: overlay mode, drag disabled, window buttons hidden, title bar hidden
[2020.05.30-19.04.15:085][475]LogAISub: UAISubsystem::~UAISubsystem AIPerceptionSystem (0000025375EF1BC0), frame # 4475
[2020.05.30-19.04.15:085][475]LogAISub: UAISubsystem::~UAISubsystem EnvQueryManager (00000253133CFE00), frame # 4475
[2020.05.30-19.04.15:087][475]LogUObjectHash: Compacting FUObjectHashTables data took   1.31ms
[2020.05.30-19.04.15:140][476]LogPlayLevel: Display: Destroying online subsystem :Context_3
